[2022-12-05T11:37:06.204+0000] {taskinstance.py:1165} INFO - Dependencies all met for <TaskInstance: Practice_Airflow.task_c scheduled__2022-12-05T11:36:00+00:00 [queued]>
[2022-12-05T11:37:06.215+0000] {taskinstance.py:1165} INFO - Dependencies all met for <TaskInstance: Practice_Airflow.task_c scheduled__2022-12-05T11:36:00+00:00 [queued]>
[2022-12-05T11:37:06.215+0000] {taskinstance.py:1362} INFO - 
--------------------------------------------------------------------------------
[2022-12-05T11:37:06.215+0000] {taskinstance.py:1363} INFO - Starting attempt 1 of 1
[2022-12-05T11:37:06.216+0000] {taskinstance.py:1364} INFO - 
--------------------------------------------------------------------------------
[2022-12-05T11:37:06.274+0000] {taskinstance.py:1383} INFO - Executing <Task(PythonOperator): task_c> on 2022-12-05 11:36:00+00:00
[2022-12-05T11:37:06.279+0000] {standard_task_runner.py:55} INFO - Started process 3415 to run task
[2022-12-05T11:37:06.281+0000] {standard_task_runner.py:82} INFO - Running: ['***', 'tasks', 'run', 'Practice_Airflow', 'task_c', 'scheduled__2022-12-05T11:36:00+00:00', '--job-id', '643', '--raw', '--subdir', 'DAGS_FOLDER/Airflow_pr.py', '--cfg-path', '/tmp/tmp_c6akkus']
[2022-12-05T11:37:06.284+0000] {standard_task_runner.py:83} INFO - Job 643: Subtask task_c
[2022-12-05T11:37:06.389+0000] {task_command.py:376} INFO - Running <TaskInstance: Practice_Airflow.task_c scheduled__2022-12-05T11:36:00+00:00 [running]> on host a5be4f489b88
[2022-12-05T11:37:06.554+0000] {taskinstance.py:1592} INFO - Exporting the following env vars:
AIRFLOW_CTX_DAG_OWNER=***
AIRFLOW_CTX_DAG_ID=Practice_Airflow
AIRFLOW_CTX_TASK_ID=task_c
AIRFLOW_CTX_EXECUTION_DATE=2022-12-05T11:36:00+00:00
AIRFLOW_CTX_TRY_NUMBER=1
AIRFLOW_CTX_DAG_RUN_ID=scheduled__2022-12-05T11:36:00+00:00
[2022-12-05T11:37:06.625+0000] {logging_mixin.py:137} INFO - Число 1:  2
[2022-12-05T11:37:06.626+0000] {logging_mixin.py:137} INFO - Число 2:  19
[2022-12-05T11:37:06.631+0000] {python.py:177} INFO - Done. Returned value was: None
[2022-12-05T11:37:06.640+0000] {taskinstance.py:1406} INFO - Marking task as SUCCESS. dag_id=Practice_Airflow, task_id=task_c, execution_date=20221205T113600, start_date=20221205T113706, end_date=20221205T113706
[2022-12-05T11:37:06.694+0000] {local_task_job.py:159} INFO - Task exited with return code 0
[2022-12-05T11:37:06.713+0000] {taskinstance.py:2623} INFO - 1 downstream tasks scheduled from follow-on schedule check
