[2022-12-05T11:03:37.649+0000] {taskinstance.py:1165} INFO - Dependencies all met for <TaskInstance: Practice_Airflow.task_c scheduled__2022-12-05T07:02:00+00:00 [queued]>
[2022-12-05T11:03:37.665+0000] {taskinstance.py:1165} INFO - Dependencies all met for <TaskInstance: Practice_Airflow.task_c scheduled__2022-12-05T07:02:00+00:00 [queued]>
[2022-12-05T11:03:37.665+0000] {taskinstance.py:1362} INFO - 
--------------------------------------------------------------------------------
[2022-12-05T11:03:37.666+0000] {taskinstance.py:1363} INFO - Starting attempt 1 of 1
[2022-12-05T11:03:37.666+0000] {taskinstance.py:1364} INFO - 
--------------------------------------------------------------------------------
[2022-12-05T11:03:37.761+0000] {taskinstance.py:1383} INFO - Executing <Task(PythonOperator): task_c> on 2022-12-05 07:02:00+00:00
[2022-12-05T11:03:37.803+0000] {standard_task_runner.py:55} INFO - Started process 801 to run task
[2022-12-05T11:03:37.808+0000] {standard_task_runner.py:82} INFO - Running: ['***', 'tasks', 'run', 'Practice_Airflow', 'task_c', 'scheduled__2022-12-05T07:02:00+00:00', '--job-id', '318', '--raw', '--subdir', 'DAGS_FOLDER/Airflow_pr.py', '--cfg-path', '/tmp/tmpfdicjs6h']
[2022-12-05T11:03:37.812+0000] {standard_task_runner.py:83} INFO - Job 318: Subtask task_c
[2022-12-05T11:03:37.920+0000] {task_command.py:376} INFO - Running <TaskInstance: Practice_Airflow.task_c scheduled__2022-12-05T07:02:00+00:00 [running]> on host a5be4f489b88
[2022-12-05T11:03:38.188+0000] {taskinstance.py:1592} INFO - Exporting the following env vars:
AIRFLOW_CTX_DAG_OWNER=***
AIRFLOW_CTX_DAG_ID=Practice_Airflow
AIRFLOW_CTX_TASK_ID=task_c
AIRFLOW_CTX_EXECUTION_DATE=2022-12-05T07:02:00+00:00
AIRFLOW_CTX_TRY_NUMBER=1
AIRFLOW_CTX_DAG_RUN_ID=scheduled__2022-12-05T07:02:00+00:00
[2022-12-05T11:03:38.195+0000] {crypto.py:84} WARNING - empty cryptography key - values will not be stored encrypted.
[2022-12-05T11:03:38.255+0000] {logging_mixin.py:137} INFO - Число 1:  36
[2022-12-05T11:03:38.256+0000] {logging_mixin.py:137} INFO - Число 2:  80
[2022-12-05T11:03:38.261+0000] {python.py:177} INFO - Done. Returned value was: None
[2022-12-05T11:03:38.271+0000] {taskinstance.py:1406} INFO - Marking task as SUCCESS. dag_id=Practice_Airflow, task_id=task_c, execution_date=20221205T070200, start_date=20221205T110337, end_date=20221205T110338
[2022-12-05T11:03:38.340+0000] {local_task_job.py:159} INFO - Task exited with return code 0
[2022-12-05T11:03:38.364+0000] {taskinstance.py:2623} INFO - 1 downstream tasks scheduled from follow-on schedule check
