[2022-12-05T11:31:59.573+0000] {taskinstance.py:1165} INFO - Dependencies all met for <TaskInstance: Practice_Airflow.task_c scheduled__2022-12-05T11:07:00+00:00 [queued]>
[2022-12-05T11:31:59.588+0000] {taskinstance.py:1165} INFO - Dependencies all met for <TaskInstance: Practice_Airflow.task_c scheduled__2022-12-05T11:07:00+00:00 [queued]>
[2022-12-05T11:31:59.588+0000] {taskinstance.py:1362} INFO - 
--------------------------------------------------------------------------------
[2022-12-05T11:31:59.589+0000] {taskinstance.py:1363} INFO - Starting attempt 1 of 1
[2022-12-05T11:31:59.591+0000] {taskinstance.py:1364} INFO - 
--------------------------------------------------------------------------------
[2022-12-05T11:32:00.071+0000] {taskinstance.py:1383} INFO - Executing <Task(PythonOperator): task_c> on 2022-12-05 11:07:00+00:00
[2022-12-05T11:32:00.080+0000] {standard_task_runner.py:55} INFO - Started process 2705 to run task
[2022-12-05T11:32:00.088+0000] {standard_task_runner.py:82} INFO - Running: ['***', 'tasks', 'run', 'Practice_Airflow', 'task_c', 'scheduled__2022-12-05T11:07:00+00:00', '--job-id', '490', '--raw', '--subdir', 'DAGS_FOLDER/Airflow_pr.py', '--cfg-path', '/tmp/tmpumk7nf7p']
[2022-12-05T11:32:00.093+0000] {standard_task_runner.py:83} INFO - Job 490: Subtask task_c
[2022-12-05T11:32:00.282+0000] {task_command.py:376} INFO - Running <TaskInstance: Practice_Airflow.task_c scheduled__2022-12-05T11:07:00+00:00 [running]> on host a5be4f489b88
[2022-12-05T11:32:00.546+0000] {taskinstance.py:1592} INFO - Exporting the following env vars:
AIRFLOW_CTX_DAG_OWNER=***
AIRFLOW_CTX_DAG_ID=Practice_Airflow
AIRFLOW_CTX_TASK_ID=task_c
AIRFLOW_CTX_EXECUTION_DATE=2022-12-05T11:07:00+00:00
AIRFLOW_CTX_TRY_NUMBER=1
AIRFLOW_CTX_DAG_RUN_ID=scheduled__2022-12-05T11:07:00+00:00
[2022-12-05T11:32:00.572+0000] {logging_mixin.py:137} INFO - Число 1:  48
[2022-12-05T11:32:00.573+0000] {logging_mixin.py:137} INFO - Число 2:  100
[2022-12-05T11:32:00.580+0000] {python.py:177} INFO - Done. Returned value was: None
[2022-12-05T11:32:00.593+0000] {taskinstance.py:1406} INFO - Marking task as SUCCESS. dag_id=Practice_Airflow, task_id=task_c, execution_date=20221205T110700, start_date=20221205T113159, end_date=20221205T113200
[2022-12-05T11:32:00.659+0000] {local_task_job.py:159} INFO - Task exited with return code 0
[2022-12-05T11:32:00.695+0000] {taskinstance.py:2623} INFO - 1 downstream tasks scheduled from follow-on schedule check
