[2022-12-05T11:03:12.337+0000] {taskinstance.py:1165} INFO - Dependencies all met for <TaskInstance: Practice_Airflow.new_a scheduled__2022-12-05T03:02:00+00:00 [queued]>
[2022-12-05T11:03:12.348+0000] {taskinstance.py:1165} INFO - Dependencies all met for <TaskInstance: Practice_Airflow.new_a scheduled__2022-12-05T03:02:00+00:00 [queued]>
[2022-12-05T11:03:12.349+0000] {taskinstance.py:1362} INFO - 
--------------------------------------------------------------------------------
[2022-12-05T11:03:12.349+0000] {taskinstance.py:1363} INFO - Starting attempt 1 of 1
[2022-12-05T11:03:12.349+0000] {taskinstance.py:1364} INFO - 
--------------------------------------------------------------------------------
[2022-12-05T11:03:12.447+0000] {taskinstance.py:1383} INFO - Executing <Task(PythonOperator): new_a> on 2022-12-05 03:02:00+00:00
[2022-12-05T11:03:12.453+0000] {standard_task_runner.py:55} INFO - Started process 463 to run task
[2022-12-05T11:03:12.457+0000] {standard_task_runner.py:82} INFO - Running: ['***', 'tasks', 'run', 'Practice_Airflow', 'new_a', 'scheduled__2022-12-05T03:02:00+00:00', '--job-id', '217', '--raw', '--subdir', 'DAGS_FOLDER/Airflow_pr.py', '--cfg-path', '/tmp/tmpbpgs1x4q']
[2022-12-05T11:03:12.460+0000] {standard_task_runner.py:83} INFO - Job 217: Subtask new_a
[2022-12-05T11:03:12.572+0000] {task_command.py:376} INFO - Running <TaskInstance: Practice_Airflow.new_a scheduled__2022-12-05T03:02:00+00:00 [running]> on host a5be4f489b88
[2022-12-05T11:03:12.732+0000] {taskinstance.py:1592} INFO - Exporting the following env vars:
AIRFLOW_CTX_DAG_OWNER=***
AIRFLOW_CTX_DAG_ID=Practice_Airflow
AIRFLOW_CTX_TASK_ID=new_a
AIRFLOW_CTX_EXECUTION_DATE=2022-12-05T03:02:00+00:00
AIRFLOW_CTX_TRY_NUMBER=1
AIRFLOW_CTX_DAG_RUN_ID=scheduled__2022-12-05T03:02:00+00:00
[2022-12-05T11:03:12.734+0000] {logging_mixin.py:137} INFO - Число 1: 30
Число 2: 94
[2022-12-05T11:03:12.734+0000] {python.py:177} INFO - Done. Returned value was: None
[2022-12-05T11:03:12.744+0000] {taskinstance.py:1406} INFO - Marking task as SUCCESS. dag_id=Practice_Airflow, task_id=new_a, execution_date=20221205T030200, start_date=20221205T110312, end_date=20221205T110312
[2022-12-05T11:03:12.869+0000] {local_task_job.py:159} INFO - Task exited with return code 0
[2022-12-05T11:03:12.909+0000] {taskinstance.py:2623} INFO - 1 downstream tasks scheduled from follow-on schedule check
