[2022-12-01T08:42:22.893+0000] {taskinstance.py:1165} INFO - Dependencies all met for <TaskInstance: first_dag.hello manual__2022-12-01T08:42:21.452641+00:00 [queued]>
[2022-12-01T08:42:22.902+0000] {taskinstance.py:1165} INFO - Dependencies all met for <TaskInstance: first_dag.hello manual__2022-12-01T08:42:21.452641+00:00 [queued]>
[2022-12-01T08:42:22.903+0000] {taskinstance.py:1362} INFO - 
--------------------------------------------------------------------------------
[2022-12-01T08:42:22.903+0000] {taskinstance.py:1363} INFO - Starting attempt 1 of 1
[2022-12-01T08:42:22.903+0000] {taskinstance.py:1364} INFO - 
--------------------------------------------------------------------------------
[2022-12-01T08:42:22.991+0000] {taskinstance.py:1383} INFO - Executing <Task(BashOperator): hello> on 2022-12-01 08:42:21.452641+00:00
[2022-12-01T08:42:22.995+0000] {standard_task_runner.py:55} INFO - Started process 1417 to run task
[2022-12-01T08:42:22.997+0000] {standard_task_runner.py:82} INFO - Running: ['***', 'tasks', 'run', 'first_dag', 'hello', 'manual__2022-12-01T08:42:21.452641+00:00', '--job-id', '7', '--raw', '--subdir', 'DAGS_FOLDER/first_dag.py', '--cfg-path', '/tmp/tmpchd81dfe']
[2022-12-01T08:42:22.997+0000] {standard_task_runner.py:83} INFO - Job 7: Subtask hello
[2022-12-01T08:42:23.092+0000] {task_command.py:376} INFO - Running <TaskInstance: first_dag.hello manual__2022-12-01T08:42:21.452641+00:00 [running]> on host a5be4f489b88
[2022-12-01T08:42:23.233+0000] {taskinstance.py:1592} INFO - Exporting the following env vars:
AIRFLOW_CTX_DAG_OWNER=***
AIRFLOW_CTX_DAG_ID=first_dag
AIRFLOW_CTX_TASK_ID=hello
AIRFLOW_CTX_EXECUTION_DATE=2022-12-01T08:42:21.452641+00:00
AIRFLOW_CTX_TRY_NUMBER=1
AIRFLOW_CTX_DAG_RUN_ID=manual__2022-12-01T08:42:21.452641+00:00
[2022-12-01T08:42:23.234+0000] {subprocess.py:63} INFO - Tmp dir root location: 
 /tmp
[2022-12-01T08:42:23.235+0000] {subprocess.py:75} INFO - Running command: ['/bin/bash', '-c', 'echo hello']
[2022-12-01T08:42:23.242+0000] {subprocess.py:86} INFO - Output:
[2022-12-01T08:42:23.243+0000] {subprocess.py:93} INFO - hello
[2022-12-01T08:42:23.243+0000] {subprocess.py:97} INFO - Command exited with return code 0
[2022-12-01T08:42:23.320+0000] {taskinstance.py:1406} INFO - Marking task as SUCCESS. dag_id=first_dag, task_id=hello, execution_date=20221201T084221, start_date=20221201T084222, end_date=20221201T084223
[2022-12-01T08:42:23.409+0000] {local_task_job.py:159} INFO - Task exited with return code 0
[2022-12-01T08:42:23.430+0000] {taskinstance.py:2623} INFO - 1 downstream tasks scheduled from follow-on schedule check
