[2022-12-04T15:50:14.612+0000] {taskinstance.py:1165} INFO - Dependencies all met for <TaskInstance: Practice_Airflow.new_a manual__2022-12-04T15:50:08.500525+00:00 [queued]>
[2022-12-04T15:50:14.620+0000] {taskinstance.py:1165} INFO - Dependencies all met for <TaskInstance: Practice_Airflow.new_a manual__2022-12-04T15:50:08.500525+00:00 [queued]>
[2022-12-04T15:50:14.620+0000] {taskinstance.py:1362} INFO - 
--------------------------------------------------------------------------------
[2022-12-04T15:50:14.620+0000] {taskinstance.py:1363} INFO - Starting attempt 1 of 1
[2022-12-04T15:50:14.620+0000] {taskinstance.py:1364} INFO - 
--------------------------------------------------------------------------------
[2022-12-04T15:50:14.683+0000] {taskinstance.py:1383} INFO - Executing <Task(PythonOperator): new_a> on 2022-12-04 15:50:08.500525+00:00
[2022-12-04T15:50:14.688+0000] {standard_task_runner.py:55} INFO - Started process 1749 to run task
[2022-12-04T15:50:14.690+0000] {standard_task_runner.py:82} INFO - Running: ['***', 'tasks', 'run', 'Practice_Airflow', 'new_a', 'manual__2022-12-04T15:50:08.500525+00:00', '--job-id', '96', '--raw', '--subdir', 'DAGS_FOLDER/Airflow_pr.py', '--cfg-path', '/tmp/tmp8jquqebx']
[2022-12-04T15:50:14.691+0000] {standard_task_runner.py:83} INFO - Job 96: Subtask new_a
[2022-12-04T15:50:14.759+0000] {task_command.py:376} INFO - Running <TaskInstance: Practice_Airflow.new_a manual__2022-12-04T15:50:08.500525+00:00 [running]> on host a5be4f489b88
[2022-12-04T15:50:14.872+0000] {taskinstance.py:1592} INFO - Exporting the following env vars:
AIRFLOW_CTX_DAG_OWNER=***
AIRFLOW_CTX_DAG_ID=Practice_Airflow
AIRFLOW_CTX_TASK_ID=new_a
AIRFLOW_CTX_EXECUTION_DATE=2022-12-04T15:50:08.500525+00:00
AIRFLOW_CTX_TRY_NUMBER=1
AIRFLOW_CTX_DAG_RUN_ID=manual__2022-12-04T15:50:08.500525+00:00
[2022-12-04T15:50:14.872+0000] {logging_mixin.py:137} INFO - Число 1: 36
Число 2: 67
[2022-12-04T15:50:14.873+0000] {python.py:177} INFO - Done. Returned value was: None
[2022-12-04T15:50:14.879+0000] {taskinstance.py:1406} INFO - Marking task as SUCCESS. dag_id=Practice_Airflow, task_id=new_a, execution_date=20221204T155008, start_date=20221204T155014, end_date=20221204T155014
[2022-12-04T15:50:14.942+0000] {local_task_job.py:159} INFO - Task exited with return code 0
[2022-12-04T15:50:14.957+0000] {taskinstance.py:2623} INFO - 0 downstream tasks scheduled from follow-on schedule check
