[2022-12-05T11:03:13.760+0000] {taskinstance.py:1165} INFO - Dependencies all met for <TaskInstance: Practice_Airflow.hello scheduled__2022-12-05T05:04:00+00:00 [queued]>
[2022-12-05T11:03:13.774+0000] {taskinstance.py:1165} INFO - Dependencies all met for <TaskInstance: Practice_Airflow.hello scheduled__2022-12-05T05:04:00+00:00 [queued]>
[2022-12-05T11:03:13.774+0000] {taskinstance.py:1362} INFO - 
--------------------------------------------------------------------------------
[2022-12-05T11:03:13.774+0000] {taskinstance.py:1363} INFO - Starting attempt 1 of 1
[2022-12-05T11:03:13.775+0000] {taskinstance.py:1364} INFO - 
--------------------------------------------------------------------------------
[2022-12-05T11:03:14.013+0000] {taskinstance.py:1383} INFO - Executing <Task(BashOperator): hello> on 2022-12-05 05:04:00+00:00
[2022-12-05T11:03:14.024+0000] {standard_task_runner.py:55} INFO - Started process 505 to run task
[2022-12-05T11:03:14.033+0000] {standard_task_runner.py:82} INFO - Running: ['***', 'tasks', 'run', 'Practice_Airflow', 'hello', 'scheduled__2022-12-05T05:04:00+00:00', '--job-id', '227', '--raw', '--subdir', 'DAGS_FOLDER/Airflow_pr.py', '--cfg-path', '/tmp/tmp3d0x9nl9']
[2022-12-05T11:03:14.046+0000] {standard_task_runner.py:83} INFO - Job 227: Subtask hello
[2022-12-05T11:03:14.277+0000] {task_command.py:376} INFO - Running <TaskInstance: Practice_Airflow.hello scheduled__2022-12-05T05:04:00+00:00 [running]> on host a5be4f489b88
[2022-12-05T11:03:14.612+0000] {taskinstance.py:1592} INFO - Exporting the following env vars:
AIRFLOW_CTX_DAG_OWNER=***
AIRFLOW_CTX_DAG_ID=Practice_Airflow
AIRFLOW_CTX_TASK_ID=hello
AIRFLOW_CTX_EXECUTION_DATE=2022-12-05T05:04:00+00:00
AIRFLOW_CTX_TRY_NUMBER=1
AIRFLOW_CTX_DAG_RUN_ID=scheduled__2022-12-05T05:04:00+00:00
[2022-12-05T11:03:14.614+0000] {subprocess.py:63} INFO - Tmp dir root location: 
 /tmp
[2022-12-05T11:03:14.615+0000] {subprocess.py:75} INFO - Running command: ['/bin/bash', '-c', 'echo hello']
[2022-12-05T11:03:14.625+0000] {subprocess.py:86} INFO - Output:
[2022-12-05T11:03:14.627+0000] {subprocess.py:93} INFO - hello
[2022-12-05T11:03:14.627+0000] {subprocess.py:97} INFO - Command exited with return code 0
[2022-12-05T11:03:14.637+0000] {taskinstance.py:1406} INFO - Marking task as SUCCESS. dag_id=Practice_Airflow, task_id=hello, execution_date=20221205T050400, start_date=20221205T110313, end_date=20221205T110314
[2022-12-05T11:03:14.738+0000] {local_task_job.py:159} INFO - Task exited with return code 0
[2022-12-05T11:03:14.763+0000] {taskinstance.py:2623} INFO - 1 downstream tasks scheduled from follow-on schedule check
