[2022-12-05T11:01:27.296+0000] {processor.py:154} INFO - Started process (PID=51) to work on /opt/airflow/dags/first_dag.py
[2022-12-05T11:01:27.297+0000] {processor.py:756} INFO - Processing file /opt/airflow/dags/first_dag.py for tasks to queue
[2022-12-05T11:01:27.298+0000] {logging_mixin.py:137} INFO - [2022-12-05T11:01:27.298+0000] {dagbag.py:537} INFO - Filling up the DagBag from /opt/airflow/dags/first_dag.py
[2022-12-05T11:01:27.403+0000] {processor.py:766} INFO - DAG(s) dict_keys(['first_dag']) retrieved from /opt/airflow/dags/first_dag.py
[2022-12-05T11:01:27.708+0000] {logging_mixin.py:137} INFO - [2022-12-05T11:01:27.707+0000] {dag.py:2585} INFO - Sync 1 DAGs
[2022-12-05T11:01:27.739+0000] {logging_mixin.py:137} INFO - [2022-12-05T11:01:27.738+0000] {dag.py:3340} INFO - Setting next_dagrun for first_dag to 2022-12-05T10:00:00+00:00, run_after=2022-12-07T10:00:00+00:00
[2022-12-05T11:01:27.826+0000] {processor.py:176} INFO - Processing /opt/airflow/dags/first_dag.py took 0.533 seconds
[2022-12-05T11:01:57.925+0000] {processor.py:154} INFO - Started process (PID=107) to work on /opt/airflow/dags/first_dag.py
[2022-12-05T11:01:57.926+0000] {processor.py:756} INFO - Processing file /opt/airflow/dags/first_dag.py for tasks to queue
[2022-12-05T11:01:57.926+0000] {logging_mixin.py:137} INFO - [2022-12-05T11:01:57.926+0000] {dagbag.py:537} INFO - Filling up the DagBag from /opt/airflow/dags/first_dag.py
[2022-12-05T11:01:57.944+0000] {processor.py:766} INFO - DAG(s) dict_keys(['first_dag']) retrieved from /opt/airflow/dags/first_dag.py
[2022-12-05T11:01:57.970+0000] {logging_mixin.py:137} INFO - [2022-12-05T11:01:57.970+0000] {dag.py:2585} INFO - Sync 1 DAGs
[2022-12-05T11:01:57.990+0000] {logging_mixin.py:137} INFO - [2022-12-05T11:01:57.990+0000] {dag.py:3340} INFO - Setting next_dagrun for first_dag to 2022-12-05T10:00:00+00:00, run_after=2022-12-07T10:00:00+00:00
[2022-12-05T11:01:58.030+0000] {processor.py:176} INFO - Processing /opt/airflow/dags/first_dag.py took 0.106 seconds
[2022-12-05T11:02:28.264+0000] {processor.py:154} INFO - Started process (PID=173) to work on /opt/airflow/dags/first_dag.py
[2022-12-05T11:02:28.265+0000] {processor.py:756} INFO - Processing file /opt/airflow/dags/first_dag.py for tasks to queue
[2022-12-05T11:02:28.265+0000] {logging_mixin.py:137} INFO - [2022-12-05T11:02:28.265+0000] {dagbag.py:537} INFO - Filling up the DagBag from /opt/airflow/dags/first_dag.py
[2022-12-05T11:02:28.283+0000] {processor.py:766} INFO - DAG(s) dict_keys(['first_dag']) retrieved from /opt/airflow/dags/first_dag.py
[2022-12-05T11:02:28.314+0000] {logging_mixin.py:137} INFO - [2022-12-05T11:02:28.314+0000] {dag.py:2585} INFO - Sync 1 DAGs
[2022-12-05T11:02:28.336+0000] {logging_mixin.py:137} INFO - [2022-12-05T11:02:28.336+0000] {dag.py:3340} INFO - Setting next_dagrun for first_dag to 2022-12-05T10:00:00+00:00, run_after=2022-12-07T10:00:00+00:00
[2022-12-05T11:02:28.403+0000] {processor.py:176} INFO - Processing /opt/airflow/dags/first_dag.py took 0.141 seconds
[2022-12-05T11:02:58.979+0000] {processor.py:154} INFO - Started process (PID=308) to work on /opt/airflow/dags/first_dag.py
[2022-12-05T11:02:58.981+0000] {processor.py:756} INFO - Processing file /opt/airflow/dags/first_dag.py for tasks to queue
[2022-12-05T11:02:58.982+0000] {logging_mixin.py:137} INFO - [2022-12-05T11:02:58.982+0000] {dagbag.py:537} INFO - Filling up the DagBag from /opt/airflow/dags/first_dag.py
[2022-12-05T11:02:59.010+0000] {processor.py:766} INFO - DAG(s) dict_keys(['first_dag']) retrieved from /opt/airflow/dags/first_dag.py
[2022-12-05T11:02:59.057+0000] {logging_mixin.py:137} INFO - [2022-12-05T11:02:59.057+0000] {dag.py:2585} INFO - Sync 1 DAGs
[2022-12-05T11:02:59.097+0000] {logging_mixin.py:137} INFO - [2022-12-05T11:02:59.097+0000] {dag.py:3340} INFO - Setting next_dagrun for first_dag to 2022-12-05T10:00:00+00:00, run_after=2022-12-07T10:00:00+00:00
[2022-12-05T11:02:59.161+0000] {processor.py:176} INFO - Processing /opt/airflow/dags/first_dag.py took 0.185 seconds
[2022-12-05T11:03:29.970+0000] {processor.py:154} INFO - Started process (PID=498) to work on /opt/airflow/dags/first_dag.py
[2022-12-05T11:03:29.970+0000] {processor.py:756} INFO - Processing file /opt/airflow/dags/first_dag.py for tasks to queue
[2022-12-05T11:03:29.971+0000] {logging_mixin.py:137} INFO - [2022-12-05T11:03:29.971+0000] {dagbag.py:537} INFO - Filling up the DagBag from /opt/airflow/dags/first_dag.py
[2022-12-05T11:03:29.997+0000] {processor.py:766} INFO - DAG(s) dict_keys(['first_dag']) retrieved from /opt/airflow/dags/first_dag.py
[2022-12-05T11:03:30.078+0000] {logging_mixin.py:137} INFO - [2022-12-05T11:03:30.078+0000] {dag.py:2585} INFO - Sync 1 DAGs
[2022-12-05T11:03:30.112+0000] {logging_mixin.py:137} INFO - [2022-12-05T11:03:30.112+0000] {dag.py:3340} INFO - Setting next_dagrun for first_dag to 2022-12-05T10:00:00+00:00, run_after=2022-12-07T10:00:00+00:00
[2022-12-05T11:03:30.216+0000] {processor.py:176} INFO - Processing /opt/airflow/dags/first_dag.py took 0.249 seconds
[2022-12-05T11:04:00.249+0000] {processor.py:154} INFO - Started process (PID=707) to work on /opt/airflow/dags/first_dag.py
[2022-12-05T11:04:00.250+0000] {processor.py:756} INFO - Processing file /opt/airflow/dags/first_dag.py for tasks to queue
[2022-12-05T11:04:00.251+0000] {logging_mixin.py:137} INFO - [2022-12-05T11:04:00.251+0000] {dagbag.py:537} INFO - Filling up the DagBag from /opt/airflow/dags/first_dag.py
[2022-12-05T11:04:00.273+0000] {processor.py:766} INFO - DAG(s) dict_keys(['first_dag']) retrieved from /opt/airflow/dags/first_dag.py
[2022-12-05T11:04:00.301+0000] {logging_mixin.py:137} INFO - [2022-12-05T11:04:00.300+0000] {dag.py:2585} INFO - Sync 1 DAGs
[2022-12-05T11:04:00.320+0000] {logging_mixin.py:137} INFO - [2022-12-05T11:04:00.320+0000] {dag.py:3340} INFO - Setting next_dagrun for first_dag to 2022-12-05T10:00:00+00:00, run_after=2022-12-07T10:00:00+00:00
[2022-12-05T11:04:00.377+0000] {processor.py:176} INFO - Processing /opt/airflow/dags/first_dag.py took 0.130 seconds
[2022-12-05T11:04:31.193+0000] {processor.py:154} INFO - Started process (PID=808) to work on /opt/airflow/dags/first_dag.py
[2022-12-05T11:04:31.193+0000] {processor.py:756} INFO - Processing file /opt/airflow/dags/first_dag.py for tasks to queue
[2022-12-05T11:04:31.194+0000] {logging_mixin.py:137} INFO - [2022-12-05T11:04:31.194+0000] {dagbag.py:537} INFO - Filling up the DagBag from /opt/airflow/dags/first_dag.py
[2022-12-05T11:04:31.215+0000] {processor.py:766} INFO - DAG(s) dict_keys(['first_dag']) retrieved from /opt/airflow/dags/first_dag.py
[2022-12-05T11:04:31.247+0000] {logging_mixin.py:137} INFO - [2022-12-05T11:04:31.246+0000] {dag.py:2585} INFO - Sync 1 DAGs
[2022-12-05T11:04:31.268+0000] {logging_mixin.py:137} INFO - [2022-12-05T11:04:31.268+0000] {dag.py:3340} INFO - Setting next_dagrun for first_dag to 2022-12-05T10:00:00+00:00, run_after=2022-12-07T10:00:00+00:00
[2022-12-05T11:04:31.334+0000] {processor.py:176} INFO - Processing /opt/airflow/dags/first_dag.py took 0.144 seconds
[2022-12-05T11:05:01.536+0000] {processor.py:154} INFO - Started process (PID=865) to work on /opt/airflow/dags/first_dag.py
[2022-12-05T11:05:01.537+0000] {processor.py:756} INFO - Processing file /opt/airflow/dags/first_dag.py for tasks to queue
[2022-12-05T11:05:01.538+0000] {logging_mixin.py:137} INFO - [2022-12-05T11:05:01.538+0000] {dagbag.py:537} INFO - Filling up the DagBag from /opt/airflow/dags/first_dag.py
[2022-12-05T11:05:01.556+0000] {processor.py:766} INFO - DAG(s) dict_keys(['first_dag']) retrieved from /opt/airflow/dags/first_dag.py
[2022-12-05T11:05:01.584+0000] {logging_mixin.py:137} INFO - [2022-12-05T11:05:01.584+0000] {dag.py:2585} INFO - Sync 1 DAGs
[2022-12-05T11:05:01.604+0000] {logging_mixin.py:137} INFO - [2022-12-05T11:05:01.604+0000] {dag.py:3340} INFO - Setting next_dagrun for first_dag to 2022-12-05T10:00:00+00:00, run_after=2022-12-07T10:00:00+00:00
[2022-12-05T11:05:01.644+0000] {processor.py:176} INFO - Processing /opt/airflow/dags/first_dag.py took 0.109 seconds
[2022-12-05T11:05:32.471+0000] {processor.py:154} INFO - Started process (PID=932) to work on /opt/airflow/dags/first_dag.py
[2022-12-05T11:05:32.472+0000] {processor.py:756} INFO - Processing file /opt/airflow/dags/first_dag.py for tasks to queue
[2022-12-05T11:05:32.472+0000] {logging_mixin.py:137} INFO - [2022-12-05T11:05:32.472+0000] {dagbag.py:537} INFO - Filling up the DagBag from /opt/airflow/dags/first_dag.py
[2022-12-05T11:05:32.490+0000] {processor.py:766} INFO - DAG(s) dict_keys(['first_dag']) retrieved from /opt/airflow/dags/first_dag.py
[2022-12-05T11:05:32.516+0000] {logging_mixin.py:137} INFO - [2022-12-05T11:05:32.515+0000] {dag.py:2585} INFO - Sync 1 DAGs
[2022-12-05T11:05:32.535+0000] {logging_mixin.py:137} INFO - [2022-12-05T11:05:32.535+0000] {dag.py:3340} INFO - Setting next_dagrun for first_dag to 2022-12-05T10:00:00+00:00, run_after=2022-12-07T10:00:00+00:00
[2022-12-05T11:05:32.575+0000] {processor.py:176} INFO - Processing /opt/airflow/dags/first_dag.py took 0.107 seconds
[2022-12-05T11:06:03.351+0000] {processor.py:154} INFO - Started process (PID=998) to work on /opt/airflow/dags/first_dag.py
[2022-12-05T11:06:03.352+0000] {processor.py:756} INFO - Processing file /opt/airflow/dags/first_dag.py for tasks to queue
[2022-12-05T11:06:03.352+0000] {logging_mixin.py:137} INFO - [2022-12-05T11:06:03.352+0000] {dagbag.py:537} INFO - Filling up the DagBag from /opt/airflow/dags/first_dag.py
[2022-12-05T11:06:03.370+0000] {processor.py:766} INFO - DAG(s) dict_keys(['first_dag']) retrieved from /opt/airflow/dags/first_dag.py
[2022-12-05T11:06:03.397+0000] {logging_mixin.py:137} INFO - [2022-12-05T11:06:03.397+0000] {dag.py:2585} INFO - Sync 1 DAGs
[2022-12-05T11:06:03.417+0000] {logging_mixin.py:137} INFO - [2022-12-05T11:06:03.417+0000] {dag.py:3340} INFO - Setting next_dagrun for first_dag to 2022-12-05T10:00:00+00:00, run_after=2022-12-07T10:00:00+00:00
[2022-12-05T11:06:03.460+0000] {processor.py:176} INFO - Processing /opt/airflow/dags/first_dag.py took 0.111 seconds
[2022-12-05T11:06:34.213+0000] {processor.py:154} INFO - Started process (PID=1066) to work on /opt/airflow/dags/first_dag.py
[2022-12-05T11:06:34.214+0000] {processor.py:756} INFO - Processing file /opt/airflow/dags/first_dag.py for tasks to queue
[2022-12-05T11:06:34.214+0000] {logging_mixin.py:137} INFO - [2022-12-05T11:06:34.214+0000] {dagbag.py:537} INFO - Filling up the DagBag from /opt/airflow/dags/first_dag.py
[2022-12-05T11:06:34.232+0000] {processor.py:766} INFO - DAG(s) dict_keys(['first_dag']) retrieved from /opt/airflow/dags/first_dag.py
[2022-12-05T11:06:34.259+0000] {logging_mixin.py:137} INFO - [2022-12-05T11:06:34.259+0000] {dag.py:2585} INFO - Sync 1 DAGs
[2022-12-05T11:06:34.280+0000] {logging_mixin.py:137} INFO - [2022-12-05T11:06:34.280+0000] {dag.py:3340} INFO - Setting next_dagrun for first_dag to 2022-12-05T10:00:00+00:00, run_after=2022-12-07T10:00:00+00:00
[2022-12-05T11:06:34.325+0000] {processor.py:176} INFO - Processing /opt/airflow/dags/first_dag.py took 0.114 seconds
[2022-12-05T11:07:04.885+0000] {processor.py:154} INFO - Started process (PID=1123) to work on /opt/airflow/dags/first_dag.py
[2022-12-05T11:07:04.885+0000] {processor.py:756} INFO - Processing file /opt/airflow/dags/first_dag.py for tasks to queue
[2022-12-05T11:07:04.886+0000] {logging_mixin.py:137} INFO - [2022-12-05T11:07:04.886+0000] {dagbag.py:537} INFO - Filling up the DagBag from /opt/airflow/dags/first_dag.py
[2022-12-05T11:07:04.903+0000] {processor.py:766} INFO - DAG(s) dict_keys(['first_dag']) retrieved from /opt/airflow/dags/first_dag.py
[2022-12-05T11:07:04.931+0000] {logging_mixin.py:137} INFO - [2022-12-05T11:07:04.931+0000] {dag.py:2585} INFO - Sync 1 DAGs
[2022-12-05T11:07:04.950+0000] {logging_mixin.py:137} INFO - [2022-12-05T11:07:04.950+0000] {dag.py:3340} INFO - Setting next_dagrun for first_dag to 2022-12-05T10:00:00+00:00, run_after=2022-12-07T10:00:00+00:00
[2022-12-05T11:07:04.991+0000] {processor.py:176} INFO - Processing /opt/airflow/dags/first_dag.py took 0.107 seconds
[2022-12-05T11:07:35.265+0000] {processor.py:154} INFO - Started process (PID=1192) to work on /opt/airflow/dags/first_dag.py
[2022-12-05T11:07:35.265+0000] {processor.py:756} INFO - Processing file /opt/airflow/dags/first_dag.py for tasks to queue
[2022-12-05T11:07:35.266+0000] {logging_mixin.py:137} INFO - [2022-12-05T11:07:35.266+0000] {dagbag.py:537} INFO - Filling up the DagBag from /opt/airflow/dags/first_dag.py
[2022-12-05T11:07:35.285+0000] {processor.py:766} INFO - DAG(s) dict_keys(['first_dag']) retrieved from /opt/airflow/dags/first_dag.py
[2022-12-05T11:07:35.312+0000] {logging_mixin.py:137} INFO - [2022-12-05T11:07:35.312+0000] {dag.py:2585} INFO - Sync 1 DAGs
[2022-12-05T11:07:35.332+0000] {logging_mixin.py:137} INFO - [2022-12-05T11:07:35.332+0000] {dag.py:3340} INFO - Setting next_dagrun for first_dag to 2022-12-05T10:00:00+00:00, run_after=2022-12-07T10:00:00+00:00
[2022-12-05T11:07:35.376+0000] {processor.py:176} INFO - Processing /opt/airflow/dags/first_dag.py took 0.114 seconds
[2022-12-05T11:08:05.452+0000] {processor.py:154} INFO - Started process (PID=1258) to work on /opt/airflow/dags/first_dag.py
[2022-12-05T11:08:05.453+0000] {processor.py:756} INFO - Processing file /opt/airflow/dags/first_dag.py for tasks to queue
[2022-12-05T11:08:05.453+0000] {logging_mixin.py:137} INFO - [2022-12-05T11:08:05.453+0000] {dagbag.py:537} INFO - Filling up the DagBag from /opt/airflow/dags/first_dag.py
[2022-12-05T11:08:05.470+0000] {processor.py:766} INFO - DAG(s) dict_keys(['first_dag']) retrieved from /opt/airflow/dags/first_dag.py
[2022-12-05T11:08:05.498+0000] {logging_mixin.py:137} INFO - [2022-12-05T11:08:05.498+0000] {dag.py:2585} INFO - Sync 1 DAGs
[2022-12-05T11:08:05.518+0000] {logging_mixin.py:137} INFO - [2022-12-05T11:08:05.518+0000] {dag.py:3340} INFO - Setting next_dagrun for first_dag to 2022-12-05T10:00:00+00:00, run_after=2022-12-07T10:00:00+00:00
[2022-12-05T11:08:05.566+0000] {processor.py:176} INFO - Processing /opt/airflow/dags/first_dag.py took 0.116 seconds
[2022-12-05T11:08:35.809+0000] {processor.py:154} INFO - Started process (PID=1322) to work on /opt/airflow/dags/first_dag.py
[2022-12-05T11:08:35.809+0000] {processor.py:756} INFO - Processing file /opt/airflow/dags/first_dag.py for tasks to queue
[2022-12-05T11:08:35.810+0000] {logging_mixin.py:137} INFO - [2022-12-05T11:08:35.810+0000] {dagbag.py:537} INFO - Filling up the DagBag from /opt/airflow/dags/first_dag.py
[2022-12-05T11:08:35.830+0000] {processor.py:766} INFO - DAG(s) dict_keys(['first_dag']) retrieved from /opt/airflow/dags/first_dag.py
[2022-12-05T11:08:35.861+0000] {logging_mixin.py:137} INFO - [2022-12-05T11:08:35.861+0000] {dag.py:2585} INFO - Sync 1 DAGs
[2022-12-05T11:08:35.883+0000] {logging_mixin.py:137} INFO - [2022-12-05T11:08:35.883+0000] {dag.py:3340} INFO - Setting next_dagrun for first_dag to 2022-12-05T10:00:00+00:00, run_after=2022-12-07T10:00:00+00:00
[2022-12-05T11:08:35.949+0000] {processor.py:176} INFO - Processing /opt/airflow/dags/first_dag.py took 0.142 seconds
[2022-12-05T11:09:06.213+0000] {processor.py:154} INFO - Started process (PID=1381) to work on /opt/airflow/dags/first_dag.py
[2022-12-05T11:09:06.214+0000] {processor.py:756} INFO - Processing file /opt/airflow/dags/first_dag.py for tasks to queue
[2022-12-05T11:09:06.214+0000] {logging_mixin.py:137} INFO - [2022-12-05T11:09:06.214+0000] {dagbag.py:537} INFO - Filling up the DagBag from /opt/airflow/dags/first_dag.py
[2022-12-05T11:09:06.232+0000] {processor.py:766} INFO - DAG(s) dict_keys(['first_dag']) retrieved from /opt/airflow/dags/first_dag.py
[2022-12-05T11:09:06.260+0000] {logging_mixin.py:137} INFO - [2022-12-05T11:09:06.259+0000] {dag.py:2585} INFO - Sync 1 DAGs
[2022-12-05T11:09:06.280+0000] {logging_mixin.py:137} INFO - [2022-12-05T11:09:06.280+0000] {dag.py:3340} INFO - Setting next_dagrun for first_dag to 2022-12-05T10:00:00+00:00, run_after=2022-12-07T10:00:00+00:00
[2022-12-05T11:09:06.325+0000] {processor.py:176} INFO - Processing /opt/airflow/dags/first_dag.py took 0.113 seconds
[2022-12-05T11:09:36.600+0000] {processor.py:154} INFO - Started process (PID=1448) to work on /opt/airflow/dags/first_dag.py
[2022-12-05T11:09:36.600+0000] {processor.py:756} INFO - Processing file /opt/airflow/dags/first_dag.py for tasks to queue
[2022-12-05T11:09:36.601+0000] {logging_mixin.py:137} INFO - [2022-12-05T11:09:36.601+0000] {dagbag.py:537} INFO - Filling up the DagBag from /opt/airflow/dags/first_dag.py
[2022-12-05T11:09:36.619+0000] {processor.py:766} INFO - DAG(s) dict_keys(['first_dag']) retrieved from /opt/airflow/dags/first_dag.py
[2022-12-05T11:09:36.648+0000] {logging_mixin.py:137} INFO - [2022-12-05T11:09:36.648+0000] {dag.py:2585} INFO - Sync 1 DAGs
[2022-12-05T11:09:36.668+0000] {logging_mixin.py:137} INFO - [2022-12-05T11:09:36.668+0000] {dag.py:3340} INFO - Setting next_dagrun for first_dag to 2022-12-05T10:00:00+00:00, run_after=2022-12-07T10:00:00+00:00
[2022-12-05T11:09:36.724+0000] {processor.py:176} INFO - Processing /opt/airflow/dags/first_dag.py took 0.126 seconds
[2022-12-05T11:10:07.567+0000] {processor.py:154} INFO - Started process (PID=1515) to work on /opt/airflow/dags/first_dag.py
[2022-12-05T11:10:07.568+0000] {processor.py:756} INFO - Processing file /opt/airflow/dags/first_dag.py for tasks to queue
[2022-12-05T11:10:07.568+0000] {logging_mixin.py:137} INFO - [2022-12-05T11:10:07.568+0000] {dagbag.py:537} INFO - Filling up the DagBag from /opt/airflow/dags/first_dag.py
[2022-12-05T11:10:07.584+0000] {processor.py:766} INFO - DAG(s) dict_keys(['first_dag']) retrieved from /opt/airflow/dags/first_dag.py
[2022-12-05T11:10:07.611+0000] {logging_mixin.py:137} INFO - [2022-12-05T11:10:07.611+0000] {dag.py:2585} INFO - Sync 1 DAGs
[2022-12-05T11:10:07.635+0000] {logging_mixin.py:137} INFO - [2022-12-05T11:10:07.635+0000] {dag.py:3340} INFO - Setting next_dagrun for first_dag to 2022-12-05T10:00:00+00:00, run_after=2022-12-07T10:00:00+00:00
[2022-12-05T11:10:07.698+0000] {processor.py:176} INFO - Processing /opt/airflow/dags/first_dag.py took 0.134 seconds
[2022-12-05T11:10:37.801+0000] {processor.py:154} INFO - Started process (PID=1572) to work on /opt/airflow/dags/first_dag.py
[2022-12-05T11:10:37.801+0000] {processor.py:756} INFO - Processing file /opt/airflow/dags/first_dag.py for tasks to queue
[2022-12-05T11:10:37.802+0000] {logging_mixin.py:137} INFO - [2022-12-05T11:10:37.802+0000] {dagbag.py:537} INFO - Filling up the DagBag from /opt/airflow/dags/first_dag.py
[2022-12-05T11:10:37.820+0000] {processor.py:766} INFO - DAG(s) dict_keys(['first_dag']) retrieved from /opt/airflow/dags/first_dag.py
[2022-12-05T11:10:37.847+0000] {logging_mixin.py:137} INFO - [2022-12-05T11:10:37.846+0000] {dag.py:2585} INFO - Sync 1 DAGs
[2022-12-05T11:10:37.868+0000] {logging_mixin.py:137} INFO - [2022-12-05T11:10:37.868+0000] {dag.py:3340} INFO - Setting next_dagrun for first_dag to 2022-12-05T10:00:00+00:00, run_after=2022-12-07T10:00:00+00:00
[2022-12-05T11:10:37.935+0000] {processor.py:176} INFO - Processing /opt/airflow/dags/first_dag.py took 0.136 seconds
[2022-12-05T11:11:08.052+0000] {processor.py:154} INFO - Started process (PID=1651) to work on /opt/airflow/dags/first_dag.py
[2022-12-05T11:11:08.053+0000] {processor.py:756} INFO - Processing file /opt/airflow/dags/first_dag.py for tasks to queue
[2022-12-05T11:11:08.053+0000] {logging_mixin.py:137} INFO - [2022-12-05T11:11:08.053+0000] {dagbag.py:537} INFO - Filling up the DagBag from /opt/airflow/dags/first_dag.py
[2022-12-05T11:11:08.074+0000] {processor.py:766} INFO - DAG(s) dict_keys(['first_dag']) retrieved from /opt/airflow/dags/first_dag.py
[2022-12-05T11:11:08.108+0000] {logging_mixin.py:137} INFO - [2022-12-05T11:11:08.108+0000] {dag.py:2585} INFO - Sync 1 DAGs
[2022-12-05T11:11:08.131+0000] {logging_mixin.py:137} INFO - [2022-12-05T11:11:08.131+0000] {dag.py:3340} INFO - Setting next_dagrun for first_dag to 2022-12-05T10:00:00+00:00, run_after=2022-12-07T10:00:00+00:00
[2022-12-05T11:11:08.185+0000] {processor.py:176} INFO - Processing /opt/airflow/dags/first_dag.py took 0.135 seconds
[2022-12-05T11:11:39.044+0000] {processor.py:154} INFO - Started process (PID=1717) to work on /opt/airflow/dags/first_dag.py
[2022-12-05T11:11:39.045+0000] {processor.py:756} INFO - Processing file /opt/airflow/dags/first_dag.py for tasks to queue
[2022-12-05T11:11:39.045+0000] {logging_mixin.py:137} INFO - [2022-12-05T11:11:39.045+0000] {dagbag.py:537} INFO - Filling up the DagBag from /opt/airflow/dags/first_dag.py
[2022-12-05T11:11:39.063+0000] {processor.py:766} INFO - DAG(s) dict_keys(['first_dag']) retrieved from /opt/airflow/dags/first_dag.py
[2022-12-05T11:11:39.093+0000] {logging_mixin.py:137} INFO - [2022-12-05T11:11:39.092+0000] {dag.py:2585} INFO - Sync 1 DAGs
[2022-12-05T11:11:39.112+0000] {logging_mixin.py:137} INFO - [2022-12-05T11:11:39.112+0000] {dag.py:3340} INFO - Setting next_dagrun for first_dag to 2022-12-05T10:00:00+00:00, run_after=2022-12-07T10:00:00+00:00
[2022-12-05T11:11:39.154+0000] {processor.py:176} INFO - Processing /opt/airflow/dags/first_dag.py took 0.111 seconds
[2022-12-05T11:12:09.187+0000] {processor.py:154} INFO - Started process (PID=1776) to work on /opt/airflow/dags/first_dag.py
[2022-12-05T11:12:09.188+0000] {processor.py:756} INFO - Processing file /opt/airflow/dags/first_dag.py for tasks to queue
[2022-12-05T11:12:09.188+0000] {logging_mixin.py:137} INFO - [2022-12-05T11:12:09.188+0000] {dagbag.py:537} INFO - Filling up the DagBag from /opt/airflow/dags/first_dag.py
[2022-12-05T11:12:09.205+0000] {processor.py:766} INFO - DAG(s) dict_keys(['first_dag']) retrieved from /opt/airflow/dags/first_dag.py
[2022-12-05T11:12:09.230+0000] {logging_mixin.py:137} INFO - [2022-12-05T11:12:09.230+0000] {dag.py:2585} INFO - Sync 1 DAGs
[2022-12-05T11:12:09.251+0000] {logging_mixin.py:137} INFO - [2022-12-05T11:12:09.251+0000] {dag.py:3340} INFO - Setting next_dagrun for first_dag to 2022-12-05T10:00:00+00:00, run_after=2022-12-07T10:00:00+00:00
[2022-12-05T11:12:09.315+0000] {processor.py:176} INFO - Processing /opt/airflow/dags/first_dag.py took 0.130 seconds
[2022-12-05T11:12:39.605+0000] {processor.py:154} INFO - Started process (PID=1842) to work on /opt/airflow/dags/first_dag.py
[2022-12-05T11:12:39.606+0000] {processor.py:756} INFO - Processing file /opt/airflow/dags/first_dag.py for tasks to queue
[2022-12-05T11:12:39.606+0000] {logging_mixin.py:137} INFO - [2022-12-05T11:12:39.606+0000] {dagbag.py:537} INFO - Filling up the DagBag from /opt/airflow/dags/first_dag.py
[2022-12-05T11:12:39.624+0000] {processor.py:766} INFO - DAG(s) dict_keys(['first_dag']) retrieved from /opt/airflow/dags/first_dag.py
[2022-12-05T11:12:39.652+0000] {logging_mixin.py:137} INFO - [2022-12-05T11:12:39.652+0000] {dag.py:2585} INFO - Sync 1 DAGs
[2022-12-05T11:12:39.676+0000] {logging_mixin.py:137} INFO - [2022-12-05T11:12:39.676+0000] {dag.py:3340} INFO - Setting next_dagrun for first_dag to 2022-12-05T10:00:00+00:00, run_after=2022-12-07T10:00:00+00:00
[2022-12-05T11:12:39.719+0000] {processor.py:176} INFO - Processing /opt/airflow/dags/first_dag.py took 0.116 seconds
[2022-12-05T11:13:09.756+0000] {processor.py:154} INFO - Started process (PID=1909) to work on /opt/airflow/dags/first_dag.py
[2022-12-05T11:13:09.757+0000] {processor.py:756} INFO - Processing file /opt/airflow/dags/first_dag.py for tasks to queue
[2022-12-05T11:13:09.757+0000] {logging_mixin.py:137} INFO - [2022-12-05T11:13:09.757+0000] {dagbag.py:537} INFO - Filling up the DagBag from /opt/airflow/dags/first_dag.py
[2022-12-05T11:13:09.775+0000] {processor.py:766} INFO - DAG(s) dict_keys(['first_dag']) retrieved from /opt/airflow/dags/first_dag.py
[2022-12-05T11:13:09.804+0000] {logging_mixin.py:137} INFO - [2022-12-05T11:13:09.804+0000] {dag.py:2585} INFO - Sync 1 DAGs
[2022-12-05T11:13:09.825+0000] {logging_mixin.py:137} INFO - [2022-12-05T11:13:09.825+0000] {dag.py:3340} INFO - Setting next_dagrun for first_dag to 2022-12-05T10:00:00+00:00, run_after=2022-12-07T10:00:00+00:00
[2022-12-05T11:13:09.904+0000] {processor.py:176} INFO - Processing /opt/airflow/dags/first_dag.py took 0.150 seconds
[2022-12-05T11:13:40.705+0000] {processor.py:154} INFO - Started process (PID=1975) to work on /opt/airflow/dags/first_dag.py
[2022-12-05T11:13:40.705+0000] {processor.py:756} INFO - Processing file /opt/airflow/dags/first_dag.py for tasks to queue
[2022-12-05T11:13:40.706+0000] {logging_mixin.py:137} INFO - [2022-12-05T11:13:40.706+0000] {dagbag.py:537} INFO - Filling up the DagBag from /opt/airflow/dags/first_dag.py
[2022-12-05T11:13:40.734+0000] {processor.py:766} INFO - DAG(s) dict_keys(['first_dag']) retrieved from /opt/airflow/dags/first_dag.py
[2022-12-05T11:13:40.772+0000] {logging_mixin.py:137} INFO - [2022-12-05T11:13:40.772+0000] {dag.py:2585} INFO - Sync 1 DAGs
[2022-12-05T11:13:40.801+0000] {logging_mixin.py:137} INFO - [2022-12-05T11:13:40.801+0000] {dag.py:3340} INFO - Setting next_dagrun for first_dag to 2022-12-05T10:00:00+00:00, run_after=2022-12-07T10:00:00+00:00
[2022-12-05T11:13:40.884+0000] {processor.py:176} INFO - Processing /opt/airflow/dags/first_dag.py took 0.183 seconds
[2022-12-05T11:14:10.991+0000] {processor.py:154} INFO - Started process (PID=2032) to work on /opt/airflow/dags/first_dag.py
[2022-12-05T11:14:10.992+0000] {processor.py:756} INFO - Processing file /opt/airflow/dags/first_dag.py for tasks to queue
[2022-12-05T11:14:10.993+0000] {logging_mixin.py:137} INFO - [2022-12-05T11:14:10.993+0000] {dagbag.py:537} INFO - Filling up the DagBag from /opt/airflow/dags/first_dag.py
[2022-12-05T11:14:11.011+0000] {processor.py:766} INFO - DAG(s) dict_keys(['first_dag']) retrieved from /opt/airflow/dags/first_dag.py
[2022-12-05T11:14:11.037+0000] {logging_mixin.py:137} INFO - [2022-12-05T11:14:11.037+0000] {dag.py:2585} INFO - Sync 1 DAGs
[2022-12-05T11:14:11.057+0000] {logging_mixin.py:137} INFO - [2022-12-05T11:14:11.057+0000] {dag.py:3340} INFO - Setting next_dagrun for first_dag to 2022-12-05T10:00:00+00:00, run_after=2022-12-07T10:00:00+00:00
[2022-12-05T11:14:11.099+0000] {processor.py:176} INFO - Processing /opt/airflow/dags/first_dag.py took 0.109 seconds
[2022-12-05T11:14:41.192+0000] {processor.py:154} INFO - Started process (PID=2098) to work on /opt/airflow/dags/first_dag.py
[2022-12-05T11:14:41.193+0000] {processor.py:756} INFO - Processing file /opt/airflow/dags/first_dag.py for tasks to queue
[2022-12-05T11:14:41.193+0000] {logging_mixin.py:137} INFO - [2022-12-05T11:14:41.193+0000] {dagbag.py:537} INFO - Filling up the DagBag from /opt/airflow/dags/first_dag.py
[2022-12-05T11:14:41.215+0000] {processor.py:766} INFO - DAG(s) dict_keys(['first_dag']) retrieved from /opt/airflow/dags/first_dag.py
[2022-12-05T11:14:41.248+0000] {logging_mixin.py:137} INFO - [2022-12-05T11:14:41.248+0000] {dag.py:2585} INFO - Sync 1 DAGs
[2022-12-05T11:14:41.272+0000] {logging_mixin.py:137} INFO - [2022-12-05T11:14:41.272+0000] {dag.py:3340} INFO - Setting next_dagrun for first_dag to 2022-12-05T10:00:00+00:00, run_after=2022-12-07T10:00:00+00:00
[2022-12-05T11:14:41.342+0000] {processor.py:176} INFO - Processing /opt/airflow/dags/first_dag.py took 0.152 seconds
[2022-12-05T11:15:11.968+0000] {processor.py:154} INFO - Started process (PID=2164) to work on /opt/airflow/dags/first_dag.py
[2022-12-05T11:15:11.969+0000] {processor.py:756} INFO - Processing file /opt/airflow/dags/first_dag.py for tasks to queue
[2022-12-05T11:15:11.970+0000] {logging_mixin.py:137} INFO - [2022-12-05T11:15:11.970+0000] {dagbag.py:537} INFO - Filling up the DagBag from /opt/airflow/dags/first_dag.py
[2022-12-05T11:15:11.991+0000] {processor.py:766} INFO - DAG(s) dict_keys(['first_dag']) retrieved from /opt/airflow/dags/first_dag.py
[2022-12-05T11:15:12.022+0000] {logging_mixin.py:137} INFO - [2022-12-05T11:15:12.022+0000] {dag.py:2585} INFO - Sync 1 DAGs
[2022-12-05T11:15:12.043+0000] {logging_mixin.py:137} INFO - [2022-12-05T11:15:12.043+0000] {dag.py:3340} INFO - Setting next_dagrun for first_dag to 2022-12-05T10:00:00+00:00, run_after=2022-12-07T10:00:00+00:00
[2022-12-05T11:15:12.082+0000] {processor.py:176} INFO - Processing /opt/airflow/dags/first_dag.py took 0.116 seconds
[2022-12-05T11:15:42.729+0000] {processor.py:154} INFO - Started process (PID=2221) to work on /opt/airflow/dags/first_dag.py
[2022-12-05T11:15:42.730+0000] {processor.py:756} INFO - Processing file /opt/airflow/dags/first_dag.py for tasks to queue
[2022-12-05T11:15:42.731+0000] {logging_mixin.py:137} INFO - [2022-12-05T11:15:42.730+0000] {dagbag.py:537} INFO - Filling up the DagBag from /opt/airflow/dags/first_dag.py
[2022-12-05T11:15:42.749+0000] {processor.py:766} INFO - DAG(s) dict_keys(['first_dag']) retrieved from /opt/airflow/dags/first_dag.py
[2022-12-05T11:15:42.778+0000] {logging_mixin.py:137} INFO - [2022-12-05T11:15:42.778+0000] {dag.py:2585} INFO - Sync 1 DAGs
[2022-12-05T11:15:42.798+0000] {logging_mixin.py:137} INFO - [2022-12-05T11:15:42.798+0000] {dag.py:3340} INFO - Setting next_dagrun for first_dag to 2022-12-05T10:00:00+00:00, run_after=2022-12-07T10:00:00+00:00
[2022-12-05T11:15:42.843+0000] {processor.py:176} INFO - Processing /opt/airflow/dags/first_dag.py took 0.116 seconds
[2022-12-05T11:16:13.475+0000] {processor.py:154} INFO - Started process (PID=2287) to work on /opt/airflow/dags/first_dag.py
[2022-12-05T11:16:13.475+0000] {processor.py:756} INFO - Processing file /opt/airflow/dags/first_dag.py for tasks to queue
[2022-12-05T11:16:13.476+0000] {logging_mixin.py:137} INFO - [2022-12-05T11:16:13.476+0000] {dagbag.py:537} INFO - Filling up the DagBag from /opt/airflow/dags/first_dag.py
[2022-12-05T11:16:13.493+0000] {processor.py:766} INFO - DAG(s) dict_keys(['first_dag']) retrieved from /opt/airflow/dags/first_dag.py
[2022-12-05T11:16:13.519+0000] {logging_mixin.py:137} INFO - [2022-12-05T11:16:13.519+0000] {dag.py:2585} INFO - Sync 1 DAGs
[2022-12-05T11:16:13.539+0000] {logging_mixin.py:137} INFO - [2022-12-05T11:16:13.539+0000] {dag.py:3340} INFO - Setting next_dagrun for first_dag to 2022-12-05T10:00:00+00:00, run_after=2022-12-07T10:00:00+00:00
[2022-12-05T11:16:13.589+0000] {processor.py:176} INFO - Processing /opt/airflow/dags/first_dag.py took 0.116 seconds
[2022-12-05T11:16:44.325+0000] {processor.py:154} INFO - Started process (PID=2354) to work on /opt/airflow/dags/first_dag.py
[2022-12-05T11:16:44.326+0000] {processor.py:756} INFO - Processing file /opt/airflow/dags/first_dag.py for tasks to queue
[2022-12-05T11:16:44.326+0000] {logging_mixin.py:137} INFO - [2022-12-05T11:16:44.326+0000] {dagbag.py:537} INFO - Filling up the DagBag from /opt/airflow/dags/first_dag.py
[2022-12-05T11:16:44.346+0000] {processor.py:766} INFO - DAG(s) dict_keys(['first_dag']) retrieved from /opt/airflow/dags/first_dag.py
[2022-12-05T11:16:44.376+0000] {logging_mixin.py:137} INFO - [2022-12-05T11:16:44.376+0000] {dag.py:2585} INFO - Sync 1 DAGs
[2022-12-05T11:16:44.397+0000] {logging_mixin.py:137} INFO - [2022-12-05T11:16:44.397+0000] {dag.py:3340} INFO - Setting next_dagrun for first_dag to 2022-12-05T10:00:00+00:00, run_after=2022-12-07T10:00:00+00:00
[2022-12-05T11:16:44.447+0000] {processor.py:176} INFO - Processing /opt/airflow/dags/first_dag.py took 0.124 seconds
[2022-12-05T11:17:14.975+0000] {processor.py:154} INFO - Started process (PID=2421) to work on /opt/airflow/dags/first_dag.py
[2022-12-05T11:17:14.975+0000] {processor.py:756} INFO - Processing file /opt/airflow/dags/first_dag.py for tasks to queue
[2022-12-05T11:17:14.976+0000] {logging_mixin.py:137} INFO - [2022-12-05T11:17:14.976+0000] {dagbag.py:537} INFO - Filling up the DagBag from /opt/airflow/dags/first_dag.py
[2022-12-05T11:17:14.993+0000] {processor.py:766} INFO - DAG(s) dict_keys(['first_dag']) retrieved from /opt/airflow/dags/first_dag.py
[2022-12-05T11:17:15.020+0000] {logging_mixin.py:137} INFO - [2022-12-05T11:17:15.020+0000] {dag.py:2585} INFO - Sync 1 DAGs
[2022-12-05T11:17:15.040+0000] {logging_mixin.py:137} INFO - [2022-12-05T11:17:15.040+0000] {dag.py:3340} INFO - Setting next_dagrun for first_dag to 2022-12-05T10:00:00+00:00, run_after=2022-12-07T10:00:00+00:00
[2022-12-05T11:17:15.080+0000] {processor.py:176} INFO - Processing /opt/airflow/dags/first_dag.py took 0.107 seconds
[2022-12-05T11:17:45.887+0000] {processor.py:154} INFO - Started process (PID=2478) to work on /opt/airflow/dags/first_dag.py
[2022-12-05T11:17:45.887+0000] {processor.py:756} INFO - Processing file /opt/airflow/dags/first_dag.py for tasks to queue
[2022-12-05T11:17:45.888+0000] {logging_mixin.py:137} INFO - [2022-12-05T11:17:45.888+0000] {dagbag.py:537} INFO - Filling up the DagBag from /opt/airflow/dags/first_dag.py
[2022-12-05T11:17:45.905+0000] {processor.py:766} INFO - DAG(s) dict_keys(['first_dag']) retrieved from /opt/airflow/dags/first_dag.py
[2022-12-05T11:17:45.932+0000] {logging_mixin.py:137} INFO - [2022-12-05T11:17:45.932+0000] {dag.py:2585} INFO - Sync 1 DAGs
[2022-12-05T11:17:45.952+0000] {logging_mixin.py:137} INFO - [2022-12-05T11:17:45.952+0000] {dag.py:3340} INFO - Setting next_dagrun for first_dag to 2022-12-05T10:00:00+00:00, run_after=2022-12-07T10:00:00+00:00
[2022-12-05T11:17:45.996+0000] {processor.py:176} INFO - Processing /opt/airflow/dags/first_dag.py took 0.111 seconds
[2022-12-05T11:18:16.535+0000] {processor.py:154} INFO - Started process (PID=2544) to work on /opt/airflow/dags/first_dag.py
[2022-12-05T11:18:16.536+0000] {processor.py:756} INFO - Processing file /opt/airflow/dags/first_dag.py for tasks to queue
[2022-12-05T11:18:16.536+0000] {logging_mixin.py:137} INFO - [2022-12-05T11:18:16.536+0000] {dagbag.py:537} INFO - Filling up the DagBag from /opt/airflow/dags/first_dag.py
[2022-12-05T11:18:16.555+0000] {processor.py:766} INFO - DAG(s) dict_keys(['first_dag']) retrieved from /opt/airflow/dags/first_dag.py
[2022-12-05T11:18:16.582+0000] {logging_mixin.py:137} INFO - [2022-12-05T11:18:16.582+0000] {dag.py:2585} INFO - Sync 1 DAGs
[2022-12-05T11:18:16.603+0000] {logging_mixin.py:137} INFO - [2022-12-05T11:18:16.603+0000] {dag.py:3340} INFO - Setting next_dagrun for first_dag to 2022-12-05T10:00:00+00:00, run_after=2022-12-07T10:00:00+00:00
[2022-12-05T11:18:16.644+0000] {processor.py:176} INFO - Processing /opt/airflow/dags/first_dag.py took 0.111 seconds
[2022-12-05T11:18:47.261+0000] {processor.py:154} INFO - Started process (PID=2610) to work on /opt/airflow/dags/first_dag.py
[2022-12-05T11:18:47.262+0000] {processor.py:756} INFO - Processing file /opt/airflow/dags/first_dag.py for tasks to queue
[2022-12-05T11:18:47.263+0000] {logging_mixin.py:137} INFO - [2022-12-05T11:18:47.263+0000] {dagbag.py:537} INFO - Filling up the DagBag from /opt/airflow/dags/first_dag.py
[2022-12-05T11:18:47.281+0000] {processor.py:766} INFO - DAG(s) dict_keys(['first_dag']) retrieved from /opt/airflow/dags/first_dag.py
[2022-12-05T11:18:47.310+0000] {logging_mixin.py:137} INFO - [2022-12-05T11:18:47.310+0000] {dag.py:2585} INFO - Sync 1 DAGs
[2022-12-05T11:18:47.331+0000] {logging_mixin.py:137} INFO - [2022-12-05T11:18:47.330+0000] {dag.py:3340} INFO - Setting next_dagrun for first_dag to 2022-12-05T10:00:00+00:00, run_after=2022-12-07T10:00:00+00:00
[2022-12-05T11:18:47.383+0000] {processor.py:176} INFO - Processing /opt/airflow/dags/first_dag.py took 0.123 seconds
[2022-12-05T11:19:17.602+0000] {processor.py:154} INFO - Started process (PID=2678) to work on /opt/airflow/dags/first_dag.py
[2022-12-05T11:19:17.602+0000] {processor.py:756} INFO - Processing file /opt/airflow/dags/first_dag.py for tasks to queue
[2022-12-05T11:19:17.603+0000] {logging_mixin.py:137} INFO - [2022-12-05T11:19:17.603+0000] {dagbag.py:537} INFO - Filling up the DagBag from /opt/airflow/dags/first_dag.py
[2022-12-05T11:19:17.621+0000] {processor.py:766} INFO - DAG(s) dict_keys(['first_dag']) retrieved from /opt/airflow/dags/first_dag.py
[2022-12-05T11:19:17.649+0000] {logging_mixin.py:137} INFO - [2022-12-05T11:19:17.649+0000] {dag.py:2585} INFO - Sync 1 DAGs
[2022-12-05T11:19:17.670+0000] {logging_mixin.py:137} INFO - [2022-12-05T11:19:17.670+0000] {dag.py:3340} INFO - Setting next_dagrun for first_dag to 2022-12-05T10:00:00+00:00, run_after=2022-12-07T10:00:00+00:00
[2022-12-05T11:19:17.725+0000] {processor.py:176} INFO - Processing /opt/airflow/dags/first_dag.py took 0.125 seconds
[2022-12-05T11:19:47.958+0000] {processor.py:154} INFO - Started process (PID=2735) to work on /opt/airflow/dags/first_dag.py
[2022-12-05T11:19:47.959+0000] {processor.py:756} INFO - Processing file /opt/airflow/dags/first_dag.py for tasks to queue
[2022-12-05T11:19:47.959+0000] {logging_mixin.py:137} INFO - [2022-12-05T11:19:47.959+0000] {dagbag.py:537} INFO - Filling up the DagBag from /opt/airflow/dags/first_dag.py
[2022-12-05T11:19:47.977+0000] {processor.py:766} INFO - DAG(s) dict_keys(['first_dag']) retrieved from /opt/airflow/dags/first_dag.py
[2022-12-05T11:19:48.008+0000] {logging_mixin.py:137} INFO - [2022-12-05T11:19:48.008+0000] {dag.py:2585} INFO - Sync 1 DAGs
[2022-12-05T11:19:48.035+0000] {logging_mixin.py:137} INFO - [2022-12-05T11:19:48.035+0000] {dag.py:3340} INFO - Setting next_dagrun for first_dag to 2022-12-05T10:00:00+00:00, run_after=2022-12-07T10:00:00+00:00
[2022-12-05T11:19:48.080+0000] {processor.py:176} INFO - Processing /opt/airflow/dags/first_dag.py took 0.123 seconds
[2022-12-05T11:20:18.170+0000] {processor.py:154} INFO - Started process (PID=2801) to work on /opt/airflow/dags/first_dag.py
[2022-12-05T11:20:18.170+0000] {processor.py:756} INFO - Processing file /opt/airflow/dags/first_dag.py for tasks to queue
[2022-12-05T11:20:18.171+0000] {logging_mixin.py:137} INFO - [2022-12-05T11:20:18.171+0000] {dagbag.py:537} INFO - Filling up the DagBag from /opt/airflow/dags/first_dag.py
[2022-12-05T11:20:18.188+0000] {processor.py:766} INFO - DAG(s) dict_keys(['first_dag']) retrieved from /opt/airflow/dags/first_dag.py
[2022-12-05T11:20:18.217+0000] {logging_mixin.py:137} INFO - [2022-12-05T11:20:18.216+0000] {dag.py:2585} INFO - Sync 1 DAGs
[2022-12-05T11:20:18.236+0000] {logging_mixin.py:137} INFO - [2022-12-05T11:20:18.236+0000] {dag.py:3340} INFO - Setting next_dagrun for first_dag to 2022-12-05T10:00:00+00:00, run_after=2022-12-07T10:00:00+00:00
[2022-12-05T11:20:18.278+0000] {processor.py:176} INFO - Processing /opt/airflow/dags/first_dag.py took 0.110 seconds
[2022-12-05T11:20:48.530+0000] {processor.py:154} INFO - Started process (PID=2867) to work on /opt/airflow/dags/first_dag.py
[2022-12-05T11:20:48.531+0000] {processor.py:756} INFO - Processing file /opt/airflow/dags/first_dag.py for tasks to queue
[2022-12-05T11:20:48.531+0000] {logging_mixin.py:137} INFO - [2022-12-05T11:20:48.531+0000] {dagbag.py:537} INFO - Filling up the DagBag from /opt/airflow/dags/first_dag.py
[2022-12-05T11:20:48.550+0000] {processor.py:766} INFO - DAG(s) dict_keys(['first_dag']) retrieved from /opt/airflow/dags/first_dag.py
[2022-12-05T11:20:48.611+0000] {logging_mixin.py:137} INFO - [2022-12-05T11:20:48.611+0000] {dag.py:2585} INFO - Sync 1 DAGs
[2022-12-05T11:20:48.634+0000] {logging_mixin.py:137} INFO - [2022-12-05T11:20:48.633+0000] {dag.py:3340} INFO - Setting next_dagrun for first_dag to 2022-12-05T10:00:00+00:00, run_after=2022-12-07T10:00:00+00:00
[2022-12-05T11:20:48.686+0000] {processor.py:176} INFO - Processing /opt/airflow/dags/first_dag.py took 0.158 seconds
[2022-12-05T11:21:19.444+0000] {processor.py:154} INFO - Started process (PID=2932) to work on /opt/airflow/dags/first_dag.py
[2022-12-05T11:21:19.445+0000] {processor.py:756} INFO - Processing file /opt/airflow/dags/first_dag.py for tasks to queue
[2022-12-05T11:21:19.445+0000] {logging_mixin.py:137} INFO - [2022-12-05T11:21:19.445+0000] {dagbag.py:537} INFO - Filling up the DagBag from /opt/airflow/dags/first_dag.py
[2022-12-05T11:21:19.464+0000] {processor.py:766} INFO - DAG(s) dict_keys(['first_dag']) retrieved from /opt/airflow/dags/first_dag.py
[2022-12-05T11:21:19.492+0000] {logging_mixin.py:137} INFO - [2022-12-05T11:21:19.492+0000] {dag.py:2585} INFO - Sync 1 DAGs
[2022-12-05T11:21:19.514+0000] {logging_mixin.py:137} INFO - [2022-12-05T11:21:19.513+0000] {dag.py:3340} INFO - Setting next_dagrun for first_dag to 2022-12-05T10:00:00+00:00, run_after=2022-12-07T10:00:00+00:00
[2022-12-05T11:21:19.557+0000] {processor.py:176} INFO - Processing /opt/airflow/dags/first_dag.py took 0.116 seconds
[2022-12-05T11:21:50.413+0000] {processor.py:154} INFO - Started process (PID=2990) to work on /opt/airflow/dags/first_dag.py
[2022-12-05T11:21:50.413+0000] {processor.py:756} INFO - Processing file /opt/airflow/dags/first_dag.py for tasks to queue
[2022-12-05T11:21:50.414+0000] {logging_mixin.py:137} INFO - [2022-12-05T11:21:50.414+0000] {dagbag.py:537} INFO - Filling up the DagBag from /opt/airflow/dags/first_dag.py
[2022-12-05T11:21:50.438+0000] {processor.py:766} INFO - DAG(s) dict_keys(['first_dag']) retrieved from /opt/airflow/dags/first_dag.py
[2022-12-05T11:21:50.474+0000] {logging_mixin.py:137} INFO - [2022-12-05T11:21:50.473+0000] {dag.py:2585} INFO - Sync 1 DAGs
[2022-12-05T11:21:50.500+0000] {logging_mixin.py:137} INFO - [2022-12-05T11:21:50.500+0000] {dag.py:3340} INFO - Setting next_dagrun for first_dag to 2022-12-05T10:00:00+00:00, run_after=2022-12-07T10:00:00+00:00
[2022-12-05T11:21:50.552+0000] {processor.py:176} INFO - Processing /opt/airflow/dags/first_dag.py took 0.141 seconds
[2022-12-05T11:22:21.214+0000] {processor.py:154} INFO - Started process (PID=3055) to work on /opt/airflow/dags/first_dag.py
[2022-12-05T11:22:21.215+0000] {processor.py:756} INFO - Processing file /opt/airflow/dags/first_dag.py for tasks to queue
[2022-12-05T11:22:21.215+0000] {logging_mixin.py:137} INFO - [2022-12-05T11:22:21.215+0000] {dagbag.py:537} INFO - Filling up the DagBag from /opt/airflow/dags/first_dag.py
[2022-12-05T11:22:21.232+0000] {processor.py:766} INFO - DAG(s) dict_keys(['first_dag']) retrieved from /opt/airflow/dags/first_dag.py
[2022-12-05T11:22:21.259+0000] {logging_mixin.py:137} INFO - [2022-12-05T11:22:21.259+0000] {dag.py:2585} INFO - Sync 1 DAGs
[2022-12-05T11:22:21.279+0000] {logging_mixin.py:137} INFO - [2022-12-05T11:22:21.279+0000] {dag.py:3340} INFO - Setting next_dagrun for first_dag to 2022-12-05T10:00:00+00:00, run_after=2022-12-07T10:00:00+00:00
[2022-12-05T11:22:21.315+0000] {processor.py:176} INFO - Processing /opt/airflow/dags/first_dag.py took 0.103 seconds
[2022-12-05T11:22:51.891+0000] {processor.py:154} INFO - Started process (PID=3123) to work on /opt/airflow/dags/first_dag.py
[2022-12-05T11:22:51.891+0000] {processor.py:756} INFO - Processing file /opt/airflow/dags/first_dag.py for tasks to queue
[2022-12-05T11:22:51.892+0000] {logging_mixin.py:137} INFO - [2022-12-05T11:22:51.892+0000] {dagbag.py:537} INFO - Filling up the DagBag from /opt/airflow/dags/first_dag.py
[2022-12-05T11:22:51.915+0000] {processor.py:766} INFO - DAG(s) dict_keys(['first_dag']) retrieved from /opt/airflow/dags/first_dag.py
[2022-12-05T11:22:51.956+0000] {logging_mixin.py:137} INFO - [2022-12-05T11:22:51.956+0000] {dag.py:2585} INFO - Sync 1 DAGs
[2022-12-05T11:22:51.988+0000] {logging_mixin.py:137} INFO - [2022-12-05T11:22:51.988+0000] {dag.py:3340} INFO - Setting next_dagrun for first_dag to 2022-12-05T10:00:00+00:00, run_after=2022-12-07T10:00:00+00:00
[2022-12-05T11:22:52.039+0000] {processor.py:176} INFO - Processing /opt/airflow/dags/first_dag.py took 0.151 seconds
[2022-12-05T11:23:22.559+0000] {processor.py:154} INFO - Started process (PID=3180) to work on /opt/airflow/dags/first_dag.py
[2022-12-05T11:23:22.560+0000] {processor.py:756} INFO - Processing file /opt/airflow/dags/first_dag.py for tasks to queue
[2022-12-05T11:23:22.561+0000] {logging_mixin.py:137} INFO - [2022-12-05T11:23:22.561+0000] {dagbag.py:537} INFO - Filling up the DagBag from /opt/airflow/dags/first_dag.py
[2022-12-05T11:23:22.579+0000] {processor.py:766} INFO - DAG(s) dict_keys(['first_dag']) retrieved from /opt/airflow/dags/first_dag.py
[2022-12-05T11:23:22.610+0000] {logging_mixin.py:137} INFO - [2022-12-05T11:23:22.610+0000] {dag.py:2585} INFO - Sync 1 DAGs
[2022-12-05T11:23:22.633+0000] {logging_mixin.py:137} INFO - [2022-12-05T11:23:22.633+0000] {dag.py:3340} INFO - Setting next_dagrun for first_dag to 2022-12-05T10:00:00+00:00, run_after=2022-12-07T10:00:00+00:00
[2022-12-05T11:23:22.680+0000] {processor.py:176} INFO - Processing /opt/airflow/dags/first_dag.py took 0.123 seconds
[2022-12-05T11:23:52.809+0000] {processor.py:154} INFO - Started process (PID=3246) to work on /opt/airflow/dags/first_dag.py
[2022-12-05T11:23:52.809+0000] {processor.py:756} INFO - Processing file /opt/airflow/dags/first_dag.py for tasks to queue
[2022-12-05T11:23:52.810+0000] {logging_mixin.py:137} INFO - [2022-12-05T11:23:52.810+0000] {dagbag.py:537} INFO - Filling up the DagBag from /opt/airflow/dags/first_dag.py
[2022-12-05T11:23:52.827+0000] {processor.py:766} INFO - DAG(s) dict_keys(['first_dag']) retrieved from /opt/airflow/dags/first_dag.py
[2022-12-05T11:23:52.853+0000] {logging_mixin.py:137} INFO - [2022-12-05T11:23:52.853+0000] {dag.py:2585} INFO - Sync 1 DAGs
[2022-12-05T11:23:52.873+0000] {logging_mixin.py:137} INFO - [2022-12-05T11:23:52.873+0000] {dag.py:3340} INFO - Setting next_dagrun for first_dag to 2022-12-05T10:00:00+00:00, run_after=2022-12-07T10:00:00+00:00
[2022-12-05T11:23:52.921+0000] {processor.py:176} INFO - Processing /opt/airflow/dags/first_dag.py took 0.115 seconds
[2022-12-05T11:24:23.750+0000] {processor.py:154} INFO - Started process (PID=3312) to work on /opt/airflow/dags/first_dag.py
[2022-12-05T11:24:23.751+0000] {processor.py:756} INFO - Processing file /opt/airflow/dags/first_dag.py for tasks to queue
[2022-12-05T11:24:23.752+0000] {logging_mixin.py:137} INFO - [2022-12-05T11:24:23.752+0000] {dagbag.py:537} INFO - Filling up the DagBag from /opt/airflow/dags/first_dag.py
[2022-12-05T11:24:23.771+0000] {processor.py:766} INFO - DAG(s) dict_keys(['first_dag']) retrieved from /opt/airflow/dags/first_dag.py
[2022-12-05T11:24:23.800+0000] {logging_mixin.py:137} INFO - [2022-12-05T11:24:23.800+0000] {dag.py:2585} INFO - Sync 1 DAGs
[2022-12-05T11:24:23.820+0000] {logging_mixin.py:137} INFO - [2022-12-05T11:24:23.819+0000] {dag.py:3340} INFO - Setting next_dagrun for first_dag to 2022-12-05T10:00:00+00:00, run_after=2022-12-07T10:00:00+00:00
[2022-12-05T11:24:23.869+0000] {processor.py:176} INFO - Processing /opt/airflow/dags/first_dag.py took 0.122 seconds
[2022-12-05T11:24:54.591+0000] {processor.py:154} INFO - Started process (PID=3378) to work on /opt/airflow/dags/first_dag.py
[2022-12-05T11:24:54.591+0000] {processor.py:756} INFO - Processing file /opt/airflow/dags/first_dag.py for tasks to queue
[2022-12-05T11:24:54.592+0000] {logging_mixin.py:137} INFO - [2022-12-05T11:24:54.592+0000] {dagbag.py:537} INFO - Filling up the DagBag from /opt/airflow/dags/first_dag.py
[2022-12-05T11:24:54.608+0000] {processor.py:766} INFO - DAG(s) dict_keys(['first_dag']) retrieved from /opt/airflow/dags/first_dag.py
[2022-12-05T11:24:54.635+0000] {logging_mixin.py:137} INFO - [2022-12-05T11:24:54.635+0000] {dag.py:2585} INFO - Sync 1 DAGs
[2022-12-05T11:24:54.655+0000] {logging_mixin.py:137} INFO - [2022-12-05T11:24:54.655+0000] {dag.py:3340} INFO - Setting next_dagrun for first_dag to 2022-12-05T10:00:00+00:00, run_after=2022-12-07T10:00:00+00:00
[2022-12-05T11:24:54.693+0000] {processor.py:176} INFO - Processing /opt/airflow/dags/first_dag.py took 0.104 seconds
[2022-12-05T11:25:25.252+0000] {processor.py:154} INFO - Started process (PID=3435) to work on /opt/airflow/dags/first_dag.py
[2022-12-05T11:25:25.253+0000] {processor.py:756} INFO - Processing file /opt/airflow/dags/first_dag.py for tasks to queue
[2022-12-05T11:25:25.254+0000] {logging_mixin.py:137} INFO - [2022-12-05T11:25:25.254+0000] {dagbag.py:537} INFO - Filling up the DagBag from /opt/airflow/dags/first_dag.py
[2022-12-05T11:25:25.273+0000] {processor.py:766} INFO - DAG(s) dict_keys(['first_dag']) retrieved from /opt/airflow/dags/first_dag.py
[2022-12-05T11:25:25.299+0000] {logging_mixin.py:137} INFO - [2022-12-05T11:25:25.298+0000] {dag.py:2585} INFO - Sync 1 DAGs
[2022-12-05T11:25:25.320+0000] {logging_mixin.py:137} INFO - [2022-12-05T11:25:25.320+0000] {dag.py:3340} INFO - Setting next_dagrun for first_dag to 2022-12-05T10:00:00+00:00, run_after=2022-12-07T10:00:00+00:00
[2022-12-05T11:25:25.368+0000] {processor.py:176} INFO - Processing /opt/airflow/dags/first_dag.py took 0.118 seconds
[2022-12-05T11:25:55.416+0000] {processor.py:154} INFO - Started process (PID=3501) to work on /opt/airflow/dags/first_dag.py
[2022-12-05T11:25:55.416+0000] {processor.py:756} INFO - Processing file /opt/airflow/dags/first_dag.py for tasks to queue
[2022-12-05T11:25:55.417+0000] {logging_mixin.py:137} INFO - [2022-12-05T11:25:55.417+0000] {dagbag.py:537} INFO - Filling up the DagBag from /opt/airflow/dags/first_dag.py
[2022-12-05T11:25:55.435+0000] {processor.py:766} INFO - DAG(s) dict_keys(['first_dag']) retrieved from /opt/airflow/dags/first_dag.py
[2022-12-05T11:25:55.461+0000] {logging_mixin.py:137} INFO - [2022-12-05T11:25:55.461+0000] {dag.py:2585} INFO - Sync 1 DAGs
[2022-12-05T11:25:55.481+0000] {logging_mixin.py:137} INFO - [2022-12-05T11:25:55.480+0000] {dag.py:3340} INFO - Setting next_dagrun for first_dag to 2022-12-05T10:00:00+00:00, run_after=2022-12-07T10:00:00+00:00
[2022-12-05T11:25:55.524+0000] {processor.py:176} INFO - Processing /opt/airflow/dags/first_dag.py took 0.110 seconds
[2022-12-05T11:26:25.755+0000] {processor.py:154} INFO - Started process (PID=3567) to work on /opt/airflow/dags/first_dag.py
[2022-12-05T11:26:25.756+0000] {processor.py:756} INFO - Processing file /opt/airflow/dags/first_dag.py for tasks to queue
[2022-12-05T11:26:25.756+0000] {logging_mixin.py:137} INFO - [2022-12-05T11:26:25.756+0000] {dagbag.py:537} INFO - Filling up the DagBag from /opt/airflow/dags/first_dag.py
[2022-12-05T11:26:25.775+0000] {processor.py:766} INFO - DAG(s) dict_keys(['first_dag']) retrieved from /opt/airflow/dags/first_dag.py
[2022-12-05T11:26:25.807+0000] {logging_mixin.py:137} INFO - [2022-12-05T11:26:25.807+0000] {dag.py:2585} INFO - Sync 1 DAGs
[2022-12-05T11:26:25.830+0000] {logging_mixin.py:137} INFO - [2022-12-05T11:26:25.830+0000] {dag.py:3340} INFO - Setting next_dagrun for first_dag to 2022-12-05T10:00:00+00:00, run_after=2022-12-07T10:00:00+00:00
[2022-12-05T11:26:25.880+0000] {processor.py:176} INFO - Processing /opt/airflow/dags/first_dag.py took 0.127 seconds
[2022-12-05T11:26:56.304+0000] {processor.py:154} INFO - Started process (PID=3624) to work on /opt/airflow/dags/first_dag.py
[2022-12-05T11:26:56.305+0000] {processor.py:756} INFO - Processing file /opt/airflow/dags/first_dag.py for tasks to queue
[2022-12-05T11:26:56.305+0000] {logging_mixin.py:137} INFO - [2022-12-05T11:26:56.305+0000] {dagbag.py:537} INFO - Filling up the DagBag from /opt/airflow/dags/first_dag.py
[2022-12-05T11:26:56.325+0000] {processor.py:766} INFO - DAG(s) dict_keys(['first_dag']) retrieved from /opt/airflow/dags/first_dag.py
[2022-12-05T11:26:56.352+0000] {logging_mixin.py:137} INFO - [2022-12-05T11:26:56.351+0000] {dag.py:2585} INFO - Sync 1 DAGs
[2022-12-05T11:26:56.370+0000] {logging_mixin.py:137} INFO - [2022-12-05T11:26:56.370+0000] {dag.py:3340} INFO - Setting next_dagrun for first_dag to 2022-12-05T10:00:00+00:00, run_after=2022-12-07T10:00:00+00:00
[2022-12-05T11:26:56.412+0000] {processor.py:176} INFO - Processing /opt/airflow/dags/first_dag.py took 0.111 seconds
[2022-12-05T11:27:26.979+0000] {processor.py:154} INFO - Started process (PID=3690) to work on /opt/airflow/dags/first_dag.py
[2022-12-05T11:27:26.979+0000] {processor.py:756} INFO - Processing file /opt/airflow/dags/first_dag.py for tasks to queue
[2022-12-05T11:27:26.980+0000] {logging_mixin.py:137} INFO - [2022-12-05T11:27:26.980+0000] {dagbag.py:537} INFO - Filling up the DagBag from /opt/airflow/dags/first_dag.py
[2022-12-05T11:27:26.997+0000] {processor.py:766} INFO - DAG(s) dict_keys(['first_dag']) retrieved from /opt/airflow/dags/first_dag.py
[2022-12-05T11:27:27.027+0000] {logging_mixin.py:137} INFO - [2022-12-05T11:27:27.027+0000] {dag.py:2585} INFO - Sync 1 DAGs
[2022-12-05T11:27:27.046+0000] {logging_mixin.py:137} INFO - [2022-12-05T11:27:27.046+0000] {dag.py:3340} INFO - Setting next_dagrun for first_dag to 2022-12-05T10:00:00+00:00, run_after=2022-12-07T10:00:00+00:00
[2022-12-05T11:27:27.086+0000] {processor.py:176} INFO - Processing /opt/airflow/dags/first_dag.py took 0.109 seconds
[2022-12-05T11:27:57.973+0000] {processor.py:154} INFO - Started process (PID=3758) to work on /opt/airflow/dags/first_dag.py
[2022-12-05T11:27:57.973+0000] {processor.py:756} INFO - Processing file /opt/airflow/dags/first_dag.py for tasks to queue
[2022-12-05T11:27:57.974+0000] {logging_mixin.py:137} INFO - [2022-12-05T11:27:57.974+0000] {dagbag.py:537} INFO - Filling up the DagBag from /opt/airflow/dags/first_dag.py
[2022-12-05T11:27:57.994+0000] {processor.py:766} INFO - DAG(s) dict_keys(['first_dag']) retrieved from /opt/airflow/dags/first_dag.py
[2022-12-05T11:27:58.024+0000] {logging_mixin.py:137} INFO - [2022-12-05T11:27:58.023+0000] {dag.py:2585} INFO - Sync 1 DAGs
[2022-12-05T11:27:58.048+0000] {logging_mixin.py:137} INFO - [2022-12-05T11:27:58.047+0000] {dag.py:3340} INFO - Setting next_dagrun for first_dag to 2022-12-05T10:00:00+00:00, run_after=2022-12-07T10:00:00+00:00
[2022-12-05T11:27:58.089+0000] {processor.py:176} INFO - Processing /opt/airflow/dags/first_dag.py took 0.119 seconds
[2022-12-05T11:28:28.153+0000] {processor.py:154} INFO - Started process (PID=3824) to work on /opt/airflow/dags/first_dag.py
[2022-12-05T11:28:28.154+0000] {processor.py:756} INFO - Processing file /opt/airflow/dags/first_dag.py for tasks to queue
[2022-12-05T11:28:28.155+0000] {logging_mixin.py:137} INFO - [2022-12-05T11:28:28.154+0000] {dagbag.py:537} INFO - Filling up the DagBag from /opt/airflow/dags/first_dag.py
[2022-12-05T11:28:28.174+0000] {processor.py:766} INFO - DAG(s) dict_keys(['first_dag']) retrieved from /opt/airflow/dags/first_dag.py
[2022-12-05T11:28:28.204+0000] {logging_mixin.py:137} INFO - [2022-12-05T11:28:28.204+0000] {dag.py:2585} INFO - Sync 1 DAGs
[2022-12-05T11:28:28.227+0000] {logging_mixin.py:137} INFO - [2022-12-05T11:28:28.227+0000] {dag.py:3340} INFO - Setting next_dagrun for first_dag to 2022-12-05T10:00:00+00:00, run_after=2022-12-07T10:00:00+00:00
[2022-12-05T11:28:28.284+0000] {processor.py:176} INFO - Processing /opt/airflow/dags/first_dag.py took 0.133 seconds
[2022-12-05T11:28:58.416+0000] {processor.py:154} INFO - Started process (PID=3881) to work on /opt/airflow/dags/first_dag.py
[2022-12-05T11:28:58.416+0000] {processor.py:756} INFO - Processing file /opt/airflow/dags/first_dag.py for tasks to queue
[2022-12-05T11:28:58.417+0000] {logging_mixin.py:137} INFO - [2022-12-05T11:28:58.417+0000] {dagbag.py:537} INFO - Filling up the DagBag from /opt/airflow/dags/first_dag.py
[2022-12-05T11:28:58.436+0000] {processor.py:766} INFO - DAG(s) dict_keys(['first_dag']) retrieved from /opt/airflow/dags/first_dag.py
[2022-12-05T11:28:58.463+0000] {logging_mixin.py:137} INFO - [2022-12-05T11:28:58.462+0000] {dag.py:2585} INFO - Sync 1 DAGs
[2022-12-05T11:28:58.481+0000] {logging_mixin.py:137} INFO - [2022-12-05T11:28:58.481+0000] {dag.py:3340} INFO - Setting next_dagrun for first_dag to 2022-12-05T10:00:00+00:00, run_after=2022-12-07T10:00:00+00:00
[2022-12-05T11:28:58.532+0000] {processor.py:176} INFO - Processing /opt/airflow/dags/first_dag.py took 0.119 seconds
[2022-12-05T11:29:28.607+0000] {processor.py:154} INFO - Started process (PID=3947) to work on /opt/airflow/dags/first_dag.py
[2022-12-05T11:29:28.608+0000] {processor.py:756} INFO - Processing file /opt/airflow/dags/first_dag.py for tasks to queue
[2022-12-05T11:29:28.609+0000] {logging_mixin.py:137} INFO - [2022-12-05T11:29:28.609+0000] {dagbag.py:537} INFO - Filling up the DagBag from /opt/airflow/dags/first_dag.py
[2022-12-05T11:29:28.627+0000] {processor.py:766} INFO - DAG(s) dict_keys(['first_dag']) retrieved from /opt/airflow/dags/first_dag.py
[2022-12-05T11:29:28.657+0000] {logging_mixin.py:137} INFO - [2022-12-05T11:29:28.656+0000] {dag.py:2585} INFO - Sync 1 DAGs
[2022-12-05T11:29:28.687+0000] {logging_mixin.py:137} INFO - [2022-12-05T11:29:28.687+0000] {dag.py:3340} INFO - Setting next_dagrun for first_dag to 2022-12-05T10:00:00+00:00, run_after=2022-12-07T10:00:00+00:00
[2022-12-05T11:29:28.750+0000] {processor.py:176} INFO - Processing /opt/airflow/dags/first_dag.py took 0.146 seconds
[2022-12-05T11:29:58.813+0000] {processor.py:154} INFO - Started process (PID=4013) to work on /opt/airflow/dags/first_dag.py
[2022-12-05T11:29:58.814+0000] {processor.py:756} INFO - Processing file /opt/airflow/dags/first_dag.py for tasks to queue
[2022-12-05T11:29:58.814+0000] {logging_mixin.py:137} INFO - [2022-12-05T11:29:58.814+0000] {dagbag.py:537} INFO - Filling up the DagBag from /opt/airflow/dags/first_dag.py
[2022-12-05T11:29:58.833+0000] {processor.py:766} INFO - DAG(s) dict_keys(['first_dag']) retrieved from /opt/airflow/dags/first_dag.py
[2022-12-05T11:29:58.860+0000] {logging_mixin.py:137} INFO - [2022-12-05T11:29:58.860+0000] {dag.py:2585} INFO - Sync 1 DAGs
[2022-12-05T11:29:58.882+0000] {logging_mixin.py:137} INFO - [2022-12-05T11:29:58.882+0000] {dag.py:3340} INFO - Setting next_dagrun for first_dag to 2022-12-05T10:00:00+00:00, run_after=2022-12-07T10:00:00+00:00
[2022-12-05T11:29:58.925+0000] {processor.py:176} INFO - Processing /opt/airflow/dags/first_dag.py took 0.115 seconds
[2022-12-05T11:30:29.217+0000] {processor.py:154} INFO - Started process (PID=4070) to work on /opt/airflow/dags/first_dag.py
[2022-12-05T11:30:29.218+0000] {processor.py:756} INFO - Processing file /opt/airflow/dags/first_dag.py for tasks to queue
[2022-12-05T11:30:29.218+0000] {logging_mixin.py:137} INFO - [2022-12-05T11:30:29.218+0000] {dagbag.py:537} INFO - Filling up the DagBag from /opt/airflow/dags/first_dag.py
[2022-12-05T11:30:29.237+0000] {processor.py:766} INFO - DAG(s) dict_keys(['first_dag']) retrieved from /opt/airflow/dags/first_dag.py
[2022-12-05T11:30:29.265+0000] {logging_mixin.py:137} INFO - [2022-12-05T11:30:29.265+0000] {dag.py:2585} INFO - Sync 1 DAGs
[2022-12-05T11:30:29.285+0000] {logging_mixin.py:137} INFO - [2022-12-05T11:30:29.285+0000] {dag.py:3340} INFO - Setting next_dagrun for first_dag to 2022-12-05T10:00:00+00:00, run_after=2022-12-07T10:00:00+00:00
[2022-12-05T11:30:29.355+0000] {processor.py:176} INFO - Processing /opt/airflow/dags/first_dag.py took 0.139 seconds
[2022-12-05T11:30:59.559+0000] {processor.py:154} INFO - Started process (PID=4138) to work on /opt/airflow/dags/first_dag.py
[2022-12-05T11:30:59.559+0000] {processor.py:756} INFO - Processing file /opt/airflow/dags/first_dag.py for tasks to queue
[2022-12-05T11:30:59.560+0000] {logging_mixin.py:137} INFO - [2022-12-05T11:30:59.560+0000] {dagbag.py:537} INFO - Filling up the DagBag from /opt/airflow/dags/first_dag.py
[2022-12-05T11:30:59.578+0000] {processor.py:766} INFO - DAG(s) dict_keys(['first_dag']) retrieved from /opt/airflow/dags/first_dag.py
[2022-12-05T11:30:59.604+0000] {logging_mixin.py:137} INFO - [2022-12-05T11:30:59.604+0000] {dag.py:2585} INFO - Sync 1 DAGs
[2022-12-05T11:30:59.624+0000] {logging_mixin.py:137} INFO - [2022-12-05T11:30:59.624+0000] {dag.py:3340} INFO - Setting next_dagrun for first_dag to 2022-12-05T10:00:00+00:00, run_after=2022-12-07T10:00:00+00:00
[2022-12-05T11:30:59.662+0000] {processor.py:176} INFO - Processing /opt/airflow/dags/first_dag.py took 0.105 seconds
[2022-12-05T11:31:29.999+0000] {processor.py:154} INFO - Started process (PID=4206) to work on /opt/airflow/dags/first_dag.py
[2022-12-05T11:31:30.000+0000] {processor.py:756} INFO - Processing file /opt/airflow/dags/first_dag.py for tasks to queue
[2022-12-05T11:31:30.000+0000] {logging_mixin.py:137} INFO - [2022-12-05T11:31:30.000+0000] {dagbag.py:537} INFO - Filling up the DagBag from /opt/airflow/dags/first_dag.py
[2022-12-05T11:31:30.021+0000] {processor.py:766} INFO - DAG(s) dict_keys(['first_dag']) retrieved from /opt/airflow/dags/first_dag.py
[2022-12-05T11:31:30.051+0000] {logging_mixin.py:137} INFO - [2022-12-05T11:31:30.051+0000] {dag.py:2585} INFO - Sync 1 DAGs
[2022-12-05T11:31:30.076+0000] {logging_mixin.py:137} INFO - [2022-12-05T11:31:30.076+0000] {dag.py:3340} INFO - Setting next_dagrun for first_dag to 2022-12-05T10:00:00+00:00, run_after=2022-12-07T10:00:00+00:00
[2022-12-05T11:31:30.144+0000] {processor.py:176} INFO - Processing /opt/airflow/dags/first_dag.py took 0.147 seconds
[2022-12-05T11:32:00.887+0000] {processor.py:154} INFO - Started process (PID=4363) to work on /opt/airflow/dags/first_dag.py
[2022-12-05T11:32:00.890+0000] {processor.py:756} INFO - Processing file /opt/airflow/dags/first_dag.py for tasks to queue
[2022-12-05T11:32:00.891+0000] {logging_mixin.py:137} INFO - [2022-12-05T11:32:00.891+0000] {dagbag.py:537} INFO - Filling up the DagBag from /opt/airflow/dags/first_dag.py
[2022-12-05T11:32:00.948+0000] {processor.py:766} INFO - DAG(s) dict_keys(['first_dag']) retrieved from /opt/airflow/dags/first_dag.py
[2022-12-05T11:32:01.009+0000] {logging_mixin.py:137} INFO - [2022-12-05T11:32:01.009+0000] {dag.py:2585} INFO - Sync 1 DAGs
[2022-12-05T11:32:01.052+0000] {logging_mixin.py:137} INFO - [2022-12-05T11:32:01.052+0000] {dag.py:3340} INFO - Setting next_dagrun for first_dag to 2022-12-05T10:00:00+00:00, run_after=2022-12-07T10:00:00+00:00
[2022-12-05T11:32:01.146+0000] {processor.py:176} INFO - Processing /opt/airflow/dags/first_dag.py took 0.262 seconds
[2022-12-05T11:32:31.231+0000] {processor.py:154} INFO - Started process (PID=4546) to work on /opt/airflow/dags/first_dag.py
[2022-12-05T11:32:31.232+0000] {processor.py:756} INFO - Processing file /opt/airflow/dags/first_dag.py for tasks to queue
[2022-12-05T11:32:31.233+0000] {logging_mixin.py:137} INFO - [2022-12-05T11:32:31.233+0000] {dagbag.py:537} INFO - Filling up the DagBag from /opt/airflow/dags/first_dag.py
[2022-12-05T11:32:31.254+0000] {processor.py:766} INFO - DAG(s) dict_keys(['first_dag']) retrieved from /opt/airflow/dags/first_dag.py
[2022-12-05T11:32:31.283+0000] {logging_mixin.py:137} INFO - [2022-12-05T11:32:31.283+0000] {dag.py:2585} INFO - Sync 1 DAGs
[2022-12-05T11:32:31.304+0000] {logging_mixin.py:137} INFO - [2022-12-05T11:32:31.304+0000] {dag.py:3340} INFO - Setting next_dagrun for first_dag to 2022-12-05T10:00:00+00:00, run_after=2022-12-07T10:00:00+00:00
[2022-12-05T11:32:31.373+0000] {processor.py:176} INFO - Processing /opt/airflow/dags/first_dag.py took 0.145 seconds
[2022-12-05T11:33:02.079+0000] {processor.py:154} INFO - Started process (PID=4612) to work on /opt/airflow/dags/first_dag.py
[2022-12-05T11:33:02.080+0000] {processor.py:756} INFO - Processing file /opt/airflow/dags/first_dag.py for tasks to queue
[2022-12-05T11:33:02.080+0000] {logging_mixin.py:137} INFO - [2022-12-05T11:33:02.080+0000] {dagbag.py:537} INFO - Filling up the DagBag from /opt/airflow/dags/first_dag.py
[2022-12-05T11:33:02.100+0000] {processor.py:766} INFO - DAG(s) dict_keys(['first_dag']) retrieved from /opt/airflow/dags/first_dag.py
[2022-12-05T11:33:02.134+0000] {logging_mixin.py:137} INFO - [2022-12-05T11:33:02.133+0000] {dag.py:2585} INFO - Sync 1 DAGs
[2022-12-05T11:33:02.157+0000] {logging_mixin.py:137} INFO - [2022-12-05T11:33:02.157+0000] {dag.py:3340} INFO - Setting next_dagrun for first_dag to 2022-12-05T10:00:00+00:00, run_after=2022-12-07T10:00:00+00:00
[2022-12-05T11:33:02.265+0000] {processor.py:176} INFO - Processing /opt/airflow/dags/first_dag.py took 0.188 seconds
[2022-12-05T11:33:32.451+0000] {processor.py:154} INFO - Started process (PID=4678) to work on /opt/airflow/dags/first_dag.py
[2022-12-05T11:33:32.452+0000] {processor.py:756} INFO - Processing file /opt/airflow/dags/first_dag.py for tasks to queue
[2022-12-05T11:33:32.453+0000] {logging_mixin.py:137} INFO - [2022-12-05T11:33:32.453+0000] {dagbag.py:537} INFO - Filling up the DagBag from /opt/airflow/dags/first_dag.py
[2022-12-05T11:33:32.472+0000] {processor.py:766} INFO - DAG(s) dict_keys(['first_dag']) retrieved from /opt/airflow/dags/first_dag.py
[2022-12-05T11:33:32.500+0000] {logging_mixin.py:137} INFO - [2022-12-05T11:33:32.499+0000] {dag.py:2585} INFO - Sync 1 DAGs
[2022-12-05T11:33:32.521+0000] {logging_mixin.py:137} INFO - [2022-12-05T11:33:32.521+0000] {dag.py:3340} INFO - Setting next_dagrun for first_dag to 2022-12-05T10:00:00+00:00, run_after=2022-12-07T10:00:00+00:00
[2022-12-05T11:33:32.562+0000] {processor.py:176} INFO - Processing /opt/airflow/dags/first_dag.py took 0.113 seconds
[2022-12-05T11:34:02.887+0000] {processor.py:154} INFO - Started process (PID=4735) to work on /opt/airflow/dags/first_dag.py
[2022-12-05T11:34:02.888+0000] {processor.py:756} INFO - Processing file /opt/airflow/dags/first_dag.py for tasks to queue
[2022-12-05T11:34:02.889+0000] {logging_mixin.py:137} INFO - [2022-12-05T11:34:02.889+0000] {dagbag.py:537} INFO - Filling up the DagBag from /opt/airflow/dags/first_dag.py
[2022-12-05T11:34:02.906+0000] {processor.py:766} INFO - DAG(s) dict_keys(['first_dag']) retrieved from /opt/airflow/dags/first_dag.py
[2022-12-05T11:34:02.935+0000] {logging_mixin.py:137} INFO - [2022-12-05T11:34:02.935+0000] {dag.py:2585} INFO - Sync 1 DAGs
[2022-12-05T11:34:02.959+0000] {logging_mixin.py:137} INFO - [2022-12-05T11:34:02.959+0000] {dag.py:3340} INFO - Setting next_dagrun for first_dag to 2022-12-05T10:00:00+00:00, run_after=2022-12-07T10:00:00+00:00
[2022-12-05T11:34:03.029+0000] {processor.py:176} INFO - Processing /opt/airflow/dags/first_dag.py took 0.144 seconds
[2022-12-05T11:34:33.439+0000] {processor.py:154} INFO - Started process (PID=4821) to work on /opt/airflow/dags/first_dag.py
[2022-12-05T11:34:33.440+0000] {processor.py:756} INFO - Processing file /opt/airflow/dags/first_dag.py for tasks to queue
[2022-12-05T11:34:33.441+0000] {logging_mixin.py:137} INFO - [2022-12-05T11:34:33.441+0000] {dagbag.py:537} INFO - Filling up the DagBag from /opt/airflow/dags/first_dag.py
[2022-12-05T11:34:33.458+0000] {processor.py:766} INFO - DAG(s) dict_keys(['first_dag']) retrieved from /opt/airflow/dags/first_dag.py
[2022-12-05T11:34:33.486+0000] {logging_mixin.py:137} INFO - [2022-12-05T11:34:33.486+0000] {dag.py:2585} INFO - Sync 1 DAGs
[2022-12-05T11:34:33.505+0000] {logging_mixin.py:137} INFO - [2022-12-05T11:34:33.505+0000] {dag.py:3340} INFO - Setting next_dagrun for first_dag to 2022-12-05T10:00:00+00:00, run_after=2022-12-07T10:00:00+00:00
[2022-12-05T11:34:33.544+0000] {processor.py:176} INFO - Processing /opt/airflow/dags/first_dag.py took 0.106 seconds
[2022-12-05T11:35:03.559+0000] {processor.py:154} INFO - Started process (PID=4887) to work on /opt/airflow/dags/first_dag.py
[2022-12-05T11:35:03.560+0000] {processor.py:756} INFO - Processing file /opt/airflow/dags/first_dag.py for tasks to queue
[2022-12-05T11:35:03.560+0000] {logging_mixin.py:137} INFO - [2022-12-05T11:35:03.560+0000] {dagbag.py:537} INFO - Filling up the DagBag from /opt/airflow/dags/first_dag.py
[2022-12-05T11:35:03.578+0000] {processor.py:766} INFO - DAG(s) dict_keys(['first_dag']) retrieved from /opt/airflow/dags/first_dag.py
[2022-12-05T11:35:03.606+0000] {logging_mixin.py:137} INFO - [2022-12-05T11:35:03.606+0000] {dag.py:2585} INFO - Sync 1 DAGs
[2022-12-05T11:35:03.625+0000] {logging_mixin.py:137} INFO - [2022-12-05T11:35:03.625+0000] {dag.py:3340} INFO - Setting next_dagrun for first_dag to 2022-12-05T10:00:00+00:00, run_after=2022-12-07T10:00:00+00:00
[2022-12-05T11:35:03.727+0000] {processor.py:176} INFO - Processing /opt/airflow/dags/first_dag.py took 0.170 seconds
[2022-12-05T11:35:33.931+0000] {processor.py:154} INFO - Started process (PID=4944) to work on /opt/airflow/dags/first_dag.py
[2022-12-05T11:35:33.932+0000] {processor.py:756} INFO - Processing file /opt/airflow/dags/first_dag.py for tasks to queue
[2022-12-05T11:35:33.932+0000] {logging_mixin.py:137} INFO - [2022-12-05T11:35:33.932+0000] {dagbag.py:537} INFO - Filling up the DagBag from /opt/airflow/dags/first_dag.py
[2022-12-05T11:35:33.949+0000] {processor.py:766} INFO - DAG(s) dict_keys(['first_dag']) retrieved from /opt/airflow/dags/first_dag.py
[2022-12-05T11:35:33.975+0000] {logging_mixin.py:137} INFO - [2022-12-05T11:35:33.975+0000] {dag.py:2585} INFO - Sync 1 DAGs
[2022-12-05T11:35:33.995+0000] {logging_mixin.py:137} INFO - [2022-12-05T11:35:33.995+0000] {dag.py:3340} INFO - Setting next_dagrun for first_dag to 2022-12-05T10:00:00+00:00, run_after=2022-12-07T10:00:00+00:00
[2022-12-05T11:35:34.043+0000] {processor.py:176} INFO - Processing /opt/airflow/dags/first_dag.py took 0.114 seconds
[2022-12-05T11:36:04.777+0000] {processor.py:154} INFO - Started process (PID=5010) to work on /opt/airflow/dags/first_dag.py
[2022-12-05T11:36:04.778+0000] {processor.py:756} INFO - Processing file /opt/airflow/dags/first_dag.py for tasks to queue
[2022-12-05T11:36:04.778+0000] {logging_mixin.py:137} INFO - [2022-12-05T11:36:04.778+0000] {dagbag.py:537} INFO - Filling up the DagBag from /opt/airflow/dags/first_dag.py
[2022-12-05T11:36:04.799+0000] {processor.py:766} INFO - DAG(s) dict_keys(['first_dag']) retrieved from /opt/airflow/dags/first_dag.py
[2022-12-05T11:36:04.827+0000] {logging_mixin.py:137} INFO - [2022-12-05T11:36:04.827+0000] {dag.py:2585} INFO - Sync 1 DAGs
[2022-12-05T11:36:04.848+0000] {logging_mixin.py:137} INFO - [2022-12-05T11:36:04.848+0000] {dag.py:3340} INFO - Setting next_dagrun for first_dag to 2022-12-05T10:00:00+00:00, run_after=2022-12-07T10:00:00+00:00
[2022-12-05T11:36:04.974+0000] {processor.py:176} INFO - Processing /opt/airflow/dags/first_dag.py took 0.199 seconds
[2022-12-05T11:36:35.029+0000] {processor.py:154} INFO - Started process (PID=5077) to work on /opt/airflow/dags/first_dag.py
[2022-12-05T11:36:35.029+0000] {processor.py:756} INFO - Processing file /opt/airflow/dags/first_dag.py for tasks to queue
[2022-12-05T11:36:35.030+0000] {logging_mixin.py:137} INFO - [2022-12-05T11:36:35.030+0000] {dagbag.py:537} INFO - Filling up the DagBag from /opt/airflow/dags/first_dag.py
[2022-12-05T11:36:35.047+0000] {processor.py:766} INFO - DAG(s) dict_keys(['first_dag']) retrieved from /opt/airflow/dags/first_dag.py
[2022-12-05T11:36:35.082+0000] {logging_mixin.py:137} INFO - [2022-12-05T11:36:35.082+0000] {dag.py:2585} INFO - Sync 1 DAGs
[2022-12-05T11:36:35.103+0000] {logging_mixin.py:137} INFO - [2022-12-05T11:36:35.103+0000] {dag.py:3340} INFO - Setting next_dagrun for first_dag to 2022-12-05T10:00:00+00:00, run_after=2022-12-07T10:00:00+00:00
[2022-12-05T11:36:35.178+0000] {processor.py:176} INFO - Processing /opt/airflow/dags/first_dag.py took 0.151 seconds
[2022-12-05T11:37:05.357+0000] {processor.py:154} INFO - Started process (PID=5141) to work on /opt/airflow/dags/first_dag.py
[2022-12-05T11:37:05.357+0000] {processor.py:756} INFO - Processing file /opt/airflow/dags/first_dag.py for tasks to queue
[2022-12-05T11:37:05.358+0000] {logging_mixin.py:137} INFO - [2022-12-05T11:37:05.358+0000] {dagbag.py:537} INFO - Filling up the DagBag from /opt/airflow/dags/first_dag.py
[2022-12-05T11:37:05.375+0000] {processor.py:766} INFO - DAG(s) dict_keys(['first_dag']) retrieved from /opt/airflow/dags/first_dag.py
[2022-12-05T11:37:05.403+0000] {logging_mixin.py:137} INFO - [2022-12-05T11:37:05.403+0000] {dag.py:2585} INFO - Sync 1 DAGs
[2022-12-05T11:37:05.425+0000] {logging_mixin.py:137} INFO - [2022-12-05T11:37:05.425+0000] {dag.py:3340} INFO - Setting next_dagrun for first_dag to 2022-12-05T10:00:00+00:00, run_after=2022-12-07T10:00:00+00:00
[2022-12-05T11:37:05.470+0000] {processor.py:176} INFO - Processing /opt/airflow/dags/first_dag.py took 0.116 seconds
[2022-12-05T11:37:36.247+0000] {processor.py:154} INFO - Started process (PID=5200) to work on /opt/airflow/dags/first_dag.py
[2022-12-05T11:37:36.248+0000] {processor.py:756} INFO - Processing file /opt/airflow/dags/first_dag.py for tasks to queue
[2022-12-05T11:37:36.248+0000] {logging_mixin.py:137} INFO - [2022-12-05T11:37:36.248+0000] {dagbag.py:537} INFO - Filling up the DagBag from /opt/airflow/dags/first_dag.py
[2022-12-05T11:37:36.266+0000] {processor.py:766} INFO - DAG(s) dict_keys(['first_dag']) retrieved from /opt/airflow/dags/first_dag.py
[2022-12-05T11:37:36.293+0000] {logging_mixin.py:137} INFO - [2022-12-05T11:37:36.292+0000] {dag.py:2585} INFO - Sync 1 DAGs
[2022-12-05T11:37:36.312+0000] {logging_mixin.py:137} INFO - [2022-12-05T11:37:36.312+0000] {dag.py:3340} INFO - Setting next_dagrun for first_dag to 2022-12-05T10:00:00+00:00, run_after=2022-12-07T10:00:00+00:00
[2022-12-05T11:37:36.353+0000] {processor.py:176} INFO - Processing /opt/airflow/dags/first_dag.py took 0.108 seconds
[2022-12-05T11:38:06.834+0000] {processor.py:154} INFO - Started process (PID=5266) to work on /opt/airflow/dags/first_dag.py
[2022-12-05T11:38:06.834+0000] {processor.py:756} INFO - Processing file /opt/airflow/dags/first_dag.py for tasks to queue
[2022-12-05T11:38:06.835+0000] {logging_mixin.py:137} INFO - [2022-12-05T11:38:06.835+0000] {dagbag.py:537} INFO - Filling up the DagBag from /opt/airflow/dags/first_dag.py
[2022-12-05T11:38:06.858+0000] {processor.py:766} INFO - DAG(s) dict_keys(['first_dag']) retrieved from /opt/airflow/dags/first_dag.py
[2022-12-05T11:38:06.893+0000] {logging_mixin.py:137} INFO - [2022-12-05T11:38:06.893+0000] {dag.py:2585} INFO - Sync 1 DAGs
[2022-12-05T11:38:06.924+0000] {logging_mixin.py:137} INFO - [2022-12-05T11:38:06.924+0000] {dag.py:3340} INFO - Setting next_dagrun for first_dag to 2022-12-05T10:00:00+00:00, run_after=2022-12-07T10:00:00+00:00
[2022-12-05T11:38:06.991+0000] {processor.py:176} INFO - Processing /opt/airflow/dags/first_dag.py took 0.160 seconds
[2022-12-05T11:38:37.603+0000] {processor.py:154} INFO - Started process (PID=5332) to work on /opt/airflow/dags/first_dag.py
[2022-12-05T11:38:37.604+0000] {processor.py:756} INFO - Processing file /opt/airflow/dags/first_dag.py for tasks to queue
[2022-12-05T11:38:37.605+0000] {logging_mixin.py:137} INFO - [2022-12-05T11:38:37.605+0000] {dagbag.py:537} INFO - Filling up the DagBag from /opt/airflow/dags/first_dag.py
[2022-12-05T11:38:37.624+0000] {processor.py:766} INFO - DAG(s) dict_keys(['first_dag']) retrieved from /opt/airflow/dags/first_dag.py
[2022-12-05T11:38:37.651+0000] {logging_mixin.py:137} INFO - [2022-12-05T11:38:37.651+0000] {dag.py:2585} INFO - Sync 1 DAGs
[2022-12-05T11:38:37.671+0000] {logging_mixin.py:137} INFO - [2022-12-05T11:38:37.671+0000] {dag.py:3340} INFO - Setting next_dagrun for first_dag to 2022-12-05T10:00:00+00:00, run_after=2022-12-07T10:00:00+00:00
[2022-12-05T11:38:37.759+0000] {processor.py:176} INFO - Processing /opt/airflow/dags/first_dag.py took 0.158 seconds
[2022-12-05T11:39:08.481+0000] {processor.py:154} INFO - Started process (PID=5389) to work on /opt/airflow/dags/first_dag.py
[2022-12-05T11:39:08.481+0000] {processor.py:756} INFO - Processing file /opt/airflow/dags/first_dag.py for tasks to queue
[2022-12-05T11:39:08.482+0000] {logging_mixin.py:137} INFO - [2022-12-05T11:39:08.482+0000] {dagbag.py:537} INFO - Filling up the DagBag from /opt/airflow/dags/first_dag.py
[2022-12-05T11:39:08.497+0000] {processor.py:766} INFO - DAG(s) dict_keys(['first_dag']) retrieved from /opt/airflow/dags/first_dag.py
[2022-12-05T11:39:08.525+0000] {logging_mixin.py:137} INFO - [2022-12-05T11:39:08.525+0000] {dag.py:2585} INFO - Sync 1 DAGs
[2022-12-05T11:39:08.544+0000] {logging_mixin.py:137} INFO - [2022-12-05T11:39:08.544+0000] {dag.py:3340} INFO - Setting next_dagrun for first_dag to 2022-12-05T10:00:00+00:00, run_after=2022-12-07T10:00:00+00:00
[2022-12-05T11:39:08.580+0000] {processor.py:176} INFO - Processing /opt/airflow/dags/first_dag.py took 0.102 seconds
[2022-12-05T11:39:38.907+0000] {processor.py:154} INFO - Started process (PID=5456) to work on /opt/airflow/dags/first_dag.py
[2022-12-05T11:39:38.908+0000] {processor.py:756} INFO - Processing file /opt/airflow/dags/first_dag.py for tasks to queue
[2022-12-05T11:39:38.909+0000] {logging_mixin.py:137} INFO - [2022-12-05T11:39:38.909+0000] {dagbag.py:537} INFO - Filling up the DagBag from /opt/airflow/dags/first_dag.py
[2022-12-05T11:39:38.928+0000] {processor.py:766} INFO - DAG(s) dict_keys(['first_dag']) retrieved from /opt/airflow/dags/first_dag.py
[2022-12-05T11:39:38.957+0000] {logging_mixin.py:137} INFO - [2022-12-05T11:39:38.956+0000] {dag.py:2585} INFO - Sync 1 DAGs
[2022-12-05T11:39:38.977+0000] {logging_mixin.py:137} INFO - [2022-12-05T11:39:38.977+0000] {dag.py:3340} INFO - Setting next_dagrun for first_dag to 2022-12-05T10:00:00+00:00, run_after=2022-12-07T10:00:00+00:00
[2022-12-05T11:39:39.024+0000] {processor.py:176} INFO - Processing /opt/airflow/dags/first_dag.py took 0.119 seconds
[2022-12-05T11:40:09.551+0000] {processor.py:154} INFO - Started process (PID=5522) to work on /opt/airflow/dags/first_dag.py
[2022-12-05T11:40:09.552+0000] {processor.py:756} INFO - Processing file /opt/airflow/dags/first_dag.py for tasks to queue
[2022-12-05T11:40:09.553+0000] {logging_mixin.py:137} INFO - [2022-12-05T11:40:09.553+0000] {dagbag.py:537} INFO - Filling up the DagBag from /opt/airflow/dags/first_dag.py
[2022-12-05T11:40:09.572+0000] {processor.py:766} INFO - DAG(s) dict_keys(['first_dag']) retrieved from /opt/airflow/dags/first_dag.py
[2022-12-05T11:40:09.600+0000] {logging_mixin.py:137} INFO - [2022-12-05T11:40:09.600+0000] {dag.py:2585} INFO - Sync 1 DAGs
[2022-12-05T11:40:09.624+0000] {logging_mixin.py:137} INFO - [2022-12-05T11:40:09.624+0000] {dag.py:3340} INFO - Setting next_dagrun for first_dag to 2022-12-05T10:00:00+00:00, run_after=2022-12-07T10:00:00+00:00
[2022-12-05T11:40:09.656+0000] {processor.py:176} INFO - Processing /opt/airflow/dags/first_dag.py took 0.107 seconds
