[2022-12-05T11:02:53.781+0000] {taskinstance.py:1165} INFO - Dependencies all met for <TaskInstance: Practice_Airflow.new_a scheduled__2022-12-05T01:01:00+00:00 [queued]>
[2022-12-05T11:02:53.794+0000] {taskinstance.py:1165} INFO - Dependencies all met for <TaskInstance: Practice_Airflow.new_a scheduled__2022-12-05T01:01:00+00:00 [queued]>
[2022-12-05T11:02:53.794+0000] {taskinstance.py:1362} INFO - 
--------------------------------------------------------------------------------
[2022-12-05T11:02:53.795+0000] {taskinstance.py:1363} INFO - Starting attempt 1 of 1
[2022-12-05T11:02:53.795+0000] {taskinstance.py:1364} INFO - 
--------------------------------------------------------------------------------
[2022-12-05T11:02:53.890+0000] {taskinstance.py:1383} INFO - Executing <Task(PythonOperator): new_a> on 2022-12-05 01:01:00+00:00
[2022-12-05T11:02:53.895+0000] {standard_task_runner.py:55} INFO - Started process 257 to run task
[2022-12-05T11:02:53.898+0000] {standard_task_runner.py:82} INFO - Running: ['***', 'tasks', 'run', 'Practice_Airflow', 'new_a', 'scheduled__2022-12-05T01:01:00+00:00', '--job-id', '159', '--raw', '--subdir', 'DAGS_FOLDER/Airflow_pr.py', '--cfg-path', '/tmp/tmpx6ero2wo']
[2022-12-05T11:02:53.901+0000] {standard_task_runner.py:83} INFO - Job 159: Subtask new_a
[2022-12-05T11:02:53.992+0000] {task_command.py:376} INFO - Running <TaskInstance: Practice_Airflow.new_a scheduled__2022-12-05T01:01:00+00:00 [running]> on host a5be4f489b88
[2022-12-05T11:02:54.142+0000] {taskinstance.py:1592} INFO - Exporting the following env vars:
AIRFLOW_CTX_DAG_OWNER=***
AIRFLOW_CTX_DAG_ID=Practice_Airflow
AIRFLOW_CTX_TASK_ID=new_a
AIRFLOW_CTX_EXECUTION_DATE=2022-12-05T01:01:00+00:00
AIRFLOW_CTX_TRY_NUMBER=1
AIRFLOW_CTX_DAG_RUN_ID=scheduled__2022-12-05T01:01:00+00:00
[2022-12-05T11:02:54.143+0000] {logging_mixin.py:137} INFO - Число 1: 96
Число 2: 91
[2022-12-05T11:02:54.143+0000] {python.py:177} INFO - Done. Returned value was: None
[2022-12-05T11:02:54.152+0000] {taskinstance.py:1406} INFO - Marking task as SUCCESS. dag_id=Practice_Airflow, task_id=new_a, execution_date=20221205T010100, start_date=20221205T110253, end_date=20221205T110254
[2022-12-05T11:02:54.270+0000] {local_task_job.py:159} INFO - Task exited with return code 0
[2022-12-05T11:02:54.296+0000] {taskinstance.py:2623} INFO - 1 downstream tasks scheduled from follow-on schedule check
