[2022-12-05T11:03:37.091+0000] {taskinstance.py:1165} INFO - Dependencies all met for <TaskInstance: Practice_Airflow.new_a scheduled__2022-12-05T07:03:00+00:00 [queued]>
[2022-12-05T11:03:37.106+0000] {taskinstance.py:1165} INFO - Dependencies all met for <TaskInstance: Practice_Airflow.new_a scheduled__2022-12-05T07:03:00+00:00 [queued]>
[2022-12-05T11:03:37.106+0000] {taskinstance.py:1362} INFO - 
--------------------------------------------------------------------------------
[2022-12-05T11:03:37.107+0000] {taskinstance.py:1363} INFO - Starting attempt 1 of 1
[2022-12-05T11:03:37.108+0000] {taskinstance.py:1364} INFO - 
--------------------------------------------------------------------------------
[2022-12-05T11:03:37.297+0000] {taskinstance.py:1383} INFO - Executing <Task(PythonOperator): new_a> on 2022-12-05 07:03:00+00:00
[2022-12-05T11:03:37.302+0000] {standard_task_runner.py:55} INFO - Started process 785 to run task
[2022-12-05T11:03:37.304+0000] {standard_task_runner.py:82} INFO - Running: ['***', 'tasks', 'run', 'Practice_Airflow', 'new_a', 'scheduled__2022-12-05T07:03:00+00:00', '--job-id', '312', '--raw', '--subdir', 'DAGS_FOLDER/Airflow_pr.py', '--cfg-path', '/tmp/tmp6fi4c_2b']
[2022-12-05T11:03:37.306+0000] {standard_task_runner.py:83} INFO - Job 312: Subtask new_a
[2022-12-05T11:03:37.408+0000] {task_command.py:376} INFO - Running <TaskInstance: Practice_Airflow.new_a scheduled__2022-12-05T07:03:00+00:00 [running]> on host a5be4f489b88
[2022-12-05T11:03:37.646+0000] {taskinstance.py:1592} INFO - Exporting the following env vars:
AIRFLOW_CTX_DAG_OWNER=***
AIRFLOW_CTX_DAG_ID=Practice_Airflow
AIRFLOW_CTX_TASK_ID=new_a
AIRFLOW_CTX_EXECUTION_DATE=2022-12-05T07:03:00+00:00
AIRFLOW_CTX_TRY_NUMBER=1
AIRFLOW_CTX_DAG_RUN_ID=scheduled__2022-12-05T07:03:00+00:00
[2022-12-05T11:03:37.647+0000] {logging_mixin.py:137} INFO - Число 1: 53
Число 2: 31
[2022-12-05T11:03:37.648+0000] {python.py:177} INFO - Done. Returned value was: None
[2022-12-05T11:03:37.660+0000] {taskinstance.py:1406} INFO - Marking task as SUCCESS. dag_id=Practice_Airflow, task_id=new_a, execution_date=20221205T070300, start_date=20221205T110337, end_date=20221205T110337
[2022-12-05T11:03:37.756+0000] {local_task_job.py:159} INFO - Task exited with return code 0
[2022-12-05T11:03:37.841+0000] {taskinstance.py:2623} INFO - 1 downstream tasks scheduled from follow-on schedule check
