[2022-12-05T11:03:22.609+0000] {taskinstance.py:1165} INFO - Dependencies all met for <TaskInstance: Practice_Airflow.task_c scheduled__2022-12-05T05:04:00+00:00 [queued]>
[2022-12-05T11:03:22.619+0000] {taskinstance.py:1165} INFO - Dependencies all met for <TaskInstance: Practice_Airflow.task_c scheduled__2022-12-05T05:04:00+00:00 [queued]>
[2022-12-05T11:03:22.619+0000] {taskinstance.py:1362} INFO - 
--------------------------------------------------------------------------------
[2022-12-05T11:03:22.620+0000] {taskinstance.py:1363} INFO - Starting attempt 1 of 1
[2022-12-05T11:03:22.620+0000] {taskinstance.py:1364} INFO - 
--------------------------------------------------------------------------------
[2022-12-05T11:03:22.671+0000] {taskinstance.py:1383} INFO - Executing <Task(PythonOperator): task_c> on 2022-12-05 05:04:00+00:00
[2022-12-05T11:03:22.676+0000] {standard_task_runner.py:55} INFO - Started process 603 to run task
[2022-12-05T11:03:22.678+0000] {standard_task_runner.py:82} INFO - Running: ['***', 'tasks', 'run', 'Practice_Airflow', 'task_c', 'scheduled__2022-12-05T05:04:00+00:00', '--job-id', '263', '--raw', '--subdir', 'DAGS_FOLDER/Airflow_pr.py', '--cfg-path', '/tmp/tmpjxz5tzru']
[2022-12-05T11:03:22.680+0000] {standard_task_runner.py:83} INFO - Job 263: Subtask task_c
[2022-12-05T11:03:22.796+0000] {task_command.py:376} INFO - Running <TaskInstance: Practice_Airflow.task_c scheduled__2022-12-05T05:04:00+00:00 [running]> on host a5be4f489b88
[2022-12-05T11:03:22.898+0000] {taskinstance.py:1592} INFO - Exporting the following env vars:
AIRFLOW_CTX_DAG_OWNER=***
AIRFLOW_CTX_DAG_ID=Practice_Airflow
AIRFLOW_CTX_TASK_ID=task_c
AIRFLOW_CTX_EXECUTION_DATE=2022-12-05T05:04:00+00:00
AIRFLOW_CTX_TRY_NUMBER=1
AIRFLOW_CTX_DAG_RUN_ID=scheduled__2022-12-05T05:04:00+00:00
[2022-12-05T11:03:22.903+0000] {crypto.py:84} WARNING - empty cryptography key - values will not be stored encrypted.
[2022-12-05T11:03:22.952+0000] {logging_mixin.py:137} INFO - Число 1:  67
[2022-12-05T11:03:22.952+0000] {logging_mixin.py:137} INFO - Число 2:  0
[2022-12-05T11:03:22.956+0000] {python.py:177} INFO - Done. Returned value was: None
[2022-12-05T11:03:22.966+0000] {taskinstance.py:1406} INFO - Marking task as SUCCESS. dag_id=Practice_Airflow, task_id=task_c, execution_date=20221205T050400, start_date=20221205T110322, end_date=20221205T110322
[2022-12-05T11:03:23.050+0000] {local_task_job.py:159} INFO - Task exited with return code 0
[2022-12-05T11:03:23.070+0000] {taskinstance.py:2623} INFO - 1 downstream tasks scheduled from follow-on schedule check
