[2022-12-01T08:39:22.531+0000] {taskinstance.py:1165} INFO - Dependencies all met for <TaskInstance: first_dag.hello manual__2022-12-01T08:39:20.876300+00:00 [queued]>
[2022-12-01T08:39:22.540+0000] {taskinstance.py:1165} INFO - Dependencies all met for <TaskInstance: first_dag.hello manual__2022-12-01T08:39:20.876300+00:00 [queued]>
[2022-12-01T08:39:22.541+0000] {taskinstance.py:1362} INFO - 
--------------------------------------------------------------------------------
[2022-12-01T08:39:22.541+0000] {taskinstance.py:1363} INFO - Starting attempt 1 of 1
[2022-12-01T08:39:22.541+0000] {taskinstance.py:1364} INFO - 
--------------------------------------------------------------------------------
[2022-12-01T08:39:22.634+0000] {taskinstance.py:1383} INFO - Executing <Task(BashOperator): hello> on 2022-12-01 08:39:20.876300+00:00
[2022-12-01T08:39:22.638+0000] {standard_task_runner.py:55} INFO - Started process 1267 to run task
[2022-12-01T08:39:22.640+0000] {standard_task_runner.py:82} INFO - Running: ['***', 'tasks', 'run', 'first_dag', 'hello', 'manual__2022-12-01T08:39:20.876300+00:00', '--job-id', '5', '--raw', '--subdir', 'DAGS_FOLDER/first_dag.py', '--cfg-path', '/tmp/tmpre_ct004']
[2022-12-01T08:39:22.641+0000] {standard_task_runner.py:83} INFO - Job 5: Subtask hello
[2022-12-01T08:39:22.736+0000] {task_command.py:376} INFO - Running <TaskInstance: first_dag.hello manual__2022-12-01T08:39:20.876300+00:00 [running]> on host a5be4f489b88
[2022-12-01T08:39:22.910+0000] {taskinstance.py:1592} INFO - Exporting the following env vars:
AIRFLOW_CTX_DAG_OWNER=***
AIRFLOW_CTX_DAG_ID=first_dag
AIRFLOW_CTX_TASK_ID=hello
AIRFLOW_CTX_EXECUTION_DATE=2022-12-01T08:39:20.876300+00:00
AIRFLOW_CTX_TRY_NUMBER=1
AIRFLOW_CTX_DAG_RUN_ID=manual__2022-12-01T08:39:20.876300+00:00
[2022-12-01T08:39:22.911+0000] {subprocess.py:63} INFO - Tmp dir root location: 
 /tmp
[2022-12-01T08:39:22.912+0000] {subprocess.py:75} INFO - Running command: ['/bin/bash', '-c', 'echo hello']
[2022-12-01T08:39:22.919+0000] {subprocess.py:86} INFO - Output:
[2022-12-01T08:39:22.920+0000] {subprocess.py:93} INFO - hello
[2022-12-01T08:39:22.920+0000] {subprocess.py:97} INFO - Command exited with return code 0
[2022-12-01T08:39:22.979+0000] {taskinstance.py:1406} INFO - Marking task as SUCCESS. dag_id=first_dag, task_id=hello, execution_date=20221201T083920, start_date=20221201T083922, end_date=20221201T083922
[2022-12-01T08:39:23.053+0000] {local_task_job.py:159} INFO - Task exited with return code 0
[2022-12-01T08:39:23.071+0000] {taskinstance.py:2623} INFO - 1 downstream tasks scheduled from follow-on schedule check
