[2022-12-05T11:32:06.320+0000] {taskinstance.py:1165} INFO - Dependencies all met for <TaskInstance: Practice_Airflow.task_d_e manual__2022-12-05T11:31:51.840594+00:00 [queued]>
[2022-12-05T11:32:06.336+0000] {taskinstance.py:1165} INFO - Dependencies all met for <TaskInstance: Practice_Airflow.task_d_e manual__2022-12-05T11:31:51.840594+00:00 [queued]>
[2022-12-05T11:32:06.336+0000] {taskinstance.py:1362} INFO - 
--------------------------------------------------------------------------------
[2022-12-05T11:32:06.337+0000] {taskinstance.py:1363} INFO - Starting attempt 1 of 1
[2022-12-05T11:32:06.337+0000] {taskinstance.py:1364} INFO - 
--------------------------------------------------------------------------------
[2022-12-05T11:32:06.436+0000] {taskinstance.py:1383} INFO - Executing <Task(PythonOperator): task_d_e> on 2022-12-05 11:31:51.840594+00:00
[2022-12-05T11:32:06.443+0000] {standard_task_runner.py:55} INFO - Started process 2814 to run task
[2022-12-05T11:32:06.446+0000] {standard_task_runner.py:82} INFO - Running: ['***', 'tasks', 'run', 'Practice_Airflow', 'task_d_e', 'manual__2022-12-05T11:31:51.840594+00:00', '--job-id', '525', '--raw', '--subdir', 'DAGS_FOLDER/Airflow_pr.py', '--cfg-path', '/tmp/tmp0gj74sk3']
[2022-12-05T11:32:06.448+0000] {standard_task_runner.py:83} INFO - Job 525: Subtask task_d_e
[2022-12-05T11:32:06.567+0000] {task_command.py:376} INFO - Running <TaskInstance: Practice_Airflow.task_d_e manual__2022-12-05T11:31:51.840594+00:00 [running]> on host a5be4f489b88
[2022-12-05T11:32:06.795+0000] {taskinstance.py:1592} INFO - Exporting the following env vars:
AIRFLOW_CTX_DAG_OWNER=***
AIRFLOW_CTX_DAG_ID=Practice_Airflow
AIRFLOW_CTX_TASK_ID=task_d_e
AIRFLOW_CTX_EXECUTION_DATE=2022-12-05T11:31:51.840594+00:00
AIRFLOW_CTX_TRY_NUMBER=1
AIRFLOW_CTX_DAG_RUN_ID=manual__2022-12-05T11:31:51.840594+00:00
[2022-12-05T11:32:06.806+0000] {logging_mixin.py:137} INFO - Столбец 1: [15, 75, 96, 46, 1, 48, 48]
                 Столбец 2: [30, 76, 63, 61, 85, 70, 31]
                 Cумма 'столбца 1' - Cумма 'столбца 2' = -87
[2022-12-05T11:32:06.808+0000] {python.py:177} INFO - Done. Returned value was: None
[2022-12-05T11:32:06.817+0000] {taskinstance.py:1406} INFO - Marking task as SUCCESS. dag_id=Practice_Airflow, task_id=task_d_e, execution_date=20221205T113151, start_date=20221205T113206, end_date=20221205T113206
[2022-12-05T11:32:06.900+0000] {local_task_job.py:159} INFO - Task exited with return code 0
[2022-12-05T11:32:06.917+0000] {taskinstance.py:2623} INFO - 0 downstream tasks scheduled from follow-on schedule check
