[2022-12-01T17:46:03.665+0000] {taskinstance.py:1165} INFO - Dependencies all met for <TaskInstance: Practice_Airflow.Practice_b manual__2022-12-01T17:45:59.198395+00:00 [queued]>
[2022-12-01T17:46:03.674+0000] {taskinstance.py:1165} INFO - Dependencies all met for <TaskInstance: Practice_Airflow.Practice_b manual__2022-12-01T17:45:59.198395+00:00 [queued]>
[2022-12-01T17:46:03.674+0000] {taskinstance.py:1362} INFO - 
--------------------------------------------------------------------------------
[2022-12-01T17:46:03.675+0000] {taskinstance.py:1363} INFO - Starting attempt 1 of 1
[2022-12-01T17:46:03.675+0000] {taskinstance.py:1364} INFO - 
--------------------------------------------------------------------------------
[2022-12-01T17:46:03.739+0000] {taskinstance.py:1383} INFO - Executing <Task(PythonOperator): Practice_b> on 2022-12-01 17:45:59.198395+00:00
[2022-12-01T17:46:03.744+0000] {standard_task_runner.py:55} INFO - Started process 5821 to run task
[2022-12-01T17:46:03.746+0000] {standard_task_runner.py:82} INFO - Running: ['***', 'tasks', 'run', 'Practice_Airflow', 'Practice_b', 'manual__2022-12-01T17:45:59.198395+00:00', '--job-id', '69', '--raw', '--subdir', 'DAGS_FOLDER/Airflow_pr.py', '--cfg-path', '/tmp/tmpbsa6lyzp']
[2022-12-01T17:46:03.747+0000] {standard_task_runner.py:83} INFO - Job 69: Subtask Practice_b
[2022-12-01T17:46:03.826+0000] {task_command.py:376} INFO - Running <TaskInstance: Practice_Airflow.Practice_b manual__2022-12-01T17:45:59.198395+00:00 [running]> on host a5be4f489b88
[2022-12-01T17:46:04.021+0000] {taskinstance.py:1592} INFO - Exporting the following env vars:
AIRFLOW_CTX_DAG_OWNER=***
AIRFLOW_CTX_DAG_ID=Practice_Airflow
AIRFLOW_CTX_TASK_ID=Practice_b
AIRFLOW_CTX_EXECUTION_DATE=2022-12-01T17:45:59.198395+00:00
AIRFLOW_CTX_TRY_NUMBER=1
AIRFLOW_CTX_DAG_RUN_ID=manual__2022-12-01T17:45:59.198395+00:00
[2022-12-01T17:46:04.052+0000] {logging_mixin.py:137} INFO -      Index   Height(Inches)"   "Weight(Pounds)"  new_column
0        1             65.78             112.99         199
1        2             71.52             136.49         198
2        3             69.40             153.03         197
3        4             68.22             142.34         196
4        5             67.79             144.30         195
..     ...               ...                ...         ...
195    196             65.80             120.84           4
196    197             66.11             115.78           3
197    198             68.24             128.30           2
198    199             68.02             127.47           1
199    200             71.39             127.88           0

[200 rows x 4 columns]
[2022-12-01T17:46:04.052+0000] {python.py:177} INFO - Done. Returned value was: None
[2022-12-01T17:46:04.060+0000] {taskinstance.py:1406} INFO - Marking task as SUCCESS. dag_id=Practice_Airflow, task_id=Practice_b, execution_date=20221201T174559, start_date=20221201T174603, end_date=20221201T174604
[2022-12-01T17:46:04.118+0000] {local_task_job.py:159} INFO - Task exited with return code 0
[2022-12-01T17:46:04.132+0000] {taskinstance.py:2623} INFO - 0 downstream tasks scheduled from follow-on schedule check
