[2022-12-05T11:03:54.905+0000] {taskinstance.py:1165} INFO - Dependencies all met for <TaskInstance: Practice_Airflow.task_c scheduled__2022-12-05T09:04:00+00:00 [queued]>
[2022-12-05T11:03:54.916+0000] {taskinstance.py:1165} INFO - Dependencies all met for <TaskInstance: Practice_Airflow.task_c scheduled__2022-12-05T09:04:00+00:00 [queued]>
[2022-12-05T11:03:54.916+0000] {taskinstance.py:1362} INFO - 
--------------------------------------------------------------------------------
[2022-12-05T11:03:54.916+0000] {taskinstance.py:1363} INFO - Starting attempt 1 of 1
[2022-12-05T11:03:54.916+0000] {taskinstance.py:1364} INFO - 
--------------------------------------------------------------------------------
[2022-12-05T11:03:55.028+0000] {taskinstance.py:1383} INFO - Executing <Task(PythonOperator): task_c> on 2022-12-05 09:04:00+00:00
[2022-12-05T11:03:55.035+0000] {standard_task_runner.py:55} INFO - Started process 991 to run task
[2022-12-05T11:03:55.037+0000] {standard_task_runner.py:82} INFO - Running: ['***', 'tasks', 'run', 'Practice_Airflow', 'task_c', 'scheduled__2022-12-05T09:04:00+00:00', '--job-id', '371', '--raw', '--subdir', 'DAGS_FOLDER/Airflow_pr.py', '--cfg-path', '/tmp/tmpzh0rbbxt']
[2022-12-05T11:03:55.040+0000] {standard_task_runner.py:83} INFO - Job 371: Subtask task_c
[2022-12-05T11:03:55.163+0000] {task_command.py:376} INFO - Running <TaskInstance: Practice_Airflow.task_c scheduled__2022-12-05T09:04:00+00:00 [running]> on host a5be4f489b88
[2022-12-05T11:03:55.374+0000] {taskinstance.py:1592} INFO - Exporting the following env vars:
AIRFLOW_CTX_DAG_OWNER=***
AIRFLOW_CTX_DAG_ID=Practice_Airflow
AIRFLOW_CTX_TASK_ID=task_c
AIRFLOW_CTX_EXECUTION_DATE=2022-12-05T09:04:00+00:00
AIRFLOW_CTX_TRY_NUMBER=1
AIRFLOW_CTX_DAG_RUN_ID=scheduled__2022-12-05T09:04:00+00:00
[2022-12-05T11:03:55.382+0000] {crypto.py:84} WARNING - empty cryptography key - values will not be stored encrypted.
[2022-12-05T11:03:55.439+0000] {logging_mixin.py:137} INFO - Число 1:  96
[2022-12-05T11:03:55.439+0000] {logging_mixin.py:137} INFO - Число 2:  95
[2022-12-05T11:03:55.444+0000] {python.py:177} INFO - Done. Returned value was: None
[2022-12-05T11:03:55.453+0000] {taskinstance.py:1406} INFO - Marking task as SUCCESS. dag_id=Practice_Airflow, task_id=task_c, execution_date=20221205T090400, start_date=20221205T110354, end_date=20221205T110355
[2022-12-05T11:03:55.530+0000] {local_task_job.py:159} INFO - Task exited with return code 0
[2022-12-05T11:03:55.550+0000] {taskinstance.py:2623} INFO - 1 downstream tasks scheduled from follow-on schedule check
