[2022-12-01T15:51:55.791+0000] {taskinstance.py:1165} INFO - Dependencies all met for <TaskInstance: Practice_Airflow.read_csv_file manual__2022-12-01T15:51:52.238914+00:00 [queued]>
[2022-12-01T15:51:55.799+0000] {taskinstance.py:1165} INFO - Dependencies all met for <TaskInstance: Practice_Airflow.read_csv_file manual__2022-12-01T15:51:52.238914+00:00 [queued]>
[2022-12-01T15:51:55.799+0000] {taskinstance.py:1362} INFO - 
--------------------------------------------------------------------------------
[2022-12-01T15:51:55.800+0000] {taskinstance.py:1363} INFO - Starting attempt 1 of 1
[2022-12-01T15:51:55.800+0000] {taskinstance.py:1364} INFO - 
--------------------------------------------------------------------------------
[2022-12-01T15:51:55.855+0000] {taskinstance.py:1383} INFO - Executing <Task(PythonOperator): read_csv_file> on 2022-12-01 15:51:52.238914+00:00
[2022-12-01T15:51:55.859+0000] {standard_task_runner.py:55} INFO - Started process 250 to run task
[2022-12-01T15:51:55.861+0000] {standard_task_runner.py:82} INFO - Running: ['***', 'tasks', 'run', 'Practice_Airflow', 'read_csv_file', 'manual__2022-12-01T15:51:52.238914+00:00', '--job-id', '30', '--raw', '--subdir', 'DAGS_FOLDER/Airflow_pr.py', '--cfg-path', '/tmp/tmp6bvf1tgo']
[2022-12-01T15:51:55.862+0000] {standard_task_runner.py:83} INFO - Job 30: Subtask read_csv_file
[2022-12-01T15:51:55.927+0000] {task_command.py:376} INFO - Running <TaskInstance: Practice_Airflow.read_csv_file manual__2022-12-01T15:51:52.238914+00:00 [running]> on host a5be4f489b88
[2022-12-01T15:51:56.025+0000] {taskinstance.py:1592} INFO - Exporting the following env vars:
AIRFLOW_CTX_DAG_OWNER=***
AIRFLOW_CTX_DAG_ID=Practice_Airflow
AIRFLOW_CTX_TASK_ID=read_csv_file
AIRFLOW_CTX_EXECUTION_DATE=2022-12-01T15:51:52.238914+00:00
AIRFLOW_CTX_TRY_NUMBER=1
AIRFLOW_CTX_DAG_RUN_ID=manual__2022-12-01T15:51:52.238914+00:00
[2022-12-01T15:51:56.036+0000] {logging_mixin.py:137} INFO -      Index   Height(Inches)"   "Weight(Pounds)"
0        1             65.78             112.99
1        2             71.52             136.49
2        3             69.40             153.03
3        4             68.22             142.34
4        5             67.79             144.30
..     ...               ...                ...
195    196             65.80             120.84
196    197             66.11             115.78
197    198             68.24             128.30
198    199             68.02             127.47
199    200             71.39             127.88

[200 rows x 3 columns]
[2022-12-01T15:51:56.037+0000] {python.py:177} INFO - Done. Returned value was: None
[2022-12-01T15:51:56.044+0000] {taskinstance.py:1406} INFO - Marking task as SUCCESS. dag_id=Practice_Airflow, task_id=read_csv_file, execution_date=20221201T155152, start_date=20221201T155155, end_date=20221201T155156
[2022-12-01T15:51:56.113+0000] {local_task_job.py:159} INFO - Task exited with return code 0
[2022-12-01T15:51:56.164+0000] {taskinstance.py:2623} INFO - 0 downstream tasks scheduled from follow-on schedule check
