[2022-12-05T11:23:10.910+0000] {taskinstance.py:1165} INFO - Dependencies all met for <TaskInstance: Practice_Airflow.task_d_e manual__2022-12-05T11:23:03.149408+00:00 [queued]>
[2022-12-05T11:23:10.919+0000] {taskinstance.py:1165} INFO - Dependencies all met for <TaskInstance: Practice_Airflow.task_d_e manual__2022-12-05T11:23:03.149408+00:00 [queued]>
[2022-12-05T11:23:10.919+0000] {taskinstance.py:1362} INFO - 
--------------------------------------------------------------------------------
[2022-12-05T11:23:10.919+0000] {taskinstance.py:1363} INFO - Starting attempt 1 of 1
[2022-12-05T11:23:10.920+0000] {taskinstance.py:1364} INFO - 
--------------------------------------------------------------------------------
[2022-12-05T11:23:10.982+0000] {taskinstance.py:1383} INFO - Executing <Task(PythonOperator): task_d_e> on 2022-12-05 11:23:03.149408+00:00
[2022-12-05T11:23:10.987+0000] {standard_task_runner.py:55} INFO - Started process 2095 to run task
[2022-12-05T11:23:10.989+0000] {standard_task_runner.py:82} INFO - Running: ['***', 'tasks', 'run', 'Practice_Airflow', 'task_d_e', 'manual__2022-12-05T11:23:03.149408+00:00', '--job-id', '434', '--raw', '--subdir', 'DAGS_FOLDER/Airflow_pr.py', '--cfg-path', '/tmp/tmpqyw6breu']
[2022-12-05T11:23:10.990+0000] {standard_task_runner.py:83} INFO - Job 434: Subtask task_d_e
[2022-12-05T11:23:11.068+0000] {task_command.py:376} INFO - Running <TaskInstance: Practice_Airflow.task_d_e manual__2022-12-05T11:23:03.149408+00:00 [running]> on host a5be4f489b88
[2022-12-05T11:23:11.235+0000] {taskinstance.py:1592} INFO - Exporting the following env vars:
AIRFLOW_CTX_DAG_OWNER=***
AIRFLOW_CTX_DAG_ID=Practice_Airflow
AIRFLOW_CTX_TASK_ID=task_d_e
AIRFLOW_CTX_EXECUTION_DATE=2022-12-05T11:23:03.149408+00:00
AIRFLOW_CTX_TRY_NUMBER=1
AIRFLOW_CTX_DAG_RUN_ID=manual__2022-12-05T11:23:03.149408+00:00
[2022-12-05T11:23:11.245+0000] {logging_mixin.py:137} INFO - Столбец 1: [46]
                 Столбец 2: [52]
                 Cумма 'столбца 1' - Cумма 'столбца 2' = -6
[2022-12-05T11:23:11.247+0000] {python.py:177} INFO - Done. Returned value was: None
[2022-12-05T11:23:11.254+0000] {taskinstance.py:1406} INFO - Marking task as SUCCESS. dag_id=Practice_Airflow, task_id=task_d_e, execution_date=20221205T112303, start_date=20221205T112310, end_date=20221205T112311
[2022-12-05T11:23:11.321+0000] {local_task_job.py:159} INFO - Task exited with return code 0
[2022-12-05T11:23:11.335+0000] {taskinstance.py:2623} INFO - 0 downstream tasks scheduled from follow-on schedule check
