[2022-12-05T11:10:50.052+0000] {taskinstance.py:1165} INFO - Dependencies all met for <TaskInstance: Practice_Airflow.task_c manual__2022-12-05T11:10:40.894210+00:00 [queued]>
[2022-12-05T11:10:50.061+0000] {taskinstance.py:1165} INFO - Dependencies all met for <TaskInstance: Practice_Airflow.task_c manual__2022-12-05T11:10:40.894210+00:00 [queued]>
[2022-12-05T11:10:50.061+0000] {taskinstance.py:1362} INFO - 
--------------------------------------------------------------------------------
[2022-12-05T11:10:50.061+0000] {taskinstance.py:1363} INFO - Starting attempt 1 of 1
[2022-12-05T11:10:50.062+0000] {taskinstance.py:1364} INFO - 
--------------------------------------------------------------------------------
[2022-12-05T11:10:50.128+0000] {taskinstance.py:1383} INFO - Executing <Task(PythonOperator): task_c> on 2022-12-05 11:10:40.894210+00:00
[2022-12-05T11:10:50.132+0000] {standard_task_runner.py:55} INFO - Started process 1464 to run task
[2022-12-05T11:10:50.134+0000] {standard_task_runner.py:82} INFO - Running: ['***', 'tasks', 'run', 'Practice_Airflow', 'task_c', 'manual__2022-12-05T11:10:40.894210+00:00', '--job-id', '423', '--raw', '--subdir', 'DAGS_FOLDER/Airflow_pr.py', '--cfg-path', '/tmp/tmp74ew917o']
[2022-12-05T11:10:50.135+0000] {standard_task_runner.py:83} INFO - Job 423: Subtask task_c
[2022-12-05T11:10:50.200+0000] {task_command.py:376} INFO - Running <TaskInstance: Practice_Airflow.task_c manual__2022-12-05T11:10:40.894210+00:00 [running]> on host a5be4f489b88
[2022-12-05T11:10:50.336+0000] {taskinstance.py:1592} INFO - Exporting the following env vars:
AIRFLOW_CTX_DAG_OWNER=***
AIRFLOW_CTX_DAG_ID=Practice_Airflow
AIRFLOW_CTX_TASK_ID=task_c
AIRFLOW_CTX_EXECUTION_DATE=2022-12-05T11:10:40.894210+00:00
AIRFLOW_CTX_TRY_NUMBER=1
AIRFLOW_CTX_DAG_RUN_ID=manual__2022-12-05T11:10:40.894210+00:00
[2022-12-05T11:10:50.346+0000] {logging_mixin.py:137} INFO - Число 1:  43
[2022-12-05T11:10:50.347+0000] {logging_mixin.py:137} INFO - Число 2:  46
[2022-12-05T11:10:50.350+0000] {python.py:177} INFO - Done. Returned value was: None
[2022-12-05T11:10:50.358+0000] {taskinstance.py:1406} INFO - Marking task as SUCCESS. dag_id=Practice_Airflow, task_id=task_c, execution_date=20221205T111040, start_date=20221205T111050, end_date=20221205T111050
[2022-12-05T11:10:50.426+0000] {local_task_job.py:159} INFO - Task exited with return code 0
[2022-12-05T11:10:50.443+0000] {taskinstance.py:2623} INFO - 1 downstream tasks scheduled from follow-on schedule check
