[2022-12-05T11:03:20.879+0000] {taskinstance.py:1165} INFO - Dependencies all met for <TaskInstance: Practice_Airflow.new_a scheduled__2022-12-05T05:04:00+00:00 [queued]>
[2022-12-05T11:03:20.889+0000] {taskinstance.py:1165} INFO - Dependencies all met for <TaskInstance: Practice_Airflow.new_a scheduled__2022-12-05T05:04:00+00:00 [queued]>
[2022-12-05T11:03:20.890+0000] {taskinstance.py:1362} INFO - 
--------------------------------------------------------------------------------
[2022-12-05T11:03:20.890+0000] {taskinstance.py:1363} INFO - Starting attempt 1 of 1
[2022-12-05T11:03:20.891+0000] {taskinstance.py:1364} INFO - 
--------------------------------------------------------------------------------
[2022-12-05T11:03:20.968+0000] {taskinstance.py:1383} INFO - Executing <Task(PythonOperator): new_a> on 2022-12-05 05:04:00+00:00
[2022-12-05T11:03:20.972+0000] {standard_task_runner.py:55} INFO - Started process 594 to run task
[2022-12-05T11:03:20.974+0000] {standard_task_runner.py:82} INFO - Running: ['***', 'tasks', 'run', 'Practice_Airflow', 'new_a', 'scheduled__2022-12-05T05:04:00+00:00', '--job-id', '258', '--raw', '--subdir', 'DAGS_FOLDER/Airflow_pr.py', '--cfg-path', '/tmp/tmp3cy7v_sh']
[2022-12-05T11:03:20.976+0000] {standard_task_runner.py:83} INFO - Job 258: Subtask new_a
[2022-12-05T11:03:21.115+0000] {task_command.py:376} INFO - Running <TaskInstance: Practice_Airflow.new_a scheduled__2022-12-05T05:04:00+00:00 [running]> on host a5be4f489b88
[2022-12-05T11:03:21.362+0000] {taskinstance.py:1592} INFO - Exporting the following env vars:
AIRFLOW_CTX_DAG_OWNER=***
AIRFLOW_CTX_DAG_ID=Practice_Airflow
AIRFLOW_CTX_TASK_ID=new_a
AIRFLOW_CTX_EXECUTION_DATE=2022-12-05T05:04:00+00:00
AIRFLOW_CTX_TRY_NUMBER=1
AIRFLOW_CTX_DAG_RUN_ID=scheduled__2022-12-05T05:04:00+00:00
[2022-12-05T11:03:21.363+0000] {logging_mixin.py:137} INFO - Число 1: 38
Число 2: 100
[2022-12-05T11:03:21.364+0000] {python.py:177} INFO - Done. Returned value was: None
[2022-12-05T11:03:21.375+0000] {taskinstance.py:1406} INFO - Marking task as SUCCESS. dag_id=Practice_Airflow, task_id=new_a, execution_date=20221205T050400, start_date=20221205T110320, end_date=20221205T110321
[2022-12-05T11:03:21.467+0000] {local_task_job.py:159} INFO - Task exited with return code 0
[2022-12-05T11:03:21.490+0000] {taskinstance.py:2623} INFO - 1 downstream tasks scheduled from follow-on schedule check
