[2022-12-05T11:32:08.668+0000] {taskinstance.py:1165} INFO - Dependencies all met for <TaskInstance: Practice_Airflow.task_c scheduled__2022-12-05T11:18:00+00:00 [queued]>
[2022-12-05T11:32:08.679+0000] {taskinstance.py:1165} INFO - Dependencies all met for <TaskInstance: Practice_Airflow.task_c scheduled__2022-12-05T11:18:00+00:00 [queued]>
[2022-12-05T11:32:08.679+0000] {taskinstance.py:1362} INFO - 
--------------------------------------------------------------------------------
[2022-12-05T11:32:08.679+0000] {taskinstance.py:1363} INFO - Starting attempt 1 of 1
[2022-12-05T11:32:08.679+0000] {taskinstance.py:1364} INFO - 
--------------------------------------------------------------------------------
[2022-12-05T11:32:08.772+0000] {taskinstance.py:1383} INFO - Executing <Task(PythonOperator): task_c> on 2022-12-05 11:18:00+00:00
[2022-12-05T11:32:08.778+0000] {standard_task_runner.py:55} INFO - Started process 2836 to run task
[2022-12-05T11:32:08.781+0000] {standard_task_runner.py:82} INFO - Running: ['***', 'tasks', 'run', 'Practice_Airflow', 'task_c', 'scheduled__2022-12-05T11:18:00+00:00', '--job-id', '533', '--raw', '--subdir', 'DAGS_FOLDER/Airflow_pr.py', '--cfg-path', '/tmp/tmp9rl8hre5']
[2022-12-05T11:32:08.785+0000] {standard_task_runner.py:83} INFO - Job 533: Subtask task_c
[2022-12-05T11:32:08.886+0000] {task_command.py:376} INFO - Running <TaskInstance: Practice_Airflow.task_c scheduled__2022-12-05T11:18:00+00:00 [running]> on host a5be4f489b88
[2022-12-05T11:32:09.186+0000] {taskinstance.py:1592} INFO - Exporting the following env vars:
AIRFLOW_CTX_DAG_OWNER=***
AIRFLOW_CTX_DAG_ID=Practice_Airflow
AIRFLOW_CTX_TASK_ID=task_c
AIRFLOW_CTX_EXECUTION_DATE=2022-12-05T11:18:00+00:00
AIRFLOW_CTX_TRY_NUMBER=1
AIRFLOW_CTX_DAG_RUN_ID=scheduled__2022-12-05T11:18:00+00:00
[2022-12-05T11:32:09.198+0000] {logging_mixin.py:137} INFO - Число 1:  61
[2022-12-05T11:32:09.199+0000] {logging_mixin.py:137} INFO - Число 2:  100
[2022-12-05T11:32:09.203+0000] {python.py:177} INFO - Done. Returned value was: None
[2022-12-05T11:32:09.211+0000] {taskinstance.py:1406} INFO - Marking task as SUCCESS. dag_id=Practice_Airflow, task_id=task_c, execution_date=20221205T111800, start_date=20221205T113208, end_date=20221205T113209
[2022-12-05T11:32:09.313+0000] {local_task_job.py:159} INFO - Task exited with return code 0
[2022-12-05T11:32:09.329+0000] {taskinstance.py:2623} INFO - 1 downstream tasks scheduled from follow-on schedule check
