[2022-12-05T11:02:51.962+0000] {taskinstance.py:1165} INFO - Dependencies all met for <TaskInstance: Practice_Airflow.hello scheduled__2022-12-05T02:04:00+00:00 [queued]>
[2022-12-05T11:02:51.977+0000] {taskinstance.py:1165} INFO - Dependencies all met for <TaskInstance: Practice_Airflow.hello scheduled__2022-12-05T02:04:00+00:00 [queued]>
[2022-12-05T11:02:51.978+0000] {taskinstance.py:1362} INFO - 
--------------------------------------------------------------------------------
[2022-12-05T11:02:51.978+0000] {taskinstance.py:1363} INFO - Starting attempt 1 of 1
[2022-12-05T11:02:51.978+0000] {taskinstance.py:1364} INFO - 
--------------------------------------------------------------------------------
[2022-12-05T11:02:52.077+0000] {taskinstance.py:1383} INFO - Executing <Task(BashOperator): hello> on 2022-12-05 02:04:00+00:00
[2022-12-05T11:02:52.085+0000] {standard_task_runner.py:55} INFO - Started process 233 to run task
[2022-12-05T11:02:52.088+0000] {standard_task_runner.py:82} INFO - Running: ['***', 'tasks', 'run', 'Practice_Airflow', 'hello', 'scheduled__2022-12-05T02:04:00+00:00', '--job-id', '147', '--raw', '--subdir', 'DAGS_FOLDER/Airflow_pr.py', '--cfg-path', '/tmp/tmp_m0oz4qu']
[2022-12-05T11:02:52.091+0000] {standard_task_runner.py:83} INFO - Job 147: Subtask hello
[2022-12-05T11:02:52.211+0000] {task_command.py:376} INFO - Running <TaskInstance: Practice_Airflow.hello scheduled__2022-12-05T02:04:00+00:00 [running]> on host a5be4f489b88
[2022-12-05T11:02:52.466+0000] {taskinstance.py:1592} INFO - Exporting the following env vars:
AIRFLOW_CTX_DAG_OWNER=***
AIRFLOW_CTX_DAG_ID=Practice_Airflow
AIRFLOW_CTX_TASK_ID=hello
AIRFLOW_CTX_EXECUTION_DATE=2022-12-05T02:04:00+00:00
AIRFLOW_CTX_TRY_NUMBER=1
AIRFLOW_CTX_DAG_RUN_ID=scheduled__2022-12-05T02:04:00+00:00
[2022-12-05T11:02:52.468+0000] {subprocess.py:63} INFO - Tmp dir root location: 
 /tmp
[2022-12-05T11:02:52.469+0000] {subprocess.py:75} INFO - Running command: ['/bin/bash', '-c', 'echo hello']
[2022-12-05T11:02:52.542+0000] {subprocess.py:86} INFO - Output:
[2022-12-05T11:02:52.544+0000] {subprocess.py:93} INFO - hello
[2022-12-05T11:02:52.545+0000] {subprocess.py:97} INFO - Command exited with return code 0
[2022-12-05T11:02:52.564+0000] {taskinstance.py:1406} INFO - Marking task as SUCCESS. dag_id=Practice_Airflow, task_id=hello, execution_date=20221205T020400, start_date=20221205T110251, end_date=20221205T110252
[2022-12-05T11:02:52.704+0000] {local_task_job.py:159} INFO - Task exited with return code 0
[2022-12-05T11:02:52.939+0000] {taskinstance.py:2623} INFO - 0 downstream tasks scheduled from follow-on schedule check
