[2022-12-01T15:48:54.023+0000] {taskinstance.py:1165} INFO - Dependencies all met for <TaskInstance: Practice_Airflow.hello manual__2022-12-01T15:48:50.267638+00:00 [queued]>
[2022-12-01T15:48:54.030+0000] {taskinstance.py:1165} INFO - Dependencies all met for <TaskInstance: Practice_Airflow.hello manual__2022-12-01T15:48:50.267638+00:00 [queued]>
[2022-12-01T15:48:54.030+0000] {taskinstance.py:1362} INFO - 
--------------------------------------------------------------------------------
[2022-12-01T15:48:54.030+0000] {taskinstance.py:1363} INFO - Starting attempt 1 of 1
[2022-12-01T15:48:54.031+0000] {taskinstance.py:1364} INFO - 
--------------------------------------------------------------------------------
[2022-12-01T15:48:54.117+0000] {taskinstance.py:1383} INFO - Executing <Task(BashOperator): hello> on 2022-12-01 15:48:50.267638+00:00
[2022-12-01T15:48:54.174+0000] {standard_task_runner.py:55} INFO - Started process 88 to run task
[2022-12-01T15:48:54.176+0000] {standard_task_runner.py:82} INFO - Running: ['***', 'tasks', 'run', 'Practice_Airflow', 'hello', 'manual__2022-12-01T15:48:50.267638+00:00', '--job-id', '25', '--raw', '--subdir', 'DAGS_FOLDER/Airflow_pr.py', '--cfg-path', '/tmp/tmplktq2m3v']
[2022-12-01T15:48:54.177+0000] {standard_task_runner.py:83} INFO - Job 25: Subtask hello
[2022-12-01T15:48:54.249+0000] {task_command.py:376} INFO - Running <TaskInstance: Practice_Airflow.hello manual__2022-12-01T15:48:50.267638+00:00 [running]> on host a5be4f489b88
[2022-12-01T15:48:54.399+0000] {taskinstance.py:1592} INFO - Exporting the following env vars:
AIRFLOW_CTX_DAG_OWNER=***
AIRFLOW_CTX_DAG_ID=Practice_Airflow
AIRFLOW_CTX_TASK_ID=hello
AIRFLOW_CTX_EXECUTION_DATE=2022-12-01T15:48:50.267638+00:00
AIRFLOW_CTX_TRY_NUMBER=1
AIRFLOW_CTX_DAG_RUN_ID=manual__2022-12-01T15:48:50.267638+00:00
[2022-12-01T15:48:54.400+0000] {subprocess.py:63} INFO - Tmp dir root location: 
 /tmp
[2022-12-01T15:48:54.401+0000] {subprocess.py:75} INFO - Running command: ['/bin/bash', '-c', 'echo hello']
[2022-12-01T15:48:54.408+0000] {subprocess.py:86} INFO - Output:
[2022-12-01T15:48:54.409+0000] {subprocess.py:93} INFO - hello
[2022-12-01T15:48:54.409+0000] {subprocess.py:97} INFO - Command exited with return code 0
[2022-12-01T15:48:54.457+0000] {taskinstance.py:1406} INFO - Marking task as SUCCESS. dag_id=Practice_Airflow, task_id=hello, execution_date=20221201T154850, start_date=20221201T154854, end_date=20221201T154854
[2022-12-01T15:48:54.508+0000] {local_task_job.py:159} INFO - Task exited with return code 0
[2022-12-01T15:48:54.525+0000] {taskinstance.py:2623} INFO - 1 downstream tasks scheduled from follow-on schedule check
