[2022-12-01T17:25:39.273+0000] {taskinstance.py:1165} INFO - Dependencies all met for <TaskInstance: Practice_Airflow.hello manual__2022-12-01T17:25:38.315568+00:00 [queued]>
[2022-12-01T17:25:39.283+0000] {taskinstance.py:1165} INFO - Dependencies all met for <TaskInstance: Practice_Airflow.hello manual__2022-12-01T17:25:38.315568+00:00 [queued]>
[2022-12-01T17:25:39.283+0000] {taskinstance.py:1362} INFO - 
--------------------------------------------------------------------------------
[2022-12-01T17:25:39.284+0000] {taskinstance.py:1363} INFO - Starting attempt 1 of 1
[2022-12-01T17:25:39.284+0000] {taskinstance.py:1364} INFO - 
--------------------------------------------------------------------------------
[2022-12-01T17:25:39.382+0000] {taskinstance.py:1383} INFO - Executing <Task(BashOperator): hello> on 2022-12-01 17:25:38.315568+00:00
[2022-12-01T17:25:39.386+0000] {standard_task_runner.py:55} INFO - Started process 4796 to run task
[2022-12-01T17:25:39.388+0000] {standard_task_runner.py:82} INFO - Running: ['***', 'tasks', 'run', 'Practice_Airflow', 'hello', 'manual__2022-12-01T17:25:38.315568+00:00', '--job-id', '52', '--raw', '--subdir', 'DAGS_FOLDER/Airflow_pr.py', '--cfg-path', '/tmp/tmpeinhf6se']
[2022-12-01T17:25:39.389+0000] {standard_task_runner.py:83} INFO - Job 52: Subtask hello
[2022-12-01T17:25:39.488+0000] {task_command.py:376} INFO - Running <TaskInstance: Practice_Airflow.hello manual__2022-12-01T17:25:38.315568+00:00 [running]> on host a5be4f489b88
[2022-12-01T17:25:39.660+0000] {taskinstance.py:1592} INFO - Exporting the following env vars:
AIRFLOW_CTX_DAG_OWNER=***
AIRFLOW_CTX_DAG_ID=Practice_Airflow
AIRFLOW_CTX_TASK_ID=hello
AIRFLOW_CTX_EXECUTION_DATE=2022-12-01T17:25:38.315568+00:00
AIRFLOW_CTX_TRY_NUMBER=1
AIRFLOW_CTX_DAG_RUN_ID=manual__2022-12-01T17:25:38.315568+00:00
[2022-12-01T17:25:39.661+0000] {subprocess.py:63} INFO - Tmp dir root location: 
 /tmp
[2022-12-01T17:25:39.661+0000] {subprocess.py:75} INFO - Running command: ['/bin/bash', '-c', 'echo hello']
[2022-12-01T17:25:39.759+0000] {subprocess.py:86} INFO - Output:
[2022-12-01T17:25:39.760+0000] {subprocess.py:93} INFO - hello
[2022-12-01T17:25:39.760+0000] {subprocess.py:97} INFO - Command exited with return code 0
[2022-12-01T17:25:39.881+0000] {taskinstance.py:1406} INFO - Marking task as SUCCESS. dag_id=Practice_Airflow, task_id=hello, execution_date=20221201T172538, start_date=20221201T172539, end_date=20221201T172539
[2022-12-01T17:25:40.001+0000] {local_task_job.py:159} INFO - Task exited with return code 0
[2022-12-01T17:25:40.067+0000] {taskinstance.py:2623} INFO - 1 downstream tasks scheduled from follow-on schedule check
