[2022-12-05T11:03:19.112+0000] {taskinstance.py:1165} INFO - Dependencies all met for <TaskInstance: Practice_Airflow.task_d_e scheduled__2022-12-05T03:03:00+00:00 [queued]>
[2022-12-05T11:03:19.123+0000] {taskinstance.py:1165} INFO - Dependencies all met for <TaskInstance: Practice_Airflow.task_d_e scheduled__2022-12-05T03:03:00+00:00 [queued]>
[2022-12-05T11:03:19.123+0000] {taskinstance.py:1362} INFO - 
--------------------------------------------------------------------------------
[2022-12-05T11:03:19.124+0000] {taskinstance.py:1363} INFO - Starting attempt 1 of 1
[2022-12-05T11:03:19.124+0000] {taskinstance.py:1364} INFO - 
--------------------------------------------------------------------------------
[2022-12-05T11:03:19.230+0000] {taskinstance.py:1383} INFO - Executing <Task(PythonOperator): task_d_e> on 2022-12-05 03:03:00+00:00
[2022-12-05T11:03:19.237+0000] {standard_task_runner.py:55} INFO - Started process 577 to run task
[2022-12-05T11:03:19.244+0000] {standard_task_runner.py:82} INFO - Running: ['***', 'tasks', 'run', 'Practice_Airflow', 'task_d_e', 'scheduled__2022-12-05T03:03:00+00:00', '--job-id', '255', '--raw', '--subdir', 'DAGS_FOLDER/Airflow_pr.py', '--cfg-path', '/tmp/tmpwvy8f77c']
[2022-12-05T11:03:19.248+0000] {standard_task_runner.py:83} INFO - Job 255: Subtask task_d_e
[2022-12-05T11:03:19.373+0000] {task_command.py:376} INFO - Running <TaskInstance: Practice_Airflow.task_d_e scheduled__2022-12-05T03:03:00+00:00 [running]> on host a5be4f489b88
[2022-12-05T11:03:19.528+0000] {taskinstance.py:1592} INFO - Exporting the following env vars:
AIRFLOW_CTX_DAG_OWNER=***
AIRFLOW_CTX_DAG_ID=Practice_Airflow
AIRFLOW_CTX_TASK_ID=task_d_e
AIRFLOW_CTX_EXECUTION_DATE=2022-12-05T03:03:00+00:00
AIRFLOW_CTX_TRY_NUMBER=1
AIRFLOW_CTX_DAG_RUN_ID=scheduled__2022-12-05T03:03:00+00:00
[2022-12-05T11:03:19.615+0000] {logging_mixin.py:137} INFO - Столбец 1: [85, 40, 99, 48, 49, 15, 85, 55, 59]
                 Столбец 2: [63, 65, 40, 51, 13, 2, 17, 82, 23]
                 Cумма 'столбца 1' - Cумма 'столбца 2' = 179
[2022-12-05T11:03:19.617+0000] {python.py:177} INFO - Done. Returned value was: None
[2022-12-05T11:03:19.630+0000] {taskinstance.py:1406} INFO - Marking task as SUCCESS. dag_id=Practice_Airflow, task_id=task_d_e, execution_date=20221205T030300, start_date=20221205T110319, end_date=20221205T110319
[2022-12-05T11:03:19.774+0000] {local_task_job.py:159} INFO - Task exited with return code 0
[2022-12-05T11:03:19.791+0000] {taskinstance.py:2623} INFO - 0 downstream tasks scheduled from follow-on schedule check
