[2022-12-05T11:02:49.929+0000] {taskinstance.py:1165} INFO - Dependencies all met for <TaskInstance: Practice_Airflow.hello scheduled__2022-12-05T02:01:00+00:00 [queued]>
[2022-12-05T11:02:49.946+0000] {taskinstance.py:1165} INFO - Dependencies all met for <TaskInstance: Practice_Airflow.hello scheduled__2022-12-05T02:01:00+00:00 [queued]>
[2022-12-05T11:02:49.947+0000] {taskinstance.py:1362} INFO - 
--------------------------------------------------------------------------------
[2022-12-05T11:02:49.948+0000] {taskinstance.py:1363} INFO - Starting attempt 1 of 1
[2022-12-05T11:02:49.949+0000] {taskinstance.py:1364} INFO - 
--------------------------------------------------------------------------------
[2022-12-05T11:02:50.057+0000] {taskinstance.py:1383} INFO - Executing <Task(BashOperator): hello> on 2022-12-05 02:01:00+00:00
[2022-12-05T11:02:50.064+0000] {standard_task_runner.py:55} INFO - Started process 198 to run task
[2022-12-05T11:02:50.067+0000] {standard_task_runner.py:82} INFO - Running: ['***', 'tasks', 'run', 'Practice_Airflow', 'hello', 'scheduled__2022-12-05T02:01:00+00:00', '--job-id', '140', '--raw', '--subdir', 'DAGS_FOLDER/Airflow_pr.py', '--cfg-path', '/tmp/tmprij9tui8']
[2022-12-05T11:02:50.069+0000] {standard_task_runner.py:83} INFO - Job 140: Subtask hello
[2022-12-05T11:02:50.220+0000] {task_command.py:376} INFO - Running <TaskInstance: Practice_Airflow.hello scheduled__2022-12-05T02:01:00+00:00 [running]> on host a5be4f489b88
[2022-12-05T11:02:50.562+0000] {taskinstance.py:1592} INFO - Exporting the following env vars:
AIRFLOW_CTX_DAG_OWNER=***
AIRFLOW_CTX_DAG_ID=Practice_Airflow
AIRFLOW_CTX_TASK_ID=hello
AIRFLOW_CTX_EXECUTION_DATE=2022-12-05T02:01:00+00:00
AIRFLOW_CTX_TRY_NUMBER=1
AIRFLOW_CTX_DAG_RUN_ID=scheduled__2022-12-05T02:01:00+00:00
[2022-12-05T11:02:50.566+0000] {subprocess.py:63} INFO - Tmp dir root location: 
 /tmp
[2022-12-05T11:02:50.567+0000] {subprocess.py:75} INFO - Running command: ['/bin/bash', '-c', 'echo hello']
[2022-12-05T11:02:50.582+0000] {subprocess.py:86} INFO - Output:
[2022-12-05T11:02:50.584+0000] {subprocess.py:93} INFO - hello
[2022-12-05T11:02:50.585+0000] {subprocess.py:97} INFO - Command exited with return code 0
[2022-12-05T11:02:50.596+0000] {taskinstance.py:1406} INFO - Marking task as SUCCESS. dag_id=Practice_Airflow, task_id=hello, execution_date=20221205T020100, start_date=20221205T110249, end_date=20221205T110250
[2022-12-05T11:02:50.773+0000] {local_task_job.py:159} INFO - Task exited with return code 0
[2022-12-05T11:02:50.834+0000] {taskinstance.py:2623} INFO - 1 downstream tasks scheduled from follow-on schedule check
