[2022-12-05T11:03:39.556+0000] {taskinstance.py:1165} INFO - Dependencies all met for <TaskInstance: Practice_Airflow.task_c scheduled__2022-12-05T07:04:00+00:00 [queued]>
[2022-12-05T11:03:39.565+0000] {taskinstance.py:1165} INFO - Dependencies all met for <TaskInstance: Practice_Airflow.task_c scheduled__2022-12-05T07:04:00+00:00 [queued]>
[2022-12-05T11:03:39.566+0000] {taskinstance.py:1362} INFO - 
--------------------------------------------------------------------------------
[2022-12-05T11:03:39.566+0000] {taskinstance.py:1363} INFO - Starting attempt 1 of 1
[2022-12-05T11:03:39.566+0000] {taskinstance.py:1364} INFO - 
--------------------------------------------------------------------------------
[2022-12-05T11:03:39.735+0000] {taskinstance.py:1383} INFO - Executing <Task(PythonOperator): task_c> on 2022-12-05 07:04:00+00:00
[2022-12-05T11:03:39.741+0000] {standard_task_runner.py:55} INFO - Started process 825 to run task
[2022-12-05T11:03:39.743+0000] {standard_task_runner.py:82} INFO - Running: ['***', 'tasks', 'run', 'Practice_Airflow', 'task_c', 'scheduled__2022-12-05T07:04:00+00:00', '--job-id', '326', '--raw', '--subdir', 'DAGS_FOLDER/Airflow_pr.py', '--cfg-path', '/tmp/tmpho1c_fy9']
[2022-12-05T11:03:39.745+0000] {standard_task_runner.py:83} INFO - Job 326: Subtask task_c
[2022-12-05T11:03:39.838+0000] {task_command.py:376} INFO - Running <TaskInstance: Practice_Airflow.task_c scheduled__2022-12-05T07:04:00+00:00 [running]> on host a5be4f489b88
[2022-12-05T11:03:40.026+0000] {taskinstance.py:1592} INFO - Exporting the following env vars:
AIRFLOW_CTX_DAG_OWNER=***
AIRFLOW_CTX_DAG_ID=Practice_Airflow
AIRFLOW_CTX_TASK_ID=task_c
AIRFLOW_CTX_EXECUTION_DATE=2022-12-05T07:04:00+00:00
AIRFLOW_CTX_TRY_NUMBER=1
AIRFLOW_CTX_DAG_RUN_ID=scheduled__2022-12-05T07:04:00+00:00
[2022-12-05T11:03:40.031+0000] {crypto.py:84} WARNING - empty cryptography key - values will not be stored encrypted.
[2022-12-05T11:03:40.092+0000] {logging_mixin.py:137} INFO - Число 1:  84
[2022-12-05T11:03:40.092+0000] {logging_mixin.py:137} INFO - Число 2:  37
[2022-12-05T11:03:40.096+0000] {python.py:177} INFO - Done. Returned value was: None
[2022-12-05T11:03:40.103+0000] {taskinstance.py:1406} INFO - Marking task as SUCCESS. dag_id=Practice_Airflow, task_id=task_c, execution_date=20221205T070400, start_date=20221205T110339, end_date=20221205T110340
[2022-12-05T11:03:40.156+0000] {local_task_job.py:159} INFO - Task exited with return code 0
[2022-12-05T11:03:40.174+0000] {taskinstance.py:2623} INFO - 1 downstream tasks scheduled from follow-on schedule check
