[2022-12-04T16:26:56.298+0000] {taskinstance.py:1165} INFO - Dependencies all met for <TaskInstance: Practice_Airflow.task_c manual__2022-12-04T16:26:49.028552+00:00 [queued]>
[2022-12-04T16:26:56.306+0000] {taskinstance.py:1165} INFO - Dependencies all met for <TaskInstance: Practice_Airflow.task_c manual__2022-12-04T16:26:49.028552+00:00 [queued]>
[2022-12-04T16:26:56.306+0000] {taskinstance.py:1362} INFO - 
--------------------------------------------------------------------------------
[2022-12-04T16:26:56.306+0000] {taskinstance.py:1363} INFO - Starting attempt 1 of 1
[2022-12-04T16:26:56.307+0000] {taskinstance.py:1364} INFO - 
--------------------------------------------------------------------------------
[2022-12-04T16:26:56.369+0000] {taskinstance.py:1383} INFO - Executing <Task(PythonOperator): task_c> on 2022-12-04 16:26:49.028552+00:00
[2022-12-04T16:26:56.373+0000] {standard_task_runner.py:55} INFO - Started process 3539 to run task
[2022-12-04T16:26:56.375+0000] {standard_task_runner.py:82} INFO - Running: ['***', 'tasks', 'run', 'Practice_Airflow', 'task_c', 'manual__2022-12-04T16:26:49.028552+00:00', '--job-id', '105', '--raw', '--subdir', 'DAGS_FOLDER/Airflow_pr.py', '--cfg-path', '/tmp/tmptje06m6u']
[2022-12-04T16:26:56.377+0000] {standard_task_runner.py:83} INFO - Job 105: Subtask task_c
[2022-12-04T16:26:56.442+0000] {task_command.py:376} INFO - Running <TaskInstance: Practice_Airflow.task_c manual__2022-12-04T16:26:49.028552+00:00 [running]> on host a5be4f489b88
[2022-12-04T16:26:56.543+0000] {taskinstance.py:1592} INFO - Exporting the following env vars:
AIRFLOW_CTX_DAG_OWNER=***
AIRFLOW_CTX_DAG_ID=Practice_Airflow
AIRFLOW_CTX_TASK_ID=task_c
AIRFLOW_CTX_EXECUTION_DATE=2022-12-04T16:26:49.028552+00:00
AIRFLOW_CTX_TRY_NUMBER=1
AIRFLOW_CTX_DAG_RUN_ID=manual__2022-12-04T16:26:49.028552+00:00
[2022-12-04T16:26:56.549+0000] {crypto.py:84} WARNING - empty cryptography key - values will not be stored encrypted.
[2022-12-04T16:26:56.585+0000] {python.py:177} INFO - Done. Returned value was: None
[2022-12-04T16:26:56.595+0000] {taskinstance.py:1406} INFO - Marking task as SUCCESS. dag_id=Practice_Airflow, task_id=task_c, execution_date=20221204T162649, start_date=20221204T162656, end_date=20221204T162656
[2022-12-04T16:26:56.667+0000] {local_task_job.py:159} INFO - Task exited with return code 0
[2022-12-04T16:26:56.682+0000] {taskinstance.py:2623} INFO - 0 downstream tasks scheduled from follow-on schedule check
