[2022-12-01T16:59:11.944+0000] {taskinstance.py:1165} INFO - Dependencies all met for <TaskInstance: Practice_Airflow.Set_csv_Path_var manual__2022-12-01T16:59:07.696875+00:00 [queued]>
[2022-12-01T16:59:11.951+0000] {taskinstance.py:1165} INFO - Dependencies all met for <TaskInstance: Practice_Airflow.Set_csv_Path_var manual__2022-12-01T16:59:07.696875+00:00 [queued]>
[2022-12-01T16:59:11.952+0000] {taskinstance.py:1362} INFO - 
--------------------------------------------------------------------------------
[2022-12-01T16:59:11.952+0000] {taskinstance.py:1363} INFO - Starting attempt 1 of 1
[2022-12-01T16:59:11.953+0000] {taskinstance.py:1364} INFO - 
--------------------------------------------------------------------------------
[2022-12-01T16:59:12.071+0000] {taskinstance.py:1383} INFO - Executing <Task(PythonOperator): Set_csv_Path_var> on 2022-12-01 16:59:07.696875+00:00
[2022-12-01T16:59:12.075+0000] {standard_task_runner.py:55} INFO - Started process 3510 to run task
[2022-12-01T16:59:12.077+0000] {standard_task_runner.py:82} INFO - Running: ['***', 'tasks', 'run', 'Practice_Airflow', 'Set_csv_Path_var', 'manual__2022-12-01T16:59:07.696875+00:00', '--job-id', '45', '--raw', '--subdir', 'DAGS_FOLDER/Airflow_pr.py', '--cfg-path', '/tmp/tmpa1dzbb0a']
[2022-12-01T16:59:12.078+0000] {standard_task_runner.py:83} INFO - Job 45: Subtask Set_csv_Path_var
[2022-12-01T16:59:12.149+0000] {task_command.py:376} INFO - Running <TaskInstance: Practice_Airflow.Set_csv_Path_var manual__2022-12-01T16:59:07.696875+00:00 [running]> on host a5be4f489b88
[2022-12-01T16:59:12.255+0000] {taskinstance.py:1592} INFO - Exporting the following env vars:
AIRFLOW_CTX_DAG_OWNER=***
AIRFLOW_CTX_DAG_ID=Practice_Airflow
AIRFLOW_CTX_TASK_ID=Set_csv_Path_var
AIRFLOW_CTX_EXECUTION_DATE=2022-12-01T16:59:07.696875+00:00
AIRFLOW_CTX_TRY_NUMBER=1
AIRFLOW_CTX_DAG_RUN_ID=manual__2022-12-01T16:59:07.696875+00:00
[2022-12-01T16:59:12.259+0000] {crypto.py:84} WARNING - empty cryptography key - values will not be stored encrypted.
[2022-12-01T16:59:12.287+0000] {python.py:177} INFO - Done. Returned value was: None
[2022-12-01T16:59:12.295+0000] {taskinstance.py:1406} INFO - Marking task as SUCCESS. dag_id=Practice_Airflow, task_id=Set_csv_Path_var, execution_date=20221201T165907, start_date=20221201T165911, end_date=20221201T165912
[2022-12-01T16:59:12.369+0000] {local_task_job.py:159} INFO - Task exited with return code 0
[2022-12-01T16:59:12.380+0000] {taskinstance.py:2623} INFO - 0 downstream tasks scheduled from follow-on schedule check
