[2022-12-01T08:42:24.865+0000] {taskinstance.py:1165} INFO - Dependencies all met for <TaskInstance: first_dag.world manual__2022-12-01T08:42:21.452641+00:00 [queued]>
[2022-12-01T08:42:24.872+0000] {taskinstance.py:1165} INFO - Dependencies all met for <TaskInstance: first_dag.world manual__2022-12-01T08:42:21.452641+00:00 [queued]>
[2022-12-01T08:42:24.872+0000] {taskinstance.py:1362} INFO - 
--------------------------------------------------------------------------------
[2022-12-01T08:42:24.872+0000] {taskinstance.py:1363} INFO - Starting attempt 1 of 1
[2022-12-01T08:42:24.873+0000] {taskinstance.py:1364} INFO - 
--------------------------------------------------------------------------------
[2022-12-01T08:42:24.969+0000] {taskinstance.py:1383} INFO - Executing <Task(PythonOperator): world> on 2022-12-01 08:42:21.452641+00:00
[2022-12-01T08:42:25.025+0000] {standard_task_runner.py:55} INFO - Started process 1420 to run task
[2022-12-01T08:42:25.026+0000] {standard_task_runner.py:82} INFO - Running: ['***', 'tasks', 'run', 'first_dag', 'world', 'manual__2022-12-01T08:42:21.452641+00:00', '--job-id', '8', '--raw', '--subdir', 'DAGS_FOLDER/first_dag.py', '--cfg-path', '/tmp/tmpzoqosg9t']
[2022-12-01T08:42:25.027+0000] {standard_task_runner.py:83} INFO - Job 8: Subtask world
[2022-12-01T08:42:25.093+0000] {task_command.py:376} INFO - Running <TaskInstance: first_dag.world manual__2022-12-01T08:42:21.452641+00:00 [running]> on host a5be4f489b88
[2022-12-01T08:42:25.269+0000] {taskinstance.py:1592} INFO - Exporting the following env vars:
AIRFLOW_CTX_DAG_OWNER=***
AIRFLOW_CTX_DAG_ID=first_dag
AIRFLOW_CTX_TASK_ID=world
AIRFLOW_CTX_EXECUTION_DATE=2022-12-01T08:42:21.452641+00:00
AIRFLOW_CTX_TRY_NUMBER=1
AIRFLOW_CTX_DAG_RUN_ID=manual__2022-12-01T08:42:21.452641+00:00
[2022-12-01T08:42:25.269+0000] {logging_mixin.py:137} INFO - Hello, Airflow
[2022-12-01T08:42:25.270+0000] {python.py:177} INFO - Done. Returned value was: None
[2022-12-01T08:42:25.277+0000] {taskinstance.py:1406} INFO - Marking task as SUCCESS. dag_id=first_dag, task_id=world, execution_date=20221201T084221, start_date=20221201T084224, end_date=20221201T084225
[2022-12-01T08:42:25.359+0000] {local_task_job.py:159} INFO - Task exited with return code 0
[2022-12-01T08:42:25.374+0000] {taskinstance.py:2623} INFO - 0 downstream tasks scheduled from follow-on schedule check
