[2022-11-30T15:48:34.100+0000] {processor.py:154} INFO - Started process (PID=71) to work on /home/airflow/.local/lib/python3.7/site-packages/airflow/example_dags/example_nested_branch_dag.py
[2022-11-30T15:48:34.101+0000] {processor.py:756} INFO - Processing file /home/airflow/.local/lib/python3.7/site-packages/airflow/example_dags/example_nested_branch_dag.py for tasks to queue
[2022-11-30T15:48:34.102+0000] {logging_mixin.py:137} INFO - [2022-11-30T15:48:34.102+0000] {dagbag.py:537} INFO - Filling up the DagBag from /home/airflow/.local/lib/python3.7/site-packages/airflow/example_dags/example_nested_branch_dag.py
[2022-11-30T15:48:34.122+0000] {processor.py:766} INFO - DAG(s) dict_keys(['example_nested_branch_dag']) retrieved from /home/airflow/.local/lib/python3.7/site-packages/airflow/example_dags/example_nested_branch_dag.py
[2022-11-30T15:48:34.285+0000] {logging_mixin.py:137} INFO - [2022-11-30T15:48:34.285+0000] {manager.py:507} INFO - Created Permission View: can edit on DAG:example_nested_branch_dag
[2022-11-30T15:48:34.319+0000] {logging_mixin.py:137} INFO - [2022-11-30T15:48:34.319+0000] {manager.py:507} INFO - Created Permission View: can read on DAG:example_nested_branch_dag
[2022-11-30T15:48:34.343+0000] {logging_mixin.py:137} INFO - [2022-11-30T15:48:34.343+0000] {manager.py:507} INFO - Created Permission View: can delete on DAG:example_nested_branch_dag
[2022-11-30T15:48:34.344+0000] {logging_mixin.py:137} INFO - [2022-11-30T15:48:34.344+0000] {dag.py:2585} INFO - Sync 1 DAGs
[2022-11-30T15:48:34.355+0000] {logging_mixin.py:137} INFO - [2022-11-30T15:48:34.354+0000] {dag.py:2606} INFO - Creating ORM DAG for example_nested_branch_dag
[2022-11-30T15:48:34.364+0000] {logging_mixin.py:137} INFO - [2022-11-30T15:48:34.364+0000] {dag.py:3340} INFO - Setting next_dagrun for example_nested_branch_dag to 2022-11-29T00:00:00+00:00, run_after=2022-11-30T00:00:00+00:00
[2022-11-30T15:48:34.400+0000] {processor.py:176} INFO - Processing /home/airflow/.local/lib/python3.7/site-packages/airflow/example_dags/example_nested_branch_dag.py took 0.302 seconds
[2022-11-30T15:49:04.849+0000] {processor.py:154} INFO - Started process (PID=134) to work on /home/airflow/.local/lib/python3.7/site-packages/airflow/example_dags/example_nested_branch_dag.py
[2022-11-30T15:49:04.850+0000] {processor.py:756} INFO - Processing file /home/airflow/.local/lib/python3.7/site-packages/airflow/example_dags/example_nested_branch_dag.py for tasks to queue
[2022-11-30T15:49:04.851+0000] {logging_mixin.py:137} INFO - [2022-11-30T15:49:04.851+0000] {dagbag.py:537} INFO - Filling up the DagBag from /home/airflow/.local/lib/python3.7/site-packages/airflow/example_dags/example_nested_branch_dag.py
[2022-11-30T15:49:04.869+0000] {processor.py:766} INFO - DAG(s) dict_keys(['example_nested_branch_dag']) retrieved from /home/airflow/.local/lib/python3.7/site-packages/airflow/example_dags/example_nested_branch_dag.py
[2022-11-30T15:49:04.900+0000] {logging_mixin.py:137} INFO - [2022-11-30T15:49:04.900+0000] {dag.py:2585} INFO - Sync 1 DAGs
[2022-11-30T15:49:04.925+0000] {logging_mixin.py:137} INFO - [2022-11-30T15:49:04.924+0000] {dag.py:3340} INFO - Setting next_dagrun for example_nested_branch_dag to 2022-11-29T00:00:00+00:00, run_after=2022-11-30T00:00:00+00:00
[2022-11-30T15:49:04.967+0000] {processor.py:176} INFO - Processing /home/airflow/.local/lib/python3.7/site-packages/airflow/example_dags/example_nested_branch_dag.py took 0.120 seconds
[2022-11-30T15:49:35.062+0000] {processor.py:154} INFO - Started process (PID=189) to work on /home/airflow/.local/lib/python3.7/site-packages/airflow/example_dags/example_nested_branch_dag.py
[2022-11-30T15:49:35.063+0000] {processor.py:756} INFO - Processing file /home/airflow/.local/lib/python3.7/site-packages/airflow/example_dags/example_nested_branch_dag.py for tasks to queue
[2022-11-30T15:49:35.064+0000] {logging_mixin.py:137} INFO - [2022-11-30T15:49:35.064+0000] {dagbag.py:537} INFO - Filling up the DagBag from /home/airflow/.local/lib/python3.7/site-packages/airflow/example_dags/example_nested_branch_dag.py
[2022-11-30T15:49:35.081+0000] {processor.py:766} INFO - DAG(s) dict_keys(['example_nested_branch_dag']) retrieved from /home/airflow/.local/lib/python3.7/site-packages/airflow/example_dags/example_nested_branch_dag.py
[2022-11-30T15:49:35.108+0000] {logging_mixin.py:137} INFO - [2022-11-30T15:49:35.108+0000] {dag.py:2585} INFO - Sync 1 DAGs
[2022-11-30T15:49:35.128+0000] {logging_mixin.py:137} INFO - [2022-11-30T15:49:35.128+0000] {dag.py:3340} INFO - Setting next_dagrun for example_nested_branch_dag to 2022-11-29T00:00:00+00:00, run_after=2022-11-30T00:00:00+00:00
[2022-11-30T15:49:35.164+0000] {processor.py:176} INFO - Processing /home/airflow/.local/lib/python3.7/site-packages/airflow/example_dags/example_nested_branch_dag.py took 0.103 seconds
[2022-11-30T15:50:05.488+0000] {processor.py:154} INFO - Started process (PID=252) to work on /home/airflow/.local/lib/python3.7/site-packages/airflow/example_dags/example_nested_branch_dag.py
[2022-11-30T15:50:05.488+0000] {processor.py:756} INFO - Processing file /home/airflow/.local/lib/python3.7/site-packages/airflow/example_dags/example_nested_branch_dag.py for tasks to queue
[2022-11-30T15:50:05.489+0000] {logging_mixin.py:137} INFO - [2022-11-30T15:50:05.489+0000] {dagbag.py:537} INFO - Filling up the DagBag from /home/airflow/.local/lib/python3.7/site-packages/airflow/example_dags/example_nested_branch_dag.py
[2022-11-30T15:50:05.506+0000] {processor.py:766} INFO - DAG(s) dict_keys(['example_nested_branch_dag']) retrieved from /home/airflow/.local/lib/python3.7/site-packages/airflow/example_dags/example_nested_branch_dag.py
[2022-11-30T15:50:05.543+0000] {logging_mixin.py:137} INFO - [2022-11-30T15:50:05.543+0000] {dag.py:2585} INFO - Sync 1 DAGs
[2022-11-30T15:50:05.563+0000] {logging_mixin.py:137} INFO - [2022-11-30T15:50:05.563+0000] {dag.py:3340} INFO - Setting next_dagrun for example_nested_branch_dag to 2022-11-29T00:00:00+00:00, run_after=2022-11-30T00:00:00+00:00
[2022-11-30T15:50:05.606+0000] {processor.py:176} INFO - Processing /home/airflow/.local/lib/python3.7/site-packages/airflow/example_dags/example_nested_branch_dag.py took 0.120 seconds
[2022-11-30T15:50:36.062+0000] {processor.py:154} INFO - Started process (PID=315) to work on /home/airflow/.local/lib/python3.7/site-packages/airflow/example_dags/example_nested_branch_dag.py
[2022-11-30T15:50:36.063+0000] {processor.py:756} INFO - Processing file /home/airflow/.local/lib/python3.7/site-packages/airflow/example_dags/example_nested_branch_dag.py for tasks to queue
[2022-11-30T15:50:36.064+0000] {logging_mixin.py:137} INFO - [2022-11-30T15:50:36.063+0000] {dagbag.py:537} INFO - Filling up the DagBag from /home/airflow/.local/lib/python3.7/site-packages/airflow/example_dags/example_nested_branch_dag.py
[2022-11-30T15:50:36.080+0000] {processor.py:766} INFO - DAG(s) dict_keys(['example_nested_branch_dag']) retrieved from /home/airflow/.local/lib/python3.7/site-packages/airflow/example_dags/example_nested_branch_dag.py
[2022-11-30T15:50:36.113+0000] {logging_mixin.py:137} INFO - [2022-11-30T15:50:36.113+0000] {dag.py:2585} INFO - Sync 1 DAGs
[2022-11-30T15:50:36.137+0000] {logging_mixin.py:137} INFO - [2022-11-30T15:50:36.137+0000] {dag.py:3340} INFO - Setting next_dagrun for example_nested_branch_dag to 2022-11-29T00:00:00+00:00, run_after=2022-11-30T00:00:00+00:00
[2022-11-30T15:50:36.183+0000] {processor.py:176} INFO - Processing /home/airflow/.local/lib/python3.7/site-packages/airflow/example_dags/example_nested_branch_dag.py took 0.122 seconds
[2022-11-30T15:51:06.500+0000] {processor.py:154} INFO - Started process (PID=369) to work on /home/airflow/.local/lib/python3.7/site-packages/airflow/example_dags/example_nested_branch_dag.py
[2022-11-30T15:51:06.501+0000] {processor.py:756} INFO - Processing file /home/airflow/.local/lib/python3.7/site-packages/airflow/example_dags/example_nested_branch_dag.py for tasks to queue
[2022-11-30T15:51:06.502+0000] {logging_mixin.py:137} INFO - [2022-11-30T15:51:06.502+0000] {dagbag.py:537} INFO - Filling up the DagBag from /home/airflow/.local/lib/python3.7/site-packages/airflow/example_dags/example_nested_branch_dag.py
[2022-11-30T15:51:06.519+0000] {processor.py:766} INFO - DAG(s) dict_keys(['example_nested_branch_dag']) retrieved from /home/airflow/.local/lib/python3.7/site-packages/airflow/example_dags/example_nested_branch_dag.py
[2022-11-30T15:51:06.545+0000] {logging_mixin.py:137} INFO - [2022-11-30T15:51:06.545+0000] {dag.py:2585} INFO - Sync 1 DAGs
[2022-11-30T15:51:06.568+0000] {logging_mixin.py:137} INFO - [2022-11-30T15:51:06.568+0000] {dag.py:3340} INFO - Setting next_dagrun for example_nested_branch_dag to 2022-11-29T00:00:00+00:00, run_after=2022-11-30T00:00:00+00:00
[2022-11-30T15:51:06.639+0000] {processor.py:176} INFO - Processing /home/airflow/.local/lib/python3.7/site-packages/airflow/example_dags/example_nested_branch_dag.py took 0.141 seconds
[2022-11-30T15:51:37.410+0000] {processor.py:154} INFO - Started process (PID=433) to work on /home/airflow/.local/lib/python3.7/site-packages/airflow/example_dags/example_nested_branch_dag.py
[2022-11-30T15:51:37.411+0000] {processor.py:756} INFO - Processing file /home/airflow/.local/lib/python3.7/site-packages/airflow/example_dags/example_nested_branch_dag.py for tasks to queue
[2022-11-30T15:51:37.411+0000] {logging_mixin.py:137} INFO - [2022-11-30T15:51:37.411+0000] {dagbag.py:537} INFO - Filling up the DagBag from /home/airflow/.local/lib/python3.7/site-packages/airflow/example_dags/example_nested_branch_dag.py
[2022-11-30T15:51:37.426+0000] {processor.py:766} INFO - DAG(s) dict_keys(['example_nested_branch_dag']) retrieved from /home/airflow/.local/lib/python3.7/site-packages/airflow/example_dags/example_nested_branch_dag.py
[2022-11-30T15:51:37.452+0000] {logging_mixin.py:137} INFO - [2022-11-30T15:51:37.452+0000] {dag.py:2585} INFO - Sync 1 DAGs
[2022-11-30T15:51:37.472+0000] {logging_mixin.py:137} INFO - [2022-11-30T15:51:37.472+0000] {dag.py:3340} INFO - Setting next_dagrun for example_nested_branch_dag to 2022-11-29T00:00:00+00:00, run_after=2022-11-30T00:00:00+00:00
[2022-11-30T15:51:37.593+0000] {processor.py:176} INFO - Processing /home/airflow/.local/lib/python3.7/site-packages/airflow/example_dags/example_nested_branch_dag.py took 0.185 seconds
[2022-11-30T15:52:07.802+0000] {processor.py:154} INFO - Started process (PID=496) to work on /home/airflow/.local/lib/python3.7/site-packages/airflow/example_dags/example_nested_branch_dag.py
[2022-11-30T15:52:07.803+0000] {processor.py:756} INFO - Processing file /home/airflow/.local/lib/python3.7/site-packages/airflow/example_dags/example_nested_branch_dag.py for tasks to queue
[2022-11-30T15:52:07.803+0000] {logging_mixin.py:137} INFO - [2022-11-30T15:52:07.803+0000] {dagbag.py:537} INFO - Filling up the DagBag from /home/airflow/.local/lib/python3.7/site-packages/airflow/example_dags/example_nested_branch_dag.py
[2022-11-30T15:52:07.821+0000] {processor.py:766} INFO - DAG(s) dict_keys(['example_nested_branch_dag']) retrieved from /home/airflow/.local/lib/python3.7/site-packages/airflow/example_dags/example_nested_branch_dag.py
[2022-11-30T15:52:07.854+0000] {logging_mixin.py:137} INFO - [2022-11-30T15:52:07.854+0000] {dag.py:2585} INFO - Sync 1 DAGs
[2022-11-30T15:52:07.884+0000] {logging_mixin.py:137} INFO - [2022-11-30T15:52:07.883+0000] {dag.py:3340} INFO - Setting next_dagrun for example_nested_branch_dag to 2022-11-29T00:00:00+00:00, run_after=2022-11-30T00:00:00+00:00
[2022-11-30T15:52:07.936+0000] {processor.py:176} INFO - Processing /home/airflow/.local/lib/python3.7/site-packages/airflow/example_dags/example_nested_branch_dag.py took 0.135 seconds
[2022-11-30T15:52:38.290+0000] {processor.py:154} INFO - Started process (PID=559) to work on /home/airflow/.local/lib/python3.7/site-packages/airflow/example_dags/example_nested_branch_dag.py
[2022-11-30T15:52:38.291+0000] {processor.py:756} INFO - Processing file /home/airflow/.local/lib/python3.7/site-packages/airflow/example_dags/example_nested_branch_dag.py for tasks to queue
[2022-11-30T15:52:38.291+0000] {logging_mixin.py:137} INFO - [2022-11-30T15:52:38.291+0000] {dagbag.py:537} INFO - Filling up the DagBag from /home/airflow/.local/lib/python3.7/site-packages/airflow/example_dags/example_nested_branch_dag.py
[2022-11-30T15:52:38.308+0000] {processor.py:766} INFO - DAG(s) dict_keys(['example_nested_branch_dag']) retrieved from /home/airflow/.local/lib/python3.7/site-packages/airflow/example_dags/example_nested_branch_dag.py
[2022-11-30T15:52:38.338+0000] {logging_mixin.py:137} INFO - [2022-11-30T15:52:38.338+0000] {dag.py:2585} INFO - Sync 1 DAGs
[2022-11-30T15:52:38.359+0000] {logging_mixin.py:137} INFO - [2022-11-30T15:52:38.359+0000] {dag.py:3340} INFO - Setting next_dagrun for example_nested_branch_dag to 2022-11-29T00:00:00+00:00, run_after=2022-11-30T00:00:00+00:00
[2022-11-30T15:52:38.455+0000] {processor.py:176} INFO - Processing /home/airflow/.local/lib/python3.7/site-packages/airflow/example_dags/example_nested_branch_dag.py took 0.167 seconds
[2022-11-30T15:53:08.740+0000] {processor.py:154} INFO - Started process (PID=613) to work on /home/airflow/.local/lib/python3.7/site-packages/airflow/example_dags/example_nested_branch_dag.py
[2022-11-30T15:53:08.741+0000] {processor.py:756} INFO - Processing file /home/airflow/.local/lib/python3.7/site-packages/airflow/example_dags/example_nested_branch_dag.py for tasks to queue
[2022-11-30T15:53:08.742+0000] {logging_mixin.py:137} INFO - [2022-11-30T15:53:08.741+0000] {dagbag.py:537} INFO - Filling up the DagBag from /home/airflow/.local/lib/python3.7/site-packages/airflow/example_dags/example_nested_branch_dag.py
[2022-11-30T15:53:08.758+0000] {processor.py:766} INFO - DAG(s) dict_keys(['example_nested_branch_dag']) retrieved from /home/airflow/.local/lib/python3.7/site-packages/airflow/example_dags/example_nested_branch_dag.py
[2022-11-30T15:53:08.785+0000] {logging_mixin.py:137} INFO - [2022-11-30T15:53:08.785+0000] {dag.py:2585} INFO - Sync 1 DAGs
[2022-11-30T15:53:08.805+0000] {logging_mixin.py:137} INFO - [2022-11-30T15:53:08.805+0000] {dag.py:3340} INFO - Setting next_dagrun for example_nested_branch_dag to 2022-11-29T00:00:00+00:00, run_after=2022-11-30T00:00:00+00:00
[2022-11-30T15:53:08.842+0000] {processor.py:176} INFO - Processing /home/airflow/.local/lib/python3.7/site-packages/airflow/example_dags/example_nested_branch_dag.py took 0.103 seconds
[2022-11-30T15:53:39.390+0000] {processor.py:154} INFO - Started process (PID=676) to work on /home/airflow/.local/lib/python3.7/site-packages/airflow/example_dags/example_nested_branch_dag.py
[2022-11-30T15:53:39.391+0000] {processor.py:756} INFO - Processing file /home/airflow/.local/lib/python3.7/site-packages/airflow/example_dags/example_nested_branch_dag.py for tasks to queue
[2022-11-30T15:53:39.391+0000] {logging_mixin.py:137} INFO - [2022-11-30T15:53:39.391+0000] {dagbag.py:537} INFO - Filling up the DagBag from /home/airflow/.local/lib/python3.7/site-packages/airflow/example_dags/example_nested_branch_dag.py
[2022-11-30T15:53:39.408+0000] {processor.py:766} INFO - DAG(s) dict_keys(['example_nested_branch_dag']) retrieved from /home/airflow/.local/lib/python3.7/site-packages/airflow/example_dags/example_nested_branch_dag.py
[2022-11-30T15:53:39.437+0000] {logging_mixin.py:137} INFO - [2022-11-30T15:53:39.437+0000] {dag.py:2585} INFO - Sync 1 DAGs
[2022-11-30T15:53:39.456+0000] {logging_mixin.py:137} INFO - [2022-11-30T15:53:39.456+0000] {dag.py:3340} INFO - Setting next_dagrun for example_nested_branch_dag to 2022-11-29T00:00:00+00:00, run_after=2022-11-30T00:00:00+00:00
[2022-11-30T15:53:39.500+0000] {processor.py:176} INFO - Processing /home/airflow/.local/lib/python3.7/site-packages/airflow/example_dags/example_nested_branch_dag.py took 0.111 seconds
[2022-11-30T15:54:09.873+0000] {processor.py:154} INFO - Started process (PID=739) to work on /home/airflow/.local/lib/python3.7/site-packages/airflow/example_dags/example_nested_branch_dag.py
[2022-11-30T15:54:09.873+0000] {processor.py:756} INFO - Processing file /home/airflow/.local/lib/python3.7/site-packages/airflow/example_dags/example_nested_branch_dag.py for tasks to queue
[2022-11-30T15:54:09.874+0000] {logging_mixin.py:137} INFO - [2022-11-30T15:54:09.874+0000] {dagbag.py:537} INFO - Filling up the DagBag from /home/airflow/.local/lib/python3.7/site-packages/airflow/example_dags/example_nested_branch_dag.py
[2022-11-30T15:54:09.892+0000] {processor.py:766} INFO - DAG(s) dict_keys(['example_nested_branch_dag']) retrieved from /home/airflow/.local/lib/python3.7/site-packages/airflow/example_dags/example_nested_branch_dag.py
[2022-11-30T15:54:09.925+0000] {logging_mixin.py:137} INFO - [2022-11-30T15:54:09.925+0000] {dag.py:2585} INFO - Sync 1 DAGs
[2022-11-30T15:54:09.950+0000] {logging_mixin.py:137} INFO - [2022-11-30T15:54:09.950+0000] {dag.py:3340} INFO - Setting next_dagrun for example_nested_branch_dag to 2022-11-29T00:00:00+00:00, run_after=2022-11-30T00:00:00+00:00
[2022-11-30T15:54:10.004+0000] {processor.py:176} INFO - Processing /home/airflow/.local/lib/python3.7/site-packages/airflow/example_dags/example_nested_branch_dag.py took 0.133 seconds
[2022-11-30T15:54:40.328+0000] {processor.py:154} INFO - Started process (PID=793) to work on /home/airflow/.local/lib/python3.7/site-packages/airflow/example_dags/example_nested_branch_dag.py
[2022-11-30T15:54:40.329+0000] {processor.py:756} INFO - Processing file /home/airflow/.local/lib/python3.7/site-packages/airflow/example_dags/example_nested_branch_dag.py for tasks to queue
[2022-11-30T15:54:40.329+0000] {logging_mixin.py:137} INFO - [2022-11-30T15:54:40.329+0000] {dagbag.py:537} INFO - Filling up the DagBag from /home/airflow/.local/lib/python3.7/site-packages/airflow/example_dags/example_nested_branch_dag.py
[2022-11-30T15:54:40.346+0000] {processor.py:766} INFO - DAG(s) dict_keys(['example_nested_branch_dag']) retrieved from /home/airflow/.local/lib/python3.7/site-packages/airflow/example_dags/example_nested_branch_dag.py
[2022-11-30T15:54:40.374+0000] {logging_mixin.py:137} INFO - [2022-11-30T15:54:40.374+0000] {dag.py:2585} INFO - Sync 1 DAGs
[2022-11-30T15:54:40.393+0000] {logging_mixin.py:137} INFO - [2022-11-30T15:54:40.393+0000] {dag.py:3340} INFO - Setting next_dagrun for example_nested_branch_dag to 2022-11-29T00:00:00+00:00, run_after=2022-11-30T00:00:00+00:00
[2022-11-30T15:54:40.432+0000] {processor.py:176} INFO - Processing /home/airflow/.local/lib/python3.7/site-packages/airflow/example_dags/example_nested_branch_dag.py took 0.105 seconds
[2022-11-30T15:55:10.901+0000] {processor.py:154} INFO - Started process (PID=856) to work on /home/airflow/.local/lib/python3.7/site-packages/airflow/example_dags/example_nested_branch_dag.py
[2022-11-30T15:55:10.902+0000] {processor.py:756} INFO - Processing file /home/airflow/.local/lib/python3.7/site-packages/airflow/example_dags/example_nested_branch_dag.py for tasks to queue
[2022-11-30T15:55:10.902+0000] {logging_mixin.py:137} INFO - [2022-11-30T15:55:10.902+0000] {dagbag.py:537} INFO - Filling up the DagBag from /home/airflow/.local/lib/python3.7/site-packages/airflow/example_dags/example_nested_branch_dag.py
[2022-11-30T15:55:10.920+0000] {processor.py:766} INFO - DAG(s) dict_keys(['example_nested_branch_dag']) retrieved from /home/airflow/.local/lib/python3.7/site-packages/airflow/example_dags/example_nested_branch_dag.py
[2022-11-30T15:55:10.949+0000] {logging_mixin.py:137} INFO - [2022-11-30T15:55:10.949+0000] {dag.py:2585} INFO - Sync 1 DAGs
[2022-11-30T15:55:10.972+0000] {logging_mixin.py:137} INFO - [2022-11-30T15:55:10.972+0000] {dag.py:3340} INFO - Setting next_dagrun for example_nested_branch_dag to 2022-11-29T00:00:00+00:00, run_after=2022-11-30T00:00:00+00:00
[2022-11-30T15:55:11.019+0000] {processor.py:176} INFO - Processing /home/airflow/.local/lib/python3.7/site-packages/airflow/example_dags/example_nested_branch_dag.py took 0.120 seconds
