[2022-11-30T15:48:34.774+0000] {processor.py:154} INFO - Started process (PID=75) to work on /home/airflow/.local/lib/python3.7/site-packages/airflow/example_dags/example_task_group_decorator.py
[2022-11-30T15:48:34.774+0000] {processor.py:756} INFO - Processing file /home/airflow/.local/lib/python3.7/site-packages/airflow/example_dags/example_task_group_decorator.py for tasks to queue
[2022-11-30T15:48:34.775+0000] {logging_mixin.py:137} INFO - [2022-11-30T15:48:34.775+0000] {dagbag.py:537} INFO - Filling up the DagBag from /home/airflow/.local/lib/python3.7/site-packages/airflow/example_dags/example_task_group_decorator.py
[2022-11-30T15:48:34.797+0000] {processor.py:766} INFO - DAG(s) dict_keys(['example_task_group_decorator']) retrieved from /home/airflow/.local/lib/python3.7/site-packages/airflow/example_dags/example_task_group_decorator.py
[2022-11-30T15:48:34.969+0000] {logging_mixin.py:137} INFO - [2022-11-30T15:48:34.968+0000] {manager.py:507} INFO - Created Permission View: can edit on DAG:example_task_group_decorator
[2022-11-30T15:48:35.018+0000] {logging_mixin.py:137} INFO - [2022-11-30T15:48:35.018+0000] {manager.py:507} INFO - Created Permission View: can read on DAG:example_task_group_decorator
[2022-11-30T15:48:35.068+0000] {logging_mixin.py:137} INFO - [2022-11-30T15:48:35.068+0000] {manager.py:507} INFO - Created Permission View: can delete on DAG:example_task_group_decorator
[2022-11-30T15:48:35.069+0000] {logging_mixin.py:137} INFO - [2022-11-30T15:48:35.069+0000] {dag.py:2585} INFO - Sync 1 DAGs
[2022-11-30T15:48:35.087+0000] {logging_mixin.py:137} INFO - [2022-11-30T15:48:35.086+0000] {dag.py:2606} INFO - Creating ORM DAG for example_task_group_decorator
[2022-11-30T15:48:35.100+0000] {logging_mixin.py:137} INFO - [2022-11-30T15:48:35.100+0000] {dag.py:3340} INFO - Setting next_dagrun for example_task_group_decorator to 2022-11-29T15:48:35.100380+00:00, run_after=2022-11-30T15:48:35.100380+00:00
[2022-11-30T15:48:35.268+0000] {processor.py:176} INFO - Processing /home/airflow/.local/lib/python3.7/site-packages/airflow/example_dags/example_task_group_decorator.py took 0.496 seconds
[2022-11-30T15:49:06.122+0000] {processor.py:154} INFO - Started process (PID=138) to work on /home/airflow/.local/lib/python3.7/site-packages/airflow/example_dags/example_task_group_decorator.py
[2022-11-30T15:49:06.123+0000] {processor.py:756} INFO - Processing file /home/airflow/.local/lib/python3.7/site-packages/airflow/example_dags/example_task_group_decorator.py for tasks to queue
[2022-11-30T15:49:06.123+0000] {logging_mixin.py:137} INFO - [2022-11-30T15:49:06.123+0000] {dagbag.py:537} INFO - Filling up the DagBag from /home/airflow/.local/lib/python3.7/site-packages/airflow/example_dags/example_task_group_decorator.py
[2022-11-30T15:49:06.152+0000] {processor.py:766} INFO - DAG(s) dict_keys(['example_task_group_decorator']) retrieved from /home/airflow/.local/lib/python3.7/site-packages/airflow/example_dags/example_task_group_decorator.py
[2022-11-30T15:49:06.183+0000] {logging_mixin.py:137} INFO - [2022-11-30T15:49:06.183+0000] {dag.py:2585} INFO - Sync 1 DAGs
[2022-11-30T15:49:06.203+0000] {logging_mixin.py:137} INFO - [2022-11-30T15:49:06.203+0000] {dag.py:3340} INFO - Setting next_dagrun for example_task_group_decorator to 2022-11-29T15:49:06.203146+00:00, run_after=2022-11-30T15:49:06.203146+00:00
[2022-11-30T15:49:06.285+0000] {processor.py:176} INFO - Processing /home/airflow/.local/lib/python3.7/site-packages/airflow/example_dags/example_task_group_decorator.py took 0.165 seconds
[2022-11-30T15:49:36.322+0000] {processor.py:154} INFO - Started process (PID=192) to work on /home/airflow/.local/lib/python3.7/site-packages/airflow/example_dags/example_task_group_decorator.py
[2022-11-30T15:49:36.322+0000] {processor.py:756} INFO - Processing file /home/airflow/.local/lib/python3.7/site-packages/airflow/example_dags/example_task_group_decorator.py for tasks to queue
[2022-11-30T15:49:36.323+0000] {logging_mixin.py:137} INFO - [2022-11-30T15:49:36.323+0000] {dagbag.py:537} INFO - Filling up the DagBag from /home/airflow/.local/lib/python3.7/site-packages/airflow/example_dags/example_task_group_decorator.py
[2022-11-30T15:49:36.343+0000] {processor.py:766} INFO - DAG(s) dict_keys(['example_task_group_decorator']) retrieved from /home/airflow/.local/lib/python3.7/site-packages/airflow/example_dags/example_task_group_decorator.py
[2022-11-30T15:49:36.374+0000] {logging_mixin.py:137} INFO - [2022-11-30T15:49:36.373+0000] {dag.py:2585} INFO - Sync 1 DAGs
[2022-11-30T15:49:36.391+0000] {logging_mixin.py:137} INFO - [2022-11-30T15:49:36.391+0000] {dag.py:3340} INFO - Setting next_dagrun for example_task_group_decorator to 2022-11-29T15:49:36.391584+00:00, run_after=2022-11-30T15:49:36.391584+00:00
[2022-11-30T15:49:36.449+0000] {processor.py:176} INFO - Processing /home/airflow/.local/lib/python3.7/site-packages/airflow/example_dags/example_task_group_decorator.py took 0.129 seconds
[2022-11-30T15:50:06.669+0000] {processor.py:154} INFO - Started process (PID=256) to work on /home/airflow/.local/lib/python3.7/site-packages/airflow/example_dags/example_task_group_decorator.py
[2022-11-30T15:50:06.670+0000] {processor.py:756} INFO - Processing file /home/airflow/.local/lib/python3.7/site-packages/airflow/example_dags/example_task_group_decorator.py for tasks to queue
[2022-11-30T15:50:06.670+0000] {logging_mixin.py:137} INFO - [2022-11-30T15:50:06.670+0000] {dagbag.py:537} INFO - Filling up the DagBag from /home/airflow/.local/lib/python3.7/site-packages/airflow/example_dags/example_task_group_decorator.py
[2022-11-30T15:50:06.690+0000] {processor.py:766} INFO - DAG(s) dict_keys(['example_task_group_decorator']) retrieved from /home/airflow/.local/lib/python3.7/site-packages/airflow/example_dags/example_task_group_decorator.py
[2022-11-30T15:50:06.720+0000] {logging_mixin.py:137} INFO - [2022-11-30T15:50:06.720+0000] {dag.py:2585} INFO - Sync 1 DAGs
[2022-11-30T15:50:06.740+0000] {logging_mixin.py:137} INFO - [2022-11-30T15:50:06.740+0000] {dag.py:3340} INFO - Setting next_dagrun for example_task_group_decorator to 2022-11-29T15:50:06.740286+00:00, run_after=2022-11-30T15:50:06.740286+00:00
[2022-11-30T15:50:06.782+0000] {processor.py:176} INFO - Processing /home/airflow/.local/lib/python3.7/site-packages/airflow/example_dags/example_task_group_decorator.py took 0.114 seconds
[2022-11-30T15:50:37.288+0000] {processor.py:154} INFO - Started process (PID=319) to work on /home/airflow/.local/lib/python3.7/site-packages/airflow/example_dags/example_task_group_decorator.py
[2022-11-30T15:50:37.288+0000] {processor.py:756} INFO - Processing file /home/airflow/.local/lib/python3.7/site-packages/airflow/example_dags/example_task_group_decorator.py for tasks to queue
[2022-11-30T15:50:37.289+0000] {logging_mixin.py:137} INFO - [2022-11-30T15:50:37.289+0000] {dagbag.py:537} INFO - Filling up the DagBag from /home/airflow/.local/lib/python3.7/site-packages/airflow/example_dags/example_task_group_decorator.py
[2022-11-30T15:50:37.313+0000] {processor.py:766} INFO - DAG(s) dict_keys(['example_task_group_decorator']) retrieved from /home/airflow/.local/lib/python3.7/site-packages/airflow/example_dags/example_task_group_decorator.py
[2022-11-30T15:50:37.398+0000] {logging_mixin.py:137} INFO - [2022-11-30T15:50:37.398+0000] {dag.py:2585} INFO - Sync 1 DAGs
[2022-11-30T15:50:37.419+0000] {logging_mixin.py:137} INFO - [2022-11-30T15:50:37.418+0000] {dag.py:3340} INFO - Setting next_dagrun for example_task_group_decorator to 2022-11-29T15:50:37.418730+00:00, run_after=2022-11-30T15:50:37.418730+00:00
[2022-11-30T15:50:37.457+0000] {processor.py:176} INFO - Processing /home/airflow/.local/lib/python3.7/site-packages/airflow/example_dags/example_task_group_decorator.py took 0.171 seconds
[2022-11-30T15:51:07.818+0000] {processor.py:154} INFO - Started process (PID=382) to work on /home/airflow/.local/lib/python3.7/site-packages/airflow/example_dags/example_task_group_decorator.py
[2022-11-30T15:51:07.819+0000] {processor.py:756} INFO - Processing file /home/airflow/.local/lib/python3.7/site-packages/airflow/example_dags/example_task_group_decorator.py for tasks to queue
[2022-11-30T15:51:07.819+0000] {logging_mixin.py:137} INFO - [2022-11-30T15:51:07.819+0000] {dagbag.py:537} INFO - Filling up the DagBag from /home/airflow/.local/lib/python3.7/site-packages/airflow/example_dags/example_task_group_decorator.py
[2022-11-30T15:51:07.840+0000] {processor.py:766} INFO - DAG(s) dict_keys(['example_task_group_decorator']) retrieved from /home/airflow/.local/lib/python3.7/site-packages/airflow/example_dags/example_task_group_decorator.py
[2022-11-30T15:51:07.871+0000] {logging_mixin.py:137} INFO - [2022-11-30T15:51:07.871+0000] {dag.py:2585} INFO - Sync 1 DAGs
[2022-11-30T15:51:07.891+0000] {logging_mixin.py:137} INFO - [2022-11-30T15:51:07.891+0000] {dag.py:3340} INFO - Setting next_dagrun for example_task_group_decorator to 2022-11-29T15:51:07.891079+00:00, run_after=2022-11-30T15:51:07.891079+00:00
[2022-11-30T15:51:07.942+0000] {processor.py:176} INFO - Processing /home/airflow/.local/lib/python3.7/site-packages/airflow/example_dags/example_task_group_decorator.py took 0.126 seconds
[2022-11-30T15:51:38.617+0000] {processor.py:154} INFO - Started process (PID=437) to work on /home/airflow/.local/lib/python3.7/site-packages/airflow/example_dags/example_task_group_decorator.py
[2022-11-30T15:51:38.618+0000] {processor.py:756} INFO - Processing file /home/airflow/.local/lib/python3.7/site-packages/airflow/example_dags/example_task_group_decorator.py for tasks to queue
[2022-11-30T15:51:38.618+0000] {logging_mixin.py:137} INFO - [2022-11-30T15:51:38.618+0000] {dagbag.py:537} INFO - Filling up the DagBag from /home/airflow/.local/lib/python3.7/site-packages/airflow/example_dags/example_task_group_decorator.py
[2022-11-30T15:51:38.637+0000] {processor.py:766} INFO - DAG(s) dict_keys(['example_task_group_decorator']) retrieved from /home/airflow/.local/lib/python3.7/site-packages/airflow/example_dags/example_task_group_decorator.py
[2022-11-30T15:51:38.666+0000] {logging_mixin.py:137} INFO - [2022-11-30T15:51:38.666+0000] {dag.py:2585} INFO - Sync 1 DAGs
[2022-11-30T15:51:38.684+0000] {logging_mixin.py:137} INFO - [2022-11-30T15:51:38.684+0000] {dag.py:3340} INFO - Setting next_dagrun for example_task_group_decorator to 2022-11-29T15:51:38.684280+00:00, run_after=2022-11-30T15:51:38.684280+00:00
[2022-11-30T15:51:38.734+0000] {processor.py:176} INFO - Processing /home/airflow/.local/lib/python3.7/site-packages/airflow/example_dags/example_task_group_decorator.py took 0.118 seconds
[2022-11-30T15:52:08.961+0000] {processor.py:154} INFO - Started process (PID=500) to work on /home/airflow/.local/lib/python3.7/site-packages/airflow/example_dags/example_task_group_decorator.py
[2022-11-30T15:52:08.962+0000] {processor.py:756} INFO - Processing file /home/airflow/.local/lib/python3.7/site-packages/airflow/example_dags/example_task_group_decorator.py for tasks to queue
[2022-11-30T15:52:08.963+0000] {logging_mixin.py:137} INFO - [2022-11-30T15:52:08.963+0000] {dagbag.py:537} INFO - Filling up the DagBag from /home/airflow/.local/lib/python3.7/site-packages/airflow/example_dags/example_task_group_decorator.py
[2022-11-30T15:52:08.989+0000] {processor.py:766} INFO - DAG(s) dict_keys(['example_task_group_decorator']) retrieved from /home/airflow/.local/lib/python3.7/site-packages/airflow/example_dags/example_task_group_decorator.py
[2022-11-30T15:52:09.020+0000] {logging_mixin.py:137} INFO - [2022-11-30T15:52:09.020+0000] {dag.py:2585} INFO - Sync 1 DAGs
[2022-11-30T15:52:09.042+0000] {logging_mixin.py:137} INFO - [2022-11-30T15:52:09.041+0000] {dag.py:3340} INFO - Setting next_dagrun for example_task_group_decorator to 2022-11-29T15:52:09.041564+00:00, run_after=2022-11-30T15:52:09.041564+00:00
[2022-11-30T15:52:09.112+0000] {processor.py:176} INFO - Processing /home/airflow/.local/lib/python3.7/site-packages/airflow/example_dags/example_task_group_decorator.py took 0.152 seconds
[2022-11-30T15:52:39.626+0000] {processor.py:154} INFO - Started process (PID=563) to work on /home/airflow/.local/lib/python3.7/site-packages/airflow/example_dags/example_task_group_decorator.py
[2022-11-30T15:52:39.627+0000] {processor.py:756} INFO - Processing file /home/airflow/.local/lib/python3.7/site-packages/airflow/example_dags/example_task_group_decorator.py for tasks to queue
[2022-11-30T15:52:39.628+0000] {logging_mixin.py:137} INFO - [2022-11-30T15:52:39.627+0000] {dagbag.py:537} INFO - Filling up the DagBag from /home/airflow/.local/lib/python3.7/site-packages/airflow/example_dags/example_task_group_decorator.py
[2022-11-30T15:52:39.652+0000] {processor.py:766} INFO - DAG(s) dict_keys(['example_task_group_decorator']) retrieved from /home/airflow/.local/lib/python3.7/site-packages/airflow/example_dags/example_task_group_decorator.py
[2022-11-30T15:52:39.682+0000] {logging_mixin.py:137} INFO - [2022-11-30T15:52:39.681+0000] {dag.py:2585} INFO - Sync 1 DAGs
[2022-11-30T15:52:39.699+0000] {logging_mixin.py:137} INFO - [2022-11-30T15:52:39.699+0000] {dag.py:3340} INFO - Setting next_dagrun for example_task_group_decorator to 2022-11-29T15:52:39.699654+00:00, run_after=2022-11-30T15:52:39.699654+00:00
[2022-11-30T15:52:39.782+0000] {processor.py:176} INFO - Processing /home/airflow/.local/lib/python3.7/site-packages/airflow/example_dags/example_task_group_decorator.py took 0.157 seconds
[2022-11-30T15:53:09.994+0000] {processor.py:154} INFO - Started process (PID=617) to work on /home/airflow/.local/lib/python3.7/site-packages/airflow/example_dags/example_task_group_decorator.py
[2022-11-30T15:53:09.995+0000] {processor.py:756} INFO - Processing file /home/airflow/.local/lib/python3.7/site-packages/airflow/example_dags/example_task_group_decorator.py for tasks to queue
[2022-11-30T15:53:09.995+0000] {logging_mixin.py:137} INFO - [2022-11-30T15:53:09.995+0000] {dagbag.py:537} INFO - Filling up the DagBag from /home/airflow/.local/lib/python3.7/site-packages/airflow/example_dags/example_task_group_decorator.py
[2022-11-30T15:53:10.015+0000] {processor.py:766} INFO - DAG(s) dict_keys(['example_task_group_decorator']) retrieved from /home/airflow/.local/lib/python3.7/site-packages/airflow/example_dags/example_task_group_decorator.py
[2022-11-30T15:53:10.044+0000] {logging_mixin.py:137} INFO - [2022-11-30T15:53:10.044+0000] {dag.py:2585} INFO - Sync 1 DAGs
[2022-11-30T15:53:10.064+0000] {logging_mixin.py:137} INFO - [2022-11-30T15:53:10.063+0000] {dag.py:3340} INFO - Setting next_dagrun for example_task_group_decorator to 2022-11-29T15:53:10.063834+00:00, run_after=2022-11-30T15:53:10.063834+00:00
[2022-11-30T15:53:10.131+0000] {processor.py:176} INFO - Processing /home/airflow/.local/lib/python3.7/site-packages/airflow/example_dags/example_task_group_decorator.py took 0.138 seconds
[2022-11-30T15:53:40.699+0000] {processor.py:154} INFO - Started process (PID=680) to work on /home/airflow/.local/lib/python3.7/site-packages/airflow/example_dags/example_task_group_decorator.py
[2022-11-30T15:53:40.700+0000] {processor.py:756} INFO - Processing file /home/airflow/.local/lib/python3.7/site-packages/airflow/example_dags/example_task_group_decorator.py for tasks to queue
[2022-11-30T15:53:40.701+0000] {logging_mixin.py:137} INFO - [2022-11-30T15:53:40.701+0000] {dagbag.py:537} INFO - Filling up the DagBag from /home/airflow/.local/lib/python3.7/site-packages/airflow/example_dags/example_task_group_decorator.py
[2022-11-30T15:53:40.721+0000] {processor.py:766} INFO - DAG(s) dict_keys(['example_task_group_decorator']) retrieved from /home/airflow/.local/lib/python3.7/site-packages/airflow/example_dags/example_task_group_decorator.py
[2022-11-30T15:53:40.751+0000] {logging_mixin.py:137} INFO - [2022-11-30T15:53:40.751+0000] {dag.py:2585} INFO - Sync 1 DAGs
[2022-11-30T15:53:40.769+0000] {logging_mixin.py:137} INFO - [2022-11-30T15:53:40.768+0000] {dag.py:3340} INFO - Setting next_dagrun for example_task_group_decorator to 2022-11-29T15:53:40.768835+00:00, run_after=2022-11-30T15:53:40.768835+00:00
[2022-11-30T15:53:40.812+0000] {processor.py:176} INFO - Processing /home/airflow/.local/lib/python3.7/site-packages/airflow/example_dags/example_task_group_decorator.py took 0.114 seconds
[2022-11-30T15:54:11.097+0000] {processor.py:154} INFO - Started process (PID=743) to work on /home/airflow/.local/lib/python3.7/site-packages/airflow/example_dags/example_task_group_decorator.py
[2022-11-30T15:54:11.097+0000] {processor.py:756} INFO - Processing file /home/airflow/.local/lib/python3.7/site-packages/airflow/example_dags/example_task_group_decorator.py for tasks to queue
[2022-11-30T15:54:11.098+0000] {logging_mixin.py:137} INFO - [2022-11-30T15:54:11.098+0000] {dagbag.py:537} INFO - Filling up the DagBag from /home/airflow/.local/lib/python3.7/site-packages/airflow/example_dags/example_task_group_decorator.py
[2022-11-30T15:54:11.118+0000] {processor.py:766} INFO - DAG(s) dict_keys(['example_task_group_decorator']) retrieved from /home/airflow/.local/lib/python3.7/site-packages/airflow/example_dags/example_task_group_decorator.py
[2022-11-30T15:54:11.154+0000] {logging_mixin.py:137} INFO - [2022-11-30T15:54:11.154+0000] {dag.py:2585} INFO - Sync 1 DAGs
[2022-11-30T15:54:11.174+0000] {logging_mixin.py:137} INFO - [2022-11-30T15:54:11.174+0000] {dag.py:3340} INFO - Setting next_dagrun for example_task_group_decorator to 2022-11-29T15:54:11.174529+00:00, run_after=2022-11-30T15:54:11.174529+00:00
[2022-11-30T15:54:11.280+0000] {processor.py:176} INFO - Processing /home/airflow/.local/lib/python3.7/site-packages/airflow/example_dags/example_task_group_decorator.py took 0.185 seconds
[2022-11-30T15:54:41.531+0000] {processor.py:154} INFO - Started process (PID=806) to work on /home/airflow/.local/lib/python3.7/site-packages/airflow/example_dags/example_task_group_decorator.py
[2022-11-30T15:54:41.531+0000] {processor.py:756} INFO - Processing file /home/airflow/.local/lib/python3.7/site-packages/airflow/example_dags/example_task_group_decorator.py for tasks to queue
[2022-11-30T15:54:41.532+0000] {logging_mixin.py:137} INFO - [2022-11-30T15:54:41.532+0000] {dagbag.py:537} INFO - Filling up the DagBag from /home/airflow/.local/lib/python3.7/site-packages/airflow/example_dags/example_task_group_decorator.py
[2022-11-30T15:54:41.551+0000] {processor.py:766} INFO - DAG(s) dict_keys(['example_task_group_decorator']) retrieved from /home/airflow/.local/lib/python3.7/site-packages/airflow/example_dags/example_task_group_decorator.py
[2022-11-30T15:54:41.582+0000] {logging_mixin.py:137} INFO - [2022-11-30T15:54:41.582+0000] {dag.py:2585} INFO - Sync 1 DAGs
[2022-11-30T15:54:41.600+0000] {logging_mixin.py:137} INFO - [2022-11-30T15:54:41.600+0000] {dag.py:3340} INFO - Setting next_dagrun for example_task_group_decorator to 2022-11-29T15:54:41.600082+00:00, run_after=2022-11-30T15:54:41.600082+00:00
[2022-11-30T15:54:41.649+0000] {processor.py:176} INFO - Processing /home/airflow/.local/lib/python3.7/site-packages/airflow/example_dags/example_task_group_decorator.py took 0.120 seconds
[2022-11-30T15:55:12.199+0000] {processor.py:154} INFO - Started process (PID=860) to work on /home/airflow/.local/lib/python3.7/site-packages/airflow/example_dags/example_task_group_decorator.py
[2022-11-30T15:55:12.199+0000] {processor.py:756} INFO - Processing file /home/airflow/.local/lib/python3.7/site-packages/airflow/example_dags/example_task_group_decorator.py for tasks to queue
[2022-11-30T15:55:12.200+0000] {logging_mixin.py:137} INFO - [2022-11-30T15:55:12.200+0000] {dagbag.py:537} INFO - Filling up the DagBag from /home/airflow/.local/lib/python3.7/site-packages/airflow/example_dags/example_task_group_decorator.py
[2022-11-30T15:55:12.219+0000] {processor.py:766} INFO - DAG(s) dict_keys(['example_task_group_decorator']) retrieved from /home/airflow/.local/lib/python3.7/site-packages/airflow/example_dags/example_task_group_decorator.py
[2022-11-30T15:55:12.248+0000] {logging_mixin.py:137} INFO - [2022-11-30T15:55:12.248+0000] {dag.py:2585} INFO - Sync 1 DAGs
[2022-11-30T15:55:12.267+0000] {logging_mixin.py:137} INFO - [2022-11-30T15:55:12.267+0000] {dag.py:3340} INFO - Setting next_dagrun for example_task_group_decorator to 2022-11-29T15:55:12.267080+00:00, run_after=2022-11-30T15:55:12.267080+00:00
[2022-11-30T15:55:12.305+0000] {processor.py:176} INFO - Processing /home/airflow/.local/lib/python3.7/site-packages/airflow/example_dags/example_task_group_decorator.py took 0.109 seconds
