[2022-11-30T15:48:36.676+0000] {processor.py:154} INFO - Started process (PID=82) to work on /home/airflow/.local/lib/python3.7/site-packages/airflow/example_dags/example_external_task_marker_dag.py
[2022-11-30T15:48:36.677+0000] {processor.py:756} INFO - Processing file /home/airflow/.local/lib/python3.7/site-packages/airflow/example_dags/example_external_task_marker_dag.py for tasks to queue
[2022-11-30T15:48:36.678+0000] {logging_mixin.py:137} INFO - [2022-11-30T15:48:36.678+0000] {dagbag.py:537} INFO - Filling up the DagBag from /home/airflow/.local/lib/python3.7/site-packages/airflow/example_dags/example_external_task_marker_dag.py
[2022-11-30T15:48:36.688+0000] {processor.py:766} INFO - DAG(s) dict_keys(['example_external_task_marker_parent', 'example_external_task_marker_child']) retrieved from /home/airflow/.local/lib/python3.7/site-packages/airflow/example_dags/example_external_task_marker_dag.py
[2022-11-30T15:48:36.869+0000] {logging_mixin.py:137} INFO - [2022-11-30T15:48:36.868+0000] {manager.py:507} INFO - Created Permission View: can edit on DAG:example_external_task_marker_parent
[2022-11-30T15:48:36.919+0000] {logging_mixin.py:137} INFO - [2022-11-30T15:48:36.918+0000] {manager.py:507} INFO - Created Permission View: can read on DAG:example_external_task_marker_parent
[2022-11-30T15:48:36.969+0000] {logging_mixin.py:137} INFO - [2022-11-30T15:48:36.968+0000] {manager.py:507} INFO - Created Permission View: can delete on DAG:example_external_task_marker_parent
[2022-11-30T15:48:37.194+0000] {logging_mixin.py:137} INFO - [2022-11-30T15:48:37.193+0000] {manager.py:507} INFO - Created Permission View: can edit on DAG:example_external_task_marker_child
[2022-11-30T15:48:37.263+0000] {logging_mixin.py:137} INFO - [2022-11-30T15:48:37.263+0000] {manager.py:507} INFO - Created Permission View: can read on DAG:example_external_task_marker_child
[2022-11-30T15:48:37.327+0000] {logging_mixin.py:137} INFO - [2022-11-30T15:48:37.327+0000] {manager.py:507} INFO - Created Permission View: can delete on DAG:example_external_task_marker_child
[2022-11-30T15:48:37.327+0000] {logging_mixin.py:137} INFO - [2022-11-30T15:48:37.327+0000] {dag.py:2585} INFO - Sync 2 DAGs
[2022-11-30T15:48:37.338+0000] {logging_mixin.py:137} INFO - [2022-11-30T15:48:37.338+0000] {dag.py:2606} INFO - Creating ORM DAG for example_external_task_marker_child
[2022-11-30T15:48:37.339+0000] {logging_mixin.py:137} INFO - [2022-11-30T15:48:37.339+0000] {dag.py:2606} INFO - Creating ORM DAG for example_external_task_marker_parent
[2022-11-30T15:48:37.347+0000] {logging_mixin.py:137} INFO - [2022-11-30T15:48:37.347+0000] {dag.py:3340} INFO - Setting next_dagrun for example_external_task_marker_child to None, run_after=None
[2022-11-30T15:48:37.348+0000] {logging_mixin.py:137} INFO - [2022-11-30T15:48:37.348+0000] {dag.py:3340} INFO - Setting next_dagrun for example_external_task_marker_parent to None, run_after=None
[2022-11-30T15:48:37.384+0000] {processor.py:176} INFO - Processing /home/airflow/.local/lib/python3.7/site-packages/airflow/example_dags/example_external_task_marker_dag.py took 0.709 seconds
[2022-11-30T15:49:08.133+0000] {processor.py:154} INFO - Started process (PID=145) to work on /home/airflow/.local/lib/python3.7/site-packages/airflow/example_dags/example_external_task_marker_dag.py
[2022-11-30T15:49:08.134+0000] {processor.py:756} INFO - Processing file /home/airflow/.local/lib/python3.7/site-packages/airflow/example_dags/example_external_task_marker_dag.py for tasks to queue
[2022-11-30T15:49:08.135+0000] {logging_mixin.py:137} INFO - [2022-11-30T15:49:08.135+0000] {dagbag.py:537} INFO - Filling up the DagBag from /home/airflow/.local/lib/python3.7/site-packages/airflow/example_dags/example_external_task_marker_dag.py
[2022-11-30T15:49:08.144+0000] {processor.py:766} INFO - DAG(s) dict_keys(['example_external_task_marker_parent', 'example_external_task_marker_child']) retrieved from /home/airflow/.local/lib/python3.7/site-packages/airflow/example_dags/example_external_task_marker_dag.py
[2022-11-30T15:49:08.311+0000] {logging_mixin.py:137} INFO - [2022-11-30T15:49:08.311+0000] {dag.py:2585} INFO - Sync 2 DAGs
[2022-11-30T15:49:08.330+0000] {logging_mixin.py:137} INFO - [2022-11-30T15:49:08.330+0000] {dag.py:3340} INFO - Setting next_dagrun for example_external_task_marker_child to None, run_after=None
[2022-11-30T15:49:08.333+0000] {logging_mixin.py:137} INFO - [2022-11-30T15:49:08.333+0000] {dag.py:3340} INFO - Setting next_dagrun for example_external_task_marker_parent to None, run_after=None
[2022-11-30T15:49:08.365+0000] {processor.py:176} INFO - Processing /home/airflow/.local/lib/python3.7/site-packages/airflow/example_dags/example_external_task_marker_dag.py took 0.234 seconds
[2022-11-30T15:49:38.838+0000] {processor.py:154} INFO - Started process (PID=209) to work on /home/airflow/.local/lib/python3.7/site-packages/airflow/example_dags/example_external_task_marker_dag.py
[2022-11-30T15:49:38.838+0000] {processor.py:756} INFO - Processing file /home/airflow/.local/lib/python3.7/site-packages/airflow/example_dags/example_external_task_marker_dag.py for tasks to queue
[2022-11-30T15:49:38.839+0000] {logging_mixin.py:137} INFO - [2022-11-30T15:49:38.839+0000] {dagbag.py:537} INFO - Filling up the DagBag from /home/airflow/.local/lib/python3.7/site-packages/airflow/example_dags/example_external_task_marker_dag.py
[2022-11-30T15:49:38.848+0000] {processor.py:766} INFO - DAG(s) dict_keys(['example_external_task_marker_child', 'example_external_task_marker_parent']) retrieved from /home/airflow/.local/lib/python3.7/site-packages/airflow/example_dags/example_external_task_marker_dag.py
[2022-11-30T15:49:39.013+0000] {logging_mixin.py:137} INFO - [2022-11-30T15:49:39.013+0000] {dag.py:2585} INFO - Sync 2 DAGs
[2022-11-30T15:49:39.033+0000] {logging_mixin.py:137} INFO - [2022-11-30T15:49:39.033+0000] {dag.py:3340} INFO - Setting next_dagrun for example_external_task_marker_child to None, run_after=None
[2022-11-30T15:49:39.035+0000] {logging_mixin.py:137} INFO - [2022-11-30T15:49:39.035+0000] {dag.py:3340} INFO - Setting next_dagrun for example_external_task_marker_parent to None, run_after=None
[2022-11-30T15:49:39.075+0000] {processor.py:176} INFO - Processing /home/airflow/.local/lib/python3.7/site-packages/airflow/example_dags/example_external_task_marker_dag.py took 0.239 seconds
[2022-11-30T15:50:09.162+0000] {processor.py:154} INFO - Started process (PID=263) to work on /home/airflow/.local/lib/python3.7/site-packages/airflow/example_dags/example_external_task_marker_dag.py
[2022-11-30T15:50:09.162+0000] {processor.py:756} INFO - Processing file /home/airflow/.local/lib/python3.7/site-packages/airflow/example_dags/example_external_task_marker_dag.py for tasks to queue
[2022-11-30T15:50:09.163+0000] {logging_mixin.py:137} INFO - [2022-11-30T15:50:09.163+0000] {dagbag.py:537} INFO - Filling up the DagBag from /home/airflow/.local/lib/python3.7/site-packages/airflow/example_dags/example_external_task_marker_dag.py
[2022-11-30T15:50:09.176+0000] {processor.py:766} INFO - DAG(s) dict_keys(['example_external_task_marker_parent', 'example_external_task_marker_child']) retrieved from /home/airflow/.local/lib/python3.7/site-packages/airflow/example_dags/example_external_task_marker_dag.py
[2022-11-30T15:50:09.349+0000] {logging_mixin.py:137} INFO - [2022-11-30T15:50:09.348+0000] {dag.py:2585} INFO - Sync 2 DAGs
[2022-11-30T15:50:09.371+0000] {logging_mixin.py:137} INFO - [2022-11-30T15:50:09.371+0000] {dag.py:3340} INFO - Setting next_dagrun for example_external_task_marker_child to None, run_after=None
[2022-11-30T15:50:09.374+0000] {logging_mixin.py:137} INFO - [2022-11-30T15:50:09.374+0000] {dag.py:3340} INFO - Setting next_dagrun for example_external_task_marker_parent to None, run_after=None
[2022-11-30T15:50:09.415+0000] {processor.py:176} INFO - Processing /home/airflow/.local/lib/python3.7/site-packages/airflow/example_dags/example_external_task_marker_dag.py took 0.255 seconds
[2022-11-30T15:50:39.883+0000] {processor.py:154} INFO - Started process (PID=326) to work on /home/airflow/.local/lib/python3.7/site-packages/airflow/example_dags/example_external_task_marker_dag.py
[2022-11-30T15:50:39.884+0000] {processor.py:756} INFO - Processing file /home/airflow/.local/lib/python3.7/site-packages/airflow/example_dags/example_external_task_marker_dag.py for tasks to queue
[2022-11-30T15:50:39.884+0000] {logging_mixin.py:137} INFO - [2022-11-30T15:50:39.884+0000] {dagbag.py:537} INFO - Filling up the DagBag from /home/airflow/.local/lib/python3.7/site-packages/airflow/example_dags/example_external_task_marker_dag.py
[2022-11-30T15:50:39.893+0000] {processor.py:766} INFO - DAG(s) dict_keys(['example_external_task_marker_parent', 'example_external_task_marker_child']) retrieved from /home/airflow/.local/lib/python3.7/site-packages/airflow/example_dags/example_external_task_marker_dag.py
[2022-11-30T15:50:40.060+0000] {logging_mixin.py:137} INFO - [2022-11-30T15:50:40.060+0000] {dag.py:2585} INFO - Sync 2 DAGs
[2022-11-30T15:50:40.080+0000] {logging_mixin.py:137} INFO - [2022-11-30T15:50:40.080+0000] {dag.py:3340} INFO - Setting next_dagrun for example_external_task_marker_child to None, run_after=None
[2022-11-30T15:50:40.082+0000] {logging_mixin.py:137} INFO - [2022-11-30T15:50:40.082+0000] {dag.py:3340} INFO - Setting next_dagrun for example_external_task_marker_parent to None, run_after=None
[2022-11-30T15:50:40.122+0000] {processor.py:176} INFO - Processing /home/airflow/.local/lib/python3.7/site-packages/airflow/example_dags/example_external_task_marker_dag.py took 0.240 seconds
[2022-11-30T15:51:10.349+0000] {processor.py:154} INFO - Started process (PID=389) to work on /home/airflow/.local/lib/python3.7/site-packages/airflow/example_dags/example_external_task_marker_dag.py
[2022-11-30T15:51:10.350+0000] {processor.py:756} INFO - Processing file /home/airflow/.local/lib/python3.7/site-packages/airflow/example_dags/example_external_task_marker_dag.py for tasks to queue
[2022-11-30T15:51:10.350+0000] {logging_mixin.py:137} INFO - [2022-11-30T15:51:10.350+0000] {dagbag.py:537} INFO - Filling up the DagBag from /home/airflow/.local/lib/python3.7/site-packages/airflow/example_dags/example_external_task_marker_dag.py
[2022-11-30T15:51:10.358+0000] {processor.py:766} INFO - DAG(s) dict_keys(['example_external_task_marker_parent', 'example_external_task_marker_child']) retrieved from /home/airflow/.local/lib/python3.7/site-packages/airflow/example_dags/example_external_task_marker_dag.py
[2022-11-30T15:51:10.518+0000] {logging_mixin.py:137} INFO - [2022-11-30T15:51:10.517+0000] {dag.py:2585} INFO - Sync 2 DAGs
[2022-11-30T15:51:10.537+0000] {logging_mixin.py:137} INFO - [2022-11-30T15:51:10.537+0000] {dag.py:3340} INFO - Setting next_dagrun for example_external_task_marker_child to None, run_after=None
[2022-11-30T15:51:10.539+0000] {logging_mixin.py:137} INFO - [2022-11-30T15:51:10.539+0000] {dag.py:3340} INFO - Setting next_dagrun for example_external_task_marker_parent to None, run_after=None
[2022-11-30T15:51:10.585+0000] {processor.py:176} INFO - Processing /home/airflow/.local/lib/python3.7/site-packages/airflow/example_dags/example_external_task_marker_dag.py took 0.237 seconds
[2022-11-30T15:51:41.140+0000] {processor.py:154} INFO - Started process (PID=453) to work on /home/airflow/.local/lib/python3.7/site-packages/airflow/example_dags/example_external_task_marker_dag.py
[2022-11-30T15:51:41.141+0000] {processor.py:756} INFO - Processing file /home/airflow/.local/lib/python3.7/site-packages/airflow/example_dags/example_external_task_marker_dag.py for tasks to queue
[2022-11-30T15:51:41.142+0000] {logging_mixin.py:137} INFO - [2022-11-30T15:51:41.142+0000] {dagbag.py:537} INFO - Filling up the DagBag from /home/airflow/.local/lib/python3.7/site-packages/airflow/example_dags/example_external_task_marker_dag.py
[2022-11-30T15:51:41.151+0000] {processor.py:766} INFO - DAG(s) dict_keys(['example_external_task_marker_parent', 'example_external_task_marker_child']) retrieved from /home/airflow/.local/lib/python3.7/site-packages/airflow/example_dags/example_external_task_marker_dag.py
[2022-11-30T15:51:41.323+0000] {logging_mixin.py:137} INFO - [2022-11-30T15:51:41.323+0000] {dag.py:2585} INFO - Sync 2 DAGs
[2022-11-30T15:51:41.343+0000] {logging_mixin.py:137} INFO - [2022-11-30T15:51:41.343+0000] {dag.py:3340} INFO - Setting next_dagrun for example_external_task_marker_child to None, run_after=None
[2022-11-30T15:51:41.346+0000] {logging_mixin.py:137} INFO - [2022-11-30T15:51:41.346+0000] {dag.py:3340} INFO - Setting next_dagrun for example_external_task_marker_parent to None, run_after=None
[2022-11-30T15:51:41.417+0000] {processor.py:176} INFO - Processing /home/airflow/.local/lib/python3.7/site-packages/airflow/example_dags/example_external_task_marker_dag.py took 0.280 seconds
[2022-11-30T15:52:11.575+0000] {processor.py:154} INFO - Started process (PID=507) to work on /home/airflow/.local/lib/python3.7/site-packages/airflow/example_dags/example_external_task_marker_dag.py
[2022-11-30T15:52:11.576+0000] {processor.py:756} INFO - Processing file /home/airflow/.local/lib/python3.7/site-packages/airflow/example_dags/example_external_task_marker_dag.py for tasks to queue
[2022-11-30T15:52:11.577+0000] {logging_mixin.py:137} INFO - [2022-11-30T15:52:11.577+0000] {dagbag.py:537} INFO - Filling up the DagBag from /home/airflow/.local/lib/python3.7/site-packages/airflow/example_dags/example_external_task_marker_dag.py
[2022-11-30T15:52:11.587+0000] {processor.py:766} INFO - DAG(s) dict_keys(['example_external_task_marker_parent', 'example_external_task_marker_child']) retrieved from /home/airflow/.local/lib/python3.7/site-packages/airflow/example_dags/example_external_task_marker_dag.py
[2022-11-30T15:52:11.807+0000] {logging_mixin.py:137} INFO - [2022-11-30T15:52:11.806+0000] {dag.py:2585} INFO - Sync 2 DAGs
[2022-11-30T15:52:11.827+0000] {logging_mixin.py:137} INFO - [2022-11-30T15:52:11.827+0000] {dag.py:3340} INFO - Setting next_dagrun for example_external_task_marker_child to None, run_after=None
[2022-11-30T15:52:11.830+0000] {logging_mixin.py:137} INFO - [2022-11-30T15:52:11.830+0000] {dag.py:3340} INFO - Setting next_dagrun for example_external_task_marker_parent to None, run_after=None
[2022-11-30T15:52:11.875+0000] {processor.py:176} INFO - Processing /home/airflow/.local/lib/python3.7/site-packages/airflow/example_dags/example_external_task_marker_dag.py took 0.302 seconds
[2022-11-30T15:52:42.003+0000] {processor.py:154} INFO - Started process (PID=570) to work on /home/airflow/.local/lib/python3.7/site-packages/airflow/example_dags/example_external_task_marker_dag.py
[2022-11-30T15:52:42.004+0000] {processor.py:756} INFO - Processing file /home/airflow/.local/lib/python3.7/site-packages/airflow/example_dags/example_external_task_marker_dag.py for tasks to queue
[2022-11-30T15:52:42.004+0000] {logging_mixin.py:137} INFO - [2022-11-30T15:52:42.004+0000] {dagbag.py:537} INFO - Filling up the DagBag from /home/airflow/.local/lib/python3.7/site-packages/airflow/example_dags/example_external_task_marker_dag.py
[2022-11-30T15:52:42.014+0000] {processor.py:766} INFO - DAG(s) dict_keys(['example_external_task_marker_child', 'example_external_task_marker_parent']) retrieved from /home/airflow/.local/lib/python3.7/site-packages/airflow/example_dags/example_external_task_marker_dag.py
[2022-11-30T15:52:42.179+0000] {logging_mixin.py:137} INFO - [2022-11-30T15:52:42.179+0000] {dag.py:2585} INFO - Sync 2 DAGs
[2022-11-30T15:52:42.200+0000] {logging_mixin.py:137} INFO - [2022-11-30T15:52:42.200+0000] {dag.py:3340} INFO - Setting next_dagrun for example_external_task_marker_child to None, run_after=None
[2022-11-30T15:52:42.203+0000] {logging_mixin.py:137} INFO - [2022-11-30T15:52:42.203+0000] {dag.py:3340} INFO - Setting next_dagrun for example_external_task_marker_parent to None, run_after=None
[2022-11-30T15:52:42.244+0000] {processor.py:176} INFO - Processing /home/airflow/.local/lib/python3.7/site-packages/airflow/example_dags/example_external_task_marker_dag.py took 0.244 seconds
[2022-11-30T15:53:12.647+0000] {processor.py:154} INFO - Started process (PID=633) to work on /home/airflow/.local/lib/python3.7/site-packages/airflow/example_dags/example_external_task_marker_dag.py
[2022-11-30T15:53:12.647+0000] {processor.py:756} INFO - Processing file /home/airflow/.local/lib/python3.7/site-packages/airflow/example_dags/example_external_task_marker_dag.py for tasks to queue
[2022-11-30T15:53:12.648+0000] {logging_mixin.py:137} INFO - [2022-11-30T15:53:12.648+0000] {dagbag.py:537} INFO - Filling up the DagBag from /home/airflow/.local/lib/python3.7/site-packages/airflow/example_dags/example_external_task_marker_dag.py
[2022-11-30T15:53:12.661+0000] {processor.py:766} INFO - DAG(s) dict_keys(['example_external_task_marker_parent', 'example_external_task_marker_child']) retrieved from /home/airflow/.local/lib/python3.7/site-packages/airflow/example_dags/example_external_task_marker_dag.py
[2022-11-30T15:53:12.824+0000] {logging_mixin.py:137} INFO - [2022-11-30T15:53:12.824+0000] {dag.py:2585} INFO - Sync 2 DAGs
[2022-11-30T15:53:12.843+0000] {logging_mixin.py:137} INFO - [2022-11-30T15:53:12.843+0000] {dag.py:3340} INFO - Setting next_dagrun for example_external_task_marker_child to None, run_after=None
[2022-11-30T15:53:12.846+0000] {logging_mixin.py:137} INFO - [2022-11-30T15:53:12.846+0000] {dag.py:3340} INFO - Setting next_dagrun for example_external_task_marker_parent to None, run_after=None
[2022-11-30T15:53:12.890+0000] {processor.py:176} INFO - Processing /home/airflow/.local/lib/python3.7/site-packages/airflow/example_dags/example_external_task_marker_dag.py took 0.246 seconds
[2022-11-30T15:53:43.187+0000] {processor.py:154} INFO - Started process (PID=687) to work on /home/airflow/.local/lib/python3.7/site-packages/airflow/example_dags/example_external_task_marker_dag.py
[2022-11-30T15:53:43.187+0000] {processor.py:756} INFO - Processing file /home/airflow/.local/lib/python3.7/site-packages/airflow/example_dags/example_external_task_marker_dag.py for tasks to queue
[2022-11-30T15:53:43.188+0000] {logging_mixin.py:137} INFO - [2022-11-30T15:53:43.188+0000] {dagbag.py:537} INFO - Filling up the DagBag from /home/airflow/.local/lib/python3.7/site-packages/airflow/example_dags/example_external_task_marker_dag.py
[2022-11-30T15:53:43.196+0000] {processor.py:766} INFO - DAG(s) dict_keys(['example_external_task_marker_parent', 'example_external_task_marker_child']) retrieved from /home/airflow/.local/lib/python3.7/site-packages/airflow/example_dags/example_external_task_marker_dag.py
[2022-11-30T15:53:43.361+0000] {logging_mixin.py:137} INFO - [2022-11-30T15:53:43.360+0000] {dag.py:2585} INFO - Sync 2 DAGs
[2022-11-30T15:53:43.379+0000] {logging_mixin.py:137} INFO - [2022-11-30T15:53:43.379+0000] {dag.py:3340} INFO - Setting next_dagrun for example_external_task_marker_child to None, run_after=None
[2022-11-30T15:53:43.382+0000] {logging_mixin.py:137} INFO - [2022-11-30T15:53:43.382+0000] {dag.py:3340} INFO - Setting next_dagrun for example_external_task_marker_parent to None, run_after=None
[2022-11-30T15:53:43.421+0000] {processor.py:176} INFO - Processing /home/airflow/.local/lib/python3.7/site-packages/airflow/example_dags/example_external_task_marker_dag.py took 0.236 seconds
[2022-11-30T15:54:13.689+0000] {processor.py:154} INFO - Started process (PID=750) to work on /home/airflow/.local/lib/python3.7/site-packages/airflow/example_dags/example_external_task_marker_dag.py
[2022-11-30T15:54:13.689+0000] {processor.py:756} INFO - Processing file /home/airflow/.local/lib/python3.7/site-packages/airflow/example_dags/example_external_task_marker_dag.py for tasks to queue
[2022-11-30T15:54:13.690+0000] {logging_mixin.py:137} INFO - [2022-11-30T15:54:13.690+0000] {dagbag.py:537} INFO - Filling up the DagBag from /home/airflow/.local/lib/python3.7/site-packages/airflow/example_dags/example_external_task_marker_dag.py
[2022-11-30T15:54:13.699+0000] {processor.py:766} INFO - DAG(s) dict_keys(['example_external_task_marker_child', 'example_external_task_marker_parent']) retrieved from /home/airflow/.local/lib/python3.7/site-packages/airflow/example_dags/example_external_task_marker_dag.py
[2022-11-30T15:54:13.859+0000] {logging_mixin.py:137} INFO - [2022-11-30T15:54:13.859+0000] {dag.py:2585} INFO - Sync 2 DAGs
[2022-11-30T15:54:13.881+0000] {logging_mixin.py:137} INFO - [2022-11-30T15:54:13.881+0000] {dag.py:3340} INFO - Setting next_dagrun for example_external_task_marker_child to None, run_after=None
[2022-11-30T15:54:13.884+0000] {logging_mixin.py:137} INFO - [2022-11-30T15:54:13.884+0000] {dag.py:3340} INFO - Setting next_dagrun for example_external_task_marker_parent to None, run_after=None
[2022-11-30T15:54:13.923+0000] {processor.py:176} INFO - Processing /home/airflow/.local/lib/python3.7/site-packages/airflow/example_dags/example_external_task_marker_dag.py took 0.237 seconds
[2022-11-30T15:54:44.267+0000] {processor.py:154} INFO - Started process (PID=813) to work on /home/airflow/.local/lib/python3.7/site-packages/airflow/example_dags/example_external_task_marker_dag.py
[2022-11-30T15:54:44.268+0000] {processor.py:756} INFO - Processing file /home/airflow/.local/lib/python3.7/site-packages/airflow/example_dags/example_external_task_marker_dag.py for tasks to queue
[2022-11-30T15:54:44.268+0000] {logging_mixin.py:137} INFO - [2022-11-30T15:54:44.268+0000] {dagbag.py:537} INFO - Filling up the DagBag from /home/airflow/.local/lib/python3.7/site-packages/airflow/example_dags/example_external_task_marker_dag.py
[2022-11-30T15:54:44.277+0000] {processor.py:766} INFO - DAG(s) dict_keys(['example_external_task_marker_child', 'example_external_task_marker_parent']) retrieved from /home/airflow/.local/lib/python3.7/site-packages/airflow/example_dags/example_external_task_marker_dag.py
[2022-11-30T15:54:44.439+0000] {logging_mixin.py:137} INFO - [2022-11-30T15:54:44.439+0000] {dag.py:2585} INFO - Sync 2 DAGs
[2022-11-30T15:54:44.461+0000] {logging_mixin.py:137} INFO - [2022-11-30T15:54:44.461+0000] {dag.py:3340} INFO - Setting next_dagrun for example_external_task_marker_child to None, run_after=None
[2022-11-30T15:54:44.463+0000] {logging_mixin.py:137} INFO - [2022-11-30T15:54:44.463+0000] {dag.py:3340} INFO - Setting next_dagrun for example_external_task_marker_parent to None, run_after=None
[2022-11-30T15:54:44.502+0000] {processor.py:176} INFO - Processing /home/airflow/.local/lib/python3.7/site-packages/airflow/example_dags/example_external_task_marker_dag.py took 0.237 seconds
[2022-11-30T15:55:14.672+0000] {processor.py:154} INFO - Started process (PID=876) to work on /home/airflow/.local/lib/python3.7/site-packages/airflow/example_dags/example_external_task_marker_dag.py
[2022-11-30T15:55:14.673+0000] {processor.py:756} INFO - Processing file /home/airflow/.local/lib/python3.7/site-packages/airflow/example_dags/example_external_task_marker_dag.py for tasks to queue
[2022-11-30T15:55:14.674+0000] {logging_mixin.py:137} INFO - [2022-11-30T15:55:14.673+0000] {dagbag.py:537} INFO - Filling up the DagBag from /home/airflow/.local/lib/python3.7/site-packages/airflow/example_dags/example_external_task_marker_dag.py
[2022-11-30T15:55:14.683+0000] {processor.py:766} INFO - DAG(s) dict_keys(['example_external_task_marker_parent', 'example_external_task_marker_child']) retrieved from /home/airflow/.local/lib/python3.7/site-packages/airflow/example_dags/example_external_task_marker_dag.py
[2022-11-30T15:55:14.882+0000] {logging_mixin.py:137} INFO - [2022-11-30T15:55:14.882+0000] {dag.py:2585} INFO - Sync 2 DAGs
[2022-11-30T15:55:14.906+0000] {logging_mixin.py:137} INFO - [2022-11-30T15:55:14.905+0000] {dag.py:3340} INFO - Setting next_dagrun for example_external_task_marker_child to None, run_after=None
[2022-11-30T15:55:14.910+0000] {logging_mixin.py:137} INFO - [2022-11-30T15:55:14.909+0000] {dag.py:3340} INFO - Setting next_dagrun for example_external_task_marker_parent to None, run_after=None
[2022-11-30T15:55:14.967+0000] {processor.py:176} INFO - Processing /home/airflow/.local/lib/python3.7/site-packages/airflow/example_dags/example_external_task_marker_dag.py took 0.297 seconds
