[2022-11-30T15:48:35.732+0000] {processor.py:154} INFO - Started process (PID=77) to work on /home/airflow/.local/lib/python3.7/site-packages/airflow/example_dags/example_local_kubernetes_executor.py
[2022-11-30T15:48:35.732+0000] {processor.py:756} INFO - Processing file /home/airflow/.local/lib/python3.7/site-packages/airflow/example_dags/example_local_kubernetes_executor.py for tasks to queue
[2022-11-30T15:48:35.733+0000] {logging_mixin.py:137} INFO - [2022-11-30T15:48:35.733+0000] {dagbag.py:537} INFO - Filling up the DagBag from /home/airflow/.local/lib/python3.7/site-packages/airflow/example_dags/example_local_kubernetes_executor.py
[2022-11-30T15:48:35.770+0000] {processor.py:766} INFO - DAG(s) dict_keys(['example_local_kubernetes_executor']) retrieved from /home/airflow/.local/lib/python3.7/site-packages/airflow/example_dags/example_local_kubernetes_executor.py
[2022-11-30T15:48:35.952+0000] {logging_mixin.py:137} INFO - [2022-11-30T15:48:35.952+0000] {manager.py:507} INFO - Created Permission View: can edit on DAG:example_local_kubernetes_executor
[2022-11-30T15:48:36.002+0000] {logging_mixin.py:137} INFO - [2022-11-30T15:48:36.002+0000] {manager.py:507} INFO - Created Permission View: can read on DAG:example_local_kubernetes_executor
[2022-11-30T15:48:36.027+0000] {logging_mixin.py:137} INFO - [2022-11-30T15:48:36.027+0000] {manager.py:507} INFO - Created Permission View: can delete on DAG:example_local_kubernetes_executor
[2022-11-30T15:48:36.027+0000] {logging_mixin.py:137} INFO - [2022-11-30T15:48:36.027+0000] {dag.py:2585} INFO - Sync 1 DAGs
[2022-11-30T15:48:36.041+0000] {logging_mixin.py:137} INFO - [2022-11-30T15:48:36.041+0000] {dag.py:2606} INFO - Creating ORM DAG for example_local_kubernetes_executor
[2022-11-30T15:48:36.061+0000] {logging_mixin.py:137} INFO - [2022-11-30T15:48:36.061+0000] {dag.py:3340} INFO - Setting next_dagrun for example_local_kubernetes_executor to None, run_after=None
[2022-11-30T15:48:36.151+0000] {processor.py:176} INFO - Processing /home/airflow/.local/lib/python3.7/site-packages/airflow/example_dags/example_local_kubernetes_executor.py took 0.421 seconds
[2022-11-30T15:49:06.459+0000] {processor.py:154} INFO - Started process (PID=140) to work on /home/airflow/.local/lib/python3.7/site-packages/airflow/example_dags/example_local_kubernetes_executor.py
[2022-11-30T15:49:06.459+0000] {processor.py:756} INFO - Processing file /home/airflow/.local/lib/python3.7/site-packages/airflow/example_dags/example_local_kubernetes_executor.py for tasks to queue
[2022-11-30T15:49:06.460+0000] {logging_mixin.py:137} INFO - [2022-11-30T15:49:06.460+0000] {dagbag.py:537} INFO - Filling up the DagBag from /home/airflow/.local/lib/python3.7/site-packages/airflow/example_dags/example_local_kubernetes_executor.py
[2022-11-30T15:49:06.482+0000] {processor.py:766} INFO - DAG(s) dict_keys(['example_local_kubernetes_executor']) retrieved from /home/airflow/.local/lib/python3.7/site-packages/airflow/example_dags/example_local_kubernetes_executor.py
[2022-11-30T15:49:06.587+0000] {logging_mixin.py:137} INFO - [2022-11-30T15:49:06.587+0000] {dag.py:2585} INFO - Sync 1 DAGs
[2022-11-30T15:49:06.609+0000] {logging_mixin.py:137} INFO - [2022-11-30T15:49:06.609+0000] {dag.py:3340} INFO - Setting next_dagrun for example_local_kubernetes_executor to None, run_after=None
[2022-11-30T15:49:06.794+0000] {processor.py:176} INFO - Processing /home/airflow/.local/lib/python3.7/site-packages/airflow/example_dags/example_local_kubernetes_executor.py took 0.337 seconds
[2022-11-30T15:49:37.473+0000] {processor.py:154} INFO - Started process (PID=204) to work on /home/airflow/.local/lib/python3.7/site-packages/airflow/example_dags/example_local_kubernetes_executor.py
[2022-11-30T15:49:37.474+0000] {processor.py:756} INFO - Processing file /home/airflow/.local/lib/python3.7/site-packages/airflow/example_dags/example_local_kubernetes_executor.py for tasks to queue
[2022-11-30T15:49:37.474+0000] {logging_mixin.py:137} INFO - [2022-11-30T15:49:37.474+0000] {dagbag.py:537} INFO - Filling up the DagBag from /home/airflow/.local/lib/python3.7/site-packages/airflow/example_dags/example_local_kubernetes_executor.py
[2022-11-30T15:49:37.489+0000] {processor.py:766} INFO - DAG(s) dict_keys(['example_local_kubernetes_executor']) retrieved from /home/airflow/.local/lib/python3.7/site-packages/airflow/example_dags/example_local_kubernetes_executor.py
[2022-11-30T15:49:37.519+0000] {logging_mixin.py:137} INFO - [2022-11-30T15:49:37.518+0000] {dag.py:2585} INFO - Sync 1 DAGs
[2022-11-30T15:49:37.539+0000] {logging_mixin.py:137} INFO - [2022-11-30T15:49:37.539+0000] {dag.py:3340} INFO - Setting next_dagrun for example_local_kubernetes_executor to None, run_after=None
[2022-11-30T15:49:37.575+0000] {processor.py:176} INFO - Processing /home/airflow/.local/lib/python3.7/site-packages/airflow/example_dags/example_local_kubernetes_executor.py took 0.103 seconds
[2022-11-30T15:50:07.805+0000] {processor.py:154} INFO - Started process (PID=258) to work on /home/airflow/.local/lib/python3.7/site-packages/airflow/example_dags/example_local_kubernetes_executor.py
[2022-11-30T15:50:07.805+0000] {processor.py:756} INFO - Processing file /home/airflow/.local/lib/python3.7/site-packages/airflow/example_dags/example_local_kubernetes_executor.py for tasks to queue
[2022-11-30T15:50:07.806+0000] {logging_mixin.py:137} INFO - [2022-11-30T15:50:07.806+0000] {dagbag.py:537} INFO - Filling up the DagBag from /home/airflow/.local/lib/python3.7/site-packages/airflow/example_dags/example_local_kubernetes_executor.py
[2022-11-30T15:50:07.821+0000] {processor.py:766} INFO - DAG(s) dict_keys(['example_local_kubernetes_executor']) retrieved from /home/airflow/.local/lib/python3.7/site-packages/airflow/example_dags/example_local_kubernetes_executor.py
[2022-11-30T15:50:07.856+0000] {logging_mixin.py:137} INFO - [2022-11-30T15:50:07.856+0000] {dag.py:2585} INFO - Sync 1 DAGs
[2022-11-30T15:50:07.875+0000] {logging_mixin.py:137} INFO - [2022-11-30T15:50:07.875+0000] {dag.py:3340} INFO - Setting next_dagrun for example_local_kubernetes_executor to None, run_after=None
[2022-11-30T15:50:07.914+0000] {processor.py:176} INFO - Processing /home/airflow/.local/lib/python3.7/site-packages/airflow/example_dags/example_local_kubernetes_executor.py took 0.111 seconds
[2022-11-30T15:50:38.447+0000] {processor.py:154} INFO - Started process (PID=321) to work on /home/airflow/.local/lib/python3.7/site-packages/airflow/example_dags/example_local_kubernetes_executor.py
[2022-11-30T15:50:38.448+0000] {processor.py:756} INFO - Processing file /home/airflow/.local/lib/python3.7/site-packages/airflow/example_dags/example_local_kubernetes_executor.py for tasks to queue
[2022-11-30T15:50:38.448+0000] {logging_mixin.py:137} INFO - [2022-11-30T15:50:38.448+0000] {dagbag.py:537} INFO - Filling up the DagBag from /home/airflow/.local/lib/python3.7/site-packages/airflow/example_dags/example_local_kubernetes_executor.py
[2022-11-30T15:50:38.463+0000] {processor.py:766} INFO - DAG(s) dict_keys(['example_local_kubernetes_executor']) retrieved from /home/airflow/.local/lib/python3.7/site-packages/airflow/example_dags/example_local_kubernetes_executor.py
[2022-11-30T15:50:38.491+0000] {logging_mixin.py:137} INFO - [2022-11-30T15:50:38.491+0000] {dag.py:2585} INFO - Sync 1 DAGs
[2022-11-30T15:50:38.512+0000] {logging_mixin.py:137} INFO - [2022-11-30T15:50:38.511+0000] {dag.py:3340} INFO - Setting next_dagrun for example_local_kubernetes_executor to None, run_after=None
[2022-11-30T15:50:38.596+0000] {processor.py:176} INFO - Processing /home/airflow/.local/lib/python3.7/site-packages/airflow/example_dags/example_local_kubernetes_executor.py took 0.151 seconds
[2022-11-30T15:51:08.966+0000] {processor.py:154} INFO - Started process (PID=384) to work on /home/airflow/.local/lib/python3.7/site-packages/airflow/example_dags/example_local_kubernetes_executor.py
[2022-11-30T15:51:08.967+0000] {processor.py:756} INFO - Processing file /home/airflow/.local/lib/python3.7/site-packages/airflow/example_dags/example_local_kubernetes_executor.py for tasks to queue
[2022-11-30T15:51:08.968+0000] {logging_mixin.py:137} INFO - [2022-11-30T15:51:08.968+0000] {dagbag.py:537} INFO - Filling up the DagBag from /home/airflow/.local/lib/python3.7/site-packages/airflow/example_dags/example_local_kubernetes_executor.py
[2022-11-30T15:51:08.984+0000] {processor.py:766} INFO - DAG(s) dict_keys(['example_local_kubernetes_executor']) retrieved from /home/airflow/.local/lib/python3.7/site-packages/airflow/example_dags/example_local_kubernetes_executor.py
[2022-11-30T15:51:09.010+0000] {logging_mixin.py:137} INFO - [2022-11-30T15:51:09.010+0000] {dag.py:2585} INFO - Sync 1 DAGs
[2022-11-30T15:51:09.030+0000] {logging_mixin.py:137} INFO - [2022-11-30T15:51:09.029+0000] {dag.py:3340} INFO - Setting next_dagrun for example_local_kubernetes_executor to None, run_after=None
[2022-11-30T15:51:09.072+0000] {processor.py:176} INFO - Processing /home/airflow/.local/lib/python3.7/site-packages/airflow/example_dags/example_local_kubernetes_executor.py took 0.107 seconds
[2022-11-30T15:51:39.756+0000] {processor.py:154} INFO - Started process (PID=439) to work on /home/airflow/.local/lib/python3.7/site-packages/airflow/example_dags/example_local_kubernetes_executor.py
[2022-11-30T15:51:39.756+0000] {processor.py:756} INFO - Processing file /home/airflow/.local/lib/python3.7/site-packages/airflow/example_dags/example_local_kubernetes_executor.py for tasks to queue
[2022-11-30T15:51:39.757+0000] {logging_mixin.py:137} INFO - [2022-11-30T15:51:39.757+0000] {dagbag.py:537} INFO - Filling up the DagBag from /home/airflow/.local/lib/python3.7/site-packages/airflow/example_dags/example_local_kubernetes_executor.py
[2022-11-30T15:51:39.773+0000] {processor.py:766} INFO - DAG(s) dict_keys(['example_local_kubernetes_executor']) retrieved from /home/airflow/.local/lib/python3.7/site-packages/airflow/example_dags/example_local_kubernetes_executor.py
[2022-11-30T15:51:39.800+0000] {logging_mixin.py:137} INFO - [2022-11-30T15:51:39.799+0000] {dag.py:2585} INFO - Sync 1 DAGs
[2022-11-30T15:51:39.821+0000] {logging_mixin.py:137} INFO - [2022-11-30T15:51:39.821+0000] {dag.py:3340} INFO - Setting next_dagrun for example_local_kubernetes_executor to None, run_after=None
[2022-11-30T15:51:39.869+0000] {processor.py:176} INFO - Processing /home/airflow/.local/lib/python3.7/site-packages/airflow/example_dags/example_local_kubernetes_executor.py took 0.115 seconds
[2022-11-30T15:52:10.138+0000] {processor.py:154} INFO - Started process (PID=502) to work on /home/airflow/.local/lib/python3.7/site-packages/airflow/example_dags/example_local_kubernetes_executor.py
[2022-11-30T15:52:10.138+0000] {processor.py:756} INFO - Processing file /home/airflow/.local/lib/python3.7/site-packages/airflow/example_dags/example_local_kubernetes_executor.py for tasks to queue
[2022-11-30T15:52:10.139+0000] {logging_mixin.py:137} INFO - [2022-11-30T15:52:10.139+0000] {dagbag.py:537} INFO - Filling up the DagBag from /home/airflow/.local/lib/python3.7/site-packages/airflow/example_dags/example_local_kubernetes_executor.py
[2022-11-30T15:52:10.155+0000] {processor.py:766} INFO - DAG(s) dict_keys(['example_local_kubernetes_executor']) retrieved from /home/airflow/.local/lib/python3.7/site-packages/airflow/example_dags/example_local_kubernetes_executor.py
[2022-11-30T15:52:10.185+0000] {logging_mixin.py:137} INFO - [2022-11-30T15:52:10.184+0000] {dag.py:2585} INFO - Sync 1 DAGs
[2022-11-30T15:52:10.207+0000] {logging_mixin.py:137} INFO - [2022-11-30T15:52:10.207+0000] {dag.py:3340} INFO - Setting next_dagrun for example_local_kubernetes_executor to None, run_after=None
[2022-11-30T15:52:10.259+0000] {processor.py:176} INFO - Processing /home/airflow/.local/lib/python3.7/site-packages/airflow/example_dags/example_local_kubernetes_executor.py took 0.123 seconds
[2022-11-30T15:52:40.640+0000] {processor.py:154} INFO - Started process (PID=565) to work on /home/airflow/.local/lib/python3.7/site-packages/airflow/example_dags/example_local_kubernetes_executor.py
[2022-11-30T15:52:40.640+0000] {processor.py:756} INFO - Processing file /home/airflow/.local/lib/python3.7/site-packages/airflow/example_dags/example_local_kubernetes_executor.py for tasks to queue
[2022-11-30T15:52:40.641+0000] {logging_mixin.py:137} INFO - [2022-11-30T15:52:40.641+0000] {dagbag.py:537} INFO - Filling up the DagBag from /home/airflow/.local/lib/python3.7/site-packages/airflow/example_dags/example_local_kubernetes_executor.py
[2022-11-30T15:52:40.656+0000] {processor.py:766} INFO - DAG(s) dict_keys(['example_local_kubernetes_executor']) retrieved from /home/airflow/.local/lib/python3.7/site-packages/airflow/example_dags/example_local_kubernetes_executor.py
[2022-11-30T15:52:40.683+0000] {logging_mixin.py:137} INFO - [2022-11-30T15:52:40.683+0000] {dag.py:2585} INFO - Sync 1 DAGs
[2022-11-30T15:52:40.702+0000] {logging_mixin.py:137} INFO - [2022-11-30T15:52:40.702+0000] {dag.py:3340} INFO - Setting next_dagrun for example_local_kubernetes_executor to None, run_after=None
[2022-11-30T15:52:40.743+0000] {processor.py:176} INFO - Processing /home/airflow/.local/lib/python3.7/site-packages/airflow/example_dags/example_local_kubernetes_executor.py took 0.105 seconds
[2022-11-30T15:53:11.152+0000] {processor.py:154} INFO - Started process (PID=628) to work on /home/airflow/.local/lib/python3.7/site-packages/airflow/example_dags/example_local_kubernetes_executor.py
[2022-11-30T15:53:11.153+0000] {processor.py:756} INFO - Processing file /home/airflow/.local/lib/python3.7/site-packages/airflow/example_dags/example_local_kubernetes_executor.py for tasks to queue
[2022-11-30T15:53:11.153+0000] {logging_mixin.py:137} INFO - [2022-11-30T15:53:11.153+0000] {dagbag.py:537} INFO - Filling up the DagBag from /home/airflow/.local/lib/python3.7/site-packages/airflow/example_dags/example_local_kubernetes_executor.py
[2022-11-30T15:53:11.168+0000] {processor.py:766} INFO - DAG(s) dict_keys(['example_local_kubernetes_executor']) retrieved from /home/airflow/.local/lib/python3.7/site-packages/airflow/example_dags/example_local_kubernetes_executor.py
[2022-11-30T15:53:11.199+0000] {logging_mixin.py:137} INFO - [2022-11-30T15:53:11.199+0000] {dag.py:2585} INFO - Sync 1 DAGs
[2022-11-30T15:53:11.223+0000] {logging_mixin.py:137} INFO - [2022-11-30T15:53:11.223+0000] {dag.py:3340} INFO - Setting next_dagrun for example_local_kubernetes_executor to None, run_after=None
[2022-11-30T15:53:11.264+0000] {processor.py:176} INFO - Processing /home/airflow/.local/lib/python3.7/site-packages/airflow/example_dags/example_local_kubernetes_executor.py took 0.113 seconds
[2022-11-30T15:53:41.833+0000] {processor.py:154} INFO - Started process (PID=682) to work on /home/airflow/.local/lib/python3.7/site-packages/airflow/example_dags/example_local_kubernetes_executor.py
[2022-11-30T15:53:41.834+0000] {processor.py:756} INFO - Processing file /home/airflow/.local/lib/python3.7/site-packages/airflow/example_dags/example_local_kubernetes_executor.py for tasks to queue
[2022-11-30T15:53:41.835+0000] {logging_mixin.py:137} INFO - [2022-11-30T15:53:41.835+0000] {dagbag.py:537} INFO - Filling up the DagBag from /home/airflow/.local/lib/python3.7/site-packages/airflow/example_dags/example_local_kubernetes_executor.py
[2022-11-30T15:53:41.850+0000] {processor.py:766} INFO - DAG(s) dict_keys(['example_local_kubernetes_executor']) retrieved from /home/airflow/.local/lib/python3.7/site-packages/airflow/example_dags/example_local_kubernetes_executor.py
[2022-11-30T15:53:41.878+0000] {logging_mixin.py:137} INFO - [2022-11-30T15:53:41.878+0000] {dag.py:2585} INFO - Sync 1 DAGs
[2022-11-30T15:53:41.897+0000] {logging_mixin.py:137} INFO - [2022-11-30T15:53:41.896+0000] {dag.py:3340} INFO - Setting next_dagrun for example_local_kubernetes_executor to None, run_after=None
[2022-11-30T15:53:41.941+0000] {processor.py:176} INFO - Processing /home/airflow/.local/lib/python3.7/site-packages/airflow/example_dags/example_local_kubernetes_executor.py took 0.109 seconds
[2022-11-30T15:54:12.304+0000] {processor.py:154} INFO - Started process (PID=745) to work on /home/airflow/.local/lib/python3.7/site-packages/airflow/example_dags/example_local_kubernetes_executor.py
[2022-11-30T15:54:12.305+0000] {processor.py:756} INFO - Processing file /home/airflow/.local/lib/python3.7/site-packages/airflow/example_dags/example_local_kubernetes_executor.py for tasks to queue
[2022-11-30T15:54:12.306+0000] {logging_mixin.py:137} INFO - [2022-11-30T15:54:12.306+0000] {dagbag.py:537} INFO - Filling up the DagBag from /home/airflow/.local/lib/python3.7/site-packages/airflow/example_dags/example_local_kubernetes_executor.py
[2022-11-30T15:54:12.322+0000] {processor.py:766} INFO - DAG(s) dict_keys(['example_local_kubernetes_executor']) retrieved from /home/airflow/.local/lib/python3.7/site-packages/airflow/example_dags/example_local_kubernetes_executor.py
[2022-11-30T15:54:12.354+0000] {logging_mixin.py:137} INFO - [2022-11-30T15:54:12.354+0000] {dag.py:2585} INFO - Sync 1 DAGs
[2022-11-30T15:54:12.374+0000] {logging_mixin.py:137} INFO - [2022-11-30T15:54:12.374+0000] {dag.py:3340} INFO - Setting next_dagrun for example_local_kubernetes_executor to None, run_after=None
[2022-11-30T15:54:12.420+0000] {processor.py:176} INFO - Processing /home/airflow/.local/lib/python3.7/site-packages/airflow/example_dags/example_local_kubernetes_executor.py took 0.117 seconds
[2022-11-30T15:54:42.674+0000] {processor.py:154} INFO - Started process (PID=808) to work on /home/airflow/.local/lib/python3.7/site-packages/airflow/example_dags/example_local_kubernetes_executor.py
[2022-11-30T15:54:42.675+0000] {processor.py:756} INFO - Processing file /home/airflow/.local/lib/python3.7/site-packages/airflow/example_dags/example_local_kubernetes_executor.py for tasks to queue
[2022-11-30T15:54:42.675+0000] {logging_mixin.py:137} INFO - [2022-11-30T15:54:42.675+0000] {dagbag.py:537} INFO - Filling up the DagBag from /home/airflow/.local/lib/python3.7/site-packages/airflow/example_dags/example_local_kubernetes_executor.py
[2022-11-30T15:54:42.690+0000] {processor.py:766} INFO - DAG(s) dict_keys(['example_local_kubernetes_executor']) retrieved from /home/airflow/.local/lib/python3.7/site-packages/airflow/example_dags/example_local_kubernetes_executor.py
[2022-11-30T15:54:42.718+0000] {logging_mixin.py:137} INFO - [2022-11-30T15:54:42.717+0000] {dag.py:2585} INFO - Sync 1 DAGs
[2022-11-30T15:54:42.735+0000] {logging_mixin.py:137} INFO - [2022-11-30T15:54:42.735+0000] {dag.py:3340} INFO - Setting next_dagrun for example_local_kubernetes_executor to None, run_after=None
[2022-11-30T15:54:42.782+0000] {processor.py:176} INFO - Processing /home/airflow/.local/lib/python3.7/site-packages/airflow/example_dags/example_local_kubernetes_executor.py took 0.109 seconds
[2022-11-30T15:55:13.328+0000] {processor.py:154} INFO - Started process (PID=862) to work on /home/airflow/.local/lib/python3.7/site-packages/airflow/example_dags/example_local_kubernetes_executor.py
[2022-11-30T15:55:13.329+0000] {processor.py:756} INFO - Processing file /home/airflow/.local/lib/python3.7/site-packages/airflow/example_dags/example_local_kubernetes_executor.py for tasks to queue
[2022-11-30T15:55:13.330+0000] {logging_mixin.py:137} INFO - [2022-11-30T15:55:13.330+0000] {dagbag.py:537} INFO - Filling up the DagBag from /home/airflow/.local/lib/python3.7/site-packages/airflow/example_dags/example_local_kubernetes_executor.py
[2022-11-30T15:55:13.346+0000] {processor.py:766} INFO - DAG(s) dict_keys(['example_local_kubernetes_executor']) retrieved from /home/airflow/.local/lib/python3.7/site-packages/airflow/example_dags/example_local_kubernetes_executor.py
[2022-11-30T15:55:13.373+0000] {logging_mixin.py:137} INFO - [2022-11-30T15:55:13.373+0000] {dag.py:2585} INFO - Sync 1 DAGs
[2022-11-30T15:55:13.391+0000] {logging_mixin.py:137} INFO - [2022-11-30T15:55:13.391+0000] {dag.py:3340} INFO - Setting next_dagrun for example_local_kubernetes_executor to None, run_after=None
[2022-11-30T15:55:13.430+0000] {processor.py:176} INFO - Processing /home/airflow/.local/lib/python3.7/site-packages/airflow/example_dags/example_local_kubernetes_executor.py took 0.104 seconds
