[2022-11-30T15:48:36.167+0000] {processor.py:154} INFO - Started process (PID=79) to work on /home/airflow/.local/lib/python3.7/site-packages/airflow/example_dags/example_latest_only_with_trigger.py
[2022-11-30T15:48:36.167+0000] {processor.py:756} INFO - Processing file /home/airflow/.local/lib/python3.7/site-packages/airflow/example_dags/example_latest_only_with_trigger.py for tasks to queue
[2022-11-30T15:48:36.168+0000] {logging_mixin.py:137} INFO - [2022-11-30T15:48:36.168+0000] {dagbag.py:537} INFO - Filling up the DagBag from /home/airflow/.local/lib/python3.7/site-packages/airflow/example_dags/example_latest_only_with_trigger.py
[2022-11-30T15:48:36.178+0000] {processor.py:766} INFO - DAG(s) dict_keys(['latest_only_with_trigger']) retrieved from /home/airflow/.local/lib/python3.7/site-packages/airflow/example_dags/example_latest_only_with_trigger.py
[2022-11-30T15:48:36.335+0000] {logging_mixin.py:137} INFO - [2022-11-30T15:48:36.335+0000] {manager.py:507} INFO - Created Permission View: can edit on DAG:latest_only_with_trigger
[2022-11-30T15:48:36.393+0000] {logging_mixin.py:137} INFO - [2022-11-30T15:48:36.393+0000] {manager.py:507} INFO - Created Permission View: can read on DAG:latest_only_with_trigger
[2022-11-30T15:48:36.418+0000] {logging_mixin.py:137} INFO - [2022-11-30T15:48:36.418+0000] {manager.py:507} INFO - Created Permission View: can delete on DAG:latest_only_with_trigger
[2022-11-30T15:48:36.419+0000] {logging_mixin.py:137} INFO - [2022-11-30T15:48:36.419+0000] {dag.py:2585} INFO - Sync 1 DAGs
[2022-11-30T15:48:36.429+0000] {logging_mixin.py:137} INFO - [2022-11-30T15:48:36.429+0000] {dag.py:2606} INFO - Creating ORM DAG for latest_only_with_trigger
[2022-11-30T15:48:36.438+0000] {logging_mixin.py:137} INFO - [2022-11-30T15:48:36.438+0000] {dag.py:3340} INFO - Setting next_dagrun for latest_only_with_trigger to 2022-11-30T11:48:36.438543+00:00, run_after=2022-11-30T15:48:36.438543+00:00
[2022-11-30T15:48:36.476+0000] {processor.py:176} INFO - Processing /home/airflow/.local/lib/python3.7/site-packages/airflow/example_dags/example_latest_only_with_trigger.py took 0.311 seconds
[2022-11-30T15:49:06.810+0000] {processor.py:154} INFO - Started process (PID=142) to work on /home/airflow/.local/lib/python3.7/site-packages/airflow/example_dags/example_latest_only_with_trigger.py
[2022-11-30T15:49:06.810+0000] {processor.py:756} INFO - Processing file /home/airflow/.local/lib/python3.7/site-packages/airflow/example_dags/example_latest_only_with_trigger.py for tasks to queue
[2022-11-30T15:49:06.811+0000] {logging_mixin.py:137} INFO - [2022-11-30T15:49:06.811+0000] {dagbag.py:537} INFO - Filling up the DagBag from /home/airflow/.local/lib/python3.7/site-packages/airflow/example_dags/example_latest_only_with_trigger.py
[2022-11-30T15:49:06.820+0000] {processor.py:766} INFO - DAG(s) dict_keys(['latest_only_with_trigger']) retrieved from /home/airflow/.local/lib/python3.7/site-packages/airflow/example_dags/example_latest_only_with_trigger.py
[2022-11-30T15:49:06.851+0000] {logging_mixin.py:137} INFO - [2022-11-30T15:49:06.851+0000] {dag.py:2585} INFO - Sync 1 DAGs
[2022-11-30T15:49:06.871+0000] {logging_mixin.py:137} INFO - [2022-11-30T15:49:06.871+0000] {dag.py:3340} INFO - Setting next_dagrun for latest_only_with_trigger to 2022-11-30T11:49:06.871239+00:00, run_after=2022-11-30T15:49:06.871239+00:00
[2022-11-30T15:49:07.032+0000] {processor.py:176} INFO - Processing /home/airflow/.local/lib/python3.7/site-packages/airflow/example_dags/example_latest_only_with_trigger.py took 0.225 seconds
[2022-11-30T15:49:37.623+0000] {processor.py:154} INFO - Started process (PID=206) to work on /home/airflow/.local/lib/python3.7/site-packages/airflow/example_dags/example_latest_only_with_trigger.py
[2022-11-30T15:49:37.623+0000] {processor.py:756} INFO - Processing file /home/airflow/.local/lib/python3.7/site-packages/airflow/example_dags/example_latest_only_with_trigger.py for tasks to queue
[2022-11-30T15:49:37.624+0000] {logging_mixin.py:137} INFO - [2022-11-30T15:49:37.624+0000] {dagbag.py:537} INFO - Filling up the DagBag from /home/airflow/.local/lib/python3.7/site-packages/airflow/example_dags/example_latest_only_with_trigger.py
[2022-11-30T15:49:37.635+0000] {processor.py:766} INFO - DAG(s) dict_keys(['latest_only_with_trigger']) retrieved from /home/airflow/.local/lib/python3.7/site-packages/airflow/example_dags/example_latest_only_with_trigger.py
[2022-11-30T15:49:37.665+0000] {logging_mixin.py:137} INFO - [2022-11-30T15:49:37.665+0000] {dag.py:2585} INFO - Sync 1 DAGs
[2022-11-30T15:49:37.687+0000] {logging_mixin.py:137} INFO - [2022-11-30T15:49:37.687+0000] {dag.py:3340} INFO - Setting next_dagrun for latest_only_with_trigger to 2022-11-30T11:49:37.687471+00:00, run_after=2022-11-30T15:49:37.687471+00:00
[2022-11-30T15:49:37.732+0000] {processor.py:176} INFO - Processing /home/airflow/.local/lib/python3.7/site-packages/airflow/example_dags/example_latest_only_with_trigger.py took 0.111 seconds
[2022-11-30T15:50:07.961+0000] {processor.py:154} INFO - Started process (PID=260) to work on /home/airflow/.local/lib/python3.7/site-packages/airflow/example_dags/example_latest_only_with_trigger.py
[2022-11-30T15:50:07.962+0000] {processor.py:756} INFO - Processing file /home/airflow/.local/lib/python3.7/site-packages/airflow/example_dags/example_latest_only_with_trigger.py for tasks to queue
[2022-11-30T15:50:07.962+0000] {logging_mixin.py:137} INFO - [2022-11-30T15:50:07.962+0000] {dagbag.py:537} INFO - Filling up the DagBag from /home/airflow/.local/lib/python3.7/site-packages/airflow/example_dags/example_latest_only_with_trigger.py
[2022-11-30T15:50:07.972+0000] {processor.py:766} INFO - DAG(s) dict_keys(['latest_only_with_trigger']) retrieved from /home/airflow/.local/lib/python3.7/site-packages/airflow/example_dags/example_latest_only_with_trigger.py
[2022-11-30T15:50:08.000+0000] {logging_mixin.py:137} INFO - [2022-11-30T15:50:07.999+0000] {dag.py:2585} INFO - Sync 1 DAGs
[2022-11-30T15:50:08.018+0000] {logging_mixin.py:137} INFO - [2022-11-30T15:50:08.018+0000] {dag.py:3340} INFO - Setting next_dagrun for latest_only_with_trigger to 2022-11-30T11:50:08.018147+00:00, run_after=2022-11-30T15:50:08.018147+00:00
[2022-11-30T15:50:08.063+0000] {processor.py:176} INFO - Processing /home/airflow/.local/lib/python3.7/site-packages/airflow/example_dags/example_latest_only_with_trigger.py took 0.104 seconds
[2022-11-30T15:50:38.679+0000] {processor.py:154} INFO - Started process (PID=323) to work on /home/airflow/.local/lib/python3.7/site-packages/airflow/example_dags/example_latest_only_with_trigger.py
[2022-11-30T15:50:38.679+0000] {processor.py:756} INFO - Processing file /home/airflow/.local/lib/python3.7/site-packages/airflow/example_dags/example_latest_only_with_trigger.py for tasks to queue
[2022-11-30T15:50:38.680+0000] {logging_mixin.py:137} INFO - [2022-11-30T15:50:38.680+0000] {dagbag.py:537} INFO - Filling up the DagBag from /home/airflow/.local/lib/python3.7/site-packages/airflow/example_dags/example_latest_only_with_trigger.py
[2022-11-30T15:50:38.689+0000] {processor.py:766} INFO - DAG(s) dict_keys(['latest_only_with_trigger']) retrieved from /home/airflow/.local/lib/python3.7/site-packages/airflow/example_dags/example_latest_only_with_trigger.py
[2022-11-30T15:50:38.718+0000] {logging_mixin.py:137} INFO - [2022-11-30T15:50:38.718+0000] {dag.py:2585} INFO - Sync 1 DAGs
[2022-11-30T15:50:38.739+0000] {logging_mixin.py:137} INFO - [2022-11-30T15:50:38.739+0000] {dag.py:3340} INFO - Setting next_dagrun for latest_only_with_trigger to 2022-11-30T11:50:38.739024+00:00, run_after=2022-11-30T15:50:38.739024+00:00
[2022-11-30T15:50:38.789+0000] {processor.py:176} INFO - Processing /home/airflow/.local/lib/python3.7/site-packages/airflow/example_dags/example_latest_only_with_trigger.py took 0.112 seconds
[2022-11-30T15:51:09.116+0000] {processor.py:154} INFO - Started process (PID=386) to work on /home/airflow/.local/lib/python3.7/site-packages/airflow/example_dags/example_latest_only_with_trigger.py
[2022-11-30T15:51:09.116+0000] {processor.py:756} INFO - Processing file /home/airflow/.local/lib/python3.7/site-packages/airflow/example_dags/example_latest_only_with_trigger.py for tasks to queue
[2022-11-30T15:51:09.117+0000] {logging_mixin.py:137} INFO - [2022-11-30T15:51:09.117+0000] {dagbag.py:537} INFO - Filling up the DagBag from /home/airflow/.local/lib/python3.7/site-packages/airflow/example_dags/example_latest_only_with_trigger.py
[2022-11-30T15:51:09.126+0000] {processor.py:766} INFO - DAG(s) dict_keys(['latest_only_with_trigger']) retrieved from /home/airflow/.local/lib/python3.7/site-packages/airflow/example_dags/example_latest_only_with_trigger.py
[2022-11-30T15:51:09.152+0000] {logging_mixin.py:137} INFO - [2022-11-30T15:51:09.152+0000] {dag.py:2585} INFO - Sync 1 DAGs
[2022-11-30T15:51:09.170+0000] {logging_mixin.py:137} INFO - [2022-11-30T15:51:09.169+0000] {dag.py:3340} INFO - Setting next_dagrun for latest_only_with_trigger to 2022-11-30T11:51:09.169766+00:00, run_after=2022-11-30T15:51:09.169766+00:00
[2022-11-30T15:51:09.269+0000] {processor.py:176} INFO - Processing /home/airflow/.local/lib/python3.7/site-packages/airflow/example_dags/example_latest_only_with_trigger.py took 0.154 seconds
[2022-11-30T15:51:39.932+0000] {processor.py:154} INFO - Started process (PID=441) to work on /home/airflow/.local/lib/python3.7/site-packages/airflow/example_dags/example_latest_only_with_trigger.py
[2022-11-30T15:51:39.932+0000] {processor.py:756} INFO - Processing file /home/airflow/.local/lib/python3.7/site-packages/airflow/example_dags/example_latest_only_with_trigger.py for tasks to queue
[2022-11-30T15:51:39.933+0000] {logging_mixin.py:137} INFO - [2022-11-30T15:51:39.933+0000] {dagbag.py:537} INFO - Filling up the DagBag from /home/airflow/.local/lib/python3.7/site-packages/airflow/example_dags/example_latest_only_with_trigger.py
[2022-11-30T15:51:39.942+0000] {processor.py:766} INFO - DAG(s) dict_keys(['latest_only_with_trigger']) retrieved from /home/airflow/.local/lib/python3.7/site-packages/airflow/example_dags/example_latest_only_with_trigger.py
[2022-11-30T15:51:39.971+0000] {logging_mixin.py:137} INFO - [2022-11-30T15:51:39.971+0000] {dag.py:2585} INFO - Sync 1 DAGs
[2022-11-30T15:51:39.991+0000] {logging_mixin.py:137} INFO - [2022-11-30T15:51:39.991+0000] {dag.py:3340} INFO - Setting next_dagrun for latest_only_with_trigger to 2022-11-30T11:51:39.991443+00:00, run_after=2022-11-30T15:51:39.991443+00:00
[2022-11-30T15:51:40.029+0000] {processor.py:176} INFO - Processing /home/airflow/.local/lib/python3.7/site-packages/airflow/example_dags/example_latest_only_with_trigger.py took 0.099 seconds
[2022-11-30T15:52:10.304+0000] {processor.py:154} INFO - Started process (PID=504) to work on /home/airflow/.local/lib/python3.7/site-packages/airflow/example_dags/example_latest_only_with_trigger.py
[2022-11-30T15:52:10.305+0000] {processor.py:756} INFO - Processing file /home/airflow/.local/lib/python3.7/site-packages/airflow/example_dags/example_latest_only_with_trigger.py for tasks to queue
[2022-11-30T15:52:10.306+0000] {logging_mixin.py:137} INFO - [2022-11-30T15:52:10.306+0000] {dagbag.py:537} INFO - Filling up the DagBag from /home/airflow/.local/lib/python3.7/site-packages/airflow/example_dags/example_latest_only_with_trigger.py
[2022-11-30T15:52:10.316+0000] {processor.py:766} INFO - DAG(s) dict_keys(['latest_only_with_trigger']) retrieved from /home/airflow/.local/lib/python3.7/site-packages/airflow/example_dags/example_latest_only_with_trigger.py
[2022-11-30T15:52:10.350+0000] {logging_mixin.py:137} INFO - [2022-11-30T15:52:10.349+0000] {dag.py:2585} INFO - Sync 1 DAGs
[2022-11-30T15:52:10.374+0000] {logging_mixin.py:137} INFO - [2022-11-30T15:52:10.374+0000] {dag.py:3340} INFO - Setting next_dagrun for latest_only_with_trigger to 2022-11-30T11:52:10.374316+00:00, run_after=2022-11-30T15:52:10.374316+00:00
[2022-11-30T15:52:10.420+0000] {processor.py:176} INFO - Processing /home/airflow/.local/lib/python3.7/site-packages/airflow/example_dags/example_latest_only_with_trigger.py took 0.117 seconds
[2022-11-30T15:52:40.788+0000] {processor.py:154} INFO - Started process (PID=567) to work on /home/airflow/.local/lib/python3.7/site-packages/airflow/example_dags/example_latest_only_with_trigger.py
[2022-11-30T15:52:40.789+0000] {processor.py:756} INFO - Processing file /home/airflow/.local/lib/python3.7/site-packages/airflow/example_dags/example_latest_only_with_trigger.py for tasks to queue
[2022-11-30T15:52:40.790+0000] {logging_mixin.py:137} INFO - [2022-11-30T15:52:40.789+0000] {dagbag.py:537} INFO - Filling up the DagBag from /home/airflow/.local/lib/python3.7/site-packages/airflow/example_dags/example_latest_only_with_trigger.py
[2022-11-30T15:52:40.799+0000] {processor.py:766} INFO - DAG(s) dict_keys(['latest_only_with_trigger']) retrieved from /home/airflow/.local/lib/python3.7/site-packages/airflow/example_dags/example_latest_only_with_trigger.py
[2022-11-30T15:52:40.828+0000] {logging_mixin.py:137} INFO - [2022-11-30T15:52:40.827+0000] {dag.py:2585} INFO - Sync 1 DAGs
[2022-11-30T15:52:40.845+0000] {logging_mixin.py:137} INFO - [2022-11-30T15:52:40.845+0000] {dag.py:3340} INFO - Setting next_dagrun for latest_only_with_trigger to 2022-11-30T11:52:40.845450+00:00, run_after=2022-11-30T15:52:40.845450+00:00
[2022-11-30T15:52:40.885+0000] {processor.py:176} INFO - Processing /home/airflow/.local/lib/python3.7/site-packages/airflow/example_dags/example_latest_only_with_trigger.py took 0.099 seconds
[2022-11-30T15:53:11.308+0000] {processor.py:154} INFO - Started process (PID=630) to work on /home/airflow/.local/lib/python3.7/site-packages/airflow/example_dags/example_latest_only_with_trigger.py
[2022-11-30T15:53:11.309+0000] {processor.py:756} INFO - Processing file /home/airflow/.local/lib/python3.7/site-packages/airflow/example_dags/example_latest_only_with_trigger.py for tasks to queue
[2022-11-30T15:53:11.309+0000] {logging_mixin.py:137} INFO - [2022-11-30T15:53:11.309+0000] {dagbag.py:537} INFO - Filling up the DagBag from /home/airflow/.local/lib/python3.7/site-packages/airflow/example_dags/example_latest_only_with_trigger.py
[2022-11-30T15:53:11.319+0000] {processor.py:766} INFO - DAG(s) dict_keys(['latest_only_with_trigger']) retrieved from /home/airflow/.local/lib/python3.7/site-packages/airflow/example_dags/example_latest_only_with_trigger.py
[2022-11-30T15:53:11.349+0000] {logging_mixin.py:137} INFO - [2022-11-30T15:53:11.349+0000] {dag.py:2585} INFO - Sync 1 DAGs
[2022-11-30T15:53:11.367+0000] {logging_mixin.py:137} INFO - [2022-11-30T15:53:11.367+0000] {dag.py:3340} INFO - Setting next_dagrun for latest_only_with_trigger to 2022-11-30T11:53:11.367691+00:00, run_after=2022-11-30T15:53:11.367691+00:00
[2022-11-30T15:53:11.449+0000] {processor.py:176} INFO - Processing /home/airflow/.local/lib/python3.7/site-packages/airflow/example_dags/example_latest_only_with_trigger.py took 0.143 seconds
[2022-11-30T15:53:41.986+0000] {processor.py:154} INFO - Started process (PID=684) to work on /home/airflow/.local/lib/python3.7/site-packages/airflow/example_dags/example_latest_only_with_trigger.py
[2022-11-30T15:53:41.987+0000] {processor.py:756} INFO - Processing file /home/airflow/.local/lib/python3.7/site-packages/airflow/example_dags/example_latest_only_with_trigger.py for tasks to queue
[2022-11-30T15:53:41.987+0000] {logging_mixin.py:137} INFO - [2022-11-30T15:53:41.987+0000] {dagbag.py:537} INFO - Filling up the DagBag from /home/airflow/.local/lib/python3.7/site-packages/airflow/example_dags/example_latest_only_with_trigger.py
[2022-11-30T15:53:41.996+0000] {processor.py:766} INFO - DAG(s) dict_keys(['latest_only_with_trigger']) retrieved from /home/airflow/.local/lib/python3.7/site-packages/airflow/example_dags/example_latest_only_with_trigger.py
[2022-11-30T15:53:42.022+0000] {logging_mixin.py:137} INFO - [2022-11-30T15:53:42.022+0000] {dag.py:2585} INFO - Sync 1 DAGs
[2022-11-30T15:53:42.040+0000] {logging_mixin.py:137} INFO - [2022-11-30T15:53:42.040+0000] {dag.py:3340} INFO - Setting next_dagrun for latest_only_with_trigger to 2022-11-30T11:53:42.040119+00:00, run_after=2022-11-30T15:53:42.040119+00:00
[2022-11-30T15:53:42.080+0000] {processor.py:176} INFO - Processing /home/airflow/.local/lib/python3.7/site-packages/airflow/example_dags/example_latest_only_with_trigger.py took 0.095 seconds
[2022-11-30T15:54:12.467+0000] {processor.py:154} INFO - Started process (PID=747) to work on /home/airflow/.local/lib/python3.7/site-packages/airflow/example_dags/example_latest_only_with_trigger.py
[2022-11-30T15:54:12.467+0000] {processor.py:756} INFO - Processing file /home/airflow/.local/lib/python3.7/site-packages/airflow/example_dags/example_latest_only_with_trigger.py for tasks to queue
[2022-11-30T15:54:12.468+0000] {logging_mixin.py:137} INFO - [2022-11-30T15:54:12.468+0000] {dagbag.py:537} INFO - Filling up the DagBag from /home/airflow/.local/lib/python3.7/site-packages/airflow/example_dags/example_latest_only_with_trigger.py
[2022-11-30T15:54:12.477+0000] {processor.py:766} INFO - DAG(s) dict_keys(['latest_only_with_trigger']) retrieved from /home/airflow/.local/lib/python3.7/site-packages/airflow/example_dags/example_latest_only_with_trigger.py
[2022-11-30T15:54:12.505+0000] {logging_mixin.py:137} INFO - [2022-11-30T15:54:12.505+0000] {dag.py:2585} INFO - Sync 1 DAGs
[2022-11-30T15:54:12.525+0000] {logging_mixin.py:137} INFO - [2022-11-30T15:54:12.525+0000] {dag.py:3340} INFO - Setting next_dagrun for latest_only_with_trigger to 2022-11-30T11:54:12.524896+00:00, run_after=2022-11-30T15:54:12.524896+00:00
[2022-11-30T15:54:12.565+0000] {processor.py:176} INFO - Processing /home/airflow/.local/lib/python3.7/site-packages/airflow/example_dags/example_latest_only_with_trigger.py took 0.100 seconds
[2022-11-30T15:54:43.017+0000] {processor.py:154} INFO - Started process (PID=810) to work on /home/airflow/.local/lib/python3.7/site-packages/airflow/example_dags/example_latest_only_with_trigger.py
[2022-11-30T15:54:43.017+0000] {processor.py:756} INFO - Processing file /home/airflow/.local/lib/python3.7/site-packages/airflow/example_dags/example_latest_only_with_trigger.py for tasks to queue
[2022-11-30T15:54:43.018+0000] {logging_mixin.py:137} INFO - [2022-11-30T15:54:43.018+0000] {dagbag.py:537} INFO - Filling up the DagBag from /home/airflow/.local/lib/python3.7/site-packages/airflow/example_dags/example_latest_only_with_trigger.py
[2022-11-30T15:54:43.026+0000] {processor.py:766} INFO - DAG(s) dict_keys(['latest_only_with_trigger']) retrieved from /home/airflow/.local/lib/python3.7/site-packages/airflow/example_dags/example_latest_only_with_trigger.py
[2022-11-30T15:54:43.053+0000] {logging_mixin.py:137} INFO - [2022-11-30T15:54:43.052+0000] {dag.py:2585} INFO - Sync 1 DAGs
[2022-11-30T15:54:43.070+0000] {logging_mixin.py:137} INFO - [2022-11-30T15:54:43.070+0000] {dag.py:3340} INFO - Setting next_dagrun for latest_only_with_trigger to 2022-11-30T11:54:43.070591+00:00, run_after=2022-11-30T15:54:43.070591+00:00
[2022-11-30T15:54:43.115+0000] {processor.py:176} INFO - Processing /home/airflow/.local/lib/python3.7/site-packages/airflow/example_dags/example_latest_only_with_trigger.py took 0.100 seconds
[2022-11-30T15:55:13.474+0000] {processor.py:154} INFO - Started process (PID=864) to work on /home/airflow/.local/lib/python3.7/site-packages/airflow/example_dags/example_latest_only_with_trigger.py
[2022-11-30T15:55:13.474+0000] {processor.py:756} INFO - Processing file /home/airflow/.local/lib/python3.7/site-packages/airflow/example_dags/example_latest_only_with_trigger.py for tasks to queue
[2022-11-30T15:55:13.475+0000] {logging_mixin.py:137} INFO - [2022-11-30T15:55:13.475+0000] {dagbag.py:537} INFO - Filling up the DagBag from /home/airflow/.local/lib/python3.7/site-packages/airflow/example_dags/example_latest_only_with_trigger.py
[2022-11-30T15:55:13.484+0000] {processor.py:766} INFO - DAG(s) dict_keys(['latest_only_with_trigger']) retrieved from /home/airflow/.local/lib/python3.7/site-packages/airflow/example_dags/example_latest_only_with_trigger.py
[2022-11-30T15:55:13.509+0000] {logging_mixin.py:137} INFO - [2022-11-30T15:55:13.509+0000] {dag.py:2585} INFO - Sync 1 DAGs
[2022-11-30T15:55:13.527+0000] {logging_mixin.py:137} INFO - [2022-11-30T15:55:13.527+0000] {dag.py:3340} INFO - Setting next_dagrun for latest_only_with_trigger to 2022-11-30T11:55:13.527247+00:00, run_after=2022-11-30T15:55:13.527247+00:00
[2022-11-30T15:55:13.567+0000] {processor.py:176} INFO - Processing /home/airflow/.local/lib/python3.7/site-packages/airflow/example_dags/example_latest_only_with_trigger.py took 0.095 seconds
