[2022-11-30T15:48:35.948+0000] {processor.py:154} INFO - Started process (PID=78) to work on /home/airflow/.local/lib/python3.7/site-packages/airflow/example_dags/example_trigger_controller_dag.py
[2022-11-30T15:48:35.949+0000] {processor.py:756} INFO - Processing file /home/airflow/.local/lib/python3.7/site-packages/airflow/example_dags/example_trigger_controller_dag.py for tasks to queue
[2022-11-30T15:48:35.950+0000] {logging_mixin.py:137} INFO - [2022-11-30T15:48:35.949+0000] {dagbag.py:537} INFO - Filling up the DagBag from /home/airflow/.local/lib/python3.7/site-packages/airflow/example_dags/example_trigger_controller_dag.py
[2022-11-30T15:48:35.959+0000] {processor.py:766} INFO - DAG(s) dict_keys(['example_trigger_controller_dag']) retrieved from /home/airflow/.local/lib/python3.7/site-packages/airflow/example_dags/example_trigger_controller_dag.py
[2022-11-30T15:48:36.168+0000] {logging_mixin.py:137} INFO - [2022-11-30T15:48:36.168+0000] {manager.py:507} INFO - Created Permission View: can edit on DAG:example_trigger_controller_dag
[2022-11-30T15:48:36.219+0000] {logging_mixin.py:137} INFO - [2022-11-30T15:48:36.219+0000] {manager.py:507} INFO - Created Permission View: can read on DAG:example_trigger_controller_dag
[2022-11-30T15:48:36.252+0000] {logging_mixin.py:137} INFO - [2022-11-30T15:48:36.252+0000] {manager.py:507} INFO - Created Permission View: can delete on DAG:example_trigger_controller_dag
[2022-11-30T15:48:36.252+0000] {logging_mixin.py:137} INFO - [2022-11-30T15:48:36.252+0000] {dag.py:2585} INFO - Sync 1 DAGs
[2022-11-30T15:48:36.262+0000] {logging_mixin.py:137} INFO - [2022-11-30T15:48:36.262+0000] {dag.py:2606} INFO - Creating ORM DAG for example_trigger_controller_dag
[2022-11-30T15:48:36.271+0000] {logging_mixin.py:137} INFO - [2022-11-30T15:48:36.271+0000] {dag.py:3340} INFO - Setting next_dagrun for example_trigger_controller_dag to 2021-01-01T00:00:00+00:00, run_after=2021-01-01T00:00:00+00:00
[2022-11-30T15:48:36.317+0000] {processor.py:176} INFO - Processing /home/airflow/.local/lib/python3.7/site-packages/airflow/example_dags/example_trigger_controller_dag.py took 0.370 seconds
[2022-11-30T15:49:06.683+0000] {processor.py:154} INFO - Started process (PID=141) to work on /home/airflow/.local/lib/python3.7/site-packages/airflow/example_dags/example_trigger_controller_dag.py
[2022-11-30T15:49:06.684+0000] {processor.py:756} INFO - Processing file /home/airflow/.local/lib/python3.7/site-packages/airflow/example_dags/example_trigger_controller_dag.py for tasks to queue
[2022-11-30T15:49:06.684+0000] {logging_mixin.py:137} INFO - [2022-11-30T15:49:06.684+0000] {dagbag.py:537} INFO - Filling up the DagBag from /home/airflow/.local/lib/python3.7/site-packages/airflow/example_dags/example_trigger_controller_dag.py
[2022-11-30T15:49:06.692+0000] {processor.py:766} INFO - DAG(s) dict_keys(['example_trigger_controller_dag']) retrieved from /home/airflow/.local/lib/python3.7/site-packages/airflow/example_dags/example_trigger_controller_dag.py
[2022-11-30T15:49:06.723+0000] {logging_mixin.py:137} INFO - [2022-11-30T15:49:06.723+0000] {dag.py:2585} INFO - Sync 1 DAGs
[2022-11-30T15:49:06.744+0000] {logging_mixin.py:137} INFO - [2022-11-30T15:49:06.744+0000] {dag.py:3340} INFO - Setting next_dagrun for example_trigger_controller_dag to 2021-01-01T00:00:00+00:00, run_after=2021-01-01T00:00:00+00:00
[2022-11-30T15:49:06.943+0000] {processor.py:176} INFO - Processing /home/airflow/.local/lib/python3.7/site-packages/airflow/example_dags/example_trigger_controller_dag.py took 0.262 seconds
[2022-11-30T15:49:37.589+0000] {processor.py:154} INFO - Started process (PID=205) to work on /home/airflow/.local/lib/python3.7/site-packages/airflow/example_dags/example_trigger_controller_dag.py
[2022-11-30T15:49:37.589+0000] {processor.py:756} INFO - Processing file /home/airflow/.local/lib/python3.7/site-packages/airflow/example_dags/example_trigger_controller_dag.py for tasks to queue
[2022-11-30T15:49:37.590+0000] {logging_mixin.py:137} INFO - [2022-11-30T15:49:37.590+0000] {dagbag.py:537} INFO - Filling up the DagBag from /home/airflow/.local/lib/python3.7/site-packages/airflow/example_dags/example_trigger_controller_dag.py
[2022-11-30T15:49:37.598+0000] {processor.py:766} INFO - DAG(s) dict_keys(['example_trigger_controller_dag']) retrieved from /home/airflow/.local/lib/python3.7/site-packages/airflow/example_dags/example_trigger_controller_dag.py
[2022-11-30T15:49:37.627+0000] {logging_mixin.py:137} INFO - [2022-11-30T15:49:37.627+0000] {dag.py:2585} INFO - Sync 1 DAGs
[2022-11-30T15:49:37.651+0000] {logging_mixin.py:137} INFO - [2022-11-30T15:49:37.651+0000] {dag.py:3340} INFO - Setting next_dagrun for example_trigger_controller_dag to 2021-01-01T00:00:00+00:00, run_after=2021-01-01T00:00:00+00:00
[2022-11-30T15:49:37.692+0000] {processor.py:176} INFO - Processing /home/airflow/.local/lib/python3.7/site-packages/airflow/example_dags/example_trigger_controller_dag.py took 0.105 seconds
[2022-11-30T15:50:07.928+0000] {processor.py:154} INFO - Started process (PID=259) to work on /home/airflow/.local/lib/python3.7/site-packages/airflow/example_dags/example_trigger_controller_dag.py
[2022-11-30T15:50:07.928+0000] {processor.py:756} INFO - Processing file /home/airflow/.local/lib/python3.7/site-packages/airflow/example_dags/example_trigger_controller_dag.py for tasks to queue
[2022-11-30T15:50:07.929+0000] {logging_mixin.py:137} INFO - [2022-11-30T15:50:07.929+0000] {dagbag.py:537} INFO - Filling up the DagBag from /home/airflow/.local/lib/python3.7/site-packages/airflow/example_dags/example_trigger_controller_dag.py
[2022-11-30T15:50:07.936+0000] {processor.py:766} INFO - DAG(s) dict_keys(['example_trigger_controller_dag']) retrieved from /home/airflow/.local/lib/python3.7/site-packages/airflow/example_dags/example_trigger_controller_dag.py
[2022-11-30T15:50:07.965+0000] {logging_mixin.py:137} INFO - [2022-11-30T15:50:07.964+0000] {dag.py:2585} INFO - Sync 1 DAGs
[2022-11-30T15:50:07.984+0000] {logging_mixin.py:137} INFO - [2022-11-30T15:50:07.983+0000] {dag.py:3340} INFO - Setting next_dagrun for example_trigger_controller_dag to 2021-01-01T00:00:00+00:00, run_after=2021-01-01T00:00:00+00:00
[2022-11-30T15:50:08.023+0000] {processor.py:176} INFO - Processing /home/airflow/.local/lib/python3.7/site-packages/airflow/example_dags/example_trigger_controller_dag.py took 0.097 seconds
[2022-11-30T15:50:38.612+0000] {processor.py:154} INFO - Started process (PID=322) to work on /home/airflow/.local/lib/python3.7/site-packages/airflow/example_dags/example_trigger_controller_dag.py
[2022-11-30T15:50:38.612+0000] {processor.py:756} INFO - Processing file /home/airflow/.local/lib/python3.7/site-packages/airflow/example_dags/example_trigger_controller_dag.py for tasks to queue
[2022-11-30T15:50:38.613+0000] {logging_mixin.py:137} INFO - [2022-11-30T15:50:38.613+0000] {dagbag.py:537} INFO - Filling up the DagBag from /home/airflow/.local/lib/python3.7/site-packages/airflow/example_dags/example_trigger_controller_dag.py
[2022-11-30T15:50:38.621+0000] {processor.py:766} INFO - DAG(s) dict_keys(['example_trigger_controller_dag']) retrieved from /home/airflow/.local/lib/python3.7/site-packages/airflow/example_dags/example_trigger_controller_dag.py
[2022-11-30T15:50:38.651+0000] {logging_mixin.py:137} INFO - [2022-11-30T15:50:38.651+0000] {dag.py:2585} INFO - Sync 1 DAGs
[2022-11-30T15:50:38.672+0000] {logging_mixin.py:137} INFO - [2022-11-30T15:50:38.672+0000] {dag.py:3340} INFO - Setting next_dagrun for example_trigger_controller_dag to 2021-01-01T00:00:00+00:00, run_after=2021-01-01T00:00:00+00:00
[2022-11-30T15:50:38.715+0000] {processor.py:176} INFO - Processing /home/airflow/.local/lib/python3.7/site-packages/airflow/example_dags/example_trigger_controller_dag.py took 0.106 seconds
[2022-11-30T15:51:09.087+0000] {processor.py:154} INFO - Started process (PID=385) to work on /home/airflow/.local/lib/python3.7/site-packages/airflow/example_dags/example_trigger_controller_dag.py
[2022-11-30T15:51:09.088+0000] {processor.py:756} INFO - Processing file /home/airflow/.local/lib/python3.7/site-packages/airflow/example_dags/example_trigger_controller_dag.py for tasks to queue
[2022-11-30T15:51:09.089+0000] {logging_mixin.py:137} INFO - [2022-11-30T15:51:09.088+0000] {dagbag.py:537} INFO - Filling up the DagBag from /home/airflow/.local/lib/python3.7/site-packages/airflow/example_dags/example_trigger_controller_dag.py
[2022-11-30T15:51:09.096+0000] {processor.py:766} INFO - DAG(s) dict_keys(['example_trigger_controller_dag']) retrieved from /home/airflow/.local/lib/python3.7/site-packages/airflow/example_dags/example_trigger_controller_dag.py
[2022-11-30T15:51:09.123+0000] {logging_mixin.py:137} INFO - [2022-11-30T15:51:09.123+0000] {dag.py:2585} INFO - Sync 1 DAGs
[2022-11-30T15:51:09.142+0000] {logging_mixin.py:137} INFO - [2022-11-30T15:51:09.141+0000] {dag.py:3340} INFO - Setting next_dagrun for example_trigger_controller_dag to 2021-01-01T00:00:00+00:00, run_after=2021-01-01T00:00:00+00:00
[2022-11-30T15:51:09.180+0000] {processor.py:176} INFO - Processing /home/airflow/.local/lib/python3.7/site-packages/airflow/example_dags/example_trigger_controller_dag.py took 0.095 seconds
[2022-11-30T15:51:39.886+0000] {processor.py:154} INFO - Started process (PID=440) to work on /home/airflow/.local/lib/python3.7/site-packages/airflow/example_dags/example_trigger_controller_dag.py
[2022-11-30T15:51:39.886+0000] {processor.py:756} INFO - Processing file /home/airflow/.local/lib/python3.7/site-packages/airflow/example_dags/example_trigger_controller_dag.py for tasks to queue
[2022-11-30T15:51:39.887+0000] {logging_mixin.py:137} INFO - [2022-11-30T15:51:39.887+0000] {dagbag.py:537} INFO - Filling up the DagBag from /home/airflow/.local/lib/python3.7/site-packages/airflow/example_dags/example_trigger_controller_dag.py
[2022-11-30T15:51:39.895+0000] {processor.py:766} INFO - DAG(s) dict_keys(['example_trigger_controller_dag']) retrieved from /home/airflow/.local/lib/python3.7/site-packages/airflow/example_dags/example_trigger_controller_dag.py
[2022-11-30T15:51:39.924+0000] {logging_mixin.py:137} INFO - [2022-11-30T15:51:39.924+0000] {dag.py:2585} INFO - Sync 1 DAGs
[2022-11-30T15:51:39.946+0000] {logging_mixin.py:137} INFO - [2022-11-30T15:51:39.946+0000] {dag.py:3340} INFO - Setting next_dagrun for example_trigger_controller_dag to 2021-01-01T00:00:00+00:00, run_after=2021-01-01T00:00:00+00:00
[2022-11-30T15:51:39.993+0000] {processor.py:176} INFO - Processing /home/airflow/.local/lib/python3.7/site-packages/airflow/example_dags/example_trigger_controller_dag.py took 0.109 seconds
[2022-11-30T15:52:10.275+0000] {processor.py:154} INFO - Started process (PID=503) to work on /home/airflow/.local/lib/python3.7/site-packages/airflow/example_dags/example_trigger_controller_dag.py
[2022-11-30T15:52:10.276+0000] {processor.py:756} INFO - Processing file /home/airflow/.local/lib/python3.7/site-packages/airflow/example_dags/example_trigger_controller_dag.py for tasks to queue
[2022-11-30T15:52:10.276+0000] {logging_mixin.py:137} INFO - [2022-11-30T15:52:10.276+0000] {dagbag.py:537} INFO - Filling up the DagBag from /home/airflow/.local/lib/python3.7/site-packages/airflow/example_dags/example_trigger_controller_dag.py
[2022-11-30T15:52:10.285+0000] {processor.py:766} INFO - DAG(s) dict_keys(['example_trigger_controller_dag']) retrieved from /home/airflow/.local/lib/python3.7/site-packages/airflow/example_dags/example_trigger_controller_dag.py
[2022-11-30T15:52:10.319+0000] {logging_mixin.py:137} INFO - [2022-11-30T15:52:10.319+0000] {dag.py:2585} INFO - Sync 1 DAGs
[2022-11-30T15:52:10.343+0000] {logging_mixin.py:137} INFO - [2022-11-30T15:52:10.343+0000] {dag.py:3340} INFO - Setting next_dagrun for example_trigger_controller_dag to 2021-01-01T00:00:00+00:00, run_after=2021-01-01T00:00:00+00:00
[2022-11-30T15:52:10.387+0000] {processor.py:176} INFO - Processing /home/airflow/.local/lib/python3.7/site-packages/airflow/example_dags/example_trigger_controller_dag.py took 0.114 seconds
[2022-11-30T15:52:40.758+0000] {processor.py:154} INFO - Started process (PID=566) to work on /home/airflow/.local/lib/python3.7/site-packages/airflow/example_dags/example_trigger_controller_dag.py
[2022-11-30T15:52:40.758+0000] {processor.py:756} INFO - Processing file /home/airflow/.local/lib/python3.7/site-packages/airflow/example_dags/example_trigger_controller_dag.py for tasks to queue
[2022-11-30T15:52:40.759+0000] {logging_mixin.py:137} INFO - [2022-11-30T15:52:40.759+0000] {dagbag.py:537} INFO - Filling up the DagBag from /home/airflow/.local/lib/python3.7/site-packages/airflow/example_dags/example_trigger_controller_dag.py
[2022-11-30T15:52:40.765+0000] {processor.py:766} INFO - DAG(s) dict_keys(['example_trigger_controller_dag']) retrieved from /home/airflow/.local/lib/python3.7/site-packages/airflow/example_dags/example_trigger_controller_dag.py
[2022-11-30T15:52:40.794+0000] {logging_mixin.py:137} INFO - [2022-11-30T15:52:40.794+0000] {dag.py:2585} INFO - Sync 1 DAGs
[2022-11-30T15:52:40.813+0000] {logging_mixin.py:137} INFO - [2022-11-30T15:52:40.812+0000] {dag.py:3340} INFO - Setting next_dagrun for example_trigger_controller_dag to 2021-01-01T00:00:00+00:00, run_after=2021-01-01T00:00:00+00:00
[2022-11-30T15:52:40.856+0000] {processor.py:176} INFO - Processing /home/airflow/.local/lib/python3.7/site-packages/airflow/example_dags/example_trigger_controller_dag.py took 0.100 seconds
[2022-11-30T15:53:11.278+0000] {processor.py:154} INFO - Started process (PID=629) to work on /home/airflow/.local/lib/python3.7/site-packages/airflow/example_dags/example_trigger_controller_dag.py
[2022-11-30T15:53:11.279+0000] {processor.py:756} INFO - Processing file /home/airflow/.local/lib/python3.7/site-packages/airflow/example_dags/example_trigger_controller_dag.py for tasks to queue
[2022-11-30T15:53:11.279+0000] {logging_mixin.py:137} INFO - [2022-11-30T15:53:11.279+0000] {dagbag.py:537} INFO - Filling up the DagBag from /home/airflow/.local/lib/python3.7/site-packages/airflow/example_dags/example_trigger_controller_dag.py
[2022-11-30T15:53:11.287+0000] {processor.py:766} INFO - DAG(s) dict_keys(['example_trigger_controller_dag']) retrieved from /home/airflow/.local/lib/python3.7/site-packages/airflow/example_dags/example_trigger_controller_dag.py
[2022-11-30T15:53:11.315+0000] {logging_mixin.py:137} INFO - [2022-11-30T15:53:11.315+0000] {dag.py:2585} INFO - Sync 1 DAGs
[2022-11-30T15:53:11.336+0000] {logging_mixin.py:137} INFO - [2022-11-30T15:53:11.336+0000] {dag.py:3340} INFO - Setting next_dagrun for example_trigger_controller_dag to 2021-01-01T00:00:00+00:00, run_after=2021-01-01T00:00:00+00:00
[2022-11-30T15:53:11.449+0000] {processor.py:176} INFO - Processing /home/airflow/.local/lib/python3.7/site-packages/airflow/example_dags/example_trigger_controller_dag.py took 0.172 seconds
[2022-11-30T15:53:41.954+0000] {processor.py:154} INFO - Started process (PID=683) to work on /home/airflow/.local/lib/python3.7/site-packages/airflow/example_dags/example_trigger_controller_dag.py
[2022-11-30T15:53:41.954+0000] {processor.py:756} INFO - Processing file /home/airflow/.local/lib/python3.7/site-packages/airflow/example_dags/example_trigger_controller_dag.py for tasks to queue
[2022-11-30T15:53:41.955+0000] {logging_mixin.py:137} INFO - [2022-11-30T15:53:41.955+0000] {dagbag.py:537} INFO - Filling up the DagBag from /home/airflow/.local/lib/python3.7/site-packages/airflow/example_dags/example_trigger_controller_dag.py
[2022-11-30T15:53:41.961+0000] {processor.py:766} INFO - DAG(s) dict_keys(['example_trigger_controller_dag']) retrieved from /home/airflow/.local/lib/python3.7/site-packages/airflow/example_dags/example_trigger_controller_dag.py
[2022-11-30T15:53:41.988+0000] {logging_mixin.py:137} INFO - [2022-11-30T15:53:41.988+0000] {dag.py:2585} INFO - Sync 1 DAGs
[2022-11-30T15:53:42.007+0000] {logging_mixin.py:137} INFO - [2022-11-30T15:53:42.007+0000] {dag.py:3340} INFO - Setting next_dagrun for example_trigger_controller_dag to 2021-01-01T00:00:00+00:00, run_after=2021-01-01T00:00:00+00:00
[2022-11-30T15:53:42.049+0000] {processor.py:176} INFO - Processing /home/airflow/.local/lib/python3.7/site-packages/airflow/example_dags/example_trigger_controller_dag.py took 0.097 seconds
[2022-11-30T15:54:12.434+0000] {processor.py:154} INFO - Started process (PID=746) to work on /home/airflow/.local/lib/python3.7/site-packages/airflow/example_dags/example_trigger_controller_dag.py
[2022-11-30T15:54:12.435+0000] {processor.py:756} INFO - Processing file /home/airflow/.local/lib/python3.7/site-packages/airflow/example_dags/example_trigger_controller_dag.py for tasks to queue
[2022-11-30T15:54:12.436+0000] {logging_mixin.py:137} INFO - [2022-11-30T15:54:12.436+0000] {dagbag.py:537} INFO - Filling up the DagBag from /home/airflow/.local/lib/python3.7/site-packages/airflow/example_dags/example_trigger_controller_dag.py
[2022-11-30T15:54:12.443+0000] {processor.py:766} INFO - DAG(s) dict_keys(['example_trigger_controller_dag']) retrieved from /home/airflow/.local/lib/python3.7/site-packages/airflow/example_dags/example_trigger_controller_dag.py
[2022-11-30T15:54:12.472+0000] {logging_mixin.py:137} INFO - [2022-11-30T15:54:12.472+0000] {dag.py:2585} INFO - Sync 1 DAGs
[2022-11-30T15:54:12.491+0000] {logging_mixin.py:137} INFO - [2022-11-30T15:54:12.491+0000] {dag.py:3340} INFO - Setting next_dagrun for example_trigger_controller_dag to 2021-01-01T00:00:00+00:00, run_after=2021-01-01T00:00:00+00:00
[2022-11-30T15:54:12.528+0000] {processor.py:176} INFO - Processing /home/airflow/.local/lib/python3.7/site-packages/airflow/example_dags/example_trigger_controller_dag.py took 0.095 seconds
[2022-11-30T15:54:42.872+0000] {processor.py:154} INFO - Started process (PID=809) to work on /home/airflow/.local/lib/python3.7/site-packages/airflow/example_dags/example_trigger_controller_dag.py
[2022-11-30T15:54:42.873+0000] {processor.py:756} INFO - Processing file /home/airflow/.local/lib/python3.7/site-packages/airflow/example_dags/example_trigger_controller_dag.py for tasks to queue
[2022-11-30T15:54:42.874+0000] {logging_mixin.py:137} INFO - [2022-11-30T15:54:42.874+0000] {dagbag.py:537} INFO - Filling up the DagBag from /home/airflow/.local/lib/python3.7/site-packages/airflow/example_dags/example_trigger_controller_dag.py
[2022-11-30T15:54:42.885+0000] {processor.py:766} INFO - DAG(s) dict_keys(['example_trigger_controller_dag']) retrieved from /home/airflow/.local/lib/python3.7/site-packages/airflow/example_dags/example_trigger_controller_dag.py
[2022-11-30T15:54:42.915+0000] {logging_mixin.py:137} INFO - [2022-11-30T15:54:42.915+0000] {dag.py:2585} INFO - Sync 1 DAGs
[2022-11-30T15:54:42.934+0000] {logging_mixin.py:137} INFO - [2022-11-30T15:54:42.934+0000] {dag.py:3340} INFO - Setting next_dagrun for example_trigger_controller_dag to 2021-01-01T00:00:00+00:00, run_after=2021-01-01T00:00:00+00:00
[2022-11-30T15:54:42.998+0000] {processor.py:176} INFO - Processing /home/airflow/.local/lib/python3.7/site-packages/airflow/example_dags/example_trigger_controller_dag.py took 0.128 seconds
[2022-11-30T15:55:13.444+0000] {processor.py:154} INFO - Started process (PID=863) to work on /home/airflow/.local/lib/python3.7/site-packages/airflow/example_dags/example_trigger_controller_dag.py
[2022-11-30T15:55:13.445+0000] {processor.py:756} INFO - Processing file /home/airflow/.local/lib/python3.7/site-packages/airflow/example_dags/example_trigger_controller_dag.py for tasks to queue
[2022-11-30T15:55:13.445+0000] {logging_mixin.py:137} INFO - [2022-11-30T15:55:13.445+0000] {dagbag.py:537} INFO - Filling up the DagBag from /home/airflow/.local/lib/python3.7/site-packages/airflow/example_dags/example_trigger_controller_dag.py
[2022-11-30T15:55:13.452+0000] {processor.py:766} INFO - DAG(s) dict_keys(['example_trigger_controller_dag']) retrieved from /home/airflow/.local/lib/python3.7/site-packages/airflow/example_dags/example_trigger_controller_dag.py
[2022-11-30T15:55:13.479+0000] {logging_mixin.py:137} INFO - [2022-11-30T15:55:13.479+0000] {dag.py:2585} INFO - Sync 1 DAGs
[2022-11-30T15:55:13.497+0000] {logging_mixin.py:137} INFO - [2022-11-30T15:55:13.497+0000] {dag.py:3340} INFO - Setting next_dagrun for example_trigger_controller_dag to 2021-01-01T00:00:00+00:00, run_after=2021-01-01T00:00:00+00:00
[2022-11-30T15:55:13.539+0000] {processor.py:176} INFO - Processing /home/airflow/.local/lib/python3.7/site-packages/airflow/example_dags/example_trigger_controller_dag.py took 0.097 seconds
