[2022-11-30T15:48:34.423+0000] {processor.py:154} INFO - Started process (PID=73) to work on /home/airflow/.local/lib/python3.7/site-packages/airflow/example_dags/example_bash_operator.py
[2022-11-30T15:48:34.424+0000] {processor.py:756} INFO - Processing file /home/airflow/.local/lib/python3.7/site-packages/airflow/example_dags/example_bash_operator.py for tasks to queue
[2022-11-30T15:48:34.424+0000] {logging_mixin.py:137} INFO - [2022-11-30T15:48:34.424+0000] {dagbag.py:537} INFO - Filling up the DagBag from /home/airflow/.local/lib/python3.7/site-packages/airflow/example_dags/example_bash_operator.py
[2022-11-30T15:48:34.459+0000] {processor.py:766} INFO - DAG(s) dict_keys(['example_bash_operator']) retrieved from /home/airflow/.local/lib/python3.7/site-packages/airflow/example_dags/example_bash_operator.py
[2022-11-30T15:48:34.602+0000] {logging_mixin.py:137} INFO - [2022-11-30T15:48:34.602+0000] {manager.py:507} INFO - Created Permission View: can edit on DAG:example_bash_operator
[2022-11-30T15:48:34.652+0000] {logging_mixin.py:137} INFO - [2022-11-30T15:48:34.652+0000] {manager.py:507} INFO - Created Permission View: can read on DAG:example_bash_operator
[2022-11-30T15:48:34.702+0000] {logging_mixin.py:137} INFO - [2022-11-30T15:48:34.701+0000] {manager.py:507} INFO - Created Permission View: can delete on DAG:example_bash_operator
[2022-11-30T15:48:34.702+0000] {logging_mixin.py:137} INFO - [2022-11-30T15:48:34.702+0000] {dag.py:2585} INFO - Sync 1 DAGs
[2022-11-30T15:48:34.713+0000] {logging_mixin.py:137} INFO - [2022-11-30T15:48:34.713+0000] {dag.py:2606} INFO - Creating ORM DAG for example_bash_operator
[2022-11-30T15:48:34.723+0000] {logging_mixin.py:137} INFO - [2022-11-30T15:48:34.723+0000] {dag.py:3340} INFO - Setting next_dagrun for example_bash_operator to 2022-11-29T00:00:00+00:00, run_after=2022-11-30T00:00:00+00:00
[2022-11-30T15:48:34.758+0000] {processor.py:176} INFO - Processing /home/airflow/.local/lib/python3.7/site-packages/airflow/example_dags/example_bash_operator.py took 0.337 seconds
[2022-11-30T15:49:04.984+0000] {processor.py:154} INFO - Started process (PID=136) to work on /home/airflow/.local/lib/python3.7/site-packages/airflow/example_dags/example_bash_operator.py
[2022-11-30T15:49:04.985+0000] {processor.py:756} INFO - Processing file /home/airflow/.local/lib/python3.7/site-packages/airflow/example_dags/example_bash_operator.py for tasks to queue
[2022-11-30T15:49:04.985+0000] {logging_mixin.py:137} INFO - [2022-11-30T15:49:04.985+0000] {dagbag.py:537} INFO - Filling up the DagBag from /home/airflow/.local/lib/python3.7/site-packages/airflow/example_dags/example_bash_operator.py
[2022-11-30T15:49:05.000+0000] {processor.py:766} INFO - DAG(s) dict_keys(['example_bash_operator']) retrieved from /home/airflow/.local/lib/python3.7/site-packages/airflow/example_dags/example_bash_operator.py
[2022-11-30T15:49:05.035+0000] {logging_mixin.py:137} INFO - [2022-11-30T15:49:05.035+0000] {dag.py:2585} INFO - Sync 1 DAGs
[2022-11-30T15:49:05.060+0000] {logging_mixin.py:137} INFO - [2022-11-30T15:49:05.060+0000] {dag.py:3340} INFO - Setting next_dagrun for example_bash_operator to 2022-11-29T00:00:00+00:00, run_after=2022-11-30T00:00:00+00:00
[2022-11-30T15:49:05.099+0000] {processor.py:176} INFO - Processing /home/airflow/.local/lib/python3.7/site-packages/airflow/example_dags/example_bash_operator.py took 0.117 seconds
[2022-11-30T15:49:35.182+0000] {processor.py:154} INFO - Started process (PID=191) to work on /home/airflow/.local/lib/python3.7/site-packages/airflow/example_dags/example_bash_operator.py
[2022-11-30T15:49:35.182+0000] {processor.py:756} INFO - Processing file /home/airflow/.local/lib/python3.7/site-packages/airflow/example_dags/example_bash_operator.py for tasks to queue
[2022-11-30T15:49:35.183+0000] {logging_mixin.py:137} INFO - [2022-11-30T15:49:35.183+0000] {dagbag.py:537} INFO - Filling up the DagBag from /home/airflow/.local/lib/python3.7/site-packages/airflow/example_dags/example_bash_operator.py
[2022-11-30T15:49:35.199+0000] {processor.py:766} INFO - DAG(s) dict_keys(['example_bash_operator']) retrieved from /home/airflow/.local/lib/python3.7/site-packages/airflow/example_dags/example_bash_operator.py
[2022-11-30T15:49:35.235+0000] {logging_mixin.py:137} INFO - [2022-11-30T15:49:35.235+0000] {dag.py:2585} INFO - Sync 1 DAGs
[2022-11-30T15:49:35.256+0000] {logging_mixin.py:137} INFO - [2022-11-30T15:49:35.256+0000] {dag.py:3340} INFO - Setting next_dagrun for example_bash_operator to 2022-11-29T00:00:00+00:00, run_after=2022-11-30T00:00:00+00:00
[2022-11-30T15:49:35.298+0000] {processor.py:176} INFO - Processing /home/airflow/.local/lib/python3.7/site-packages/airflow/example_dags/example_bash_operator.py took 0.118 seconds
[2022-11-30T15:50:05.524+0000] {processor.py:154} INFO - Started process (PID=253) to work on /home/airflow/.local/lib/python3.7/site-packages/airflow/example_dags/example_bash_operator.py
[2022-11-30T15:50:05.524+0000] {processor.py:756} INFO - Processing file /home/airflow/.local/lib/python3.7/site-packages/airflow/example_dags/example_bash_operator.py for tasks to queue
[2022-11-30T15:50:05.525+0000] {logging_mixin.py:137} INFO - [2022-11-30T15:50:05.525+0000] {dagbag.py:537} INFO - Filling up the DagBag from /home/airflow/.local/lib/python3.7/site-packages/airflow/example_dags/example_bash_operator.py
[2022-11-30T15:50:05.545+0000] {processor.py:766} INFO - DAG(s) dict_keys(['example_bash_operator']) retrieved from /home/airflow/.local/lib/python3.7/site-packages/airflow/example_dags/example_bash_operator.py
[2022-11-30T15:50:05.580+0000] {logging_mixin.py:137} INFO - [2022-11-30T15:50:05.580+0000] {dag.py:2585} INFO - Sync 1 DAGs
[2022-11-30T15:50:05.602+0000] {logging_mixin.py:137} INFO - [2022-11-30T15:50:05.602+0000] {dag.py:3340} INFO - Setting next_dagrun for example_bash_operator to 2022-11-29T00:00:00+00:00, run_after=2022-11-30T00:00:00+00:00
[2022-11-30T15:50:05.647+0000] {processor.py:176} INFO - Processing /home/airflow/.local/lib/python3.7/site-packages/airflow/example_dags/example_bash_operator.py took 0.126 seconds
[2022-11-30T15:50:36.140+0000] {processor.py:154} INFO - Started process (PID=316) to work on /home/airflow/.local/lib/python3.7/site-packages/airflow/example_dags/example_bash_operator.py
[2022-11-30T15:50:36.141+0000] {processor.py:756} INFO - Processing file /home/airflow/.local/lib/python3.7/site-packages/airflow/example_dags/example_bash_operator.py for tasks to queue
[2022-11-30T15:50:36.141+0000] {logging_mixin.py:137} INFO - [2022-11-30T15:50:36.141+0000] {dagbag.py:537} INFO - Filling up the DagBag from /home/airflow/.local/lib/python3.7/site-packages/airflow/example_dags/example_bash_operator.py
[2022-11-30T15:50:36.156+0000] {processor.py:766} INFO - DAG(s) dict_keys(['example_bash_operator']) retrieved from /home/airflow/.local/lib/python3.7/site-packages/airflow/example_dags/example_bash_operator.py
[2022-11-30T15:50:36.199+0000] {logging_mixin.py:137} INFO - [2022-11-30T15:50:36.199+0000] {dag.py:2585} INFO - Sync 1 DAGs
[2022-11-30T15:50:36.220+0000] {logging_mixin.py:137} INFO - [2022-11-30T15:50:36.220+0000] {dag.py:3340} INFO - Setting next_dagrun for example_bash_operator to 2022-11-29T00:00:00+00:00, run_after=2022-11-30T00:00:00+00:00
[2022-11-30T15:50:36.264+0000] {processor.py:176} INFO - Processing /home/airflow/.local/lib/python3.7/site-packages/airflow/example_dags/example_bash_operator.py took 0.126 seconds
[2022-11-30T15:51:06.661+0000] {processor.py:154} INFO - Started process (PID=378) to work on /home/airflow/.local/lib/python3.7/site-packages/airflow/example_dags/example_bash_operator.py
[2022-11-30T15:51:06.661+0000] {processor.py:756} INFO - Processing file /home/airflow/.local/lib/python3.7/site-packages/airflow/example_dags/example_bash_operator.py for tasks to queue
[2022-11-30T15:51:06.662+0000] {logging_mixin.py:137} INFO - [2022-11-30T15:51:06.662+0000] {dagbag.py:537} INFO - Filling up the DagBag from /home/airflow/.local/lib/python3.7/site-packages/airflow/example_dags/example_bash_operator.py
[2022-11-30T15:51:06.678+0000] {processor.py:766} INFO - DAG(s) dict_keys(['example_bash_operator']) retrieved from /home/airflow/.local/lib/python3.7/site-packages/airflow/example_dags/example_bash_operator.py
[2022-11-30T15:51:06.718+0000] {logging_mixin.py:137} INFO - [2022-11-30T15:51:06.718+0000] {dag.py:2585} INFO - Sync 1 DAGs
[2022-11-30T15:51:06.743+0000] {logging_mixin.py:137} INFO - [2022-11-30T15:51:06.742+0000] {dag.py:3340} INFO - Setting next_dagrun for example_bash_operator to 2022-11-29T00:00:00+00:00, run_after=2022-11-30T00:00:00+00:00
[2022-11-30T15:51:06.794+0000] {processor.py:176} INFO - Processing /home/airflow/.local/lib/python3.7/site-packages/airflow/example_dags/example_bash_operator.py took 0.135 seconds
[2022-11-30T15:51:37.609+0000] {processor.py:154} INFO - Started process (PID=435) to work on /home/airflow/.local/lib/python3.7/site-packages/airflow/example_dags/example_bash_operator.py
[2022-11-30T15:51:37.610+0000] {processor.py:756} INFO - Processing file /home/airflow/.local/lib/python3.7/site-packages/airflow/example_dags/example_bash_operator.py for tasks to queue
[2022-11-30T15:51:37.610+0000] {logging_mixin.py:137} INFO - [2022-11-30T15:51:37.610+0000] {dagbag.py:537} INFO - Filling up the DagBag from /home/airflow/.local/lib/python3.7/site-packages/airflow/example_dags/example_bash_operator.py
[2022-11-30T15:51:37.625+0000] {processor.py:766} INFO - DAG(s) dict_keys(['example_bash_operator']) retrieved from /home/airflow/.local/lib/python3.7/site-packages/airflow/example_dags/example_bash_operator.py
[2022-11-30T15:51:37.662+0000] {logging_mixin.py:137} INFO - [2022-11-30T15:51:37.661+0000] {dag.py:2585} INFO - Sync 1 DAGs
[2022-11-30T15:51:37.686+0000] {logging_mixin.py:137} INFO - [2022-11-30T15:51:37.686+0000] {dag.py:3340} INFO - Setting next_dagrun for example_bash_operator to 2022-11-29T00:00:00+00:00, run_after=2022-11-30T00:00:00+00:00
[2022-11-30T15:51:37.737+0000] {processor.py:176} INFO - Processing /home/airflow/.local/lib/python3.7/site-packages/airflow/example_dags/example_bash_operator.py took 0.131 seconds
[2022-11-30T15:52:07.954+0000] {processor.py:154} INFO - Started process (PID=498) to work on /home/airflow/.local/lib/python3.7/site-packages/airflow/example_dags/example_bash_operator.py
[2022-11-30T15:52:07.955+0000] {processor.py:756} INFO - Processing file /home/airflow/.local/lib/python3.7/site-packages/airflow/example_dags/example_bash_operator.py for tasks to queue
[2022-11-30T15:52:07.955+0000] {logging_mixin.py:137} INFO - [2022-11-30T15:52:07.955+0000] {dagbag.py:537} INFO - Filling up the DagBag from /home/airflow/.local/lib/python3.7/site-packages/airflow/example_dags/example_bash_operator.py
[2022-11-30T15:52:07.977+0000] {processor.py:766} INFO - DAG(s) dict_keys(['example_bash_operator']) retrieved from /home/airflow/.local/lib/python3.7/site-packages/airflow/example_dags/example_bash_operator.py
[2022-11-30T15:52:08.020+0000] {logging_mixin.py:137} INFO - [2022-11-30T15:52:08.020+0000] {dag.py:2585} INFO - Sync 1 DAGs
[2022-11-30T15:52:08.042+0000] {logging_mixin.py:137} INFO - [2022-11-30T15:52:08.042+0000] {dag.py:3340} INFO - Setting next_dagrun for example_bash_operator to 2022-11-29T00:00:00+00:00, run_after=2022-11-30T00:00:00+00:00
[2022-11-30T15:52:08.162+0000] {processor.py:176} INFO - Processing /home/airflow/.local/lib/python3.7/site-packages/airflow/example_dags/example_bash_operator.py took 0.210 seconds
[2022-11-30T15:52:38.470+0000] {processor.py:154} INFO - Started process (PID=561) to work on /home/airflow/.local/lib/python3.7/site-packages/airflow/example_dags/example_bash_operator.py
[2022-11-30T15:52:38.471+0000] {processor.py:756} INFO - Processing file /home/airflow/.local/lib/python3.7/site-packages/airflow/example_dags/example_bash_operator.py for tasks to queue
[2022-11-30T15:52:38.472+0000] {logging_mixin.py:137} INFO - [2022-11-30T15:52:38.471+0000] {dagbag.py:537} INFO - Filling up the DagBag from /home/airflow/.local/lib/python3.7/site-packages/airflow/example_dags/example_bash_operator.py
[2022-11-30T15:52:38.487+0000] {processor.py:766} INFO - DAG(s) dict_keys(['example_bash_operator']) retrieved from /home/airflow/.local/lib/python3.7/site-packages/airflow/example_dags/example_bash_operator.py
[2022-11-30T15:52:38.521+0000] {logging_mixin.py:137} INFO - [2022-11-30T15:52:38.520+0000] {dag.py:2585} INFO - Sync 1 DAGs
[2022-11-30T15:52:38.540+0000] {logging_mixin.py:137} INFO - [2022-11-30T15:52:38.540+0000] {dag.py:3340} INFO - Setting next_dagrun for example_bash_operator to 2022-11-29T00:00:00+00:00, run_after=2022-11-30T00:00:00+00:00
[2022-11-30T15:52:38.610+0000] {processor.py:176} INFO - Processing /home/airflow/.local/lib/python3.7/site-packages/airflow/example_dags/example_bash_operator.py took 0.142 seconds
[2022-11-30T15:53:08.858+0000] {processor.py:154} INFO - Started process (PID=615) to work on /home/airflow/.local/lib/python3.7/site-packages/airflow/example_dags/example_bash_operator.py
[2022-11-30T15:53:08.858+0000] {processor.py:756} INFO - Processing file /home/airflow/.local/lib/python3.7/site-packages/airflow/example_dags/example_bash_operator.py for tasks to queue
[2022-11-30T15:53:08.859+0000] {logging_mixin.py:137} INFO - [2022-11-30T15:53:08.859+0000] {dagbag.py:537} INFO - Filling up the DagBag from /home/airflow/.local/lib/python3.7/site-packages/airflow/example_dags/example_bash_operator.py
[2022-11-30T15:53:08.873+0000] {processor.py:766} INFO - DAG(s) dict_keys(['example_bash_operator']) retrieved from /home/airflow/.local/lib/python3.7/site-packages/airflow/example_dags/example_bash_operator.py
[2022-11-30T15:53:08.906+0000] {logging_mixin.py:137} INFO - [2022-11-30T15:53:08.906+0000] {dag.py:2585} INFO - Sync 1 DAGs
[2022-11-30T15:53:08.927+0000] {logging_mixin.py:137} INFO - [2022-11-30T15:53:08.927+0000] {dag.py:3340} INFO - Setting next_dagrun for example_bash_operator to 2022-11-29T00:00:00+00:00, run_after=2022-11-30T00:00:00+00:00
[2022-11-30T15:53:08.973+0000] {processor.py:176} INFO - Processing /home/airflow/.local/lib/python3.7/site-packages/airflow/example_dags/example_bash_operator.py took 0.117 seconds
[2022-11-30T15:53:39.519+0000] {processor.py:154} INFO - Started process (PID=678) to work on /home/airflow/.local/lib/python3.7/site-packages/airflow/example_dags/example_bash_operator.py
[2022-11-30T15:53:39.519+0000] {processor.py:756} INFO - Processing file /home/airflow/.local/lib/python3.7/site-packages/airflow/example_dags/example_bash_operator.py for tasks to queue
[2022-11-30T15:53:39.520+0000] {logging_mixin.py:137} INFO - [2022-11-30T15:53:39.520+0000] {dagbag.py:537} INFO - Filling up the DagBag from /home/airflow/.local/lib/python3.7/site-packages/airflow/example_dags/example_bash_operator.py
[2022-11-30T15:53:39.534+0000] {processor.py:766} INFO - DAG(s) dict_keys(['example_bash_operator']) retrieved from /home/airflow/.local/lib/python3.7/site-packages/airflow/example_dags/example_bash_operator.py
[2022-11-30T15:53:39.592+0000] {logging_mixin.py:137} INFO - [2022-11-30T15:53:39.592+0000] {dag.py:2585} INFO - Sync 1 DAGs
[2022-11-30T15:53:39.616+0000] {logging_mixin.py:137} INFO - [2022-11-30T15:53:39.616+0000] {dag.py:3340} INFO - Setting next_dagrun for example_bash_operator to 2022-11-29T00:00:00+00:00, run_after=2022-11-30T00:00:00+00:00
[2022-11-30T15:53:39.677+0000] {processor.py:176} INFO - Processing /home/airflow/.local/lib/python3.7/site-packages/airflow/example_dags/example_bash_operator.py took 0.160 seconds
[2022-11-30T15:54:09.953+0000] {processor.py:154} INFO - Started process (PID=740) to work on /home/airflow/.local/lib/python3.7/site-packages/airflow/example_dags/example_bash_operator.py
[2022-11-30T15:54:09.953+0000] {processor.py:756} INFO - Processing file /home/airflow/.local/lib/python3.7/site-packages/airflow/example_dags/example_bash_operator.py for tasks to queue
[2022-11-30T15:54:09.954+0000] {logging_mixin.py:137} INFO - [2022-11-30T15:54:09.954+0000] {dagbag.py:537} INFO - Filling up the DagBag from /home/airflow/.local/lib/python3.7/site-packages/airflow/example_dags/example_bash_operator.py
[2022-11-30T15:54:09.973+0000] {processor.py:766} INFO - DAG(s) dict_keys(['example_bash_operator']) retrieved from /home/airflow/.local/lib/python3.7/site-packages/airflow/example_dags/example_bash_operator.py
[2022-11-30T15:54:10.009+0000] {logging_mixin.py:137} INFO - [2022-11-30T15:54:10.009+0000] {dag.py:2585} INFO - Sync 1 DAGs
[2022-11-30T15:54:10.031+0000] {logging_mixin.py:137} INFO - [2022-11-30T15:54:10.031+0000] {dag.py:3340} INFO - Setting next_dagrun for example_bash_operator to 2022-11-29T00:00:00+00:00, run_after=2022-11-30T00:00:00+00:00
[2022-11-30T15:54:10.074+0000] {processor.py:176} INFO - Processing /home/airflow/.local/lib/python3.7/site-packages/airflow/example_dags/example_bash_operator.py took 0.123 seconds
[2022-11-30T15:54:40.358+0000] {processor.py:154} INFO - Started process (PID=794) to work on /home/airflow/.local/lib/python3.7/site-packages/airflow/example_dags/example_bash_operator.py
[2022-11-30T15:54:40.359+0000] {processor.py:756} INFO - Processing file /home/airflow/.local/lib/python3.7/site-packages/airflow/example_dags/example_bash_operator.py for tasks to queue
[2022-11-30T15:54:40.359+0000] {logging_mixin.py:137} INFO - [2022-11-30T15:54:40.359+0000] {dagbag.py:537} INFO - Filling up the DagBag from /home/airflow/.local/lib/python3.7/site-packages/airflow/example_dags/example_bash_operator.py
[2022-11-30T15:54:40.373+0000] {processor.py:766} INFO - DAG(s) dict_keys(['example_bash_operator']) retrieved from /home/airflow/.local/lib/python3.7/site-packages/airflow/example_dags/example_bash_operator.py
[2022-11-30T15:54:40.407+0000] {logging_mixin.py:137} INFO - [2022-11-30T15:54:40.407+0000] {dag.py:2585} INFO - Sync 1 DAGs
[2022-11-30T15:54:40.429+0000] {logging_mixin.py:137} INFO - [2022-11-30T15:54:40.429+0000] {dag.py:3340} INFO - Setting next_dagrun for example_bash_operator to 2022-11-29T00:00:00+00:00, run_after=2022-11-30T00:00:00+00:00
[2022-11-30T15:54:40.469+0000] {processor.py:176} INFO - Processing /home/airflow/.local/lib/python3.7/site-packages/airflow/example_dags/example_bash_operator.py took 0.112 seconds
[2022-11-30T15:55:11.035+0000] {processor.py:154} INFO - Started process (PID=858) to work on /home/airflow/.local/lib/python3.7/site-packages/airflow/example_dags/example_bash_operator.py
[2022-11-30T15:55:11.035+0000] {processor.py:756} INFO - Processing file /home/airflow/.local/lib/python3.7/site-packages/airflow/example_dags/example_bash_operator.py for tasks to queue
[2022-11-30T15:55:11.036+0000] {logging_mixin.py:137} INFO - [2022-11-30T15:55:11.036+0000] {dagbag.py:537} INFO - Filling up the DagBag from /home/airflow/.local/lib/python3.7/site-packages/airflow/example_dags/example_bash_operator.py
[2022-11-30T15:55:11.052+0000] {processor.py:766} INFO - DAG(s) dict_keys(['example_bash_operator']) retrieved from /home/airflow/.local/lib/python3.7/site-packages/airflow/example_dags/example_bash_operator.py
[2022-11-30T15:55:11.088+0000] {logging_mixin.py:137} INFO - [2022-11-30T15:55:11.087+0000] {dag.py:2585} INFO - Sync 1 DAGs
[2022-11-30T15:55:11.109+0000] {logging_mixin.py:137} INFO - [2022-11-30T15:55:11.109+0000] {dag.py:3340} INFO - Setting next_dagrun for example_bash_operator to 2022-11-29T00:00:00+00:00, run_after=2022-11-30T00:00:00+00:00
[2022-11-30T15:55:11.174+0000] {processor.py:176} INFO - Processing /home/airflow/.local/lib/python3.7/site-packages/airflow/example_dags/example_bash_operator.py took 0.141 seconds
