[2022-11-30T15:48:33.147+0000] {processor.py:154} INFO - Started process (PID=68) to work on /home/airflow/.local/lib/python3.7/site-packages/airflow/example_dags/example_python_operator.py
[2022-11-30T15:48:33.148+0000] {processor.py:756} INFO - Processing file /home/airflow/.local/lib/python3.7/site-packages/airflow/example_dags/example_python_operator.py for tasks to queue
[2022-11-30T15:48:33.149+0000] {logging_mixin.py:137} INFO - [2022-11-30T15:48:33.149+0000] {dagbag.py:537} INFO - Filling up the DagBag from /home/airflow/.local/lib/python3.7/site-packages/airflow/example_dags/example_python_operator.py
[2022-11-30T15:48:33.161+0000] {logging_mixin.py:137} INFO - [2022-11-30T15:48:33.161+0000] {taskmixin.py:205} WARNING - Dependency <Task(_PythonDecoratedOperator): print_the_context>, log_sql_query already registered for DAG: example_python_operator
[2022-11-30T15:48:33.162+0000] {logging_mixin.py:137} INFO - [2022-11-30T15:48:33.162+0000] {taskmixin.py:205} WARNING - Dependency <Task(_PythonDecoratedOperator): log_sql_query>, print_the_context already registered for DAG: example_python_operator
[2022-11-30T15:48:33.163+0000] {logging_mixin.py:137} INFO - [2022-11-30T15:48:33.162+0000] {taskmixin.py:205} WARNING - Dependency <Task(_PythonDecoratedOperator): print_the_context>, log_sql_query already registered for DAG: example_python_operator
[2022-11-30T15:48:33.163+0000] {logging_mixin.py:137} INFO - [2022-11-30T15:48:33.163+0000] {taskmixin.py:205} WARNING - Dependency <Task(_PythonDecoratedOperator): log_sql_query>, print_the_context already registered for DAG: example_python_operator
[2022-11-30T15:48:33.164+0000] {logging_mixin.py:137} INFO - [2022-11-30T15:48:33.164+0000] {taskmixin.py:205} WARNING - Dependency <Task(_PythonDecoratedOperator): print_the_context>, log_sql_query already registered for DAG: example_python_operator
[2022-11-30T15:48:33.164+0000] {logging_mixin.py:137} INFO - [2022-11-30T15:48:33.164+0000] {taskmixin.py:205} WARNING - Dependency <Task(_PythonDecoratedOperator): log_sql_query>, print_the_context already registered for DAG: example_python_operator
[2022-11-30T15:48:33.165+0000] {logging_mixin.py:137} INFO - [2022-11-30T15:48:33.165+0000] {taskmixin.py:205} WARNING - Dependency <Task(_PythonDecoratedOperator): print_the_context>, log_sql_query already registered for DAG: example_python_operator
[2022-11-30T15:48:33.165+0000] {logging_mixin.py:137} INFO - [2022-11-30T15:48:33.165+0000] {taskmixin.py:205} WARNING - Dependency <Task(_PythonDecoratedOperator): log_sql_query>, print_the_context already registered for DAG: example_python_operator
[2022-11-30T15:48:33.171+0000] {processor.py:766} INFO - DAG(s) dict_keys(['example_python_operator']) retrieved from /home/airflow/.local/lib/python3.7/site-packages/airflow/example_dags/example_python_operator.py
[2022-11-30T15:48:33.368+0000] {logging_mixin.py:137} INFO - [2022-11-30T15:48:33.368+0000] {manager.py:507} INFO - Created Permission View: can edit on DAG:example_python_operator
[2022-11-30T15:48:33.418+0000] {logging_mixin.py:137} INFO - [2022-11-30T15:48:33.418+0000] {manager.py:507} INFO - Created Permission View: can read on DAG:example_python_operator
[2022-11-30T15:48:33.468+0000] {logging_mixin.py:137} INFO - [2022-11-30T15:48:33.468+0000] {manager.py:507} INFO - Created Permission View: can delete on DAG:example_python_operator
[2022-11-30T15:48:33.468+0000] {logging_mixin.py:137} INFO - [2022-11-30T15:48:33.468+0000] {dag.py:2585} INFO - Sync 1 DAGs
[2022-11-30T15:48:33.481+0000] {logging_mixin.py:137} INFO - [2022-11-30T15:48:33.480+0000] {dag.py:2606} INFO - Creating ORM DAG for example_python_operator
[2022-11-30T15:48:33.490+0000] {logging_mixin.py:137} INFO - [2022-11-30T15:48:33.490+0000] {dag.py:3340} INFO - Setting next_dagrun for example_python_operator to None, run_after=None
[2022-11-30T15:48:33.525+0000] {processor.py:176} INFO - Processing /home/airflow/.local/lib/python3.7/site-packages/airflow/example_dags/example_python_operator.py took 0.379 seconds
[2022-11-30T15:49:03.634+0000] {processor.py:154} INFO - Started process (PID=131) to work on /home/airflow/.local/lib/python3.7/site-packages/airflow/example_dags/example_python_operator.py
[2022-11-30T15:49:03.635+0000] {processor.py:756} INFO - Processing file /home/airflow/.local/lib/python3.7/site-packages/airflow/example_dags/example_python_operator.py for tasks to queue
[2022-11-30T15:49:03.635+0000] {logging_mixin.py:137} INFO - [2022-11-30T15:49:03.635+0000] {dagbag.py:537} INFO - Filling up the DagBag from /home/airflow/.local/lib/python3.7/site-packages/airflow/example_dags/example_python_operator.py
[2022-11-30T15:49:03.646+0000] {logging_mixin.py:137} INFO - [2022-11-30T15:49:03.646+0000] {taskmixin.py:205} WARNING - Dependency <Task(_PythonDecoratedOperator): print_the_context>, log_sql_query already registered for DAG: example_python_operator
[2022-11-30T15:49:03.647+0000] {logging_mixin.py:137} INFO - [2022-11-30T15:49:03.647+0000] {taskmixin.py:205} WARNING - Dependency <Task(_PythonDecoratedOperator): log_sql_query>, print_the_context already registered for DAG: example_python_operator
[2022-11-30T15:49:03.648+0000] {logging_mixin.py:137} INFO - [2022-11-30T15:49:03.647+0000] {taskmixin.py:205} WARNING - Dependency <Task(_PythonDecoratedOperator): print_the_context>, log_sql_query already registered for DAG: example_python_operator
[2022-11-30T15:49:03.648+0000] {logging_mixin.py:137} INFO - [2022-11-30T15:49:03.648+0000] {taskmixin.py:205} WARNING - Dependency <Task(_PythonDecoratedOperator): log_sql_query>, print_the_context already registered for DAG: example_python_operator
[2022-11-30T15:49:03.649+0000] {logging_mixin.py:137} INFO - [2022-11-30T15:49:03.649+0000] {taskmixin.py:205} WARNING - Dependency <Task(_PythonDecoratedOperator): print_the_context>, log_sql_query already registered for DAG: example_python_operator
[2022-11-30T15:49:03.649+0000] {logging_mixin.py:137} INFO - [2022-11-30T15:49:03.649+0000] {taskmixin.py:205} WARNING - Dependency <Task(_PythonDecoratedOperator): log_sql_query>, print_the_context already registered for DAG: example_python_operator
[2022-11-30T15:49:03.650+0000] {logging_mixin.py:137} INFO - [2022-11-30T15:49:03.649+0000] {taskmixin.py:205} WARNING - Dependency <Task(_PythonDecoratedOperator): print_the_context>, log_sql_query already registered for DAG: example_python_operator
[2022-11-30T15:49:03.650+0000] {logging_mixin.py:137} INFO - [2022-11-30T15:49:03.650+0000] {taskmixin.py:205} WARNING - Dependency <Task(_PythonDecoratedOperator): log_sql_query>, print_the_context already registered for DAG: example_python_operator
[2022-11-30T15:49:03.656+0000] {processor.py:766} INFO - DAG(s) dict_keys(['example_python_operator']) retrieved from /home/airflow/.local/lib/python3.7/site-packages/airflow/example_dags/example_python_operator.py
[2022-11-30T15:49:03.686+0000] {logging_mixin.py:137} INFO - [2022-11-30T15:49:03.686+0000] {dag.py:2585} INFO - Sync 1 DAGs
[2022-11-30T15:49:03.706+0000] {logging_mixin.py:137} INFO - [2022-11-30T15:49:03.706+0000] {dag.py:3340} INFO - Setting next_dagrun for example_python_operator to None, run_after=None
[2022-11-30T15:49:03.799+0000] {processor.py:176} INFO - Processing /home/airflow/.local/lib/python3.7/site-packages/airflow/example_dags/example_python_operator.py took 0.167 seconds
[2022-11-30T15:49:34.807+0000] {processor.py:154} INFO - Started process (PID=186) to work on /home/airflow/.local/lib/python3.7/site-packages/airflow/example_dags/example_python_operator.py
[2022-11-30T15:49:34.808+0000] {processor.py:756} INFO - Processing file /home/airflow/.local/lib/python3.7/site-packages/airflow/example_dags/example_python_operator.py for tasks to queue
[2022-11-30T15:49:34.808+0000] {logging_mixin.py:137} INFO - [2022-11-30T15:49:34.808+0000] {dagbag.py:537} INFO - Filling up the DagBag from /home/airflow/.local/lib/python3.7/site-packages/airflow/example_dags/example_python_operator.py
[2022-11-30T15:49:34.820+0000] {logging_mixin.py:137} INFO - [2022-11-30T15:49:34.820+0000] {taskmixin.py:205} WARNING - Dependency <Task(_PythonDecoratedOperator): print_the_context>, log_sql_query already registered for DAG: example_python_operator
[2022-11-30T15:49:34.821+0000] {logging_mixin.py:137} INFO - [2022-11-30T15:49:34.821+0000] {taskmixin.py:205} WARNING - Dependency <Task(_PythonDecoratedOperator): log_sql_query>, print_the_context already registered for DAG: example_python_operator
[2022-11-30T15:49:34.822+0000] {logging_mixin.py:137} INFO - [2022-11-30T15:49:34.822+0000] {taskmixin.py:205} WARNING - Dependency <Task(_PythonDecoratedOperator): print_the_context>, log_sql_query already registered for DAG: example_python_operator
[2022-11-30T15:49:34.822+0000] {logging_mixin.py:137} INFO - [2022-11-30T15:49:34.822+0000] {taskmixin.py:205} WARNING - Dependency <Task(_PythonDecoratedOperator): log_sql_query>, print_the_context already registered for DAG: example_python_operator
[2022-11-30T15:49:34.823+0000] {logging_mixin.py:137} INFO - [2022-11-30T15:49:34.823+0000] {taskmixin.py:205} WARNING - Dependency <Task(_PythonDecoratedOperator): print_the_context>, log_sql_query already registered for DAG: example_python_operator
[2022-11-30T15:49:34.823+0000] {logging_mixin.py:137} INFO - [2022-11-30T15:49:34.823+0000] {taskmixin.py:205} WARNING - Dependency <Task(_PythonDecoratedOperator): log_sql_query>, print_the_context already registered for DAG: example_python_operator
[2022-11-30T15:49:34.824+0000] {logging_mixin.py:137} INFO - [2022-11-30T15:49:34.824+0000] {taskmixin.py:205} WARNING - Dependency <Task(_PythonDecoratedOperator): print_the_context>, log_sql_query already registered for DAG: example_python_operator
[2022-11-30T15:49:34.824+0000] {logging_mixin.py:137} INFO - [2022-11-30T15:49:34.824+0000] {taskmixin.py:205} WARNING - Dependency <Task(_PythonDecoratedOperator): log_sql_query>, print_the_context already registered for DAG: example_python_operator
[2022-11-30T15:49:34.830+0000] {processor.py:766} INFO - DAG(s) dict_keys(['example_python_operator']) retrieved from /home/airflow/.local/lib/python3.7/site-packages/airflow/example_dags/example_python_operator.py
[2022-11-30T15:49:34.860+0000] {logging_mixin.py:137} INFO - [2022-11-30T15:49:34.860+0000] {dag.py:2585} INFO - Sync 1 DAGs
[2022-11-30T15:49:34.879+0000] {logging_mixin.py:137} INFO - [2022-11-30T15:49:34.879+0000] {dag.py:3340} INFO - Setting next_dagrun for example_python_operator to None, run_after=None
[2022-11-30T15:49:34.954+0000] {processor.py:176} INFO - Processing /home/airflow/.local/lib/python3.7/site-packages/airflow/example_dags/example_python_operator.py took 0.148 seconds
[2022-11-30T15:50:05.262+0000] {processor.py:154} INFO - Started process (PID=249) to work on /home/airflow/.local/lib/python3.7/site-packages/airflow/example_dags/example_python_operator.py
[2022-11-30T15:50:05.263+0000] {processor.py:756} INFO - Processing file /home/airflow/.local/lib/python3.7/site-packages/airflow/example_dags/example_python_operator.py for tasks to queue
[2022-11-30T15:50:05.264+0000] {logging_mixin.py:137} INFO - [2022-11-30T15:50:05.264+0000] {dagbag.py:537} INFO - Filling up the DagBag from /home/airflow/.local/lib/python3.7/site-packages/airflow/example_dags/example_python_operator.py
[2022-11-30T15:50:05.276+0000] {logging_mixin.py:137} INFO - [2022-11-30T15:50:05.276+0000] {taskmixin.py:205} WARNING - Dependency <Task(_PythonDecoratedOperator): print_the_context>, log_sql_query already registered for DAG: example_python_operator
[2022-11-30T15:50:05.276+0000] {logging_mixin.py:137} INFO - [2022-11-30T15:50:05.276+0000] {taskmixin.py:205} WARNING - Dependency <Task(_PythonDecoratedOperator): log_sql_query>, print_the_context already registered for DAG: example_python_operator
[2022-11-30T15:50:05.277+0000] {logging_mixin.py:137} INFO - [2022-11-30T15:50:05.277+0000] {taskmixin.py:205} WARNING - Dependency <Task(_PythonDecoratedOperator): print_the_context>, log_sql_query already registered for DAG: example_python_operator
[2022-11-30T15:50:05.278+0000] {logging_mixin.py:137} INFO - [2022-11-30T15:50:05.278+0000] {taskmixin.py:205} WARNING - Dependency <Task(_PythonDecoratedOperator): log_sql_query>, print_the_context already registered for DAG: example_python_operator
[2022-11-30T15:50:05.279+0000] {logging_mixin.py:137} INFO - [2022-11-30T15:50:05.278+0000] {taskmixin.py:205} WARNING - Dependency <Task(_PythonDecoratedOperator): print_the_context>, log_sql_query already registered for DAG: example_python_operator
[2022-11-30T15:50:05.279+0000] {logging_mixin.py:137} INFO - [2022-11-30T15:50:05.279+0000] {taskmixin.py:205} WARNING - Dependency <Task(_PythonDecoratedOperator): log_sql_query>, print_the_context already registered for DAG: example_python_operator
[2022-11-30T15:50:05.280+0000] {logging_mixin.py:137} INFO - [2022-11-30T15:50:05.280+0000] {taskmixin.py:205} WARNING - Dependency <Task(_PythonDecoratedOperator): print_the_context>, log_sql_query already registered for DAG: example_python_operator
[2022-11-30T15:50:05.280+0000] {logging_mixin.py:137} INFO - [2022-11-30T15:50:05.280+0000] {taskmixin.py:205} WARNING - Dependency <Task(_PythonDecoratedOperator): log_sql_query>, print_the_context already registered for DAG: example_python_operator
[2022-11-30T15:50:05.286+0000] {processor.py:766} INFO - DAG(s) dict_keys(['example_python_operator']) retrieved from /home/airflow/.local/lib/python3.7/site-packages/airflow/example_dags/example_python_operator.py
[2022-11-30T15:50:05.314+0000] {logging_mixin.py:137} INFO - [2022-11-30T15:50:05.314+0000] {dag.py:2585} INFO - Sync 1 DAGs
[2022-11-30T15:50:05.333+0000] {logging_mixin.py:137} INFO - [2022-11-30T15:50:05.333+0000] {dag.py:3340} INFO - Setting next_dagrun for example_python_operator to None, run_after=None
[2022-11-30T15:50:05.380+0000] {processor.py:176} INFO - Processing /home/airflow/.local/lib/python3.7/site-packages/airflow/example_dags/example_python_operator.py took 0.119 seconds
[2022-11-30T15:50:35.831+0000] {processor.py:154} INFO - Started process (PID=312) to work on /home/airflow/.local/lib/python3.7/site-packages/airflow/example_dags/example_python_operator.py
[2022-11-30T15:50:35.832+0000] {processor.py:756} INFO - Processing file /home/airflow/.local/lib/python3.7/site-packages/airflow/example_dags/example_python_operator.py for tasks to queue
[2022-11-30T15:50:35.833+0000] {logging_mixin.py:137} INFO - [2022-11-30T15:50:35.832+0000] {dagbag.py:537} INFO - Filling up the DagBag from /home/airflow/.local/lib/python3.7/site-packages/airflow/example_dags/example_python_operator.py
[2022-11-30T15:50:35.844+0000] {logging_mixin.py:137} INFO - [2022-11-30T15:50:35.844+0000] {taskmixin.py:205} WARNING - Dependency <Task(_PythonDecoratedOperator): print_the_context>, log_sql_query already registered for DAG: example_python_operator
[2022-11-30T15:50:35.845+0000] {logging_mixin.py:137} INFO - [2022-11-30T15:50:35.845+0000] {taskmixin.py:205} WARNING - Dependency <Task(_PythonDecoratedOperator): log_sql_query>, print_the_context already registered for DAG: example_python_operator
[2022-11-30T15:50:35.845+0000] {logging_mixin.py:137} INFO - [2022-11-30T15:50:35.845+0000] {taskmixin.py:205} WARNING - Dependency <Task(_PythonDecoratedOperator): print_the_context>, log_sql_query already registered for DAG: example_python_operator
[2022-11-30T15:50:35.846+0000] {logging_mixin.py:137} INFO - [2022-11-30T15:50:35.846+0000] {taskmixin.py:205} WARNING - Dependency <Task(_PythonDecoratedOperator): log_sql_query>, print_the_context already registered for DAG: example_python_operator
[2022-11-30T15:50:35.846+0000] {logging_mixin.py:137} INFO - [2022-11-30T15:50:35.846+0000] {taskmixin.py:205} WARNING - Dependency <Task(_PythonDecoratedOperator): print_the_context>, log_sql_query already registered for DAG: example_python_operator
[2022-11-30T15:50:35.847+0000] {logging_mixin.py:137} INFO - [2022-11-30T15:50:35.847+0000] {taskmixin.py:205} WARNING - Dependency <Task(_PythonDecoratedOperator): log_sql_query>, print_the_context already registered for DAG: example_python_operator
[2022-11-30T15:50:35.847+0000] {logging_mixin.py:137} INFO - [2022-11-30T15:50:35.847+0000] {taskmixin.py:205} WARNING - Dependency <Task(_PythonDecoratedOperator): print_the_context>, log_sql_query already registered for DAG: example_python_operator
[2022-11-30T15:50:35.848+0000] {logging_mixin.py:137} INFO - [2022-11-30T15:50:35.848+0000] {taskmixin.py:205} WARNING - Dependency <Task(_PythonDecoratedOperator): log_sql_query>, print_the_context already registered for DAG: example_python_operator
[2022-11-30T15:50:35.853+0000] {processor.py:766} INFO - DAG(s) dict_keys(['example_python_operator']) retrieved from /home/airflow/.local/lib/python3.7/site-packages/airflow/example_dags/example_python_operator.py
[2022-11-30T15:50:35.887+0000] {logging_mixin.py:137} INFO - [2022-11-30T15:50:35.887+0000] {dag.py:2585} INFO - Sync 1 DAGs
[2022-11-30T15:50:35.905+0000] {logging_mixin.py:137} INFO - [2022-11-30T15:50:35.905+0000] {dag.py:3340} INFO - Setting next_dagrun for example_python_operator to None, run_after=None
[2022-11-30T15:50:35.995+0000] {processor.py:176} INFO - Processing /home/airflow/.local/lib/python3.7/site-packages/airflow/example_dags/example_python_operator.py took 0.165 seconds
[2022-11-30T15:51:06.260+0000] {processor.py:154} INFO - Started process (PID=366) to work on /home/airflow/.local/lib/python3.7/site-packages/airflow/example_dags/example_python_operator.py
[2022-11-30T15:51:06.260+0000] {processor.py:756} INFO - Processing file /home/airflow/.local/lib/python3.7/site-packages/airflow/example_dags/example_python_operator.py for tasks to queue
[2022-11-30T15:51:06.261+0000] {logging_mixin.py:137} INFO - [2022-11-30T15:51:06.260+0000] {dagbag.py:537} INFO - Filling up the DagBag from /home/airflow/.local/lib/python3.7/site-packages/airflow/example_dags/example_python_operator.py
[2022-11-30T15:51:06.270+0000] {logging_mixin.py:137} INFO - [2022-11-30T15:51:06.270+0000] {taskmixin.py:205} WARNING - Dependency <Task(_PythonDecoratedOperator): print_the_context>, log_sql_query already registered for DAG: example_python_operator
[2022-11-30T15:51:06.271+0000] {logging_mixin.py:137} INFO - [2022-11-30T15:51:06.271+0000] {taskmixin.py:205} WARNING - Dependency <Task(_PythonDecoratedOperator): log_sql_query>, print_the_context already registered for DAG: example_python_operator
[2022-11-30T15:51:06.271+0000] {logging_mixin.py:137} INFO - [2022-11-30T15:51:06.271+0000] {taskmixin.py:205} WARNING - Dependency <Task(_PythonDecoratedOperator): print_the_context>, log_sql_query already registered for DAG: example_python_operator
[2022-11-30T15:51:06.272+0000] {logging_mixin.py:137} INFO - [2022-11-30T15:51:06.271+0000] {taskmixin.py:205} WARNING - Dependency <Task(_PythonDecoratedOperator): log_sql_query>, print_the_context already registered for DAG: example_python_operator
[2022-11-30T15:51:06.272+0000] {logging_mixin.py:137} INFO - [2022-11-30T15:51:06.272+0000] {taskmixin.py:205} WARNING - Dependency <Task(_PythonDecoratedOperator): print_the_context>, log_sql_query already registered for DAG: example_python_operator
[2022-11-30T15:51:06.272+0000] {logging_mixin.py:137} INFO - [2022-11-30T15:51:06.272+0000] {taskmixin.py:205} WARNING - Dependency <Task(_PythonDecoratedOperator): log_sql_query>, print_the_context already registered for DAG: example_python_operator
[2022-11-30T15:51:06.273+0000] {logging_mixin.py:137} INFO - [2022-11-30T15:51:06.273+0000] {taskmixin.py:205} WARNING - Dependency <Task(_PythonDecoratedOperator): print_the_context>, log_sql_query already registered for DAG: example_python_operator
[2022-11-30T15:51:06.273+0000] {logging_mixin.py:137} INFO - [2022-11-30T15:51:06.273+0000] {taskmixin.py:205} WARNING - Dependency <Task(_PythonDecoratedOperator): log_sql_query>, print_the_context already registered for DAG: example_python_operator
[2022-11-30T15:51:06.278+0000] {processor.py:766} INFO - DAG(s) dict_keys(['example_python_operator']) retrieved from /home/airflow/.local/lib/python3.7/site-packages/airflow/example_dags/example_python_operator.py
[2022-11-30T15:51:06.305+0000] {logging_mixin.py:137} INFO - [2022-11-30T15:51:06.305+0000] {dag.py:2585} INFO - Sync 1 DAGs
[2022-11-30T15:51:06.323+0000] {logging_mixin.py:137} INFO - [2022-11-30T15:51:06.323+0000] {dag.py:3340} INFO - Setting next_dagrun for example_python_operator to None, run_after=None
[2022-11-30T15:51:06.362+0000] {processor.py:176} INFO - Processing /home/airflow/.local/lib/python3.7/site-packages/airflow/example_dags/example_python_operator.py took 0.104 seconds
[2022-11-30T15:51:37.156+0000] {processor.py:154} INFO - Started process (PID=430) to work on /home/airflow/.local/lib/python3.7/site-packages/airflow/example_dags/example_python_operator.py
[2022-11-30T15:51:37.156+0000] {processor.py:756} INFO - Processing file /home/airflow/.local/lib/python3.7/site-packages/airflow/example_dags/example_python_operator.py for tasks to queue
[2022-11-30T15:51:37.157+0000] {logging_mixin.py:137} INFO - [2022-11-30T15:51:37.157+0000] {dagbag.py:537} INFO - Filling up the DagBag from /home/airflow/.local/lib/python3.7/site-packages/airflow/example_dags/example_python_operator.py
[2022-11-30T15:51:37.167+0000] {logging_mixin.py:137} INFO - [2022-11-30T15:51:37.167+0000] {taskmixin.py:205} WARNING - Dependency <Task(_PythonDecoratedOperator): print_the_context>, log_sql_query already registered for DAG: example_python_operator
[2022-11-30T15:51:37.167+0000] {logging_mixin.py:137} INFO - [2022-11-30T15:51:37.167+0000] {taskmixin.py:205} WARNING - Dependency <Task(_PythonDecoratedOperator): log_sql_query>, print_the_context already registered for DAG: example_python_operator
[2022-11-30T15:51:37.168+0000] {logging_mixin.py:137} INFO - [2022-11-30T15:51:37.168+0000] {taskmixin.py:205} WARNING - Dependency <Task(_PythonDecoratedOperator): print_the_context>, log_sql_query already registered for DAG: example_python_operator
[2022-11-30T15:51:37.168+0000] {logging_mixin.py:137} INFO - [2022-11-30T15:51:37.168+0000] {taskmixin.py:205} WARNING - Dependency <Task(_PythonDecoratedOperator): log_sql_query>, print_the_context already registered for DAG: example_python_operator
[2022-11-30T15:51:37.169+0000] {logging_mixin.py:137} INFO - [2022-11-30T15:51:37.169+0000] {taskmixin.py:205} WARNING - Dependency <Task(_PythonDecoratedOperator): print_the_context>, log_sql_query already registered for DAG: example_python_operator
[2022-11-30T15:51:37.169+0000] {logging_mixin.py:137} INFO - [2022-11-30T15:51:37.169+0000] {taskmixin.py:205} WARNING - Dependency <Task(_PythonDecoratedOperator): log_sql_query>, print_the_context already registered for DAG: example_python_operator
[2022-11-30T15:51:37.170+0000] {logging_mixin.py:137} INFO - [2022-11-30T15:51:37.169+0000] {taskmixin.py:205} WARNING - Dependency <Task(_PythonDecoratedOperator): print_the_context>, log_sql_query already registered for DAG: example_python_operator
[2022-11-30T15:51:37.170+0000] {logging_mixin.py:137} INFO - [2022-11-30T15:51:37.170+0000] {taskmixin.py:205} WARNING - Dependency <Task(_PythonDecoratedOperator): log_sql_query>, print_the_context already registered for DAG: example_python_operator
[2022-11-30T15:51:37.175+0000] {processor.py:766} INFO - DAG(s) dict_keys(['example_python_operator']) retrieved from /home/airflow/.local/lib/python3.7/site-packages/airflow/example_dags/example_python_operator.py
[2022-11-30T15:51:37.201+0000] {logging_mixin.py:137} INFO - [2022-11-30T15:51:37.201+0000] {dag.py:2585} INFO - Sync 1 DAGs
[2022-11-30T15:51:37.223+0000] {logging_mixin.py:137} INFO - [2022-11-30T15:51:37.223+0000] {dag.py:3340} INFO - Setting next_dagrun for example_python_operator to None, run_after=None
[2022-11-30T15:51:37.304+0000] {processor.py:176} INFO - Processing /home/airflow/.local/lib/python3.7/site-packages/airflow/example_dags/example_python_operator.py took 0.150 seconds
[2022-11-30T15:52:07.578+0000] {processor.py:154} INFO - Started process (PID=493) to work on /home/airflow/.local/lib/python3.7/site-packages/airflow/example_dags/example_python_operator.py
[2022-11-30T15:52:07.579+0000] {processor.py:756} INFO - Processing file /home/airflow/.local/lib/python3.7/site-packages/airflow/example_dags/example_python_operator.py for tasks to queue
[2022-11-30T15:52:07.579+0000] {logging_mixin.py:137} INFO - [2022-11-30T15:52:07.579+0000] {dagbag.py:537} INFO - Filling up the DagBag from /home/airflow/.local/lib/python3.7/site-packages/airflow/example_dags/example_python_operator.py
[2022-11-30T15:52:07.591+0000] {logging_mixin.py:137} INFO - [2022-11-30T15:52:07.591+0000] {taskmixin.py:205} WARNING - Dependency <Task(_PythonDecoratedOperator): print_the_context>, log_sql_query already registered for DAG: example_python_operator
[2022-11-30T15:52:07.592+0000] {logging_mixin.py:137} INFO - [2022-11-30T15:52:07.591+0000] {taskmixin.py:205} WARNING - Dependency <Task(_PythonDecoratedOperator): log_sql_query>, print_the_context already registered for DAG: example_python_operator
[2022-11-30T15:52:07.592+0000] {logging_mixin.py:137} INFO - [2022-11-30T15:52:07.592+0000] {taskmixin.py:205} WARNING - Dependency <Task(_PythonDecoratedOperator): print_the_context>, log_sql_query already registered for DAG: example_python_operator
[2022-11-30T15:52:07.593+0000] {logging_mixin.py:137} INFO - [2022-11-30T15:52:07.593+0000] {taskmixin.py:205} WARNING - Dependency <Task(_PythonDecoratedOperator): log_sql_query>, print_the_context already registered for DAG: example_python_operator
[2022-11-30T15:52:07.593+0000] {logging_mixin.py:137} INFO - [2022-11-30T15:52:07.593+0000] {taskmixin.py:205} WARNING - Dependency <Task(_PythonDecoratedOperator): print_the_context>, log_sql_query already registered for DAG: example_python_operator
[2022-11-30T15:52:07.594+0000] {logging_mixin.py:137} INFO - [2022-11-30T15:52:07.594+0000] {taskmixin.py:205} WARNING - Dependency <Task(_PythonDecoratedOperator): log_sql_query>, print_the_context already registered for DAG: example_python_operator
[2022-11-30T15:52:07.594+0000] {logging_mixin.py:137} INFO - [2022-11-30T15:52:07.594+0000] {taskmixin.py:205} WARNING - Dependency <Task(_PythonDecoratedOperator): print_the_context>, log_sql_query already registered for DAG: example_python_operator
[2022-11-30T15:52:07.594+0000] {logging_mixin.py:137} INFO - [2022-11-30T15:52:07.594+0000] {taskmixin.py:205} WARNING - Dependency <Task(_PythonDecoratedOperator): log_sql_query>, print_the_context already registered for DAG: example_python_operator
[2022-11-30T15:52:07.600+0000] {processor.py:766} INFO - DAG(s) dict_keys(['example_python_operator']) retrieved from /home/airflow/.local/lib/python3.7/site-packages/airflow/example_dags/example_python_operator.py
[2022-11-30T15:52:07.633+0000] {logging_mixin.py:137} INFO - [2022-11-30T15:52:07.632+0000] {dag.py:2585} INFO - Sync 1 DAGs
[2022-11-30T15:52:07.651+0000] {logging_mixin.py:137} INFO - [2022-11-30T15:52:07.651+0000] {dag.py:3340} INFO - Setting next_dagrun for example_python_operator to None, run_after=None
[2022-11-30T15:52:07.693+0000] {processor.py:176} INFO - Processing /home/airflow/.local/lib/python3.7/site-packages/airflow/example_dags/example_python_operator.py took 0.116 seconds
[2022-11-30T15:52:38.020+0000] {processor.py:154} INFO - Started process (PID=556) to work on /home/airflow/.local/lib/python3.7/site-packages/airflow/example_dags/example_python_operator.py
[2022-11-30T15:52:38.020+0000] {processor.py:756} INFO - Processing file /home/airflow/.local/lib/python3.7/site-packages/airflow/example_dags/example_python_operator.py for tasks to queue
[2022-11-30T15:52:38.021+0000] {logging_mixin.py:137} INFO - [2022-11-30T15:52:38.021+0000] {dagbag.py:537} INFO - Filling up the DagBag from /home/airflow/.local/lib/python3.7/site-packages/airflow/example_dags/example_python_operator.py
[2022-11-30T15:52:38.032+0000] {logging_mixin.py:137} INFO - [2022-11-30T15:52:38.032+0000] {taskmixin.py:205} WARNING - Dependency <Task(_PythonDecoratedOperator): print_the_context>, log_sql_query already registered for DAG: example_python_operator
[2022-11-30T15:52:38.032+0000] {logging_mixin.py:137} INFO - [2022-11-30T15:52:38.032+0000] {taskmixin.py:205} WARNING - Dependency <Task(_PythonDecoratedOperator): log_sql_query>, print_the_context already registered for DAG: example_python_operator
[2022-11-30T15:52:38.033+0000] {logging_mixin.py:137} INFO - [2022-11-30T15:52:38.033+0000] {taskmixin.py:205} WARNING - Dependency <Task(_PythonDecoratedOperator): print_the_context>, log_sql_query already registered for DAG: example_python_operator
[2022-11-30T15:52:38.034+0000] {logging_mixin.py:137} INFO - [2022-11-30T15:52:38.034+0000] {taskmixin.py:205} WARNING - Dependency <Task(_PythonDecoratedOperator): log_sql_query>, print_the_context already registered for DAG: example_python_operator
[2022-11-30T15:52:38.035+0000] {logging_mixin.py:137} INFO - [2022-11-30T15:52:38.034+0000] {taskmixin.py:205} WARNING - Dependency <Task(_PythonDecoratedOperator): print_the_context>, log_sql_query already registered for DAG: example_python_operator
[2022-11-30T15:52:38.035+0000] {logging_mixin.py:137} INFO - [2022-11-30T15:52:38.035+0000] {taskmixin.py:205} WARNING - Dependency <Task(_PythonDecoratedOperator): log_sql_query>, print_the_context already registered for DAG: example_python_operator
[2022-11-30T15:52:38.035+0000] {logging_mixin.py:137} INFO - [2022-11-30T15:52:38.035+0000] {taskmixin.py:205} WARNING - Dependency <Task(_PythonDecoratedOperator): print_the_context>, log_sql_query already registered for DAG: example_python_operator
[2022-11-30T15:52:38.036+0000] {logging_mixin.py:137} INFO - [2022-11-30T15:52:38.036+0000] {taskmixin.py:205} WARNING - Dependency <Task(_PythonDecoratedOperator): log_sql_query>, print_the_context already registered for DAG: example_python_operator
[2022-11-30T15:52:38.041+0000] {processor.py:766} INFO - DAG(s) dict_keys(['example_python_operator']) retrieved from /home/airflow/.local/lib/python3.7/site-packages/airflow/example_dags/example_python_operator.py
[2022-11-30T15:52:38.073+0000] {logging_mixin.py:137} INFO - [2022-11-30T15:52:38.073+0000] {dag.py:2585} INFO - Sync 1 DAGs
[2022-11-30T15:52:38.093+0000] {logging_mixin.py:137} INFO - [2022-11-30T15:52:38.093+0000] {dag.py:3340} INFO - Setting next_dagrun for example_python_operator to None, run_after=None
[2022-11-30T15:52:38.179+0000] {processor.py:176} INFO - Processing /home/airflow/.local/lib/python3.7/site-packages/airflow/example_dags/example_python_operator.py took 0.161 seconds
[2022-11-30T15:53:08.577+0000] {processor.py:154} INFO - Started process (PID=610) to work on /home/airflow/.local/lib/python3.7/site-packages/airflow/example_dags/example_python_operator.py
[2022-11-30T15:53:08.577+0000] {processor.py:756} INFO - Processing file /home/airflow/.local/lib/python3.7/site-packages/airflow/example_dags/example_python_operator.py for tasks to queue
[2022-11-30T15:53:08.578+0000] {logging_mixin.py:137} INFO - [2022-11-30T15:53:08.578+0000] {dagbag.py:537} INFO - Filling up the DagBag from /home/airflow/.local/lib/python3.7/site-packages/airflow/example_dags/example_python_operator.py
[2022-11-30T15:53:08.588+0000] {logging_mixin.py:137} INFO - [2022-11-30T15:53:08.588+0000] {taskmixin.py:205} WARNING - Dependency <Task(_PythonDecoratedOperator): print_the_context>, log_sql_query already registered for DAG: example_python_operator
[2022-11-30T15:53:08.588+0000] {logging_mixin.py:137} INFO - [2022-11-30T15:53:08.588+0000] {taskmixin.py:205} WARNING - Dependency <Task(_PythonDecoratedOperator): log_sql_query>, print_the_context already registered for DAG: example_python_operator
[2022-11-30T15:53:08.589+0000] {logging_mixin.py:137} INFO - [2022-11-30T15:53:08.589+0000] {taskmixin.py:205} WARNING - Dependency <Task(_PythonDecoratedOperator): print_the_context>, log_sql_query already registered for DAG: example_python_operator
[2022-11-30T15:53:08.589+0000] {logging_mixin.py:137} INFO - [2022-11-30T15:53:08.589+0000] {taskmixin.py:205} WARNING - Dependency <Task(_PythonDecoratedOperator): log_sql_query>, print_the_context already registered for DAG: example_python_operator
[2022-11-30T15:53:08.590+0000] {logging_mixin.py:137} INFO - [2022-11-30T15:53:08.590+0000] {taskmixin.py:205} WARNING - Dependency <Task(_PythonDecoratedOperator): print_the_context>, log_sql_query already registered for DAG: example_python_operator
[2022-11-30T15:53:08.590+0000] {logging_mixin.py:137} INFO - [2022-11-30T15:53:08.590+0000] {taskmixin.py:205} WARNING - Dependency <Task(_PythonDecoratedOperator): log_sql_query>, print_the_context already registered for DAG: example_python_operator
[2022-11-30T15:53:08.591+0000] {logging_mixin.py:137} INFO - [2022-11-30T15:53:08.591+0000] {taskmixin.py:205} WARNING - Dependency <Task(_PythonDecoratedOperator): print_the_context>, log_sql_query already registered for DAG: example_python_operator
[2022-11-30T15:53:08.591+0000] {logging_mixin.py:137} INFO - [2022-11-30T15:53:08.591+0000] {taskmixin.py:205} WARNING - Dependency <Task(_PythonDecoratedOperator): log_sql_query>, print_the_context already registered for DAG: example_python_operator
[2022-11-30T15:53:08.596+0000] {processor.py:766} INFO - DAG(s) dict_keys(['example_python_operator']) retrieved from /home/airflow/.local/lib/python3.7/site-packages/airflow/example_dags/example_python_operator.py
[2022-11-30T15:53:08.626+0000] {logging_mixin.py:137} INFO - [2022-11-30T15:53:08.626+0000] {dag.py:2585} INFO - Sync 1 DAGs
[2022-11-30T15:53:08.646+0000] {logging_mixin.py:137} INFO - [2022-11-30T15:53:08.646+0000] {dag.py:3340} INFO - Setting next_dagrun for example_python_operator to None, run_after=None
[2022-11-30T15:53:08.689+0000] {processor.py:176} INFO - Processing /home/airflow/.local/lib/python3.7/site-packages/airflow/example_dags/example_python_operator.py took 0.114 seconds
[2022-11-30T15:53:39.137+0000] {processor.py:154} INFO - Started process (PID=673) to work on /home/airflow/.local/lib/python3.7/site-packages/airflow/example_dags/example_python_operator.py
[2022-11-30T15:53:39.137+0000] {processor.py:756} INFO - Processing file /home/airflow/.local/lib/python3.7/site-packages/airflow/example_dags/example_python_operator.py for tasks to queue
[2022-11-30T15:53:39.138+0000] {logging_mixin.py:137} INFO - [2022-11-30T15:53:39.138+0000] {dagbag.py:537} INFO - Filling up the DagBag from /home/airflow/.local/lib/python3.7/site-packages/airflow/example_dags/example_python_operator.py
[2022-11-30T15:53:39.148+0000] {logging_mixin.py:137} INFO - [2022-11-30T15:53:39.148+0000] {taskmixin.py:205} WARNING - Dependency <Task(_PythonDecoratedOperator): print_the_context>, log_sql_query already registered for DAG: example_python_operator
[2022-11-30T15:53:39.149+0000] {logging_mixin.py:137} INFO - [2022-11-30T15:53:39.149+0000] {taskmixin.py:205} WARNING - Dependency <Task(_PythonDecoratedOperator): log_sql_query>, print_the_context already registered for DAG: example_python_operator
[2022-11-30T15:53:39.150+0000] {logging_mixin.py:137} INFO - [2022-11-30T15:53:39.150+0000] {taskmixin.py:205} WARNING - Dependency <Task(_PythonDecoratedOperator): print_the_context>, log_sql_query already registered for DAG: example_python_operator
[2022-11-30T15:53:39.151+0000] {logging_mixin.py:137} INFO - [2022-11-30T15:53:39.151+0000] {taskmixin.py:205} WARNING - Dependency <Task(_PythonDecoratedOperator): log_sql_query>, print_the_context already registered for DAG: example_python_operator
[2022-11-30T15:53:39.152+0000] {logging_mixin.py:137} INFO - [2022-11-30T15:53:39.151+0000] {taskmixin.py:205} WARNING - Dependency <Task(_PythonDecoratedOperator): print_the_context>, log_sql_query already registered for DAG: example_python_operator
[2022-11-30T15:53:39.152+0000] {logging_mixin.py:137} INFO - [2022-11-30T15:53:39.152+0000] {taskmixin.py:205} WARNING - Dependency <Task(_PythonDecoratedOperator): log_sql_query>, print_the_context already registered for DAG: example_python_operator
[2022-11-30T15:53:39.153+0000] {logging_mixin.py:137} INFO - [2022-11-30T15:53:39.153+0000] {taskmixin.py:205} WARNING - Dependency <Task(_PythonDecoratedOperator): print_the_context>, log_sql_query already registered for DAG: example_python_operator
[2022-11-30T15:53:39.153+0000] {logging_mixin.py:137} INFO - [2022-11-30T15:53:39.153+0000] {taskmixin.py:205} WARNING - Dependency <Task(_PythonDecoratedOperator): log_sql_query>, print_the_context already registered for DAG: example_python_operator
[2022-11-30T15:53:39.160+0000] {processor.py:766} INFO - DAG(s) dict_keys(['example_python_operator']) retrieved from /home/airflow/.local/lib/python3.7/site-packages/airflow/example_dags/example_python_operator.py
[2022-11-30T15:53:39.266+0000] {logging_mixin.py:137} INFO - [2022-11-30T15:53:39.266+0000] {dag.py:2585} INFO - Sync 1 DAGs
[2022-11-30T15:53:39.287+0000] {logging_mixin.py:137} INFO - [2022-11-30T15:53:39.287+0000] {dag.py:3340} INFO - Setting next_dagrun for example_python_operator to None, run_after=None
[2022-11-30T15:53:39.330+0000] {processor.py:176} INFO - Processing /home/airflow/.local/lib/python3.7/site-packages/airflow/example_dags/example_python_operator.py took 0.195 seconds
[2022-11-30T15:54:09.650+0000] {processor.py:154} INFO - Started process (PID=736) to work on /home/airflow/.local/lib/python3.7/site-packages/airflow/example_dags/example_python_operator.py
[2022-11-30T15:54:09.651+0000] {processor.py:756} INFO - Processing file /home/airflow/.local/lib/python3.7/site-packages/airflow/example_dags/example_python_operator.py for tasks to queue
[2022-11-30T15:54:09.651+0000] {logging_mixin.py:137} INFO - [2022-11-30T15:54:09.651+0000] {dagbag.py:537} INFO - Filling up the DagBag from /home/airflow/.local/lib/python3.7/site-packages/airflow/example_dags/example_python_operator.py
[2022-11-30T15:54:09.663+0000] {logging_mixin.py:137} INFO - [2022-11-30T15:54:09.663+0000] {taskmixin.py:205} WARNING - Dependency <Task(_PythonDecoratedOperator): print_the_context>, log_sql_query already registered for DAG: example_python_operator
[2022-11-30T15:54:09.663+0000] {logging_mixin.py:137} INFO - [2022-11-30T15:54:09.663+0000] {taskmixin.py:205} WARNING - Dependency <Task(_PythonDecoratedOperator): log_sql_query>, print_the_context already registered for DAG: example_python_operator
[2022-11-30T15:54:09.664+0000] {logging_mixin.py:137} INFO - [2022-11-30T15:54:09.664+0000] {taskmixin.py:205} WARNING - Dependency <Task(_PythonDecoratedOperator): print_the_context>, log_sql_query already registered for DAG: example_python_operator
[2022-11-30T15:54:09.665+0000] {logging_mixin.py:137} INFO - [2022-11-30T15:54:09.664+0000] {taskmixin.py:205} WARNING - Dependency <Task(_PythonDecoratedOperator): log_sql_query>, print_the_context already registered for DAG: example_python_operator
[2022-11-30T15:54:09.665+0000] {logging_mixin.py:137} INFO - [2022-11-30T15:54:09.665+0000] {taskmixin.py:205} WARNING - Dependency <Task(_PythonDecoratedOperator): print_the_context>, log_sql_query already registered for DAG: example_python_operator
[2022-11-30T15:54:09.666+0000] {logging_mixin.py:137} INFO - [2022-11-30T15:54:09.666+0000] {taskmixin.py:205} WARNING - Dependency <Task(_PythonDecoratedOperator): log_sql_query>, print_the_context already registered for DAG: example_python_operator
[2022-11-30T15:54:09.666+0000] {logging_mixin.py:137} INFO - [2022-11-30T15:54:09.666+0000] {taskmixin.py:205} WARNING - Dependency <Task(_PythonDecoratedOperator): print_the_context>, log_sql_query already registered for DAG: example_python_operator
[2022-11-30T15:54:09.667+0000] {logging_mixin.py:137} INFO - [2022-11-30T15:54:09.667+0000] {taskmixin.py:205} WARNING - Dependency <Task(_PythonDecoratedOperator): log_sql_query>, print_the_context already registered for DAG: example_python_operator
[2022-11-30T15:54:09.673+0000] {processor.py:766} INFO - DAG(s) dict_keys(['example_python_operator']) retrieved from /home/airflow/.local/lib/python3.7/site-packages/airflow/example_dags/example_python_operator.py
[2022-11-30T15:54:09.704+0000] {logging_mixin.py:137} INFO - [2022-11-30T15:54:09.704+0000] {dag.py:2585} INFO - Sync 1 DAGs
[2022-11-30T15:54:09.725+0000] {logging_mixin.py:137} INFO - [2022-11-30T15:54:09.725+0000] {dag.py:3340} INFO - Setting next_dagrun for example_python_operator to None, run_after=None
[2022-11-30T15:54:09.766+0000] {processor.py:176} INFO - Processing /home/airflow/.local/lib/python3.7/site-packages/airflow/example_dags/example_python_operator.py took 0.118 seconds
[2022-11-30T15:54:40.117+0000] {processor.py:154} INFO - Started process (PID=790) to work on /home/airflow/.local/lib/python3.7/site-packages/airflow/example_dags/example_python_operator.py
[2022-11-30T15:54:40.117+0000] {processor.py:756} INFO - Processing file /home/airflow/.local/lib/python3.7/site-packages/airflow/example_dags/example_python_operator.py for tasks to queue
[2022-11-30T15:54:40.118+0000] {logging_mixin.py:137} INFO - [2022-11-30T15:54:40.118+0000] {dagbag.py:537} INFO - Filling up the DagBag from /home/airflow/.local/lib/python3.7/site-packages/airflow/example_dags/example_python_operator.py
[2022-11-30T15:54:40.128+0000] {logging_mixin.py:137} INFO - [2022-11-30T15:54:40.128+0000] {taskmixin.py:205} WARNING - Dependency <Task(_PythonDecoratedOperator): print_the_context>, log_sql_query already registered for DAG: example_python_operator
[2022-11-30T15:54:40.128+0000] {logging_mixin.py:137} INFO - [2022-11-30T15:54:40.128+0000] {taskmixin.py:205} WARNING - Dependency <Task(_PythonDecoratedOperator): log_sql_query>, print_the_context already registered for DAG: example_python_operator
[2022-11-30T15:54:40.129+0000] {logging_mixin.py:137} INFO - [2022-11-30T15:54:40.129+0000] {taskmixin.py:205} WARNING - Dependency <Task(_PythonDecoratedOperator): print_the_context>, log_sql_query already registered for DAG: example_python_operator
[2022-11-30T15:54:40.129+0000] {logging_mixin.py:137} INFO - [2022-11-30T15:54:40.129+0000] {taskmixin.py:205} WARNING - Dependency <Task(_PythonDecoratedOperator): log_sql_query>, print_the_context already registered for DAG: example_python_operator
[2022-11-30T15:54:40.130+0000] {logging_mixin.py:137} INFO - [2022-11-30T15:54:40.130+0000] {taskmixin.py:205} WARNING - Dependency <Task(_PythonDecoratedOperator): print_the_context>, log_sql_query already registered for DAG: example_python_operator
[2022-11-30T15:54:40.130+0000] {logging_mixin.py:137} INFO - [2022-11-30T15:54:40.130+0000] {taskmixin.py:205} WARNING - Dependency <Task(_PythonDecoratedOperator): log_sql_query>, print_the_context already registered for DAG: example_python_operator
[2022-11-30T15:54:40.131+0000] {logging_mixin.py:137} INFO - [2022-11-30T15:54:40.131+0000] {taskmixin.py:205} WARNING - Dependency <Task(_PythonDecoratedOperator): print_the_context>, log_sql_query already registered for DAG: example_python_operator
[2022-11-30T15:54:40.131+0000] {logging_mixin.py:137} INFO - [2022-11-30T15:54:40.131+0000] {taskmixin.py:205} WARNING - Dependency <Task(_PythonDecoratedOperator): log_sql_query>, print_the_context already registered for DAG: example_python_operator
[2022-11-30T15:54:40.136+0000] {processor.py:766} INFO - DAG(s) dict_keys(['example_python_operator']) retrieved from /home/airflow/.local/lib/python3.7/site-packages/airflow/example_dags/example_python_operator.py
[2022-11-30T15:54:40.164+0000] {logging_mixin.py:137} INFO - [2022-11-30T15:54:40.163+0000] {dag.py:2585} INFO - Sync 1 DAGs
[2022-11-30T15:54:40.182+0000] {logging_mixin.py:137} INFO - [2022-11-30T15:54:40.181+0000] {dag.py:3340} INFO - Setting next_dagrun for example_python_operator to None, run_after=None
[2022-11-30T15:54:40.223+0000] {processor.py:176} INFO - Processing /home/airflow/.local/lib/python3.7/site-packages/airflow/example_dags/example_python_operator.py took 0.108 seconds
[2022-11-30T15:55:10.683+0000] {processor.py:154} INFO - Started process (PID=853) to work on /home/airflow/.local/lib/python3.7/site-packages/airflow/example_dags/example_python_operator.py
[2022-11-30T15:55:10.684+0000] {processor.py:756} INFO - Processing file /home/airflow/.local/lib/python3.7/site-packages/airflow/example_dags/example_python_operator.py for tasks to queue
[2022-11-30T15:55:10.684+0000] {logging_mixin.py:137} INFO - [2022-11-30T15:55:10.684+0000] {dagbag.py:537} INFO - Filling up the DagBag from /home/airflow/.local/lib/python3.7/site-packages/airflow/example_dags/example_python_operator.py
[2022-11-30T15:55:10.695+0000] {logging_mixin.py:137} INFO - [2022-11-30T15:55:10.695+0000] {taskmixin.py:205} WARNING - Dependency <Task(_PythonDecoratedOperator): print_the_context>, log_sql_query already registered for DAG: example_python_operator
[2022-11-30T15:55:10.696+0000] {logging_mixin.py:137} INFO - [2022-11-30T15:55:10.695+0000] {taskmixin.py:205} WARNING - Dependency <Task(_PythonDecoratedOperator): log_sql_query>, print_the_context already registered for DAG: example_python_operator
[2022-11-30T15:55:10.696+0000] {logging_mixin.py:137} INFO - [2022-11-30T15:55:10.696+0000] {taskmixin.py:205} WARNING - Dependency <Task(_PythonDecoratedOperator): print_the_context>, log_sql_query already registered for DAG: example_python_operator
[2022-11-30T15:55:10.696+0000] {logging_mixin.py:137} INFO - [2022-11-30T15:55:10.696+0000] {taskmixin.py:205} WARNING - Dependency <Task(_PythonDecoratedOperator): log_sql_query>, print_the_context already registered for DAG: example_python_operator
[2022-11-30T15:55:10.697+0000] {logging_mixin.py:137} INFO - [2022-11-30T15:55:10.697+0000] {taskmixin.py:205} WARNING - Dependency <Task(_PythonDecoratedOperator): print_the_context>, log_sql_query already registered for DAG: example_python_operator
[2022-11-30T15:55:10.698+0000] {logging_mixin.py:137} INFO - [2022-11-30T15:55:10.697+0000] {taskmixin.py:205} WARNING - Dependency <Task(_PythonDecoratedOperator): log_sql_query>, print_the_context already registered for DAG: example_python_operator
[2022-11-30T15:55:10.698+0000] {logging_mixin.py:137} INFO - [2022-11-30T15:55:10.698+0000] {taskmixin.py:205} WARNING - Dependency <Task(_PythonDecoratedOperator): print_the_context>, log_sql_query already registered for DAG: example_python_operator
[2022-11-30T15:55:10.698+0000] {logging_mixin.py:137} INFO - [2022-11-30T15:55:10.698+0000] {taskmixin.py:205} WARNING - Dependency <Task(_PythonDecoratedOperator): log_sql_query>, print_the_context already registered for DAG: example_python_operator
[2022-11-30T15:55:10.705+0000] {processor.py:766} INFO - DAG(s) dict_keys(['example_python_operator']) retrieved from /home/airflow/.local/lib/python3.7/site-packages/airflow/example_dags/example_python_operator.py
[2022-11-30T15:55:10.734+0000] {logging_mixin.py:137} INFO - [2022-11-30T15:55:10.733+0000] {dag.py:2585} INFO - Sync 1 DAGs
[2022-11-30T15:55:10.752+0000] {logging_mixin.py:137} INFO - [2022-11-30T15:55:10.752+0000] {dag.py:3340} INFO - Setting next_dagrun for example_python_operator to None, run_after=None
[2022-11-30T15:55:10.792+0000] {processor.py:176} INFO - Processing /home/airflow/.local/lib/python3.7/site-packages/airflow/example_dags/example_python_operator.py took 0.111 seconds
