[2022-11-30T15:48:30.559+0000] {processor.py:154} INFO - Started process (PID=60) to work on /home/airflow/.local/lib/python3.7/site-packages/airflow/example_dags/example_complex.py
[2022-11-30T15:48:30.560+0000] {processor.py:756} INFO - Processing file /home/airflow/.local/lib/python3.7/site-packages/airflow/example_dags/example_complex.py for tasks to queue
[2022-11-30T15:48:30.560+0000] {logging_mixin.py:137} INFO - [2022-11-30T15:48:30.560+0000] {dagbag.py:537} INFO - Filling up the DagBag from /home/airflow/.local/lib/python3.7/site-packages/airflow/example_dags/example_complex.py
[2022-11-30T15:48:30.586+0000] {logging_mixin.py:137} INFO - [2022-11-30T15:48:30.586+0000] {taskmixin.py:205} WARNING - Dependency <Task(BashOperator): create_entry_group>, delete_entry_group already registered for DAG: example_complex
[2022-11-30T15:48:30.587+0000] {logging_mixin.py:137} INFO - [2022-11-30T15:48:30.587+0000] {taskmixin.py:205} WARNING - Dependency <Task(BashOperator): delete_entry_group>, create_entry_group already registered for DAG: example_complex
[2022-11-30T15:48:30.587+0000] {logging_mixin.py:137} INFO - [2022-11-30T15:48:30.587+0000] {taskmixin.py:205} WARNING - Dependency <Task(BashOperator): create_entry_gcs>, delete_entry already registered for DAG: example_complex
[2022-11-30T15:48:30.588+0000] {logging_mixin.py:137} INFO - [2022-11-30T15:48:30.587+0000] {taskmixin.py:205} WARNING - Dependency <Task(BashOperator): delete_entry>, create_entry_gcs already registered for DAG: example_complex
[2022-11-30T15:48:30.588+0000] {logging_mixin.py:137} INFO - [2022-11-30T15:48:30.588+0000] {taskmixin.py:205} WARNING - Dependency <Task(BashOperator): create_tag>, delete_tag already registered for DAG: example_complex
[2022-11-30T15:48:30.588+0000] {logging_mixin.py:137} INFO - [2022-11-30T15:48:30.588+0000] {taskmixin.py:205} WARNING - Dependency <Task(BashOperator): delete_tag>, create_tag already registered for DAG: example_complex
[2022-11-30T15:48:30.594+0000] {processor.py:766} INFO - DAG(s) dict_keys(['example_complex']) retrieved from /home/airflow/.local/lib/python3.7/site-packages/airflow/example_dags/example_complex.py
[2022-11-30T15:48:30.952+0000] {logging_mixin.py:137} INFO - [2022-11-30T15:48:30.952+0000] {manager.py:507} INFO - Created Permission View: can edit on DAG:example_complex
[2022-11-30T15:48:31.043+0000] {logging_mixin.py:137} INFO - [2022-11-30T15:48:31.043+0000] {manager.py:507} INFO - Created Permission View: can read on DAG:example_complex
[2022-11-30T15:48:31.127+0000] {logging_mixin.py:137} INFO - [2022-11-30T15:48:31.127+0000] {manager.py:507} INFO - Created Permission View: can delete on DAG:example_complex
[2022-11-30T15:48:31.128+0000] {logging_mixin.py:137} INFO - [2022-11-30T15:48:31.128+0000] {dag.py:2585} INFO - Sync 1 DAGs
[2022-11-30T15:48:31.145+0000] {logging_mixin.py:137} INFO - [2022-11-30T15:48:31.144+0000] {dag.py:2606} INFO - Creating ORM DAG for example_complex
[2022-11-30T15:48:31.156+0000] {logging_mixin.py:137} INFO - [2022-11-30T15:48:31.156+0000] {dag.py:3340} INFO - Setting next_dagrun for example_complex to None, run_after=None
[2022-11-30T15:48:31.226+0000] {processor.py:176} INFO - Processing /home/airflow/.local/lib/python3.7/site-packages/airflow/example_dags/example_complex.py took 0.668 seconds
[2022-11-30T15:49:01.631+0000] {processor.py:154} INFO - Started process (PID=113) to work on /home/airflow/.local/lib/python3.7/site-packages/airflow/example_dags/example_complex.py
[2022-11-30T15:49:01.631+0000] {processor.py:756} INFO - Processing file /home/airflow/.local/lib/python3.7/site-packages/airflow/example_dags/example_complex.py for tasks to queue
[2022-11-30T15:49:01.632+0000] {logging_mixin.py:137} INFO - [2022-11-30T15:49:01.632+0000] {dagbag.py:537} INFO - Filling up the DagBag from /home/airflow/.local/lib/python3.7/site-packages/airflow/example_dags/example_complex.py
[2022-11-30T15:49:01.640+0000] {logging_mixin.py:137} INFO - [2022-11-30T15:49:01.640+0000] {taskmixin.py:205} WARNING - Dependency <Task(BashOperator): create_entry_group>, delete_entry_group already registered for DAG: example_complex
[2022-11-30T15:49:01.640+0000] {logging_mixin.py:137} INFO - [2022-11-30T15:49:01.640+0000] {taskmixin.py:205} WARNING - Dependency <Task(BashOperator): delete_entry_group>, create_entry_group already registered for DAG: example_complex
[2022-11-30T15:49:01.640+0000] {logging_mixin.py:137} INFO - [2022-11-30T15:49:01.640+0000] {taskmixin.py:205} WARNING - Dependency <Task(BashOperator): create_entry_gcs>, delete_entry already registered for DAG: example_complex
[2022-11-30T15:49:01.641+0000] {logging_mixin.py:137} INFO - [2022-11-30T15:49:01.641+0000] {taskmixin.py:205} WARNING - Dependency <Task(BashOperator): delete_entry>, create_entry_gcs already registered for DAG: example_complex
[2022-11-30T15:49:01.641+0000] {logging_mixin.py:137} INFO - [2022-11-30T15:49:01.641+0000] {taskmixin.py:205} WARNING - Dependency <Task(BashOperator): create_tag>, delete_tag already registered for DAG: example_complex
[2022-11-30T15:49:01.641+0000] {logging_mixin.py:137} INFO - [2022-11-30T15:49:01.641+0000] {taskmixin.py:205} WARNING - Dependency <Task(BashOperator): delete_tag>, create_tag already registered for DAG: example_complex
[2022-11-30T15:49:01.646+0000] {processor.py:766} INFO - DAG(s) dict_keys(['example_complex']) retrieved from /home/airflow/.local/lib/python3.7/site-packages/airflow/example_dags/example_complex.py
[2022-11-30T15:49:01.679+0000] {logging_mixin.py:137} INFO - [2022-11-30T15:49:01.679+0000] {dag.py:2585} INFO - Sync 1 DAGs
[2022-11-30T15:49:01.698+0000] {logging_mixin.py:137} INFO - [2022-11-30T15:49:01.698+0000] {dag.py:3340} INFO - Setting next_dagrun for example_complex to None, run_after=None
[2022-11-30T15:49:01.935+0000] {processor.py:176} INFO - Processing /home/airflow/.local/lib/python3.7/site-packages/airflow/example_dags/example_complex.py took 0.306 seconds
[2022-11-30T15:49:32.067+0000] {processor.py:154} INFO - Started process (PID=177) to work on /home/airflow/.local/lib/python3.7/site-packages/airflow/example_dags/example_complex.py
[2022-11-30T15:49:32.067+0000] {processor.py:756} INFO - Processing file /home/airflow/.local/lib/python3.7/site-packages/airflow/example_dags/example_complex.py for tasks to queue
[2022-11-30T15:49:32.068+0000] {logging_mixin.py:137} INFO - [2022-11-30T15:49:32.068+0000] {dagbag.py:537} INFO - Filling up the DagBag from /home/airflow/.local/lib/python3.7/site-packages/airflow/example_dags/example_complex.py
[2022-11-30T15:49:32.076+0000] {logging_mixin.py:137} INFO - [2022-11-30T15:49:32.076+0000] {taskmixin.py:205} WARNING - Dependency <Task(BashOperator): create_entry_group>, delete_entry_group already registered for DAG: example_complex
[2022-11-30T15:49:32.077+0000] {logging_mixin.py:137} INFO - [2022-11-30T15:49:32.077+0000] {taskmixin.py:205} WARNING - Dependency <Task(BashOperator): delete_entry_group>, create_entry_group already registered for DAG: example_complex
[2022-11-30T15:49:32.077+0000] {logging_mixin.py:137} INFO - [2022-11-30T15:49:32.077+0000] {taskmixin.py:205} WARNING - Dependency <Task(BashOperator): create_entry_gcs>, delete_entry already registered for DAG: example_complex
[2022-11-30T15:49:32.077+0000] {logging_mixin.py:137} INFO - [2022-11-30T15:49:32.077+0000] {taskmixin.py:205} WARNING - Dependency <Task(BashOperator): delete_entry>, create_entry_gcs already registered for DAG: example_complex
[2022-11-30T15:49:32.078+0000] {logging_mixin.py:137} INFO - [2022-11-30T15:49:32.078+0000] {taskmixin.py:205} WARNING - Dependency <Task(BashOperator): create_tag>, delete_tag already registered for DAG: example_complex
[2022-11-30T15:49:32.078+0000] {logging_mixin.py:137} INFO - [2022-11-30T15:49:32.078+0000] {taskmixin.py:205} WARNING - Dependency <Task(BashOperator): delete_tag>, create_tag already registered for DAG: example_complex
[2022-11-30T15:49:32.084+0000] {processor.py:766} INFO - DAG(s) dict_keys(['example_complex']) retrieved from /home/airflow/.local/lib/python3.7/site-packages/airflow/example_dags/example_complex.py
[2022-11-30T15:49:32.116+0000] {logging_mixin.py:137} INFO - [2022-11-30T15:49:32.116+0000] {dag.py:2585} INFO - Sync 1 DAGs
[2022-11-30T15:49:32.136+0000] {logging_mixin.py:137} INFO - [2022-11-30T15:49:32.136+0000] {dag.py:3340} INFO - Setting next_dagrun for example_complex to None, run_after=None
[2022-11-30T15:49:32.189+0000] {processor.py:176} INFO - Processing /home/airflow/.local/lib/python3.7/site-packages/airflow/example_dags/example_complex.py took 0.124 seconds
[2022-11-30T15:50:02.672+0000] {processor.py:154} INFO - Started process (PID=240) to work on /home/airflow/.local/lib/python3.7/site-packages/airflow/example_dags/example_complex.py
[2022-11-30T15:50:02.673+0000] {processor.py:756} INFO - Processing file /home/airflow/.local/lib/python3.7/site-packages/airflow/example_dags/example_complex.py for tasks to queue
[2022-11-30T15:50:02.674+0000] {logging_mixin.py:137} INFO - [2022-11-30T15:50:02.674+0000] {dagbag.py:537} INFO - Filling up the DagBag from /home/airflow/.local/lib/python3.7/site-packages/airflow/example_dags/example_complex.py
[2022-11-30T15:50:02.685+0000] {logging_mixin.py:137} INFO - [2022-11-30T15:50:02.685+0000] {taskmixin.py:205} WARNING - Dependency <Task(BashOperator): create_entry_group>, delete_entry_group already registered for DAG: example_complex
[2022-11-30T15:50:02.686+0000] {logging_mixin.py:137} INFO - [2022-11-30T15:50:02.686+0000] {taskmixin.py:205} WARNING - Dependency <Task(BashOperator): delete_entry_group>, create_entry_group already registered for DAG: example_complex
[2022-11-30T15:50:02.687+0000] {logging_mixin.py:137} INFO - [2022-11-30T15:50:02.687+0000] {taskmixin.py:205} WARNING - Dependency <Task(BashOperator): create_entry_gcs>, delete_entry already registered for DAG: example_complex
[2022-11-30T15:50:02.688+0000] {logging_mixin.py:137} INFO - [2022-11-30T15:50:02.687+0000] {taskmixin.py:205} WARNING - Dependency <Task(BashOperator): delete_entry>, create_entry_gcs already registered for DAG: example_complex
[2022-11-30T15:50:02.688+0000] {logging_mixin.py:137} INFO - [2022-11-30T15:50:02.688+0000] {taskmixin.py:205} WARNING - Dependency <Task(BashOperator): create_tag>, delete_tag already registered for DAG: example_complex
[2022-11-30T15:50:02.688+0000] {logging_mixin.py:137} INFO - [2022-11-30T15:50:02.688+0000] {taskmixin.py:205} WARNING - Dependency <Task(BashOperator): delete_tag>, create_tag already registered for DAG: example_complex
[2022-11-30T15:50:02.696+0000] {processor.py:766} INFO - DAG(s) dict_keys(['example_complex']) retrieved from /home/airflow/.local/lib/python3.7/site-packages/airflow/example_dags/example_complex.py
[2022-11-30T15:50:02.737+0000] {logging_mixin.py:137} INFO - [2022-11-30T15:50:02.737+0000] {dag.py:2585} INFO - Sync 1 DAGs
[2022-11-30T15:50:02.762+0000] {logging_mixin.py:137} INFO - [2022-11-30T15:50:02.762+0000] {dag.py:3340} INFO - Setting next_dagrun for example_complex to None, run_after=None
[2022-11-30T15:50:02.806+0000] {processor.py:176} INFO - Processing /home/airflow/.local/lib/python3.7/site-packages/airflow/example_dags/example_complex.py took 0.136 seconds
[2022-11-30T15:50:33.124+0000] {processor.py:154} INFO - Started process (PID=300) to work on /home/airflow/.local/lib/python3.7/site-packages/airflow/example_dags/example_complex.py
[2022-11-30T15:50:33.124+0000] {processor.py:756} INFO - Processing file /home/airflow/.local/lib/python3.7/site-packages/airflow/example_dags/example_complex.py for tasks to queue
[2022-11-30T15:50:33.125+0000] {logging_mixin.py:137} INFO - [2022-11-30T15:50:33.125+0000] {dagbag.py:537} INFO - Filling up the DagBag from /home/airflow/.local/lib/python3.7/site-packages/airflow/example_dags/example_complex.py
[2022-11-30T15:50:33.134+0000] {logging_mixin.py:137} INFO - [2022-11-30T15:50:33.134+0000] {taskmixin.py:205} WARNING - Dependency <Task(BashOperator): create_entry_group>, delete_entry_group already registered for DAG: example_complex
[2022-11-30T15:50:33.135+0000] {logging_mixin.py:137} INFO - [2022-11-30T15:50:33.135+0000] {taskmixin.py:205} WARNING - Dependency <Task(BashOperator): delete_entry_group>, create_entry_group already registered for DAG: example_complex
[2022-11-30T15:50:33.135+0000] {logging_mixin.py:137} INFO - [2022-11-30T15:50:33.135+0000] {taskmixin.py:205} WARNING - Dependency <Task(BashOperator): create_entry_gcs>, delete_entry already registered for DAG: example_complex
[2022-11-30T15:50:33.136+0000] {logging_mixin.py:137} INFO - [2022-11-30T15:50:33.136+0000] {taskmixin.py:205} WARNING - Dependency <Task(BashOperator): delete_entry>, create_entry_gcs already registered for DAG: example_complex
[2022-11-30T15:50:33.136+0000] {logging_mixin.py:137} INFO - [2022-11-30T15:50:33.136+0000] {taskmixin.py:205} WARNING - Dependency <Task(BashOperator): create_tag>, delete_tag already registered for DAG: example_complex
[2022-11-30T15:50:33.137+0000] {logging_mixin.py:137} INFO - [2022-11-30T15:50:33.137+0000] {taskmixin.py:205} WARNING - Dependency <Task(BashOperator): delete_tag>, create_tag already registered for DAG: example_complex
[2022-11-30T15:50:33.142+0000] {processor.py:766} INFO - DAG(s) dict_keys(['example_complex']) retrieved from /home/airflow/.local/lib/python3.7/site-packages/airflow/example_dags/example_complex.py
[2022-11-30T15:50:33.175+0000] {logging_mixin.py:137} INFO - [2022-11-30T15:50:33.175+0000] {dag.py:2585} INFO - Sync 1 DAGs
[2022-11-30T15:50:33.193+0000] {logging_mixin.py:137} INFO - [2022-11-30T15:50:33.193+0000] {dag.py:3340} INFO - Setting next_dagrun for example_complex to None, run_after=None
[2022-11-30T15:50:33.238+0000] {processor.py:176} INFO - Processing /home/airflow/.local/lib/python3.7/site-packages/airflow/example_dags/example_complex.py took 0.116 seconds
[2022-11-30T15:51:03.702+0000] {processor.py:154} INFO - Started process (PID=357) to work on /home/airflow/.local/lib/python3.7/site-packages/airflow/example_dags/example_complex.py
[2022-11-30T15:51:03.702+0000] {processor.py:756} INFO - Processing file /home/airflow/.local/lib/python3.7/site-packages/airflow/example_dags/example_complex.py for tasks to queue
[2022-11-30T15:51:03.703+0000] {logging_mixin.py:137} INFO - [2022-11-30T15:51:03.703+0000] {dagbag.py:537} INFO - Filling up the DagBag from /home/airflow/.local/lib/python3.7/site-packages/airflow/example_dags/example_complex.py
[2022-11-30T15:51:03.711+0000] {logging_mixin.py:137} INFO - [2022-11-30T15:51:03.711+0000] {taskmixin.py:205} WARNING - Dependency <Task(BashOperator): create_entry_group>, delete_entry_group already registered for DAG: example_complex
[2022-11-30T15:51:03.712+0000] {logging_mixin.py:137} INFO - [2022-11-30T15:51:03.712+0000] {taskmixin.py:205} WARNING - Dependency <Task(BashOperator): delete_entry_group>, create_entry_group already registered for DAG: example_complex
[2022-11-30T15:51:03.712+0000] {logging_mixin.py:137} INFO - [2022-11-30T15:51:03.712+0000] {taskmixin.py:205} WARNING - Dependency <Task(BashOperator): create_entry_gcs>, delete_entry already registered for DAG: example_complex
[2022-11-30T15:51:03.712+0000] {logging_mixin.py:137} INFO - [2022-11-30T15:51:03.712+0000] {taskmixin.py:205} WARNING - Dependency <Task(BashOperator): delete_entry>, create_entry_gcs already registered for DAG: example_complex
[2022-11-30T15:51:03.713+0000] {logging_mixin.py:137} INFO - [2022-11-30T15:51:03.713+0000] {taskmixin.py:205} WARNING - Dependency <Task(BashOperator): create_tag>, delete_tag already registered for DAG: example_complex
[2022-11-30T15:51:03.713+0000] {logging_mixin.py:137} INFO - [2022-11-30T15:51:03.713+0000] {taskmixin.py:205} WARNING - Dependency <Task(BashOperator): delete_tag>, create_tag already registered for DAG: example_complex
[2022-11-30T15:51:03.718+0000] {processor.py:766} INFO - DAG(s) dict_keys(['example_complex']) retrieved from /home/airflow/.local/lib/python3.7/site-packages/airflow/example_dags/example_complex.py
[2022-11-30T15:51:03.750+0000] {logging_mixin.py:137} INFO - [2022-11-30T15:51:03.750+0000] {dag.py:2585} INFO - Sync 1 DAGs
[2022-11-30T15:51:03.767+0000] {logging_mixin.py:137} INFO - [2022-11-30T15:51:03.767+0000] {dag.py:3340} INFO - Setting next_dagrun for example_complex to None, run_after=None
[2022-11-30T15:51:03.804+0000] {processor.py:176} INFO - Processing /home/airflow/.local/lib/python3.7/site-packages/airflow/example_dags/example_complex.py took 0.104 seconds
[2022-11-30T15:51:34.373+0000] {processor.py:154} INFO - Started process (PID=421) to work on /home/airflow/.local/lib/python3.7/site-packages/airflow/example_dags/example_complex.py
[2022-11-30T15:51:34.373+0000] {processor.py:756} INFO - Processing file /home/airflow/.local/lib/python3.7/site-packages/airflow/example_dags/example_complex.py for tasks to queue
[2022-11-30T15:51:34.374+0000] {logging_mixin.py:137} INFO - [2022-11-30T15:51:34.374+0000] {dagbag.py:537} INFO - Filling up the DagBag from /home/airflow/.local/lib/python3.7/site-packages/airflow/example_dags/example_complex.py
[2022-11-30T15:51:34.386+0000] {logging_mixin.py:137} INFO - [2022-11-30T15:51:34.386+0000] {taskmixin.py:205} WARNING - Dependency <Task(BashOperator): create_entry_group>, delete_entry_group already registered for DAG: example_complex
[2022-11-30T15:51:34.386+0000] {logging_mixin.py:137} INFO - [2022-11-30T15:51:34.386+0000] {taskmixin.py:205} WARNING - Dependency <Task(BashOperator): delete_entry_group>, create_entry_group already registered for DAG: example_complex
[2022-11-30T15:51:34.387+0000] {logging_mixin.py:137} INFO - [2022-11-30T15:51:34.387+0000] {taskmixin.py:205} WARNING - Dependency <Task(BashOperator): create_entry_gcs>, delete_entry already registered for DAG: example_complex
[2022-11-30T15:51:34.387+0000] {logging_mixin.py:137} INFO - [2022-11-30T15:51:34.387+0000] {taskmixin.py:205} WARNING - Dependency <Task(BashOperator): delete_entry>, create_entry_gcs already registered for DAG: example_complex
[2022-11-30T15:51:34.388+0000] {logging_mixin.py:137} INFO - [2022-11-30T15:51:34.388+0000] {taskmixin.py:205} WARNING - Dependency <Task(BashOperator): create_tag>, delete_tag already registered for DAG: example_complex
[2022-11-30T15:51:34.388+0000] {logging_mixin.py:137} INFO - [2022-11-30T15:51:34.388+0000] {taskmixin.py:205} WARNING - Dependency <Task(BashOperator): delete_tag>, create_tag already registered for DAG: example_complex
[2022-11-30T15:51:34.394+0000] {processor.py:766} INFO - DAG(s) dict_keys(['example_complex']) retrieved from /home/airflow/.local/lib/python3.7/site-packages/airflow/example_dags/example_complex.py
[2022-11-30T15:51:34.429+0000] {logging_mixin.py:137} INFO - [2022-11-30T15:51:34.429+0000] {dag.py:2585} INFO - Sync 1 DAGs
[2022-11-30T15:51:34.447+0000] {logging_mixin.py:137} INFO - [2022-11-30T15:51:34.447+0000] {dag.py:3340} INFO - Setting next_dagrun for example_complex to None, run_after=None
[2022-11-30T15:51:34.534+0000] {processor.py:176} INFO - Processing /home/airflow/.local/lib/python3.7/site-packages/airflow/example_dags/example_complex.py took 0.163 seconds
[2022-11-30T15:52:05.003+0000] {processor.py:154} INFO - Started process (PID=484) to work on /home/airflow/.local/lib/python3.7/site-packages/airflow/example_dags/example_complex.py
[2022-11-30T15:52:05.003+0000] {processor.py:756} INFO - Processing file /home/airflow/.local/lib/python3.7/site-packages/airflow/example_dags/example_complex.py for tasks to queue
[2022-11-30T15:52:05.004+0000] {logging_mixin.py:137} INFO - [2022-11-30T15:52:05.004+0000] {dagbag.py:537} INFO - Filling up the DagBag from /home/airflow/.local/lib/python3.7/site-packages/airflow/example_dags/example_complex.py
[2022-11-30T15:52:05.012+0000] {logging_mixin.py:137} INFO - [2022-11-30T15:52:05.012+0000] {taskmixin.py:205} WARNING - Dependency <Task(BashOperator): create_entry_group>, delete_entry_group already registered for DAG: example_complex
[2022-11-30T15:52:05.013+0000] {logging_mixin.py:137} INFO - [2022-11-30T15:52:05.013+0000] {taskmixin.py:205} WARNING - Dependency <Task(BashOperator): delete_entry_group>, create_entry_group already registered for DAG: example_complex
[2022-11-30T15:52:05.013+0000] {logging_mixin.py:137} INFO - [2022-11-30T15:52:05.013+0000] {taskmixin.py:205} WARNING - Dependency <Task(BashOperator): create_entry_gcs>, delete_entry already registered for DAG: example_complex
[2022-11-30T15:52:05.013+0000] {logging_mixin.py:137} INFO - [2022-11-30T15:52:05.013+0000] {taskmixin.py:205} WARNING - Dependency <Task(BashOperator): delete_entry>, create_entry_gcs already registered for DAG: example_complex
[2022-11-30T15:52:05.014+0000] {logging_mixin.py:137} INFO - [2022-11-30T15:52:05.014+0000] {taskmixin.py:205} WARNING - Dependency <Task(BashOperator): create_tag>, delete_tag already registered for DAG: example_complex
[2022-11-30T15:52:05.014+0000] {logging_mixin.py:137} INFO - [2022-11-30T15:52:05.014+0000] {taskmixin.py:205} WARNING - Dependency <Task(BashOperator): delete_tag>, create_tag already registered for DAG: example_complex
[2022-11-30T15:52:05.020+0000] {processor.py:766} INFO - DAG(s) dict_keys(['example_complex']) retrieved from /home/airflow/.local/lib/python3.7/site-packages/airflow/example_dags/example_complex.py
[2022-11-30T15:52:05.051+0000] {logging_mixin.py:137} INFO - [2022-11-30T15:52:05.051+0000] {dag.py:2585} INFO - Sync 1 DAGs
[2022-11-30T15:52:05.069+0000] {logging_mixin.py:137} INFO - [2022-11-30T15:52:05.069+0000] {dag.py:3340} INFO - Setting next_dagrun for example_complex to None, run_after=None
[2022-11-30T15:52:05.133+0000] {processor.py:176} INFO - Processing /home/airflow/.local/lib/python3.7/site-packages/airflow/example_dags/example_complex.py took 0.132 seconds
[2022-11-30T15:52:35.432+0000] {processor.py:154} INFO - Started process (PID=538) to work on /home/airflow/.local/lib/python3.7/site-packages/airflow/example_dags/example_complex.py
[2022-11-30T15:52:35.432+0000] {processor.py:756} INFO - Processing file /home/airflow/.local/lib/python3.7/site-packages/airflow/example_dags/example_complex.py for tasks to queue
[2022-11-30T15:52:35.433+0000] {logging_mixin.py:137} INFO - [2022-11-30T15:52:35.433+0000] {dagbag.py:537} INFO - Filling up the DagBag from /home/airflow/.local/lib/python3.7/site-packages/airflow/example_dags/example_complex.py
[2022-11-30T15:52:35.442+0000] {logging_mixin.py:137} INFO - [2022-11-30T15:52:35.442+0000] {taskmixin.py:205} WARNING - Dependency <Task(BashOperator): create_entry_group>, delete_entry_group already registered for DAG: example_complex
[2022-11-30T15:52:35.442+0000] {logging_mixin.py:137} INFO - [2022-11-30T15:52:35.442+0000] {taskmixin.py:205} WARNING - Dependency <Task(BashOperator): delete_entry_group>, create_entry_group already registered for DAG: example_complex
[2022-11-30T15:52:35.443+0000] {logging_mixin.py:137} INFO - [2022-11-30T15:52:35.443+0000] {taskmixin.py:205} WARNING - Dependency <Task(BashOperator): create_entry_gcs>, delete_entry already registered for DAG: example_complex
[2022-11-30T15:52:35.443+0000] {logging_mixin.py:137} INFO - [2022-11-30T15:52:35.443+0000] {taskmixin.py:205} WARNING - Dependency <Task(BashOperator): delete_entry>, create_entry_gcs already registered for DAG: example_complex
[2022-11-30T15:52:35.444+0000] {logging_mixin.py:137} INFO - [2022-11-30T15:52:35.444+0000] {taskmixin.py:205} WARNING - Dependency <Task(BashOperator): create_tag>, delete_tag already registered for DAG: example_complex
[2022-11-30T15:52:35.444+0000] {logging_mixin.py:137} INFO - [2022-11-30T15:52:35.444+0000] {taskmixin.py:205} WARNING - Dependency <Task(BashOperator): delete_tag>, create_tag already registered for DAG: example_complex
[2022-11-30T15:52:35.450+0000] {processor.py:766} INFO - DAG(s) dict_keys(['example_complex']) retrieved from /home/airflow/.local/lib/python3.7/site-packages/airflow/example_dags/example_complex.py
[2022-11-30T15:52:35.486+0000] {logging_mixin.py:137} INFO - [2022-11-30T15:52:35.486+0000] {dag.py:2585} INFO - Sync 1 DAGs
[2022-11-30T15:52:35.507+0000] {logging_mixin.py:137} INFO - [2022-11-30T15:52:35.506+0000] {dag.py:3340} INFO - Setting next_dagrun for example_complex to None, run_after=None
[2022-11-30T15:52:35.551+0000] {processor.py:176} INFO - Processing /home/airflow/.local/lib/python3.7/site-packages/airflow/example_dags/example_complex.py took 0.121 seconds
[2022-11-30T15:53:05.995+0000] {processor.py:154} INFO - Started process (PID=601) to work on /home/airflow/.local/lib/python3.7/site-packages/airflow/example_dags/example_complex.py
[2022-11-30T15:53:05.996+0000] {processor.py:756} INFO - Processing file /home/airflow/.local/lib/python3.7/site-packages/airflow/example_dags/example_complex.py for tasks to queue
[2022-11-30T15:53:05.997+0000] {logging_mixin.py:137} INFO - [2022-11-30T15:53:05.997+0000] {dagbag.py:537} INFO - Filling up the DagBag from /home/airflow/.local/lib/python3.7/site-packages/airflow/example_dags/example_complex.py
[2022-11-30T15:53:06.006+0000] {logging_mixin.py:137} INFO - [2022-11-30T15:53:06.006+0000] {taskmixin.py:205} WARNING - Dependency <Task(BashOperator): create_entry_group>, delete_entry_group already registered for DAG: example_complex
[2022-11-30T15:53:06.007+0000] {logging_mixin.py:137} INFO - [2022-11-30T15:53:06.007+0000] {taskmixin.py:205} WARNING - Dependency <Task(BashOperator): delete_entry_group>, create_entry_group already registered for DAG: example_complex
[2022-11-30T15:53:06.007+0000] {logging_mixin.py:137} INFO - [2022-11-30T15:53:06.007+0000] {taskmixin.py:205} WARNING - Dependency <Task(BashOperator): create_entry_gcs>, delete_entry already registered for DAG: example_complex
[2022-11-30T15:53:06.008+0000] {logging_mixin.py:137} INFO - [2022-11-30T15:53:06.007+0000] {taskmixin.py:205} WARNING - Dependency <Task(BashOperator): delete_entry>, create_entry_gcs already registered for DAG: example_complex
[2022-11-30T15:53:06.008+0000] {logging_mixin.py:137} INFO - [2022-11-30T15:53:06.008+0000] {taskmixin.py:205} WARNING - Dependency <Task(BashOperator): create_tag>, delete_tag already registered for DAG: example_complex
[2022-11-30T15:53:06.009+0000] {logging_mixin.py:137} INFO - [2022-11-30T15:53:06.008+0000] {taskmixin.py:205} WARNING - Dependency <Task(BashOperator): delete_tag>, create_tag already registered for DAG: example_complex
[2022-11-30T15:53:06.015+0000] {processor.py:766} INFO - DAG(s) dict_keys(['example_complex']) retrieved from /home/airflow/.local/lib/python3.7/site-packages/airflow/example_dags/example_complex.py
[2022-11-30T15:53:06.055+0000] {logging_mixin.py:137} INFO - [2022-11-30T15:53:06.055+0000] {dag.py:2585} INFO - Sync 1 DAGs
[2022-11-30T15:53:06.075+0000] {logging_mixin.py:137} INFO - [2022-11-30T15:53:06.075+0000] {dag.py:3340} INFO - Setting next_dagrun for example_complex to None, run_after=None
[2022-11-30T15:53:06.118+0000] {processor.py:176} INFO - Processing /home/airflow/.local/lib/python3.7/site-packages/airflow/example_dags/example_complex.py took 0.125 seconds
[2022-11-30T15:53:36.508+0000] {processor.py:154} INFO - Started process (PID=664) to work on /home/airflow/.local/lib/python3.7/site-packages/airflow/example_dags/example_complex.py
[2022-11-30T15:53:36.508+0000] {processor.py:756} INFO - Processing file /home/airflow/.local/lib/python3.7/site-packages/airflow/example_dags/example_complex.py for tasks to queue
[2022-11-30T15:53:36.509+0000] {logging_mixin.py:137} INFO - [2022-11-30T15:53:36.509+0000] {dagbag.py:537} INFO - Filling up the DagBag from /home/airflow/.local/lib/python3.7/site-packages/airflow/example_dags/example_complex.py
[2022-11-30T15:53:36.518+0000] {logging_mixin.py:137} INFO - [2022-11-30T15:53:36.518+0000] {taskmixin.py:205} WARNING - Dependency <Task(BashOperator): create_entry_group>, delete_entry_group already registered for DAG: example_complex
[2022-11-30T15:53:36.519+0000] {logging_mixin.py:137} INFO - [2022-11-30T15:53:36.519+0000] {taskmixin.py:205} WARNING - Dependency <Task(BashOperator): delete_entry_group>, create_entry_group already registered for DAG: example_complex
[2022-11-30T15:53:36.519+0000] {logging_mixin.py:137} INFO - [2022-11-30T15:53:36.519+0000] {taskmixin.py:205} WARNING - Dependency <Task(BashOperator): create_entry_gcs>, delete_entry already registered for DAG: example_complex
[2022-11-30T15:53:36.519+0000] {logging_mixin.py:137} INFO - [2022-11-30T15:53:36.519+0000] {taskmixin.py:205} WARNING - Dependency <Task(BashOperator): delete_entry>, create_entry_gcs already registered for DAG: example_complex
[2022-11-30T15:53:36.520+0000] {logging_mixin.py:137} INFO - [2022-11-30T15:53:36.520+0000] {taskmixin.py:205} WARNING - Dependency <Task(BashOperator): create_tag>, delete_tag already registered for DAG: example_complex
[2022-11-30T15:53:36.520+0000] {logging_mixin.py:137} INFO - [2022-11-30T15:53:36.520+0000] {taskmixin.py:205} WARNING - Dependency <Task(BashOperator): delete_tag>, create_tag already registered for DAG: example_complex
[2022-11-30T15:53:36.526+0000] {processor.py:766} INFO - DAG(s) dict_keys(['example_complex']) retrieved from /home/airflow/.local/lib/python3.7/site-packages/airflow/example_dags/example_complex.py
[2022-11-30T15:53:36.563+0000] {logging_mixin.py:137} INFO - [2022-11-30T15:53:36.563+0000] {dag.py:2585} INFO - Sync 1 DAGs
[2022-11-30T15:53:36.584+0000] {logging_mixin.py:137} INFO - [2022-11-30T15:53:36.584+0000] {dag.py:3340} INFO - Setting next_dagrun for example_complex to None, run_after=None
[2022-11-30T15:53:36.625+0000] {processor.py:176} INFO - Processing /home/airflow/.local/lib/python3.7/site-packages/airflow/example_dags/example_complex.py took 0.119 seconds
[2022-11-30T15:54:07.091+0000] {processor.py:154} INFO - Started process (PID=725) to work on /home/airflow/.local/lib/python3.7/site-packages/airflow/example_dags/example_complex.py
[2022-11-30T15:54:07.092+0000] {processor.py:756} INFO - Processing file /home/airflow/.local/lib/python3.7/site-packages/airflow/example_dags/example_complex.py for tasks to queue
[2022-11-30T15:54:07.092+0000] {logging_mixin.py:137} INFO - [2022-11-30T15:54:07.092+0000] {dagbag.py:537} INFO - Filling up the DagBag from /home/airflow/.local/lib/python3.7/site-packages/airflow/example_dags/example_complex.py
[2022-11-30T15:54:07.103+0000] {logging_mixin.py:137} INFO - [2022-11-30T15:54:07.103+0000] {taskmixin.py:205} WARNING - Dependency <Task(BashOperator): create_entry_group>, delete_entry_group already registered for DAG: example_complex
[2022-11-30T15:54:07.104+0000] {logging_mixin.py:137} INFO - [2022-11-30T15:54:07.104+0000] {taskmixin.py:205} WARNING - Dependency <Task(BashOperator): delete_entry_group>, create_entry_group already registered for DAG: example_complex
[2022-11-30T15:54:07.104+0000] {logging_mixin.py:137} INFO - [2022-11-30T15:54:07.104+0000] {taskmixin.py:205} WARNING - Dependency <Task(BashOperator): create_entry_gcs>, delete_entry already registered for DAG: example_complex
[2022-11-30T15:54:07.104+0000] {logging_mixin.py:137} INFO - [2022-11-30T15:54:07.104+0000] {taskmixin.py:205} WARNING - Dependency <Task(BashOperator): delete_entry>, create_entry_gcs already registered for DAG: example_complex
[2022-11-30T15:54:07.105+0000] {logging_mixin.py:137} INFO - [2022-11-30T15:54:07.105+0000] {taskmixin.py:205} WARNING - Dependency <Task(BashOperator): create_tag>, delete_tag already registered for DAG: example_complex
[2022-11-30T15:54:07.105+0000] {logging_mixin.py:137} INFO - [2022-11-30T15:54:07.105+0000] {taskmixin.py:205} WARNING - Dependency <Task(BashOperator): delete_tag>, create_tag already registered for DAG: example_complex
[2022-11-30T15:54:07.111+0000] {processor.py:766} INFO - DAG(s) dict_keys(['example_complex']) retrieved from /home/airflow/.local/lib/python3.7/site-packages/airflow/example_dags/example_complex.py
[2022-11-30T15:54:07.149+0000] {logging_mixin.py:137} INFO - [2022-11-30T15:54:07.149+0000] {dag.py:2585} INFO - Sync 1 DAGs
[2022-11-30T15:54:07.170+0000] {logging_mixin.py:137} INFO - [2022-11-30T15:54:07.169+0000] {dag.py:3340} INFO - Setting next_dagrun for example_complex to None, run_after=None
[2022-11-30T15:54:07.213+0000] {processor.py:176} INFO - Processing /home/airflow/.local/lib/python3.7/site-packages/airflow/example_dags/example_complex.py took 0.124 seconds
[2022-11-30T15:54:37.563+0000] {processor.py:154} INFO - Started process (PID=781) to work on /home/airflow/.local/lib/python3.7/site-packages/airflow/example_dags/example_complex.py
[2022-11-30T15:54:37.563+0000] {processor.py:756} INFO - Processing file /home/airflow/.local/lib/python3.7/site-packages/airflow/example_dags/example_complex.py for tasks to queue
[2022-11-30T15:54:37.564+0000] {logging_mixin.py:137} INFO - [2022-11-30T15:54:37.564+0000] {dagbag.py:537} INFO - Filling up the DagBag from /home/airflow/.local/lib/python3.7/site-packages/airflow/example_dags/example_complex.py
[2022-11-30T15:54:37.573+0000] {logging_mixin.py:137} INFO - [2022-11-30T15:54:37.573+0000] {taskmixin.py:205} WARNING - Dependency <Task(BashOperator): create_entry_group>, delete_entry_group already registered for DAG: example_complex
[2022-11-30T15:54:37.573+0000] {logging_mixin.py:137} INFO - [2022-11-30T15:54:37.573+0000] {taskmixin.py:205} WARNING - Dependency <Task(BashOperator): delete_entry_group>, create_entry_group already registered for DAG: example_complex
[2022-11-30T15:54:37.574+0000] {logging_mixin.py:137} INFO - [2022-11-30T15:54:37.573+0000] {taskmixin.py:205} WARNING - Dependency <Task(BashOperator): create_entry_gcs>, delete_entry already registered for DAG: example_complex
[2022-11-30T15:54:37.574+0000] {logging_mixin.py:137} INFO - [2022-11-30T15:54:37.574+0000] {taskmixin.py:205} WARNING - Dependency <Task(BashOperator): delete_entry>, create_entry_gcs already registered for DAG: example_complex
[2022-11-30T15:54:37.574+0000] {logging_mixin.py:137} INFO - [2022-11-30T15:54:37.574+0000] {taskmixin.py:205} WARNING - Dependency <Task(BashOperator): create_tag>, delete_tag already registered for DAG: example_complex
[2022-11-30T15:54:37.574+0000] {logging_mixin.py:137} INFO - [2022-11-30T15:54:37.574+0000] {taskmixin.py:205} WARNING - Dependency <Task(BashOperator): delete_tag>, create_tag already registered for DAG: example_complex
[2022-11-30T15:54:37.580+0000] {processor.py:766} INFO - DAG(s) dict_keys(['example_complex']) retrieved from /home/airflow/.local/lib/python3.7/site-packages/airflow/example_dags/example_complex.py
[2022-11-30T15:54:37.614+0000] {logging_mixin.py:137} INFO - [2022-11-30T15:54:37.614+0000] {dag.py:2585} INFO - Sync 1 DAGs
[2022-11-30T15:54:37.632+0000] {logging_mixin.py:137} INFO - [2022-11-30T15:54:37.632+0000] {dag.py:3340} INFO - Setting next_dagrun for example_complex to None, run_after=None
[2022-11-30T15:54:37.699+0000] {processor.py:176} INFO - Processing /home/airflow/.local/lib/python3.7/site-packages/airflow/example_dags/example_complex.py took 0.139 seconds
[2022-11-30T15:55:08.153+0000] {processor.py:154} INFO - Started process (PID=844) to work on /home/airflow/.local/lib/python3.7/site-packages/airflow/example_dags/example_complex.py
[2022-11-30T15:55:08.154+0000] {processor.py:756} INFO - Processing file /home/airflow/.local/lib/python3.7/site-packages/airflow/example_dags/example_complex.py for tasks to queue
[2022-11-30T15:55:08.154+0000] {logging_mixin.py:137} INFO - [2022-11-30T15:55:08.154+0000] {dagbag.py:537} INFO - Filling up the DagBag from /home/airflow/.local/lib/python3.7/site-packages/airflow/example_dags/example_complex.py
[2022-11-30T15:55:08.162+0000] {logging_mixin.py:137} INFO - [2022-11-30T15:55:08.162+0000] {taskmixin.py:205} WARNING - Dependency <Task(BashOperator): create_entry_group>, delete_entry_group already registered for DAG: example_complex
[2022-11-30T15:55:08.163+0000] {logging_mixin.py:137} INFO - [2022-11-30T15:55:08.163+0000] {taskmixin.py:205} WARNING - Dependency <Task(BashOperator): delete_entry_group>, create_entry_group already registered for DAG: example_complex
[2022-11-30T15:55:08.163+0000] {logging_mixin.py:137} INFO - [2022-11-30T15:55:08.163+0000] {taskmixin.py:205} WARNING - Dependency <Task(BashOperator): create_entry_gcs>, delete_entry already registered for DAG: example_complex
[2022-11-30T15:55:08.163+0000] {logging_mixin.py:137} INFO - [2022-11-30T15:55:08.163+0000] {taskmixin.py:205} WARNING - Dependency <Task(BashOperator): delete_entry>, create_entry_gcs already registered for DAG: example_complex
[2022-11-30T15:55:08.164+0000] {logging_mixin.py:137} INFO - [2022-11-30T15:55:08.164+0000] {taskmixin.py:205} WARNING - Dependency <Task(BashOperator): create_tag>, delete_tag already registered for DAG: example_complex
[2022-11-30T15:55:08.164+0000] {logging_mixin.py:137} INFO - [2022-11-30T15:55:08.164+0000] {taskmixin.py:205} WARNING - Dependency <Task(BashOperator): delete_tag>, create_tag already registered for DAG: example_complex
[2022-11-30T15:55:08.170+0000] {processor.py:766} INFO - DAG(s) dict_keys(['example_complex']) retrieved from /home/airflow/.local/lib/python3.7/site-packages/airflow/example_dags/example_complex.py
[2022-11-30T15:55:08.201+0000] {logging_mixin.py:137} INFO - [2022-11-30T15:55:08.201+0000] {dag.py:2585} INFO - Sync 1 DAGs
[2022-11-30T15:55:08.220+0000] {logging_mixin.py:137} INFO - [2022-11-30T15:55:08.220+0000] {dag.py:3340} INFO - Setting next_dagrun for example_complex to None, run_after=None
[2022-11-30T15:55:08.265+0000] {processor.py:176} INFO - Processing /home/airflow/.local/lib/python3.7/site-packages/airflow/example_dags/example_complex.py took 0.114 seconds
