[2022-11-30T15:48:27.400+0000] {processor.py:154} INFO - Started process (PID=42) to work on /home/airflow/.local/lib/python3.7/site-packages/airflow/example_dags/example_short_circuit_operator.py
[2022-11-30T15:48:27.401+0000] {processor.py:756} INFO - Processing file /home/airflow/.local/lib/python3.7/site-packages/airflow/example_dags/example_short_circuit_operator.py for tasks to queue
[2022-11-30T15:48:27.401+0000] {logging_mixin.py:137} INFO - [2022-11-30T15:48:27.401+0000] {dagbag.py:537} INFO - Filling up the DagBag from /home/airflow/.local/lib/python3.7/site-packages/airflow/example_dags/example_short_circuit_operator.py
[2022-11-30T15:48:27.432+0000] {processor.py:766} INFO - DAG(s) dict_keys(['example_short_circuit_operator']) retrieved from /home/airflow/.local/lib/python3.7/site-packages/airflow/example_dags/example_short_circuit_operator.py
[2022-11-30T15:48:27.809+0000] {logging_mixin.py:137} INFO - [2022-11-30T15:48:27.809+0000] {manager.py:507} INFO - Created Permission View: can edit on DAG:example_short_circuit_operator
[2022-11-30T15:48:27.867+0000] {logging_mixin.py:137} INFO - [2022-11-30T15:48:27.867+0000] {manager.py:507} INFO - Created Permission View: can read on DAG:example_short_circuit_operator
[2022-11-30T15:48:27.926+0000] {logging_mixin.py:137} INFO - [2022-11-30T15:48:27.926+0000] {manager.py:507} INFO - Created Permission View: can delete on DAG:example_short_circuit_operator
[2022-11-30T15:48:27.926+0000] {logging_mixin.py:137} INFO - [2022-11-30T15:48:27.926+0000] {dag.py:2585} INFO - Sync 1 DAGs
[2022-11-30T15:48:27.937+0000] {logging_mixin.py:137} INFO - [2022-11-30T15:48:27.936+0000] {dag.py:2606} INFO - Creating ORM DAG for example_short_circuit_operator
[2022-11-30T15:48:27.945+0000] {logging_mixin.py:137} INFO - [2022-11-30T15:48:27.945+0000] {dag.py:3340} INFO - Setting next_dagrun for example_short_circuit_operator to 2022-11-29T15:48:27.945378+00:00, run_after=2022-11-30T15:48:27.945378+00:00
[2022-11-30T15:48:27.993+0000] {processor.py:176} INFO - Processing /home/airflow/.local/lib/python3.7/site-packages/airflow/example_dags/example_short_circuit_operator.py took 0.595 seconds
[2022-11-30T15:48:58.585+0000] {processor.py:154} INFO - Started process (PID=105) to work on /home/airflow/.local/lib/python3.7/site-packages/airflow/example_dags/example_short_circuit_operator.py
[2022-11-30T15:48:58.586+0000] {processor.py:756} INFO - Processing file /home/airflow/.local/lib/python3.7/site-packages/airflow/example_dags/example_short_circuit_operator.py for tasks to queue
[2022-11-30T15:48:58.587+0000] {logging_mixin.py:137} INFO - [2022-11-30T15:48:58.586+0000] {dagbag.py:537} INFO - Filling up the DagBag from /home/airflow/.local/lib/python3.7/site-packages/airflow/example_dags/example_short_circuit_operator.py
[2022-11-30T15:48:58.598+0000] {processor.py:766} INFO - DAG(s) dict_keys(['example_short_circuit_operator']) retrieved from /home/airflow/.local/lib/python3.7/site-packages/airflow/example_dags/example_short_circuit_operator.py
[2022-11-30T15:48:58.630+0000] {logging_mixin.py:137} INFO - [2022-11-30T15:48:58.630+0000] {dag.py:2585} INFO - Sync 1 DAGs
[2022-11-30T15:48:58.650+0000] {logging_mixin.py:137} INFO - [2022-11-30T15:48:58.650+0000] {dag.py:3340} INFO - Setting next_dagrun for example_short_circuit_operator to 2022-11-29T15:48:58.650001+00:00, run_after=2022-11-30T15:48:58.650001+00:00
[2022-11-30T15:48:58.692+0000] {processor.py:176} INFO - Processing /home/airflow/.local/lib/python3.7/site-packages/airflow/example_dags/example_short_circuit_operator.py took 0.108 seconds
[2022-11-30T15:49:29.400+0000] {processor.py:154} INFO - Started process (PID=169) to work on /home/airflow/.local/lib/python3.7/site-packages/airflow/example_dags/example_short_circuit_operator.py
[2022-11-30T15:49:29.401+0000] {processor.py:756} INFO - Processing file /home/airflow/.local/lib/python3.7/site-packages/airflow/example_dags/example_short_circuit_operator.py for tasks to queue
[2022-11-30T15:49:29.402+0000] {logging_mixin.py:137} INFO - [2022-11-30T15:49:29.402+0000] {dagbag.py:537} INFO - Filling up the DagBag from /home/airflow/.local/lib/python3.7/site-packages/airflow/example_dags/example_short_circuit_operator.py
[2022-11-30T15:49:29.416+0000] {processor.py:766} INFO - DAG(s) dict_keys(['example_short_circuit_operator']) retrieved from /home/airflow/.local/lib/python3.7/site-packages/airflow/example_dags/example_short_circuit_operator.py
[2022-11-30T15:49:29.456+0000] {logging_mixin.py:137} INFO - [2022-11-30T15:49:29.456+0000] {dag.py:2585} INFO - Sync 1 DAGs
[2022-11-30T15:49:29.485+0000] {logging_mixin.py:137} INFO - [2022-11-30T15:49:29.485+0000] {dag.py:3340} INFO - Setting next_dagrun for example_short_circuit_operator to 2022-11-29T15:49:29.485075+00:00, run_after=2022-11-30T15:49:29.485075+00:00
[2022-11-30T15:49:29.533+0000] {processor.py:176} INFO - Processing /home/airflow/.local/lib/python3.7/site-packages/airflow/example_dags/example_short_circuit_operator.py took 0.137 seconds
[2022-11-30T15:50:00.119+0000] {processor.py:154} INFO - Started process (PID=232) to work on /home/airflow/.local/lib/python3.7/site-packages/airflow/example_dags/example_short_circuit_operator.py
[2022-11-30T15:50:00.120+0000] {processor.py:756} INFO - Processing file /home/airflow/.local/lib/python3.7/site-packages/airflow/example_dags/example_short_circuit_operator.py for tasks to queue
[2022-11-30T15:50:00.121+0000] {logging_mixin.py:137} INFO - [2022-11-30T15:50:00.120+0000] {dagbag.py:537} INFO - Filling up the DagBag from /home/airflow/.local/lib/python3.7/site-packages/airflow/example_dags/example_short_circuit_operator.py
[2022-11-30T15:50:00.134+0000] {processor.py:766} INFO - DAG(s) dict_keys(['example_short_circuit_operator']) retrieved from /home/airflow/.local/lib/python3.7/site-packages/airflow/example_dags/example_short_circuit_operator.py
[2022-11-30T15:50:00.167+0000] {logging_mixin.py:137} INFO - [2022-11-30T15:50:00.167+0000] {dag.py:2585} INFO - Sync 1 DAGs
[2022-11-30T15:50:00.186+0000] {logging_mixin.py:137} INFO - [2022-11-30T15:50:00.186+0000] {dag.py:3340} INFO - Setting next_dagrun for example_short_circuit_operator to 2022-11-29T15:50:00.186205+00:00, run_after=2022-11-30T15:50:00.186205+00:00
[2022-11-30T15:50:00.231+0000] {processor.py:176} INFO - Processing /home/airflow/.local/lib/python3.7/site-packages/airflow/example_dags/example_short_circuit_operator.py took 0.114 seconds
[2022-11-30T15:50:30.459+0000] {processor.py:154} INFO - Started process (PID=286) to work on /home/airflow/.local/lib/python3.7/site-packages/airflow/example_dags/example_short_circuit_operator.py
[2022-11-30T15:50:30.460+0000] {processor.py:756} INFO - Processing file /home/airflow/.local/lib/python3.7/site-packages/airflow/example_dags/example_short_circuit_operator.py for tasks to queue
[2022-11-30T15:50:30.460+0000] {logging_mixin.py:137} INFO - [2022-11-30T15:50:30.460+0000] {dagbag.py:537} INFO - Filling up the DagBag from /home/airflow/.local/lib/python3.7/site-packages/airflow/example_dags/example_short_circuit_operator.py
[2022-11-30T15:50:30.472+0000] {processor.py:766} INFO - DAG(s) dict_keys(['example_short_circuit_operator']) retrieved from /home/airflow/.local/lib/python3.7/site-packages/airflow/example_dags/example_short_circuit_operator.py
[2022-11-30T15:50:30.502+0000] {logging_mixin.py:137} INFO - [2022-11-30T15:50:30.502+0000] {dag.py:2585} INFO - Sync 1 DAGs
[2022-11-30T15:50:30.522+0000] {logging_mixin.py:137} INFO - [2022-11-30T15:50:30.522+0000] {dag.py:3340} INFO - Setting next_dagrun for example_short_circuit_operator to 2022-11-29T15:50:30.522379+00:00, run_after=2022-11-30T15:50:30.522379+00:00
[2022-11-30T15:50:30.564+0000] {processor.py:176} INFO - Processing /home/airflow/.local/lib/python3.7/site-packages/airflow/example_dags/example_short_circuit_operator.py took 0.107 seconds
[2022-11-30T15:51:01.161+0000] {processor.py:154} INFO - Started process (PID=349) to work on /home/airflow/.local/lib/python3.7/site-packages/airflow/example_dags/example_short_circuit_operator.py
[2022-11-30T15:51:01.162+0000] {processor.py:756} INFO - Processing file /home/airflow/.local/lib/python3.7/site-packages/airflow/example_dags/example_short_circuit_operator.py for tasks to queue
[2022-11-30T15:51:01.163+0000] {logging_mixin.py:137} INFO - [2022-11-30T15:51:01.163+0000] {dagbag.py:537} INFO - Filling up the DagBag from /home/airflow/.local/lib/python3.7/site-packages/airflow/example_dags/example_short_circuit_operator.py
[2022-11-30T15:51:01.177+0000] {processor.py:766} INFO - DAG(s) dict_keys(['example_short_circuit_operator']) retrieved from /home/airflow/.local/lib/python3.7/site-packages/airflow/example_dags/example_short_circuit_operator.py
[2022-11-30T15:51:01.207+0000] {logging_mixin.py:137} INFO - [2022-11-30T15:51:01.207+0000] {dag.py:2585} INFO - Sync 1 DAGs
[2022-11-30T15:51:01.226+0000] {logging_mixin.py:137} INFO - [2022-11-30T15:51:01.226+0000] {dag.py:3340} INFO - Setting next_dagrun for example_short_circuit_operator to 2022-11-29T15:51:01.226482+00:00, run_after=2022-11-30T15:51:01.226482+00:00
[2022-11-30T15:51:01.262+0000] {processor.py:176} INFO - Processing /home/airflow/.local/lib/python3.7/site-packages/airflow/example_dags/example_short_circuit_operator.py took 0.102 seconds
[2022-11-30T15:51:31.620+0000] {processor.py:154} INFO - Started process (PID=413) to work on /home/airflow/.local/lib/python3.7/site-packages/airflow/example_dags/example_short_circuit_operator.py
[2022-11-30T15:51:31.620+0000] {processor.py:756} INFO - Processing file /home/airflow/.local/lib/python3.7/site-packages/airflow/example_dags/example_short_circuit_operator.py for tasks to queue
[2022-11-30T15:51:31.621+0000] {logging_mixin.py:137} INFO - [2022-11-30T15:51:31.621+0000] {dagbag.py:537} INFO - Filling up the DagBag from /home/airflow/.local/lib/python3.7/site-packages/airflow/example_dags/example_short_circuit_operator.py
[2022-11-30T15:51:31.632+0000] {processor.py:766} INFO - DAG(s) dict_keys(['example_short_circuit_operator']) retrieved from /home/airflow/.local/lib/python3.7/site-packages/airflow/example_dags/example_short_circuit_operator.py
[2022-11-30T15:51:31.661+0000] {logging_mixin.py:137} INFO - [2022-11-30T15:51:31.661+0000] {dag.py:2585} INFO - Sync 1 DAGs
[2022-11-30T15:51:31.681+0000] {logging_mixin.py:137} INFO - [2022-11-30T15:51:31.681+0000] {dag.py:3340} INFO - Setting next_dagrun for example_short_circuit_operator to 2022-11-29T15:51:31.681392+00:00, run_after=2022-11-30T15:51:31.681392+00:00
[2022-11-30T15:51:31.768+0000] {processor.py:176} INFO - Processing /home/airflow/.local/lib/python3.7/site-packages/airflow/example_dags/example_short_circuit_operator.py took 0.149 seconds
[2022-11-30T15:52:02.461+0000] {processor.py:154} INFO - Started process (PID=467) to work on /home/airflow/.local/lib/python3.7/site-packages/airflow/example_dags/example_short_circuit_operator.py
[2022-11-30T15:52:02.462+0000] {processor.py:756} INFO - Processing file /home/airflow/.local/lib/python3.7/site-packages/airflow/example_dags/example_short_circuit_operator.py for tasks to queue
[2022-11-30T15:52:02.462+0000] {logging_mixin.py:137} INFO - [2022-11-30T15:52:02.462+0000] {dagbag.py:537} INFO - Filling up the DagBag from /home/airflow/.local/lib/python3.7/site-packages/airflow/example_dags/example_short_circuit_operator.py
[2022-11-30T15:52:02.472+0000] {processor.py:766} INFO - DAG(s) dict_keys(['example_short_circuit_operator']) retrieved from /home/airflow/.local/lib/python3.7/site-packages/airflow/example_dags/example_short_circuit_operator.py
[2022-11-30T15:52:02.500+0000] {logging_mixin.py:137} INFO - [2022-11-30T15:52:02.500+0000] {dag.py:2585} INFO - Sync 1 DAGs
[2022-11-30T15:52:02.520+0000] {logging_mixin.py:137} INFO - [2022-11-30T15:52:02.520+0000] {dag.py:3340} INFO - Setting next_dagrun for example_short_circuit_operator to 2022-11-29T15:52:02.520397+00:00, run_after=2022-11-30T15:52:02.520397+00:00
[2022-11-30T15:52:02.567+0000] {processor.py:176} INFO - Processing /home/airflow/.local/lib/python3.7/site-packages/airflow/example_dags/example_short_circuit_operator.py took 0.107 seconds
[2022-11-30T15:52:32.906+0000] {processor.py:154} INFO - Started process (PID=530) to work on /home/airflow/.local/lib/python3.7/site-packages/airflow/example_dags/example_short_circuit_operator.py
[2022-11-30T15:52:32.907+0000] {processor.py:756} INFO - Processing file /home/airflow/.local/lib/python3.7/site-packages/airflow/example_dags/example_short_circuit_operator.py for tasks to queue
[2022-11-30T15:52:32.908+0000] {logging_mixin.py:137} INFO - [2022-11-30T15:52:32.907+0000] {dagbag.py:537} INFO - Filling up the DagBag from /home/airflow/.local/lib/python3.7/site-packages/airflow/example_dags/example_short_circuit_operator.py
[2022-11-30T15:52:32.918+0000] {processor.py:766} INFO - DAG(s) dict_keys(['example_short_circuit_operator']) retrieved from /home/airflow/.local/lib/python3.7/site-packages/airflow/example_dags/example_short_circuit_operator.py
[2022-11-30T15:52:32.946+0000] {logging_mixin.py:137} INFO - [2022-11-30T15:52:32.946+0000] {dag.py:2585} INFO - Sync 1 DAGs
[2022-11-30T15:52:32.966+0000] {logging_mixin.py:137} INFO - [2022-11-30T15:52:32.965+0000] {dag.py:3340} INFO - Setting next_dagrun for example_short_circuit_operator to 2022-11-29T15:52:32.965806+00:00, run_after=2022-11-30T15:52:32.965806+00:00
[2022-11-30T15:52:33.001+0000] {processor.py:176} INFO - Processing /home/airflow/.local/lib/python3.7/site-packages/airflow/example_dags/example_short_circuit_operator.py took 0.096 seconds
[2022-11-30T15:53:03.305+0000] {processor.py:154} INFO - Started process (PID=593) to work on /home/airflow/.local/lib/python3.7/site-packages/airflow/example_dags/example_short_circuit_operator.py
[2022-11-30T15:53:03.306+0000] {processor.py:756} INFO - Processing file /home/airflow/.local/lib/python3.7/site-packages/airflow/example_dags/example_short_circuit_operator.py for tasks to queue
[2022-11-30T15:53:03.307+0000] {logging_mixin.py:137} INFO - [2022-11-30T15:53:03.307+0000] {dagbag.py:537} INFO - Filling up the DagBag from /home/airflow/.local/lib/python3.7/site-packages/airflow/example_dags/example_short_circuit_operator.py
[2022-11-30T15:53:03.318+0000] {processor.py:766} INFO - DAG(s) dict_keys(['example_short_circuit_operator']) retrieved from /home/airflow/.local/lib/python3.7/site-packages/airflow/example_dags/example_short_circuit_operator.py
[2022-11-30T15:53:03.436+0000] {logging_mixin.py:137} INFO - [2022-11-30T15:53:03.436+0000] {dag.py:2585} INFO - Sync 1 DAGs
[2022-11-30T15:53:03.456+0000] {logging_mixin.py:137} INFO - [2022-11-30T15:53:03.456+0000] {dag.py:3340} INFO - Setting next_dagrun for example_short_circuit_operator to 2022-11-29T15:53:03.456155+00:00, run_after=2022-11-30T15:53:03.456155+00:00
[2022-11-30T15:53:03.498+0000] {processor.py:176} INFO - Processing /home/airflow/.local/lib/python3.7/site-packages/airflow/example_dags/example_short_circuit_operator.py took 0.194 seconds
[2022-11-30T15:53:34.003+0000] {processor.py:154} INFO - Started process (PID=656) to work on /home/airflow/.local/lib/python3.7/site-packages/airflow/example_dags/example_short_circuit_operator.py
[2022-11-30T15:53:34.004+0000] {processor.py:756} INFO - Processing file /home/airflow/.local/lib/python3.7/site-packages/airflow/example_dags/example_short_circuit_operator.py for tasks to queue
[2022-11-30T15:53:34.005+0000] {logging_mixin.py:137} INFO - [2022-11-30T15:53:34.004+0000] {dagbag.py:537} INFO - Filling up the DagBag from /home/airflow/.local/lib/python3.7/site-packages/airflow/example_dags/example_short_circuit_operator.py
[2022-11-30T15:53:34.019+0000] {processor.py:766} INFO - DAG(s) dict_keys(['example_short_circuit_operator']) retrieved from /home/airflow/.local/lib/python3.7/site-packages/airflow/example_dags/example_short_circuit_operator.py
[2022-11-30T15:53:34.048+0000] {logging_mixin.py:137} INFO - [2022-11-30T15:53:34.048+0000] {dag.py:2585} INFO - Sync 1 DAGs
[2022-11-30T15:53:34.068+0000] {logging_mixin.py:137} INFO - [2022-11-30T15:53:34.068+0000] {dag.py:3340} INFO - Setting next_dagrun for example_short_circuit_operator to 2022-11-29T15:53:34.068539+00:00, run_after=2022-11-30T15:53:34.068539+00:00
[2022-11-30T15:53:34.163+0000] {processor.py:176} INFO - Processing /home/airflow/.local/lib/python3.7/site-packages/airflow/example_dags/example_short_circuit_operator.py took 0.162 seconds
[2022-11-30T15:54:04.448+0000] {processor.py:154} INFO - Started process (PID=710) to work on /home/airflow/.local/lib/python3.7/site-packages/airflow/example_dags/example_short_circuit_operator.py
[2022-11-30T15:54:04.448+0000] {processor.py:756} INFO - Processing file /home/airflow/.local/lib/python3.7/site-packages/airflow/example_dags/example_short_circuit_operator.py for tasks to queue
[2022-11-30T15:54:04.449+0000] {logging_mixin.py:137} INFO - [2022-11-30T15:54:04.449+0000] {dagbag.py:537} INFO - Filling up the DagBag from /home/airflow/.local/lib/python3.7/site-packages/airflow/example_dags/example_short_circuit_operator.py
[2022-11-30T15:54:04.461+0000] {processor.py:766} INFO - DAG(s) dict_keys(['example_short_circuit_operator']) retrieved from /home/airflow/.local/lib/python3.7/site-packages/airflow/example_dags/example_short_circuit_operator.py
[2022-11-30T15:54:04.496+0000] {logging_mixin.py:137} INFO - [2022-11-30T15:54:04.496+0000] {dag.py:2585} INFO - Sync 1 DAGs
[2022-11-30T15:54:04.517+0000] {logging_mixin.py:137} INFO - [2022-11-30T15:54:04.517+0000] {dag.py:3340} INFO - Setting next_dagrun for example_short_circuit_operator to 2022-11-29T15:54:04.517350+00:00, run_after=2022-11-30T15:54:04.517350+00:00
[2022-11-30T15:54:04.579+0000] {processor.py:176} INFO - Processing /home/airflow/.local/lib/python3.7/site-packages/airflow/example_dags/example_short_circuit_operator.py took 0.133 seconds
[2022-11-30T15:54:34.986+0000] {processor.py:154} INFO - Started process (PID=773) to work on /home/airflow/.local/lib/python3.7/site-packages/airflow/example_dags/example_short_circuit_operator.py
[2022-11-30T15:54:34.987+0000] {processor.py:756} INFO - Processing file /home/airflow/.local/lib/python3.7/site-packages/airflow/example_dags/example_short_circuit_operator.py for tasks to queue
[2022-11-30T15:54:34.987+0000] {logging_mixin.py:137} INFO - [2022-11-30T15:54:34.987+0000] {dagbag.py:537} INFO - Filling up the DagBag from /home/airflow/.local/lib/python3.7/site-packages/airflow/example_dags/example_short_circuit_operator.py
[2022-11-30T15:54:34.998+0000] {processor.py:766} INFO - DAG(s) dict_keys(['example_short_circuit_operator']) retrieved from /home/airflow/.local/lib/python3.7/site-packages/airflow/example_dags/example_short_circuit_operator.py
[2022-11-30T15:54:35.026+0000] {logging_mixin.py:137} INFO - [2022-11-30T15:54:35.026+0000] {dag.py:2585} INFO - Sync 1 DAGs
[2022-11-30T15:54:35.044+0000] {logging_mixin.py:137} INFO - [2022-11-30T15:54:35.044+0000] {dag.py:3340} INFO - Setting next_dagrun for example_short_circuit_operator to 2022-11-29T15:54:35.044017+00:00, run_after=2022-11-30T15:54:35.044017+00:00
[2022-11-30T15:54:35.093+0000] {processor.py:176} INFO - Processing /home/airflow/.local/lib/python3.7/site-packages/airflow/example_dags/example_short_circuit_operator.py took 0.109 seconds
[2022-11-30T15:55:05.534+0000] {processor.py:154} INFO - Started process (PID=836) to work on /home/airflow/.local/lib/python3.7/site-packages/airflow/example_dags/example_short_circuit_operator.py
[2022-11-30T15:55:05.535+0000] {processor.py:756} INFO - Processing file /home/airflow/.local/lib/python3.7/site-packages/airflow/example_dags/example_short_circuit_operator.py for tasks to queue
[2022-11-30T15:55:05.535+0000] {logging_mixin.py:137} INFO - [2022-11-30T15:55:05.535+0000] {dagbag.py:537} INFO - Filling up the DagBag from /home/airflow/.local/lib/python3.7/site-packages/airflow/example_dags/example_short_circuit_operator.py
[2022-11-30T15:55:05.546+0000] {processor.py:766} INFO - DAG(s) dict_keys(['example_short_circuit_operator']) retrieved from /home/airflow/.local/lib/python3.7/site-packages/airflow/example_dags/example_short_circuit_operator.py
[2022-11-30T15:55:05.574+0000] {logging_mixin.py:137} INFO - [2022-11-30T15:55:05.574+0000] {dag.py:2585} INFO - Sync 1 DAGs
[2022-11-30T15:55:05.593+0000] {logging_mixin.py:137} INFO - [2022-11-30T15:55:05.592+0000] {dag.py:3340} INFO - Setting next_dagrun for example_short_circuit_operator to 2022-11-29T15:55:05.592743+00:00, run_after=2022-11-30T15:55:05.592743+00:00
[2022-11-30T15:55:05.634+0000] {processor.py:176} INFO - Processing /home/airflow/.local/lib/python3.7/site-packages/airflow/example_dags/example_short_circuit_operator.py took 0.101 seconds
[2022-11-30T15:55:35.979+0000] {processor.py:154} INFO - Started process (PID=890) to work on /home/airflow/.local/lib/python3.7/site-packages/airflow/example_dags/example_short_circuit_operator.py
[2022-11-30T15:55:35.980+0000] {processor.py:756} INFO - Processing file /home/airflow/.local/lib/python3.7/site-packages/airflow/example_dags/example_short_circuit_operator.py for tasks to queue
[2022-11-30T15:55:35.980+0000] {logging_mixin.py:137} INFO - [2022-11-30T15:55:35.980+0000] {dagbag.py:537} INFO - Filling up the DagBag from /home/airflow/.local/lib/python3.7/site-packages/airflow/example_dags/example_short_circuit_operator.py
[2022-11-30T15:55:35.993+0000] {processor.py:766} INFO - DAG(s) dict_keys(['example_short_circuit_operator']) retrieved from /home/airflow/.local/lib/python3.7/site-packages/airflow/example_dags/example_short_circuit_operator.py
[2022-11-30T15:55:36.023+0000] {logging_mixin.py:137} INFO - [2022-11-30T15:55:36.023+0000] {dag.py:2585} INFO - Sync 1 DAGs
[2022-11-30T15:55:36.044+0000] {logging_mixin.py:137} INFO - [2022-11-30T15:55:36.044+0000] {dag.py:3340} INFO - Setting next_dagrun for example_short_circuit_operator to 2022-11-29T15:55:36.044037+00:00, run_after=2022-11-30T15:55:36.044037+00:00
[2022-11-30T15:55:36.108+0000] {processor.py:176} INFO - Processing /home/airflow/.local/lib/python3.7/site-packages/airflow/example_dags/example_short_circuit_operator.py took 0.131 seconds
