[2022-11-30T15:48:36.498+0000] {processor.py:154} INFO - Started process (PID=81) to work on /home/airflow/.local/lib/python3.7/site-packages/airflow/example_dags/example_subdag_operator.py
[2022-11-30T15:48:36.498+0000] {processor.py:756} INFO - Processing file /home/airflow/.local/lib/python3.7/site-packages/airflow/example_dags/example_subdag_operator.py for tasks to queue
[2022-11-30T15:48:36.499+0000] {logging_mixin.py:137} INFO - [2022-11-30T15:48:36.499+0000] {dagbag.py:537} INFO - Filling up the DagBag from /home/airflow/.local/lib/python3.7/site-packages/airflow/example_dags/example_subdag_operator.py
[2022-11-30T15:48:36.542+0000] {processor.py:766} INFO - DAG(s) dict_keys(['example_subdag_operator.section-1', 'example_subdag_operator.section-2', 'example_subdag_operator']) retrieved from /home/airflow/.local/lib/python3.7/site-packages/airflow/example_dags/example_subdag_operator.py
[2022-11-30T15:48:36.844+0000] {logging_mixin.py:137} INFO - [2022-11-30T15:48:36.843+0000] {manager.py:507} INFO - Created Permission View: can edit on DAG:example_subdag_operator
[2022-11-30T15:48:36.894+0000] {logging_mixin.py:137} INFO - [2022-11-30T15:48:36.893+0000] {manager.py:507} INFO - Created Permission View: can read on DAG:example_subdag_operator
[2022-11-30T15:48:36.944+0000] {logging_mixin.py:137} INFO - [2022-11-30T15:48:36.943+0000] {manager.py:507} INFO - Created Permission View: can delete on DAG:example_subdag_operator
[2022-11-30T15:48:36.944+0000] {logging_mixin.py:137} INFO - [2022-11-30T15:48:36.944+0000] {dag.py:2585} INFO - Sync 3 DAGs
[2022-11-30T15:48:36.955+0000] {logging_mixin.py:137} INFO - [2022-11-30T15:48:36.955+0000] {dag.py:2606} INFO - Creating ORM DAG for example_subdag_operator.section-1
[2022-11-30T15:48:36.956+0000] {logging_mixin.py:137} INFO - [2022-11-30T15:48:36.956+0000] {dag.py:2606} INFO - Creating ORM DAG for example_subdag_operator.section-2
[2022-11-30T15:48:36.956+0000] {logging_mixin.py:137} INFO - [2022-11-30T15:48:36.956+0000] {dag.py:2606} INFO - Creating ORM DAG for example_subdag_operator
[2022-11-30T15:48:36.965+0000] {logging_mixin.py:137} INFO - [2022-11-30T15:48:36.965+0000] {dag.py:3340} INFO - Setting next_dagrun for example_subdag_operator to 2022-01-01T00:00:00+00:00, run_after=2022-01-01T00:00:00+00:00
[2022-11-30T15:48:36.966+0000] {logging_mixin.py:137} INFO - [2022-11-30T15:48:36.966+0000] {dag.py:3340} INFO - Setting next_dagrun for example_subdag_operator.section-1 to None, run_after=None
[2022-11-30T15:48:36.966+0000] {logging_mixin.py:137} INFO - [2022-11-30T15:48:36.966+0000] {dag.py:3340} INFO - Setting next_dagrun for example_subdag_operator.section-2 to None, run_after=None
[2022-11-30T15:48:36.975+0000] {logging_mixin.py:137} INFO - [2022-11-30T15:48:36.975+0000] {dag.py:2585} INFO - Sync 2 DAGs
[2022-11-30T15:48:36.980+0000] {logging_mixin.py:137} INFO - [2022-11-30T15:48:36.980+0000] {dag.py:3340} INFO - Setting next_dagrun for example_subdag_operator.section-1 to None, run_after=None
[2022-11-30T15:48:36.982+0000] {logging_mixin.py:137} INFO - [2022-11-30T15:48:36.982+0000] {dag.py:3340} INFO - Setting next_dagrun for example_subdag_operator.section-2 to None, run_after=None
[2022-11-30T15:48:37.017+0000] {processor.py:176} INFO - Processing /home/airflow/.local/lib/python3.7/site-packages/airflow/example_dags/example_subdag_operator.py took 0.521 seconds
[2022-11-30T15:49:07.047+0000] {processor.py:154} INFO - Started process (PID=144) to work on /home/airflow/.local/lib/python3.7/site-packages/airflow/example_dags/example_subdag_operator.py
[2022-11-30T15:49:07.048+0000] {processor.py:756} INFO - Processing file /home/airflow/.local/lib/python3.7/site-packages/airflow/example_dags/example_subdag_operator.py for tasks to queue
[2022-11-30T15:49:07.048+0000] {logging_mixin.py:137} INFO - [2022-11-30T15:49:07.048+0000] {dagbag.py:537} INFO - Filling up the DagBag from /home/airflow/.local/lib/python3.7/site-packages/airflow/example_dags/example_subdag_operator.py
[2022-11-30T15:49:07.071+0000] {processor.py:766} INFO - DAG(s) dict_keys(['example_subdag_operator.section-1', 'example_subdag_operator.section-2', 'example_subdag_operator']) retrieved from /home/airflow/.local/lib/python3.7/site-packages/airflow/example_dags/example_subdag_operator.py
[2022-11-30T15:49:07.225+0000] {logging_mixin.py:137} INFO - [2022-11-30T15:49:07.225+0000] {dag.py:2585} INFO - Sync 3 DAGs
[2022-11-30T15:49:07.244+0000] {logging_mixin.py:137} INFO - [2022-11-30T15:49:07.244+0000] {dag.py:3340} INFO - Setting next_dagrun for example_subdag_operator to 2022-01-01T00:00:00+00:00, run_after=2022-01-01T00:00:00+00:00
[2022-11-30T15:49:07.247+0000] {logging_mixin.py:137} INFO - [2022-11-30T15:49:07.247+0000] {dag.py:3340} INFO - Setting next_dagrun for example_subdag_operator.section-1 to None, run_after=None
[2022-11-30T15:49:07.248+0000] {logging_mixin.py:137} INFO - [2022-11-30T15:49:07.248+0000] {dag.py:3340} INFO - Setting next_dagrun for example_subdag_operator.section-2 to None, run_after=None
[2022-11-30T15:49:07.254+0000] {logging_mixin.py:137} INFO - [2022-11-30T15:49:07.254+0000] {dag.py:2585} INFO - Sync 2 DAGs
[2022-11-30T15:49:07.259+0000] {logging_mixin.py:137} INFO - [2022-11-30T15:49:07.259+0000] {dag.py:3340} INFO - Setting next_dagrun for example_subdag_operator.section-1 to None, run_after=None
[2022-11-30T15:49:07.259+0000] {logging_mixin.py:137} INFO - [2022-11-30T15:49:07.259+0000] {dag.py:3340} INFO - Setting next_dagrun for example_subdag_operator.section-2 to None, run_after=None
[2022-11-30T15:49:07.290+0000] {processor.py:176} INFO - Processing /home/airflow/.local/lib/python3.7/site-packages/airflow/example_dags/example_subdag_operator.py took 0.245 seconds
[2022-11-30T15:49:37.749+0000] {processor.py:154} INFO - Started process (PID=208) to work on /home/airflow/.local/lib/python3.7/site-packages/airflow/example_dags/example_subdag_operator.py
[2022-11-30T15:49:37.750+0000] {processor.py:756} INFO - Processing file /home/airflow/.local/lib/python3.7/site-packages/airflow/example_dags/example_subdag_operator.py for tasks to queue
[2022-11-30T15:49:37.750+0000] {logging_mixin.py:137} INFO - [2022-11-30T15:49:37.750+0000] {dagbag.py:537} INFO - Filling up the DagBag from /home/airflow/.local/lib/python3.7/site-packages/airflow/example_dags/example_subdag_operator.py
[2022-11-30T15:49:37.775+0000] {processor.py:766} INFO - DAG(s) dict_keys(['example_subdag_operator.section-1', 'example_subdag_operator.section-2', 'example_subdag_operator']) retrieved from /home/airflow/.local/lib/python3.7/site-packages/airflow/example_dags/example_subdag_operator.py
[2022-11-30T15:49:37.935+0000] {logging_mixin.py:137} INFO - [2022-11-30T15:49:37.935+0000] {dag.py:2585} INFO - Sync 3 DAGs
[2022-11-30T15:49:37.957+0000] {logging_mixin.py:137} INFO - [2022-11-30T15:49:37.957+0000] {dag.py:3340} INFO - Setting next_dagrun for example_subdag_operator to 2022-01-01T00:00:00+00:00, run_after=2022-01-01T00:00:00+00:00
[2022-11-30T15:49:37.960+0000] {logging_mixin.py:137} INFO - [2022-11-30T15:49:37.960+0000] {dag.py:3340} INFO - Setting next_dagrun for example_subdag_operator.section-1 to None, run_after=None
[2022-11-30T15:49:37.962+0000] {logging_mixin.py:137} INFO - [2022-11-30T15:49:37.962+0000] {dag.py:3340} INFO - Setting next_dagrun for example_subdag_operator.section-2 to None, run_after=None
[2022-11-30T15:49:37.968+0000] {logging_mixin.py:137} INFO - [2022-11-30T15:49:37.968+0000] {dag.py:2585} INFO - Sync 2 DAGs
[2022-11-30T15:49:37.974+0000] {logging_mixin.py:137} INFO - [2022-11-30T15:49:37.974+0000] {dag.py:3340} INFO - Setting next_dagrun for example_subdag_operator.section-1 to None, run_after=None
[2022-11-30T15:49:37.974+0000] {logging_mixin.py:137} INFO - [2022-11-30T15:49:37.974+0000] {dag.py:3340} INFO - Setting next_dagrun for example_subdag_operator.section-2 to None, run_after=None
[2022-11-30T15:49:38.013+0000] {processor.py:176} INFO - Processing /home/airflow/.local/lib/python3.7/site-packages/airflow/example_dags/example_subdag_operator.py took 0.266 seconds
[2022-11-30T15:50:08.078+0000] {processor.py:154} INFO - Started process (PID=262) to work on /home/airflow/.local/lib/python3.7/site-packages/airflow/example_dags/example_subdag_operator.py
[2022-11-30T15:50:08.079+0000] {processor.py:756} INFO - Processing file /home/airflow/.local/lib/python3.7/site-packages/airflow/example_dags/example_subdag_operator.py for tasks to queue
[2022-11-30T15:50:08.079+0000] {logging_mixin.py:137} INFO - [2022-11-30T15:50:08.079+0000] {dagbag.py:537} INFO - Filling up the DagBag from /home/airflow/.local/lib/python3.7/site-packages/airflow/example_dags/example_subdag_operator.py
[2022-11-30T15:50:08.101+0000] {processor.py:766} INFO - DAG(s) dict_keys(['example_subdag_operator.section-1', 'example_subdag_operator.section-2', 'example_subdag_operator']) retrieved from /home/airflow/.local/lib/python3.7/site-packages/airflow/example_dags/example_subdag_operator.py
[2022-11-30T15:50:08.257+0000] {logging_mixin.py:137} INFO - [2022-11-30T15:50:08.256+0000] {dag.py:2585} INFO - Sync 3 DAGs
[2022-11-30T15:50:08.276+0000] {logging_mixin.py:137} INFO - [2022-11-30T15:50:08.276+0000] {dag.py:3340} INFO - Setting next_dagrun for example_subdag_operator to 2022-01-01T00:00:00+00:00, run_after=2022-01-01T00:00:00+00:00
[2022-11-30T15:50:08.279+0000] {logging_mixin.py:137} INFO - [2022-11-30T15:50:08.278+0000] {dag.py:3340} INFO - Setting next_dagrun for example_subdag_operator.section-1 to None, run_after=None
[2022-11-30T15:50:08.280+0000] {logging_mixin.py:137} INFO - [2022-11-30T15:50:08.280+0000] {dag.py:3340} INFO - Setting next_dagrun for example_subdag_operator.section-2 to None, run_after=None
[2022-11-30T15:50:08.285+0000] {logging_mixin.py:137} INFO - [2022-11-30T15:50:08.285+0000] {dag.py:2585} INFO - Sync 2 DAGs
[2022-11-30T15:50:08.289+0000] {logging_mixin.py:137} INFO - [2022-11-30T15:50:08.289+0000] {dag.py:3340} INFO - Setting next_dagrun for example_subdag_operator.section-1 to None, run_after=None
[2022-11-30T15:50:08.290+0000] {logging_mixin.py:137} INFO - [2022-11-30T15:50:08.290+0000] {dag.py:3340} INFO - Setting next_dagrun for example_subdag_operator.section-2 to None, run_after=None
[2022-11-30T15:50:08.329+0000] {processor.py:176} INFO - Processing /home/airflow/.local/lib/python3.7/site-packages/airflow/example_dags/example_subdag_operator.py took 0.252 seconds
[2022-11-30T15:50:38.804+0000] {processor.py:154} INFO - Started process (PID=325) to work on /home/airflow/.local/lib/python3.7/site-packages/airflow/example_dags/example_subdag_operator.py
[2022-11-30T15:50:38.805+0000] {processor.py:756} INFO - Processing file /home/airflow/.local/lib/python3.7/site-packages/airflow/example_dags/example_subdag_operator.py for tasks to queue
[2022-11-30T15:50:38.805+0000] {logging_mixin.py:137} INFO - [2022-11-30T15:50:38.805+0000] {dagbag.py:537} INFO - Filling up the DagBag from /home/airflow/.local/lib/python3.7/site-packages/airflow/example_dags/example_subdag_operator.py
[2022-11-30T15:50:38.829+0000] {processor.py:766} INFO - DAG(s) dict_keys(['example_subdag_operator.section-1', 'example_subdag_operator.section-2', 'example_subdag_operator']) retrieved from /home/airflow/.local/lib/python3.7/site-packages/airflow/example_dags/example_subdag_operator.py
[2022-11-30T15:50:38.994+0000] {logging_mixin.py:137} INFO - [2022-11-30T15:50:38.994+0000] {dag.py:2585} INFO - Sync 3 DAGs
[2022-11-30T15:50:39.015+0000] {logging_mixin.py:137} INFO - [2022-11-30T15:50:39.015+0000] {dag.py:3340} INFO - Setting next_dagrun for example_subdag_operator to 2022-01-01T00:00:00+00:00, run_after=2022-01-01T00:00:00+00:00
[2022-11-30T15:50:39.017+0000] {logging_mixin.py:137} INFO - [2022-11-30T15:50:39.017+0000] {dag.py:3340} INFO - Setting next_dagrun for example_subdag_operator.section-1 to None, run_after=None
[2022-11-30T15:50:39.018+0000] {logging_mixin.py:137} INFO - [2022-11-30T15:50:39.018+0000] {dag.py:3340} INFO - Setting next_dagrun for example_subdag_operator.section-2 to None, run_after=None
[2022-11-30T15:50:39.025+0000] {logging_mixin.py:137} INFO - [2022-11-30T15:50:39.025+0000] {dag.py:2585} INFO - Sync 2 DAGs
[2022-11-30T15:50:39.030+0000] {logging_mixin.py:137} INFO - [2022-11-30T15:50:39.030+0000] {dag.py:3340} INFO - Setting next_dagrun for example_subdag_operator.section-1 to None, run_after=None
[2022-11-30T15:50:39.030+0000] {logging_mixin.py:137} INFO - [2022-11-30T15:50:39.030+0000] {dag.py:3340} INFO - Setting next_dagrun for example_subdag_operator.section-2 to None, run_after=None
[2022-11-30T15:50:39.078+0000] {processor.py:176} INFO - Processing /home/airflow/.local/lib/python3.7/site-packages/airflow/example_dags/example_subdag_operator.py took 0.276 seconds
[2022-11-30T15:51:09.284+0000] {processor.py:154} INFO - Started process (PID=388) to work on /home/airflow/.local/lib/python3.7/site-packages/airflow/example_dags/example_subdag_operator.py
[2022-11-30T15:51:09.284+0000] {processor.py:756} INFO - Processing file /home/airflow/.local/lib/python3.7/site-packages/airflow/example_dags/example_subdag_operator.py for tasks to queue
[2022-11-30T15:51:09.285+0000] {logging_mixin.py:137} INFO - [2022-11-30T15:51:09.285+0000] {dagbag.py:537} INFO - Filling up the DagBag from /home/airflow/.local/lib/python3.7/site-packages/airflow/example_dags/example_subdag_operator.py
[2022-11-30T15:51:09.307+0000] {processor.py:766} INFO - DAG(s) dict_keys(['example_subdag_operator.section-1', 'example_subdag_operator.section-2', 'example_subdag_operator']) retrieved from /home/airflow/.local/lib/python3.7/site-packages/airflow/example_dags/example_subdag_operator.py
[2022-11-30T15:51:09.458+0000] {logging_mixin.py:137} INFO - [2022-11-30T15:51:09.458+0000] {dag.py:2585} INFO - Sync 3 DAGs
[2022-11-30T15:51:09.477+0000] {logging_mixin.py:137} INFO - [2022-11-30T15:51:09.476+0000] {dag.py:3340} INFO - Setting next_dagrun for example_subdag_operator to 2022-01-01T00:00:00+00:00, run_after=2022-01-01T00:00:00+00:00
[2022-11-30T15:51:09.479+0000] {logging_mixin.py:137} INFO - [2022-11-30T15:51:09.479+0000] {dag.py:3340} INFO - Setting next_dagrun for example_subdag_operator.section-1 to None, run_after=None
[2022-11-30T15:51:09.480+0000] {logging_mixin.py:137} INFO - [2022-11-30T15:51:09.480+0000] {dag.py:3340} INFO - Setting next_dagrun for example_subdag_operator.section-2 to None, run_after=None
[2022-11-30T15:51:09.485+0000] {logging_mixin.py:137} INFO - [2022-11-30T15:51:09.485+0000] {dag.py:2585} INFO - Sync 2 DAGs
[2022-11-30T15:51:09.489+0000] {logging_mixin.py:137} INFO - [2022-11-30T15:51:09.489+0000] {dag.py:3340} INFO - Setting next_dagrun for example_subdag_operator.section-1 to None, run_after=None
[2022-11-30T15:51:09.489+0000] {logging_mixin.py:137} INFO - [2022-11-30T15:51:09.489+0000] {dag.py:3340} INFO - Setting next_dagrun for example_subdag_operator.section-2 to None, run_after=None
[2022-11-30T15:51:09.518+0000] {processor.py:176} INFO - Processing /home/airflow/.local/lib/python3.7/site-packages/airflow/example_dags/example_subdag_operator.py took 0.236 seconds
[2022-11-30T15:51:40.044+0000] {processor.py:154} INFO - Started process (PID=443) to work on /home/airflow/.local/lib/python3.7/site-packages/airflow/example_dags/example_subdag_operator.py
[2022-11-30T15:51:40.045+0000] {processor.py:756} INFO - Processing file /home/airflow/.local/lib/python3.7/site-packages/airflow/example_dags/example_subdag_operator.py for tasks to queue
[2022-11-30T15:51:40.046+0000] {logging_mixin.py:137} INFO - [2022-11-30T15:51:40.045+0000] {dagbag.py:537} INFO - Filling up the DagBag from /home/airflow/.local/lib/python3.7/site-packages/airflow/example_dags/example_subdag_operator.py
[2022-11-30T15:51:40.068+0000] {processor.py:766} INFO - DAG(s) dict_keys(['example_subdag_operator.section-1', 'example_subdag_operator.section-2', 'example_subdag_operator']) retrieved from /home/airflow/.local/lib/python3.7/site-packages/airflow/example_dags/example_subdag_operator.py
[2022-11-30T15:51:40.228+0000] {logging_mixin.py:137} INFO - [2022-11-30T15:51:40.228+0000] {dag.py:2585} INFO - Sync 3 DAGs
[2022-11-30T15:51:40.247+0000] {logging_mixin.py:137} INFO - [2022-11-30T15:51:40.247+0000] {dag.py:3340} INFO - Setting next_dagrun for example_subdag_operator to 2022-01-01T00:00:00+00:00, run_after=2022-01-01T00:00:00+00:00
[2022-11-30T15:51:40.250+0000] {logging_mixin.py:137} INFO - [2022-11-30T15:51:40.250+0000] {dag.py:3340} INFO - Setting next_dagrun for example_subdag_operator.section-1 to None, run_after=None
[2022-11-30T15:51:40.251+0000] {logging_mixin.py:137} INFO - [2022-11-30T15:51:40.251+0000] {dag.py:3340} INFO - Setting next_dagrun for example_subdag_operator.section-2 to None, run_after=None
[2022-11-30T15:51:40.256+0000] {logging_mixin.py:137} INFO - [2022-11-30T15:51:40.256+0000] {dag.py:2585} INFO - Sync 2 DAGs
[2022-11-30T15:51:40.261+0000] {logging_mixin.py:137} INFO - [2022-11-30T15:51:40.261+0000] {dag.py:3340} INFO - Setting next_dagrun for example_subdag_operator.section-1 to None, run_after=None
[2022-11-30T15:51:40.261+0000] {logging_mixin.py:137} INFO - [2022-11-30T15:51:40.261+0000] {dag.py:3340} INFO - Setting next_dagrun for example_subdag_operator.section-2 to None, run_after=None
[2022-11-30T15:51:40.301+0000] {processor.py:176} INFO - Processing /home/airflow/.local/lib/python3.7/site-packages/airflow/example_dags/example_subdag_operator.py took 0.259 seconds
[2022-11-30T15:52:10.441+0000] {processor.py:154} INFO - Started process (PID=506) to work on /home/airflow/.local/lib/python3.7/site-packages/airflow/example_dags/example_subdag_operator.py
[2022-11-30T15:52:10.442+0000] {processor.py:756} INFO - Processing file /home/airflow/.local/lib/python3.7/site-packages/airflow/example_dags/example_subdag_operator.py for tasks to queue
[2022-11-30T15:52:10.443+0000] {logging_mixin.py:137} INFO - [2022-11-30T15:52:10.442+0000] {dagbag.py:537} INFO - Filling up the DagBag from /home/airflow/.local/lib/python3.7/site-packages/airflow/example_dags/example_subdag_operator.py
[2022-11-30T15:52:10.475+0000] {processor.py:766} INFO - DAG(s) dict_keys(['example_subdag_operator.section-1', 'example_subdag_operator.section-2', 'example_subdag_operator']) retrieved from /home/airflow/.local/lib/python3.7/site-packages/airflow/example_dags/example_subdag_operator.py
[2022-11-30T15:52:10.647+0000] {logging_mixin.py:137} INFO - [2022-11-30T15:52:10.647+0000] {dag.py:2585} INFO - Sync 3 DAGs
[2022-11-30T15:52:10.668+0000] {logging_mixin.py:137} INFO - [2022-11-30T15:52:10.668+0000] {dag.py:3340} INFO - Setting next_dagrun for example_subdag_operator to 2022-01-01T00:00:00+00:00, run_after=2022-01-01T00:00:00+00:00
[2022-11-30T15:52:10.670+0000] {logging_mixin.py:137} INFO - [2022-11-30T15:52:10.670+0000] {dag.py:3340} INFO - Setting next_dagrun for example_subdag_operator.section-1 to None, run_after=None
[2022-11-30T15:52:10.671+0000] {logging_mixin.py:137} INFO - [2022-11-30T15:52:10.671+0000] {dag.py:3340} INFO - Setting next_dagrun for example_subdag_operator.section-2 to None, run_after=None
[2022-11-30T15:52:10.678+0000] {logging_mixin.py:137} INFO - [2022-11-30T15:52:10.678+0000] {dag.py:2585} INFO - Sync 2 DAGs
[2022-11-30T15:52:10.683+0000] {logging_mixin.py:137} INFO - [2022-11-30T15:52:10.682+0000] {dag.py:3340} INFO - Setting next_dagrun for example_subdag_operator.section-1 to None, run_after=None
[2022-11-30T15:52:10.683+0000] {logging_mixin.py:137} INFO - [2022-11-30T15:52:10.683+0000] {dag.py:3340} INFO - Setting next_dagrun for example_subdag_operator.section-2 to None, run_after=None
[2022-11-30T15:52:10.719+0000] {processor.py:176} INFO - Processing /home/airflow/.local/lib/python3.7/site-packages/airflow/example_dags/example_subdag_operator.py took 0.280 seconds
[2022-11-30T15:52:40.900+0000] {processor.py:154} INFO - Started process (PID=569) to work on /home/airflow/.local/lib/python3.7/site-packages/airflow/example_dags/example_subdag_operator.py
[2022-11-30T15:52:40.901+0000] {processor.py:756} INFO - Processing file /home/airflow/.local/lib/python3.7/site-packages/airflow/example_dags/example_subdag_operator.py for tasks to queue
[2022-11-30T15:52:40.901+0000] {logging_mixin.py:137} INFO - [2022-11-30T15:52:40.901+0000] {dagbag.py:537} INFO - Filling up the DagBag from /home/airflow/.local/lib/python3.7/site-packages/airflow/example_dags/example_subdag_operator.py
[2022-11-30T15:52:40.927+0000] {processor.py:766} INFO - DAG(s) dict_keys(['example_subdag_operator.section-1', 'example_subdag_operator.section-2', 'example_subdag_operator']) retrieved from /home/airflow/.local/lib/python3.7/site-packages/airflow/example_dags/example_subdag_operator.py
[2022-11-30T15:52:41.100+0000] {logging_mixin.py:137} INFO - [2022-11-30T15:52:41.100+0000] {dag.py:2585} INFO - Sync 3 DAGs
[2022-11-30T15:52:41.130+0000] {logging_mixin.py:137} INFO - [2022-11-30T15:52:41.130+0000] {dag.py:3340} INFO - Setting next_dagrun for example_subdag_operator to 2022-01-01T00:00:00+00:00, run_after=2022-01-01T00:00:00+00:00
[2022-11-30T15:52:41.133+0000] {logging_mixin.py:137} INFO - [2022-11-30T15:52:41.133+0000] {dag.py:3340} INFO - Setting next_dagrun for example_subdag_operator.section-1 to None, run_after=None
[2022-11-30T15:52:41.135+0000] {logging_mixin.py:137} INFO - [2022-11-30T15:52:41.135+0000] {dag.py:3340} INFO - Setting next_dagrun for example_subdag_operator.section-2 to None, run_after=None
[2022-11-30T15:52:41.142+0000] {logging_mixin.py:137} INFO - [2022-11-30T15:52:41.142+0000] {dag.py:2585} INFO - Sync 2 DAGs
[2022-11-30T15:52:41.147+0000] {logging_mixin.py:137} INFO - [2022-11-30T15:52:41.147+0000] {dag.py:3340} INFO - Setting next_dagrun for example_subdag_operator.section-1 to None, run_after=None
[2022-11-30T15:52:41.148+0000] {logging_mixin.py:137} INFO - [2022-11-30T15:52:41.148+0000] {dag.py:3340} INFO - Setting next_dagrun for example_subdag_operator.section-2 to None, run_after=None
[2022-11-30T15:52:41.235+0000] {processor.py:176} INFO - Processing /home/airflow/.local/lib/python3.7/site-packages/airflow/example_dags/example_subdag_operator.py took 0.336 seconds
[2022-11-30T15:53:11.625+0000] {processor.py:154} INFO - Started process (PID=632) to work on /home/airflow/.local/lib/python3.7/site-packages/airflow/example_dags/example_subdag_operator.py
[2022-11-30T15:53:11.626+0000] {processor.py:756} INFO - Processing file /home/airflow/.local/lib/python3.7/site-packages/airflow/example_dags/example_subdag_operator.py for tasks to queue
[2022-11-30T15:53:11.626+0000] {logging_mixin.py:137} INFO - [2022-11-30T15:53:11.626+0000] {dagbag.py:537} INFO - Filling up the DagBag from /home/airflow/.local/lib/python3.7/site-packages/airflow/example_dags/example_subdag_operator.py
[2022-11-30T15:53:11.648+0000] {processor.py:766} INFO - DAG(s) dict_keys(['example_subdag_operator.section-1', 'example_subdag_operator.section-2', 'example_subdag_operator']) retrieved from /home/airflow/.local/lib/python3.7/site-packages/airflow/example_dags/example_subdag_operator.py
[2022-11-30T15:53:11.804+0000] {logging_mixin.py:137} INFO - [2022-11-30T15:53:11.804+0000] {dag.py:2585} INFO - Sync 3 DAGs
[2022-11-30T15:53:11.824+0000] {logging_mixin.py:137} INFO - [2022-11-30T15:53:11.824+0000] {dag.py:3340} INFO - Setting next_dagrun for example_subdag_operator to 2022-01-01T00:00:00+00:00, run_after=2022-01-01T00:00:00+00:00
[2022-11-30T15:53:11.827+0000] {logging_mixin.py:137} INFO - [2022-11-30T15:53:11.827+0000] {dag.py:3340} INFO - Setting next_dagrun for example_subdag_operator.section-1 to None, run_after=None
[2022-11-30T15:53:11.828+0000] {logging_mixin.py:137} INFO - [2022-11-30T15:53:11.828+0000] {dag.py:3340} INFO - Setting next_dagrun for example_subdag_operator.section-2 to None, run_after=None
[2022-11-30T15:53:11.834+0000] {logging_mixin.py:137} INFO - [2022-11-30T15:53:11.834+0000] {dag.py:2585} INFO - Sync 2 DAGs
[2022-11-30T15:53:11.839+0000] {logging_mixin.py:137} INFO - [2022-11-30T15:53:11.838+0000] {dag.py:3340} INFO - Setting next_dagrun for example_subdag_operator.section-1 to None, run_after=None
[2022-11-30T15:53:11.839+0000] {logging_mixin.py:137} INFO - [2022-11-30T15:53:11.839+0000] {dag.py:3340} INFO - Setting next_dagrun for example_subdag_operator.section-2 to None, run_after=None
[2022-11-30T15:53:11.885+0000] {processor.py:176} INFO - Processing /home/airflow/.local/lib/python3.7/site-packages/airflow/example_dags/example_subdag_operator.py took 0.262 seconds
[2022-11-30T15:53:42.096+0000] {processor.py:154} INFO - Started process (PID=686) to work on /home/airflow/.local/lib/python3.7/site-packages/airflow/example_dags/example_subdag_operator.py
[2022-11-30T15:53:42.097+0000] {processor.py:756} INFO - Processing file /home/airflow/.local/lib/python3.7/site-packages/airflow/example_dags/example_subdag_operator.py for tasks to queue
[2022-11-30T15:53:42.098+0000] {logging_mixin.py:137} INFO - [2022-11-30T15:53:42.098+0000] {dagbag.py:537} INFO - Filling up the DagBag from /home/airflow/.local/lib/python3.7/site-packages/airflow/example_dags/example_subdag_operator.py
[2022-11-30T15:53:42.120+0000] {processor.py:766} INFO - DAG(s) dict_keys(['example_subdag_operator.section-1', 'example_subdag_operator.section-2', 'example_subdag_operator']) retrieved from /home/airflow/.local/lib/python3.7/site-packages/airflow/example_dags/example_subdag_operator.py
[2022-11-30T15:53:42.277+0000] {logging_mixin.py:137} INFO - [2022-11-30T15:53:42.277+0000] {dag.py:2585} INFO - Sync 3 DAGs
[2022-11-30T15:53:42.296+0000] {logging_mixin.py:137} INFO - [2022-11-30T15:53:42.296+0000] {dag.py:3340} INFO - Setting next_dagrun for example_subdag_operator to 2022-01-01T00:00:00+00:00, run_after=2022-01-01T00:00:00+00:00
[2022-11-30T15:53:42.298+0000] {logging_mixin.py:137} INFO - [2022-11-30T15:53:42.298+0000] {dag.py:3340} INFO - Setting next_dagrun for example_subdag_operator.section-1 to None, run_after=None
[2022-11-30T15:53:42.299+0000] {logging_mixin.py:137} INFO - [2022-11-30T15:53:42.299+0000] {dag.py:3340} INFO - Setting next_dagrun for example_subdag_operator.section-2 to None, run_after=None
[2022-11-30T15:53:42.304+0000] {logging_mixin.py:137} INFO - [2022-11-30T15:53:42.304+0000] {dag.py:2585} INFO - Sync 2 DAGs
[2022-11-30T15:53:42.309+0000] {logging_mixin.py:137} INFO - [2022-11-30T15:53:42.309+0000] {dag.py:3340} INFO - Setting next_dagrun for example_subdag_operator.section-1 to None, run_after=None
[2022-11-30T15:53:42.309+0000] {logging_mixin.py:137} INFO - [2022-11-30T15:53:42.309+0000] {dag.py:3340} INFO - Setting next_dagrun for example_subdag_operator.section-2 to None, run_after=None
[2022-11-30T15:53:42.340+0000] {processor.py:176} INFO - Processing /home/airflow/.local/lib/python3.7/site-packages/airflow/example_dags/example_subdag_operator.py took 0.246 seconds
[2022-11-30T15:54:12.580+0000] {processor.py:154} INFO - Started process (PID=749) to work on /home/airflow/.local/lib/python3.7/site-packages/airflow/example_dags/example_subdag_operator.py
[2022-11-30T15:54:12.581+0000] {processor.py:756} INFO - Processing file /home/airflow/.local/lib/python3.7/site-packages/airflow/example_dags/example_subdag_operator.py for tasks to queue
[2022-11-30T15:54:12.581+0000] {logging_mixin.py:137} INFO - [2022-11-30T15:54:12.581+0000] {dagbag.py:537} INFO - Filling up the DagBag from /home/airflow/.local/lib/python3.7/site-packages/airflow/example_dags/example_subdag_operator.py
[2022-11-30T15:54:12.602+0000] {processor.py:766} INFO - DAG(s) dict_keys(['example_subdag_operator.section-1', 'example_subdag_operator.section-2', 'example_subdag_operator']) retrieved from /home/airflow/.local/lib/python3.7/site-packages/airflow/example_dags/example_subdag_operator.py
[2022-11-30T15:54:12.753+0000] {logging_mixin.py:137} INFO - [2022-11-30T15:54:12.753+0000] {dag.py:2585} INFO - Sync 3 DAGs
[2022-11-30T15:54:12.772+0000] {logging_mixin.py:137} INFO - [2022-11-30T15:54:12.772+0000] {dag.py:3340} INFO - Setting next_dagrun for example_subdag_operator to 2022-01-01T00:00:00+00:00, run_after=2022-01-01T00:00:00+00:00
[2022-11-30T15:54:12.774+0000] {logging_mixin.py:137} INFO - [2022-11-30T15:54:12.774+0000] {dag.py:3340} INFO - Setting next_dagrun for example_subdag_operator.section-1 to None, run_after=None
[2022-11-30T15:54:12.775+0000] {logging_mixin.py:137} INFO - [2022-11-30T15:54:12.775+0000] {dag.py:3340} INFO - Setting next_dagrun for example_subdag_operator.section-2 to None, run_after=None
[2022-11-30T15:54:12.780+0000] {logging_mixin.py:137} INFO - [2022-11-30T15:54:12.780+0000] {dag.py:2585} INFO - Sync 2 DAGs
[2022-11-30T15:54:12.784+0000] {logging_mixin.py:137} INFO - [2022-11-30T15:54:12.784+0000] {dag.py:3340} INFO - Setting next_dagrun for example_subdag_operator.section-1 to None, run_after=None
[2022-11-30T15:54:12.785+0000] {logging_mixin.py:137} INFO - [2022-11-30T15:54:12.785+0000] {dag.py:3340} INFO - Setting next_dagrun for example_subdag_operator.section-2 to None, run_after=None
[2022-11-30T15:54:12.819+0000] {processor.py:176} INFO - Processing /home/airflow/.local/lib/python3.7/site-packages/airflow/example_dags/example_subdag_operator.py took 0.241 seconds
[2022-11-30T15:54:43.132+0000] {processor.py:154} INFO - Started process (PID=812) to work on /home/airflow/.local/lib/python3.7/site-packages/airflow/example_dags/example_subdag_operator.py
[2022-11-30T15:54:43.133+0000] {processor.py:756} INFO - Processing file /home/airflow/.local/lib/python3.7/site-packages/airflow/example_dags/example_subdag_operator.py for tasks to queue
[2022-11-30T15:54:43.133+0000] {logging_mixin.py:137} INFO - [2022-11-30T15:54:43.133+0000] {dagbag.py:537} INFO - Filling up the DagBag from /home/airflow/.local/lib/python3.7/site-packages/airflow/example_dags/example_subdag_operator.py
[2022-11-30T15:54:43.154+0000] {processor.py:766} INFO - DAG(s) dict_keys(['example_subdag_operator.section-1', 'example_subdag_operator.section-2', 'example_subdag_operator']) retrieved from /home/airflow/.local/lib/python3.7/site-packages/airflow/example_dags/example_subdag_operator.py
[2022-11-30T15:54:43.303+0000] {logging_mixin.py:137} INFO - [2022-11-30T15:54:43.303+0000] {dag.py:2585} INFO - Sync 3 DAGs
[2022-11-30T15:54:43.321+0000] {logging_mixin.py:137} INFO - [2022-11-30T15:54:43.321+0000] {dag.py:3340} INFO - Setting next_dagrun for example_subdag_operator to 2022-01-01T00:00:00+00:00, run_after=2022-01-01T00:00:00+00:00
[2022-11-30T15:54:43.324+0000] {logging_mixin.py:137} INFO - [2022-11-30T15:54:43.324+0000] {dag.py:3340} INFO - Setting next_dagrun for example_subdag_operator.section-1 to None, run_after=None
[2022-11-30T15:54:43.325+0000] {logging_mixin.py:137} INFO - [2022-11-30T15:54:43.325+0000] {dag.py:3340} INFO - Setting next_dagrun for example_subdag_operator.section-2 to None, run_after=None
[2022-11-30T15:54:43.330+0000] {logging_mixin.py:137} INFO - [2022-11-30T15:54:43.330+0000] {dag.py:2585} INFO - Sync 2 DAGs
[2022-11-30T15:54:43.334+0000] {logging_mixin.py:137} INFO - [2022-11-30T15:54:43.334+0000] {dag.py:3340} INFO - Setting next_dagrun for example_subdag_operator.section-1 to None, run_after=None
[2022-11-30T15:54:43.335+0000] {logging_mixin.py:137} INFO - [2022-11-30T15:54:43.334+0000] {dag.py:3340} INFO - Setting next_dagrun for example_subdag_operator.section-2 to None, run_after=None
[2022-11-30T15:54:43.374+0000] {processor.py:176} INFO - Processing /home/airflow/.local/lib/python3.7/site-packages/airflow/example_dags/example_subdag_operator.py took 0.244 seconds
[2022-11-30T15:55:13.583+0000] {processor.py:154} INFO - Started process (PID=866) to work on /home/airflow/.local/lib/python3.7/site-packages/airflow/example_dags/example_subdag_operator.py
[2022-11-30T15:55:13.584+0000] {processor.py:756} INFO - Processing file /home/airflow/.local/lib/python3.7/site-packages/airflow/example_dags/example_subdag_operator.py for tasks to queue
[2022-11-30T15:55:13.584+0000] {logging_mixin.py:137} INFO - [2022-11-30T15:55:13.584+0000] {dagbag.py:537} INFO - Filling up the DagBag from /home/airflow/.local/lib/python3.7/site-packages/airflow/example_dags/example_subdag_operator.py
[2022-11-30T15:55:13.606+0000] {processor.py:766} INFO - DAG(s) dict_keys(['example_subdag_operator.section-1', 'example_subdag_operator.section-2', 'example_subdag_operator']) retrieved from /home/airflow/.local/lib/python3.7/site-packages/airflow/example_dags/example_subdag_operator.py
[2022-11-30T15:55:13.761+0000] {logging_mixin.py:137} INFO - [2022-11-30T15:55:13.760+0000] {dag.py:2585} INFO - Sync 3 DAGs
[2022-11-30T15:55:13.784+0000] {logging_mixin.py:137} INFO - [2022-11-30T15:55:13.783+0000] {dag.py:3340} INFO - Setting next_dagrun for example_subdag_operator to 2022-01-01T00:00:00+00:00, run_after=2022-01-01T00:00:00+00:00
[2022-11-30T15:55:13.786+0000] {logging_mixin.py:137} INFO - [2022-11-30T15:55:13.786+0000] {dag.py:3340} INFO - Setting next_dagrun for example_subdag_operator.section-1 to None, run_after=None
[2022-11-30T15:55:13.787+0000] {logging_mixin.py:137} INFO - [2022-11-30T15:55:13.787+0000] {dag.py:3340} INFO - Setting next_dagrun for example_subdag_operator.section-2 to None, run_after=None
[2022-11-30T15:55:13.792+0000] {logging_mixin.py:137} INFO - [2022-11-30T15:55:13.792+0000] {dag.py:2585} INFO - Sync 2 DAGs
[2022-11-30T15:55:13.796+0000] {logging_mixin.py:137} INFO - [2022-11-30T15:55:13.796+0000] {dag.py:3340} INFO - Setting next_dagrun for example_subdag_operator.section-1 to None, run_after=None
[2022-11-30T15:55:13.797+0000] {logging_mixin.py:137} INFO - [2022-11-30T15:55:13.796+0000] {dag.py:3340} INFO - Setting next_dagrun for example_subdag_operator.section-2 to None, run_after=None
[2022-11-30T15:55:13.867+0000] {processor.py:176} INFO - Processing /home/airflow/.local/lib/python3.7/site-packages/airflow/example_dags/example_subdag_operator.py took 0.286 seconds
