[2022-11-30T15:48:27.980+0000] {processor.py:154} INFO - Started process (PID=43) to work on /home/airflow/.local/lib/python3.7/site-packages/airflow/example_dags/example_xcom.py
[2022-11-30T15:48:27.981+0000] {processor.py:756} INFO - Processing file /home/airflow/.local/lib/python3.7/site-packages/airflow/example_dags/example_xcom.py for tasks to queue
[2022-11-30T15:48:27.981+0000] {logging_mixin.py:137} INFO - [2022-11-30T15:48:27.981+0000] {dagbag.py:537} INFO - Filling up the DagBag from /home/airflow/.local/lib/python3.7/site-packages/airflow/example_dags/example_xcom.py
[2022-11-30T15:48:28.003+0000] {processor.py:766} INFO - DAG(s) dict_keys(['example_xcom']) retrieved from /home/airflow/.local/lib/python3.7/site-packages/airflow/example_dags/example_xcom.py
[2022-11-30T15:48:28.219+0000] {logging_mixin.py:137} INFO - [2022-11-30T15:48:28.219+0000] {manager.py:507} INFO - Created Permission View: can edit on DAG:example_xcom
[2022-11-30T15:48:28.277+0000] {logging_mixin.py:137} INFO - [2022-11-30T15:48:28.277+0000] {manager.py:507} INFO - Created Permission View: can read on DAG:example_xcom
[2022-11-30T15:48:28.335+0000] {logging_mixin.py:137} INFO - [2022-11-30T15:48:28.335+0000] {manager.py:507} INFO - Created Permission View: can delete on DAG:example_xcom
[2022-11-30T15:48:28.336+0000] {logging_mixin.py:137} INFO - [2022-11-30T15:48:28.336+0000] {dag.py:2585} INFO - Sync 1 DAGs
[2022-11-30T15:48:28.347+0000] {logging_mixin.py:137} INFO - [2022-11-30T15:48:28.347+0000] {dag.py:2606} INFO - Creating ORM DAG for example_xcom
[2022-11-30T15:48:28.356+0000] {logging_mixin.py:137} INFO - [2022-11-30T15:48:28.356+0000] {dag.py:3340} INFO - Setting next_dagrun for example_xcom to 2021-01-01T00:00:00+00:00, run_after=2021-01-01T00:00:00+00:00
[2022-11-30T15:48:28.401+0000] {processor.py:176} INFO - Processing /home/airflow/.local/lib/python3.7/site-packages/airflow/example_dags/example_xcom.py took 0.423 seconds
[2022-11-30T15:48:58.707+0000] {processor.py:154} INFO - Started process (PID=106) to work on /home/airflow/.local/lib/python3.7/site-packages/airflow/example_dags/example_xcom.py
[2022-11-30T15:48:58.708+0000] {processor.py:756} INFO - Processing file /home/airflow/.local/lib/python3.7/site-packages/airflow/example_dags/example_xcom.py for tasks to queue
[2022-11-30T15:48:58.709+0000] {logging_mixin.py:137} INFO - [2022-11-30T15:48:58.709+0000] {dagbag.py:537} INFO - Filling up the DagBag from /home/airflow/.local/lib/python3.7/site-packages/airflow/example_dags/example_xcom.py
[2022-11-30T15:48:58.726+0000] {processor.py:766} INFO - DAG(s) dict_keys(['example_xcom']) retrieved from /home/airflow/.local/lib/python3.7/site-packages/airflow/example_dags/example_xcom.py
[2022-11-30T15:48:58.756+0000] {logging_mixin.py:137} INFO - [2022-11-30T15:48:58.756+0000] {dag.py:2585} INFO - Sync 1 DAGs
[2022-11-30T15:48:58.777+0000] {logging_mixin.py:137} INFO - [2022-11-30T15:48:58.776+0000] {dag.py:3340} INFO - Setting next_dagrun for example_xcom to 2021-01-01T00:00:00+00:00, run_after=2021-01-01T00:00:00+00:00
[2022-11-30T15:48:58.816+0000] {processor.py:176} INFO - Processing /home/airflow/.local/lib/python3.7/site-packages/airflow/example_dags/example_xcom.py took 0.110 seconds
[2022-11-30T15:49:29.551+0000] {processor.py:154} INFO - Started process (PID=170) to work on /home/airflow/.local/lib/python3.7/site-packages/airflow/example_dags/example_xcom.py
[2022-11-30T15:49:29.551+0000] {processor.py:756} INFO - Processing file /home/airflow/.local/lib/python3.7/site-packages/airflow/example_dags/example_xcom.py for tasks to queue
[2022-11-30T15:49:29.552+0000] {logging_mixin.py:137} INFO - [2022-11-30T15:49:29.552+0000] {dagbag.py:537} INFO - Filling up the DagBag from /home/airflow/.local/lib/python3.7/site-packages/airflow/example_dags/example_xcom.py
[2022-11-30T15:49:29.573+0000] {processor.py:766} INFO - DAG(s) dict_keys(['example_xcom']) retrieved from /home/airflow/.local/lib/python3.7/site-packages/airflow/example_dags/example_xcom.py
[2022-11-30T15:49:29.615+0000] {logging_mixin.py:137} INFO - [2022-11-30T15:49:29.615+0000] {dag.py:2585} INFO - Sync 1 DAGs
[2022-11-30T15:49:29.644+0000] {logging_mixin.py:137} INFO - [2022-11-30T15:49:29.643+0000] {dag.py:3340} INFO - Setting next_dagrun for example_xcom to 2021-01-01T00:00:00+00:00, run_after=2021-01-01T00:00:00+00:00
[2022-11-30T15:49:29.682+0000] {processor.py:176} INFO - Processing /home/airflow/.local/lib/python3.7/site-packages/airflow/example_dags/example_xcom.py took 0.134 seconds
[2022-11-30T15:50:00.246+0000] {processor.py:154} INFO - Started process (PID=233) to work on /home/airflow/.local/lib/python3.7/site-packages/airflow/example_dags/example_xcom.py
[2022-11-30T15:50:00.246+0000] {processor.py:756} INFO - Processing file /home/airflow/.local/lib/python3.7/site-packages/airflow/example_dags/example_xcom.py for tasks to queue
[2022-11-30T15:50:00.247+0000] {logging_mixin.py:137} INFO - [2022-11-30T15:50:00.247+0000] {dagbag.py:537} INFO - Filling up the DagBag from /home/airflow/.local/lib/python3.7/site-packages/airflow/example_dags/example_xcom.py
[2022-11-30T15:50:00.264+0000] {processor.py:766} INFO - DAG(s) dict_keys(['example_xcom']) retrieved from /home/airflow/.local/lib/python3.7/site-packages/airflow/example_dags/example_xcom.py
[2022-11-30T15:50:00.299+0000] {logging_mixin.py:137} INFO - [2022-11-30T15:50:00.299+0000] {dag.py:2585} INFO - Sync 1 DAGs
[2022-11-30T15:50:00.322+0000] {logging_mixin.py:137} INFO - [2022-11-30T15:50:00.322+0000] {dag.py:3340} INFO - Setting next_dagrun for example_xcom to 2021-01-01T00:00:00+00:00, run_after=2021-01-01T00:00:00+00:00
[2022-11-30T15:50:00.366+0000] {processor.py:176} INFO - Processing /home/airflow/.local/lib/python3.7/site-packages/airflow/example_dags/example_xcom.py took 0.122 seconds
[2022-11-30T15:50:30.579+0000] {processor.py:154} INFO - Started process (PID=287) to work on /home/airflow/.local/lib/python3.7/site-packages/airflow/example_dags/example_xcom.py
[2022-11-30T15:50:30.580+0000] {processor.py:756} INFO - Processing file /home/airflow/.local/lib/python3.7/site-packages/airflow/example_dags/example_xcom.py for tasks to queue
[2022-11-30T15:50:30.581+0000] {logging_mixin.py:137} INFO - [2022-11-30T15:50:30.580+0000] {dagbag.py:537} INFO - Filling up the DagBag from /home/airflow/.local/lib/python3.7/site-packages/airflow/example_dags/example_xcom.py
[2022-11-30T15:50:30.597+0000] {processor.py:766} INFO - DAG(s) dict_keys(['example_xcom']) retrieved from /home/airflow/.local/lib/python3.7/site-packages/airflow/example_dags/example_xcom.py
[2022-11-30T15:50:30.625+0000] {logging_mixin.py:137} INFO - [2022-11-30T15:50:30.625+0000] {dag.py:2585} INFO - Sync 1 DAGs
[2022-11-30T15:50:30.644+0000] {logging_mixin.py:137} INFO - [2022-11-30T15:50:30.644+0000] {dag.py:3340} INFO - Setting next_dagrun for example_xcom to 2021-01-01T00:00:00+00:00, run_after=2021-01-01T00:00:00+00:00
[2022-11-30T15:50:30.681+0000] {processor.py:176} INFO - Processing /home/airflow/.local/lib/python3.7/site-packages/airflow/example_dags/example_xcom.py took 0.104 seconds
[2022-11-30T15:51:01.275+0000] {processor.py:154} INFO - Started process (PID=350) to work on /home/airflow/.local/lib/python3.7/site-packages/airflow/example_dags/example_xcom.py
[2022-11-30T15:51:01.275+0000] {processor.py:756} INFO - Processing file /home/airflow/.local/lib/python3.7/site-packages/airflow/example_dags/example_xcom.py for tasks to queue
[2022-11-30T15:51:01.276+0000] {logging_mixin.py:137} INFO - [2022-11-30T15:51:01.276+0000] {dagbag.py:537} INFO - Filling up the DagBag from /home/airflow/.local/lib/python3.7/site-packages/airflow/example_dags/example_xcom.py
[2022-11-30T15:51:01.294+0000] {processor.py:766} INFO - DAG(s) dict_keys(['example_xcom']) retrieved from /home/airflow/.local/lib/python3.7/site-packages/airflow/example_dags/example_xcom.py
[2022-11-30T15:51:01.326+0000] {logging_mixin.py:137} INFO - [2022-11-30T15:51:01.326+0000] {dag.py:2585} INFO - Sync 1 DAGs
[2022-11-30T15:51:01.347+0000] {logging_mixin.py:137} INFO - [2022-11-30T15:51:01.347+0000] {dag.py:3340} INFO - Setting next_dagrun for example_xcom to 2021-01-01T00:00:00+00:00, run_after=2021-01-01T00:00:00+00:00
[2022-11-30T15:51:01.388+0000] {processor.py:176} INFO - Processing /home/airflow/.local/lib/python3.7/site-packages/airflow/example_dags/example_xcom.py took 0.115 seconds
[2022-11-30T15:51:31.804+0000] {processor.py:154} INFO - Started process (PID=414) to work on /home/airflow/.local/lib/python3.7/site-packages/airflow/example_dags/example_xcom.py
[2022-11-30T15:51:31.805+0000] {processor.py:756} INFO - Processing file /home/airflow/.local/lib/python3.7/site-packages/airflow/example_dags/example_xcom.py for tasks to queue
[2022-11-30T15:51:31.805+0000] {logging_mixin.py:137} INFO - [2022-11-30T15:51:31.805+0000] {dagbag.py:537} INFO - Filling up the DagBag from /home/airflow/.local/lib/python3.7/site-packages/airflow/example_dags/example_xcom.py
[2022-11-30T15:51:31.820+0000] {processor.py:766} INFO - DAG(s) dict_keys(['example_xcom']) retrieved from /home/airflow/.local/lib/python3.7/site-packages/airflow/example_dags/example_xcom.py
[2022-11-30T15:51:31.846+0000] {logging_mixin.py:137} INFO - [2022-11-30T15:51:31.846+0000] {dag.py:2585} INFO - Sync 1 DAGs
[2022-11-30T15:51:31.866+0000] {logging_mixin.py:137} INFO - [2022-11-30T15:51:31.865+0000] {dag.py:3340} INFO - Setting next_dagrun for example_xcom to 2021-01-01T00:00:00+00:00, run_after=2021-01-01T00:00:00+00:00
[2022-11-30T15:51:31.944+0000] {processor.py:176} INFO - Processing /home/airflow/.local/lib/python3.7/site-packages/airflow/example_dags/example_xcom.py took 0.142 seconds
[2022-11-30T15:52:02.579+0000] {processor.py:154} INFO - Started process (PID=468) to work on /home/airflow/.local/lib/python3.7/site-packages/airflow/example_dags/example_xcom.py
[2022-11-30T15:52:02.580+0000] {processor.py:756} INFO - Processing file /home/airflow/.local/lib/python3.7/site-packages/airflow/example_dags/example_xcom.py for tasks to queue
[2022-11-30T15:52:02.580+0000] {logging_mixin.py:137} INFO - [2022-11-30T15:52:02.580+0000] {dagbag.py:537} INFO - Filling up the DagBag from /home/airflow/.local/lib/python3.7/site-packages/airflow/example_dags/example_xcom.py
[2022-11-30T15:52:02.595+0000] {processor.py:766} INFO - DAG(s) dict_keys(['example_xcom']) retrieved from /home/airflow/.local/lib/python3.7/site-packages/airflow/example_dags/example_xcom.py
[2022-11-30T15:52:02.625+0000] {logging_mixin.py:137} INFO - [2022-11-30T15:52:02.625+0000] {dag.py:2585} INFO - Sync 1 DAGs
[2022-11-30T15:52:02.645+0000] {logging_mixin.py:137} INFO - [2022-11-30T15:52:02.644+0000] {dag.py:3340} INFO - Setting next_dagrun for example_xcom to 2021-01-01T00:00:00+00:00, run_after=2021-01-01T00:00:00+00:00
[2022-11-30T15:52:02.685+0000] {processor.py:176} INFO - Processing /home/airflow/.local/lib/python3.7/site-packages/airflow/example_dags/example_xcom.py took 0.107 seconds
[2022-11-30T15:52:33.014+0000] {processor.py:154} INFO - Started process (PID=531) to work on /home/airflow/.local/lib/python3.7/site-packages/airflow/example_dags/example_xcom.py
[2022-11-30T15:52:33.015+0000] {processor.py:756} INFO - Processing file /home/airflow/.local/lib/python3.7/site-packages/airflow/example_dags/example_xcom.py for tasks to queue
[2022-11-30T15:52:33.015+0000] {logging_mixin.py:137} INFO - [2022-11-30T15:52:33.015+0000] {dagbag.py:537} INFO - Filling up the DagBag from /home/airflow/.local/lib/python3.7/site-packages/airflow/example_dags/example_xcom.py
[2022-11-30T15:52:33.031+0000] {processor.py:766} INFO - DAG(s) dict_keys(['example_xcom']) retrieved from /home/airflow/.local/lib/python3.7/site-packages/airflow/example_dags/example_xcom.py
[2022-11-30T15:52:33.060+0000] {logging_mixin.py:137} INFO - [2022-11-30T15:52:33.060+0000] {dag.py:2585} INFO - Sync 1 DAGs
[2022-11-30T15:52:33.078+0000] {logging_mixin.py:137} INFO - [2022-11-30T15:52:33.078+0000] {dag.py:3340} INFO - Setting next_dagrun for example_xcom to 2021-01-01T00:00:00+00:00, run_after=2021-01-01T00:00:00+00:00
[2022-11-30T15:52:33.117+0000] {processor.py:176} INFO - Processing /home/airflow/.local/lib/python3.7/site-packages/airflow/example_dags/example_xcom.py took 0.105 seconds
[2022-11-30T15:53:03.513+0000] {processor.py:154} INFO - Started process (PID=594) to work on /home/airflow/.local/lib/python3.7/site-packages/airflow/example_dags/example_xcom.py
[2022-11-30T15:53:03.513+0000] {processor.py:756} INFO - Processing file /home/airflow/.local/lib/python3.7/site-packages/airflow/example_dags/example_xcom.py for tasks to queue
[2022-11-30T15:53:03.514+0000] {logging_mixin.py:137} INFO - [2022-11-30T15:53:03.514+0000] {dagbag.py:537} INFO - Filling up the DagBag from /home/airflow/.local/lib/python3.7/site-packages/airflow/example_dags/example_xcom.py
[2022-11-30T15:53:03.532+0000] {processor.py:766} INFO - DAG(s) dict_keys(['example_xcom']) retrieved from /home/airflow/.local/lib/python3.7/site-packages/airflow/example_dags/example_xcom.py
[2022-11-30T15:53:03.561+0000] {logging_mixin.py:137} INFO - [2022-11-30T15:53:03.561+0000] {dag.py:2585} INFO - Sync 1 DAGs
[2022-11-30T15:53:03.584+0000] {logging_mixin.py:137} INFO - [2022-11-30T15:53:03.584+0000] {dag.py:3340} INFO - Setting next_dagrun for example_xcom to 2021-01-01T00:00:00+00:00, run_after=2021-01-01T00:00:00+00:00
[2022-11-30T15:53:03.626+0000] {processor.py:176} INFO - Processing /home/airflow/.local/lib/python3.7/site-packages/airflow/example_dags/example_xcom.py took 0.115 seconds
[2022-11-30T15:53:34.179+0000] {processor.py:154} INFO - Started process (PID=657) to work on /home/airflow/.local/lib/python3.7/site-packages/airflow/example_dags/example_xcom.py
[2022-11-30T15:53:34.179+0000] {processor.py:756} INFO - Processing file /home/airflow/.local/lib/python3.7/site-packages/airflow/example_dags/example_xcom.py for tasks to queue
[2022-11-30T15:53:34.180+0000] {logging_mixin.py:137} INFO - [2022-11-30T15:53:34.180+0000] {dagbag.py:537} INFO - Filling up the DagBag from /home/airflow/.local/lib/python3.7/site-packages/airflow/example_dags/example_xcom.py
[2022-11-30T15:53:34.198+0000] {processor.py:766} INFO - DAG(s) dict_keys(['example_xcom']) retrieved from /home/airflow/.local/lib/python3.7/site-packages/airflow/example_dags/example_xcom.py
[2022-11-30T15:53:34.230+0000] {logging_mixin.py:137} INFO - [2022-11-30T15:53:34.230+0000] {dag.py:2585} INFO - Sync 1 DAGs
[2022-11-30T15:53:34.253+0000] {logging_mixin.py:137} INFO - [2022-11-30T15:53:34.252+0000] {dag.py:3340} INFO - Setting next_dagrun for example_xcom to 2021-01-01T00:00:00+00:00, run_after=2021-01-01T00:00:00+00:00
[2022-11-30T15:53:34.435+0000] {processor.py:176} INFO - Processing /home/airflow/.local/lib/python3.7/site-packages/airflow/example_dags/example_xcom.py took 0.258 seconds
[2022-11-30T15:54:04.593+0000] {processor.py:154} INFO - Started process (PID=711) to work on /home/airflow/.local/lib/python3.7/site-packages/airflow/example_dags/example_xcom.py
[2022-11-30T15:54:04.594+0000] {processor.py:756} INFO - Processing file /home/airflow/.local/lib/python3.7/site-packages/airflow/example_dags/example_xcom.py for tasks to queue
[2022-11-30T15:54:04.594+0000] {logging_mixin.py:137} INFO - [2022-11-30T15:54:04.594+0000] {dagbag.py:537} INFO - Filling up the DagBag from /home/airflow/.local/lib/python3.7/site-packages/airflow/example_dags/example_xcom.py
[2022-11-30T15:54:04.611+0000] {processor.py:766} INFO - DAG(s) dict_keys(['example_xcom']) retrieved from /home/airflow/.local/lib/python3.7/site-packages/airflow/example_dags/example_xcom.py
[2022-11-30T15:54:04.643+0000] {logging_mixin.py:137} INFO - [2022-11-30T15:54:04.642+0000] {dag.py:2585} INFO - Sync 1 DAGs
[2022-11-30T15:54:04.663+0000] {logging_mixin.py:137} INFO - [2022-11-30T15:54:04.663+0000] {dag.py:3340} INFO - Setting next_dagrun for example_xcom to 2021-01-01T00:00:00+00:00, run_after=2021-01-01T00:00:00+00:00
[2022-11-30T15:54:04.704+0000] {processor.py:176} INFO - Processing /home/airflow/.local/lib/python3.7/site-packages/airflow/example_dags/example_xcom.py took 0.113 seconds
[2022-11-30T15:54:35.106+0000] {processor.py:154} INFO - Started process (PID=774) to work on /home/airflow/.local/lib/python3.7/site-packages/airflow/example_dags/example_xcom.py
[2022-11-30T15:54:35.106+0000] {processor.py:756} INFO - Processing file /home/airflow/.local/lib/python3.7/site-packages/airflow/example_dags/example_xcom.py for tasks to queue
[2022-11-30T15:54:35.107+0000] {logging_mixin.py:137} INFO - [2022-11-30T15:54:35.107+0000] {dagbag.py:537} INFO - Filling up the DagBag from /home/airflow/.local/lib/python3.7/site-packages/airflow/example_dags/example_xcom.py
[2022-11-30T15:54:35.122+0000] {processor.py:766} INFO - DAG(s) dict_keys(['example_xcom']) retrieved from /home/airflow/.local/lib/python3.7/site-packages/airflow/example_dags/example_xcom.py
[2022-11-30T15:54:35.150+0000] {logging_mixin.py:137} INFO - [2022-11-30T15:54:35.150+0000] {dag.py:2585} INFO - Sync 1 DAGs
[2022-11-30T15:54:35.168+0000] {logging_mixin.py:137} INFO - [2022-11-30T15:54:35.168+0000] {dag.py:3340} INFO - Setting next_dagrun for example_xcom to 2021-01-01T00:00:00+00:00, run_after=2021-01-01T00:00:00+00:00
[2022-11-30T15:54:35.211+0000] {processor.py:176} INFO - Processing /home/airflow/.local/lib/python3.7/site-packages/airflow/example_dags/example_xcom.py took 0.106 seconds
[2022-11-30T15:55:05.647+0000] {processor.py:154} INFO - Started process (PID=837) to work on /home/airflow/.local/lib/python3.7/site-packages/airflow/example_dags/example_xcom.py
[2022-11-30T15:55:05.648+0000] {processor.py:756} INFO - Processing file /home/airflow/.local/lib/python3.7/site-packages/airflow/example_dags/example_xcom.py for tasks to queue
[2022-11-30T15:55:05.648+0000] {logging_mixin.py:137} INFO - [2022-11-30T15:55:05.648+0000] {dagbag.py:537} INFO - Filling up the DagBag from /home/airflow/.local/lib/python3.7/site-packages/airflow/example_dags/example_xcom.py
[2022-11-30T15:55:05.663+0000] {processor.py:766} INFO - DAG(s) dict_keys(['example_xcom']) retrieved from /home/airflow/.local/lib/python3.7/site-packages/airflow/example_dags/example_xcom.py
[2022-11-30T15:55:05.691+0000] {logging_mixin.py:137} INFO - [2022-11-30T15:55:05.691+0000] {dag.py:2585} INFO - Sync 1 DAGs
[2022-11-30T15:55:05.711+0000] {logging_mixin.py:137} INFO - [2022-11-30T15:55:05.711+0000] {dag.py:3340} INFO - Setting next_dagrun for example_xcom to 2021-01-01T00:00:00+00:00, run_after=2021-01-01T00:00:00+00:00
[2022-11-30T15:55:05.793+0000] {processor.py:176} INFO - Processing /home/airflow/.local/lib/python3.7/site-packages/airflow/example_dags/example_xcom.py took 0.148 seconds
[2022-11-30T15:55:36.121+0000] {processor.py:154} INFO - Started process (PID=891) to work on /home/airflow/.local/lib/python3.7/site-packages/airflow/example_dags/example_xcom.py
[2022-11-30T15:55:36.121+0000] {processor.py:756} INFO - Processing file /home/airflow/.local/lib/python3.7/site-packages/airflow/example_dags/example_xcom.py for tasks to queue
[2022-11-30T15:55:36.122+0000] {logging_mixin.py:137} INFO - [2022-11-30T15:55:36.122+0000] {dagbag.py:537} INFO - Filling up the DagBag from /home/airflow/.local/lib/python3.7/site-packages/airflow/example_dags/example_xcom.py
[2022-11-30T15:55:36.136+0000] {processor.py:766} INFO - DAG(s) dict_keys(['example_xcom']) retrieved from /home/airflow/.local/lib/python3.7/site-packages/airflow/example_dags/example_xcom.py
[2022-11-30T15:55:36.164+0000] {logging_mixin.py:137} INFO - [2022-11-30T15:55:36.163+0000] {dag.py:2585} INFO - Sync 1 DAGs
[2022-11-30T15:55:36.183+0000] {logging_mixin.py:137} INFO - [2022-11-30T15:55:36.183+0000] {dag.py:3340} INFO - Setting next_dagrun for example_xcom to 2021-01-01T00:00:00+00:00, run_after=2021-01-01T00:00:00+00:00
[2022-11-30T15:55:36.238+0000] {processor.py:176} INFO - Processing /home/airflow/.local/lib/python3.7/site-packages/airflow/example_dags/example_xcom.py took 0.119 seconds
