[2022-11-30T15:48:32.048+0000] {processor.py:154} INFO - Started process (PID=64) to work on /home/airflow/.local/lib/python3.7/site-packages/airflow/example_dags/example_short_circuit_decorator.py
[2022-11-30T15:48:32.049+0000] {processor.py:756} INFO - Processing file /home/airflow/.local/lib/python3.7/site-packages/airflow/example_dags/example_short_circuit_decorator.py for tasks to queue
[2022-11-30T15:48:32.050+0000] {logging_mixin.py:137} INFO - [2022-11-30T15:48:32.050+0000] {dagbag.py:537} INFO - Filling up the DagBag from /home/airflow/.local/lib/python3.7/site-packages/airflow/example_dags/example_short_circuit_decorator.py
[2022-11-30T15:48:32.072+0000] {processor.py:766} INFO - DAG(s) dict_keys(['example_short_circuit_decorator']) retrieved from /home/airflow/.local/lib/python3.7/site-packages/airflow/example_dags/example_short_circuit_decorator.py
[2022-11-30T15:48:32.285+0000] {logging_mixin.py:137} INFO - [2022-11-30T15:48:32.285+0000] {manager.py:507} INFO - Created Permission View: can edit on DAG:example_short_circuit_decorator
[2022-11-30T15:48:32.452+0000] {logging_mixin.py:137} INFO - [2022-11-30T15:48:32.452+0000] {manager.py:507} INFO - Created Permission View: can read on DAG:example_short_circuit_decorator
[2022-11-30T15:48:32.577+0000] {logging_mixin.py:137} INFO - [2022-11-30T15:48:32.576+0000] {manager.py:507} INFO - Created Permission View: can delete on DAG:example_short_circuit_decorator
[2022-11-30T15:48:32.577+0000] {logging_mixin.py:137} INFO - [2022-11-30T15:48:32.577+0000] {dag.py:2585} INFO - Sync 1 DAGs
[2022-11-30T15:48:32.590+0000] {logging_mixin.py:137} INFO - [2022-11-30T15:48:32.590+0000] {dag.py:2606} INFO - Creating ORM DAG for example_short_circuit_decorator
[2022-11-30T15:48:32.601+0000] {logging_mixin.py:137} INFO - [2022-11-30T15:48:32.600+0000] {dag.py:3340} INFO - Setting next_dagrun for example_short_circuit_decorator to 2022-11-29T15:48:32.600785+00:00, run_after=2022-11-30T15:48:32.600785+00:00
[2022-11-30T15:48:32.644+0000] {processor.py:176} INFO - Processing /home/airflow/.local/lib/python3.7/site-packages/airflow/example_dags/example_short_circuit_decorator.py took 0.599 seconds
[2022-11-30T15:49:03.313+0000] {processor.py:154} INFO - Started process (PID=118) to work on /home/airflow/.local/lib/python3.7/site-packages/airflow/example_dags/example_short_circuit_decorator.py
[2022-11-30T15:49:03.314+0000] {processor.py:756} INFO - Processing file /home/airflow/.local/lib/python3.7/site-packages/airflow/example_dags/example_short_circuit_decorator.py for tasks to queue
[2022-11-30T15:49:03.314+0000] {logging_mixin.py:137} INFO - [2022-11-30T15:49:03.314+0000] {dagbag.py:537} INFO - Filling up the DagBag from /home/airflow/.local/lib/python3.7/site-packages/airflow/example_dags/example_short_circuit_decorator.py
[2022-11-30T15:49:03.335+0000] {processor.py:766} INFO - DAG(s) dict_keys(['example_short_circuit_decorator']) retrieved from /home/airflow/.local/lib/python3.7/site-packages/airflow/example_dags/example_short_circuit_decorator.py
[2022-11-30T15:49:03.371+0000] {logging_mixin.py:137} INFO - [2022-11-30T15:49:03.371+0000] {dag.py:2585} INFO - Sync 1 DAGs
[2022-11-30T15:49:03.393+0000] {logging_mixin.py:137} INFO - [2022-11-30T15:49:03.393+0000] {dag.py:3340} INFO - Setting next_dagrun for example_short_circuit_decorator to 2022-11-29T15:49:03.393590+00:00, run_after=2022-11-30T15:49:03.393590+00:00
[2022-11-30T15:49:03.492+0000] {processor.py:176} INFO - Processing /home/airflow/.local/lib/python3.7/site-packages/airflow/example_dags/example_short_circuit_decorator.py took 0.180 seconds
[2022-11-30T15:49:34.379+0000] {processor.py:154} INFO - Started process (PID=182) to work on /home/airflow/.local/lib/python3.7/site-packages/airflow/example_dags/example_short_circuit_decorator.py
[2022-11-30T15:49:34.379+0000] {processor.py:756} INFO - Processing file /home/airflow/.local/lib/python3.7/site-packages/airflow/example_dags/example_short_circuit_decorator.py for tasks to queue
[2022-11-30T15:49:34.380+0000] {logging_mixin.py:137} INFO - [2022-11-30T15:49:34.380+0000] {dagbag.py:537} INFO - Filling up the DagBag from /home/airflow/.local/lib/python3.7/site-packages/airflow/example_dags/example_short_circuit_decorator.py
[2022-11-30T15:49:34.402+0000] {processor.py:766} INFO - DAG(s) dict_keys(['example_short_circuit_decorator']) retrieved from /home/airflow/.local/lib/python3.7/site-packages/airflow/example_dags/example_short_circuit_decorator.py
[2022-11-30T15:49:34.435+0000] {logging_mixin.py:137} INFO - [2022-11-30T15:49:34.435+0000] {dag.py:2585} INFO - Sync 1 DAGs
[2022-11-30T15:49:34.455+0000] {logging_mixin.py:137} INFO - [2022-11-30T15:49:34.455+0000] {dag.py:3340} INFO - Setting next_dagrun for example_short_circuit_decorator to 2022-11-29T15:49:34.454888+00:00, run_after=2022-11-30T15:49:34.454888+00:00
[2022-11-30T15:49:34.618+0000] {processor.py:176} INFO - Processing /home/airflow/.local/lib/python3.7/site-packages/airflow/example_dags/example_short_circuit_decorator.py took 0.241 seconds
[2022-11-30T15:50:04.979+0000] {processor.py:154} INFO - Started process (PID=245) to work on /home/airflow/.local/lib/python3.7/site-packages/airflow/example_dags/example_short_circuit_decorator.py
[2022-11-30T15:50:04.980+0000] {processor.py:756} INFO - Processing file /home/airflow/.local/lib/python3.7/site-packages/airflow/example_dags/example_short_circuit_decorator.py for tasks to queue
[2022-11-30T15:50:04.981+0000] {logging_mixin.py:137} INFO - [2022-11-30T15:50:04.980+0000] {dagbag.py:537} INFO - Filling up the DagBag from /home/airflow/.local/lib/python3.7/site-packages/airflow/example_dags/example_short_circuit_decorator.py
[2022-11-30T15:50:04.999+0000] {processor.py:766} INFO - DAG(s) dict_keys(['example_short_circuit_decorator']) retrieved from /home/airflow/.local/lib/python3.7/site-packages/airflow/example_dags/example_short_circuit_decorator.py
[2022-11-30T15:50:05.030+0000] {logging_mixin.py:137} INFO - [2022-11-30T15:50:05.030+0000] {dag.py:2585} INFO - Sync 1 DAGs
[2022-11-30T15:50:05.050+0000] {logging_mixin.py:137} INFO - [2022-11-30T15:50:05.050+0000] {dag.py:3340} INFO - Setting next_dagrun for example_short_circuit_decorator to 2022-11-29T15:50:05.050143+00:00, run_after=2022-11-30T15:50:05.050143+00:00
[2022-11-30T15:50:05.121+0000] {processor.py:176} INFO - Processing /home/airflow/.local/lib/python3.7/site-packages/airflow/example_dags/example_short_circuit_decorator.py took 0.144 seconds
[2022-11-30T15:50:35.394+0000] {processor.py:154} INFO - Started process (PID=308) to work on /home/airflow/.local/lib/python3.7/site-packages/airflow/example_dags/example_short_circuit_decorator.py
[2022-11-30T15:50:35.394+0000] {processor.py:756} INFO - Processing file /home/airflow/.local/lib/python3.7/site-packages/airflow/example_dags/example_short_circuit_decorator.py for tasks to queue
[2022-11-30T15:50:35.395+0000] {logging_mixin.py:137} INFO - [2022-11-30T15:50:35.395+0000] {dagbag.py:537} INFO - Filling up the DagBag from /home/airflow/.local/lib/python3.7/site-packages/airflow/example_dags/example_short_circuit_decorator.py
[2022-11-30T15:50:35.411+0000] {processor.py:766} INFO - DAG(s) dict_keys(['example_short_circuit_decorator']) retrieved from /home/airflow/.local/lib/python3.7/site-packages/airflow/example_dags/example_short_circuit_decorator.py
[2022-11-30T15:50:35.439+0000] {logging_mixin.py:137} INFO - [2022-11-30T15:50:35.439+0000] {dag.py:2585} INFO - Sync 1 DAGs
[2022-11-30T15:50:35.457+0000] {logging_mixin.py:137} INFO - [2022-11-30T15:50:35.457+0000] {dag.py:3340} INFO - Setting next_dagrun for example_short_circuit_decorator to 2022-11-29T15:50:35.457309+00:00, run_after=2022-11-30T15:50:35.457309+00:00
[2022-11-30T15:50:35.522+0000] {processor.py:176} INFO - Processing /home/airflow/.local/lib/python3.7/site-packages/airflow/example_dags/example_short_circuit_decorator.py took 0.130 seconds
[2022-11-30T15:51:05.982+0000] {processor.py:154} INFO - Started process (PID=362) to work on /home/airflow/.local/lib/python3.7/site-packages/airflow/example_dags/example_short_circuit_decorator.py
[2022-11-30T15:51:05.983+0000] {processor.py:756} INFO - Processing file /home/airflow/.local/lib/python3.7/site-packages/airflow/example_dags/example_short_circuit_decorator.py for tasks to queue
[2022-11-30T15:51:05.984+0000] {logging_mixin.py:137} INFO - [2022-11-30T15:51:05.983+0000] {dagbag.py:537} INFO - Filling up the DagBag from /home/airflow/.local/lib/python3.7/site-packages/airflow/example_dags/example_short_circuit_decorator.py
[2022-11-30T15:51:06.000+0000] {processor.py:766} INFO - DAG(s) dict_keys(['example_short_circuit_decorator']) retrieved from /home/airflow/.local/lib/python3.7/site-packages/airflow/example_dags/example_short_circuit_decorator.py
[2022-11-30T15:51:06.028+0000] {logging_mixin.py:137} INFO - [2022-11-30T15:51:06.028+0000] {dag.py:2585} INFO - Sync 1 DAGs
[2022-11-30T15:51:06.048+0000] {logging_mixin.py:137} INFO - [2022-11-30T15:51:06.048+0000] {dag.py:3340} INFO - Setting next_dagrun for example_short_circuit_decorator to 2022-11-29T15:51:06.048079+00:00, run_after=2022-11-30T15:51:06.048079+00:00
[2022-11-30T15:51:06.114+0000] {processor.py:176} INFO - Processing /home/airflow/.local/lib/python3.7/site-packages/airflow/example_dags/example_short_circuit_decorator.py took 0.133 seconds
[2022-11-30T15:51:36.654+0000] {processor.py:154} INFO - Started process (PID=426) to work on /home/airflow/.local/lib/python3.7/site-packages/airflow/example_dags/example_short_circuit_decorator.py
[2022-11-30T15:51:36.654+0000] {processor.py:756} INFO - Processing file /home/airflow/.local/lib/python3.7/site-packages/airflow/example_dags/example_short_circuit_decorator.py for tasks to queue
[2022-11-30T15:51:36.655+0000] {logging_mixin.py:137} INFO - [2022-11-30T15:51:36.655+0000] {dagbag.py:537} INFO - Filling up the DagBag from /home/airflow/.local/lib/python3.7/site-packages/airflow/example_dags/example_short_circuit_decorator.py
[2022-11-30T15:51:36.676+0000] {processor.py:766} INFO - DAG(s) dict_keys(['example_short_circuit_decorator']) retrieved from /home/airflow/.local/lib/python3.7/site-packages/airflow/example_dags/example_short_circuit_decorator.py
[2022-11-30T15:51:36.708+0000] {logging_mixin.py:137} INFO - [2022-11-30T15:51:36.708+0000] {dag.py:2585} INFO - Sync 1 DAGs
[2022-11-30T15:51:36.732+0000] {logging_mixin.py:137} INFO - [2022-11-30T15:51:36.732+0000] {dag.py:3340} INFO - Setting next_dagrun for example_short_circuit_decorator to 2022-11-29T15:51:36.732489+00:00, run_after=2022-11-30T15:51:36.732489+00:00
[2022-11-30T15:51:36.795+0000] {processor.py:176} INFO - Processing /home/airflow/.local/lib/python3.7/site-packages/airflow/example_dags/example_short_circuit_decorator.py took 0.143 seconds
[2022-11-30T15:52:07.290+0000] {processor.py:154} INFO - Started process (PID=489) to work on /home/airflow/.local/lib/python3.7/site-packages/airflow/example_dags/example_short_circuit_decorator.py
[2022-11-30T15:52:07.290+0000] {processor.py:756} INFO - Processing file /home/airflow/.local/lib/python3.7/site-packages/airflow/example_dags/example_short_circuit_decorator.py for tasks to queue
[2022-11-30T15:52:07.291+0000] {logging_mixin.py:137} INFO - [2022-11-30T15:52:07.291+0000] {dagbag.py:537} INFO - Filling up the DagBag from /home/airflow/.local/lib/python3.7/site-packages/airflow/example_dags/example_short_circuit_decorator.py
[2022-11-30T15:52:07.311+0000] {processor.py:766} INFO - DAG(s) dict_keys(['example_short_circuit_decorator']) retrieved from /home/airflow/.local/lib/python3.7/site-packages/airflow/example_dags/example_short_circuit_decorator.py
[2022-11-30T15:52:07.344+0000] {logging_mixin.py:137} INFO - [2022-11-30T15:52:07.344+0000] {dag.py:2585} INFO - Sync 1 DAGs
[2022-11-30T15:52:07.363+0000] {logging_mixin.py:137} INFO - [2022-11-30T15:52:07.362+0000] {dag.py:3340} INFO - Setting next_dagrun for example_short_circuit_decorator to 2022-11-29T15:52:07.362666+00:00, run_after=2022-11-30T15:52:07.362666+00:00
[2022-11-30T15:52:07.434+0000] {processor.py:176} INFO - Processing /home/airflow/.local/lib/python3.7/site-packages/airflow/example_dags/example_short_circuit_decorator.py took 0.146 seconds
[2022-11-30T15:52:37.720+0000] {processor.py:154} INFO - Started process (PID=552) to work on /home/airflow/.local/lib/python3.7/site-packages/airflow/example_dags/example_short_circuit_decorator.py
[2022-11-30T15:52:37.721+0000] {processor.py:756} INFO - Processing file /home/airflow/.local/lib/python3.7/site-packages/airflow/example_dags/example_short_circuit_decorator.py for tasks to queue
[2022-11-30T15:52:37.722+0000] {logging_mixin.py:137} INFO - [2022-11-30T15:52:37.721+0000] {dagbag.py:537} INFO - Filling up the DagBag from /home/airflow/.local/lib/python3.7/site-packages/airflow/example_dags/example_short_circuit_decorator.py
[2022-11-30T15:52:37.738+0000] {processor.py:766} INFO - DAG(s) dict_keys(['example_short_circuit_decorator']) retrieved from /home/airflow/.local/lib/python3.7/site-packages/airflow/example_dags/example_short_circuit_decorator.py
[2022-11-30T15:52:37.769+0000] {logging_mixin.py:137} INFO - [2022-11-30T15:52:37.769+0000] {dag.py:2585} INFO - Sync 1 DAGs
[2022-11-30T15:52:37.788+0000] {logging_mixin.py:137} INFO - [2022-11-30T15:52:37.788+0000] {dag.py:3340} INFO - Setting next_dagrun for example_short_circuit_decorator to 2022-11-29T15:52:37.787867+00:00, run_after=2022-11-30T15:52:37.787867+00:00
[2022-11-30T15:52:37.886+0000] {processor.py:176} INFO - Processing /home/airflow/.local/lib/python3.7/site-packages/airflow/example_dags/example_short_circuit_decorator.py took 0.167 seconds
[2022-11-30T15:53:08.264+0000] {processor.py:154} INFO - Started process (PID=606) to work on /home/airflow/.local/lib/python3.7/site-packages/airflow/example_dags/example_short_circuit_decorator.py
[2022-11-30T15:53:08.265+0000] {processor.py:756} INFO - Processing file /home/airflow/.local/lib/python3.7/site-packages/airflow/example_dags/example_short_circuit_decorator.py for tasks to queue
[2022-11-30T15:53:08.265+0000] {logging_mixin.py:137} INFO - [2022-11-30T15:53:08.265+0000] {dagbag.py:537} INFO - Filling up the DagBag from /home/airflow/.local/lib/python3.7/site-packages/airflow/example_dags/example_short_circuit_decorator.py
[2022-11-30T15:53:08.282+0000] {processor.py:766} INFO - DAG(s) dict_keys(['example_short_circuit_decorator']) retrieved from /home/airflow/.local/lib/python3.7/site-packages/airflow/example_dags/example_short_circuit_decorator.py
[2022-11-30T15:53:08.311+0000] {logging_mixin.py:137} INFO - [2022-11-30T15:53:08.311+0000] {dag.py:2585} INFO - Sync 1 DAGs
[2022-11-30T15:53:08.330+0000] {logging_mixin.py:137} INFO - [2022-11-30T15:53:08.329+0000] {dag.py:3340} INFO - Setting next_dagrun for example_short_circuit_decorator to 2022-11-29T15:53:08.329004+00:00, run_after=2022-11-30T15:53:08.329004+00:00
[2022-11-30T15:53:08.401+0000] {processor.py:176} INFO - Processing /home/airflow/.local/lib/python3.7/site-packages/airflow/example_dags/example_short_circuit_decorator.py took 0.138 seconds
[2022-11-30T15:53:38.826+0000] {processor.py:154} INFO - Started process (PID=669) to work on /home/airflow/.local/lib/python3.7/site-packages/airflow/example_dags/example_short_circuit_decorator.py
[2022-11-30T15:53:38.827+0000] {processor.py:756} INFO - Processing file /home/airflow/.local/lib/python3.7/site-packages/airflow/example_dags/example_short_circuit_decorator.py for tasks to queue
[2022-11-30T15:53:38.828+0000] {logging_mixin.py:137} INFO - [2022-11-30T15:53:38.827+0000] {dagbag.py:537} INFO - Filling up the DagBag from /home/airflow/.local/lib/python3.7/site-packages/airflow/example_dags/example_short_circuit_decorator.py
[2022-11-30T15:53:38.848+0000] {processor.py:766} INFO - DAG(s) dict_keys(['example_short_circuit_decorator']) retrieved from /home/airflow/.local/lib/python3.7/site-packages/airflow/example_dags/example_short_circuit_decorator.py
[2022-11-30T15:53:38.875+0000] {logging_mixin.py:137} INFO - [2022-11-30T15:53:38.875+0000] {dag.py:2585} INFO - Sync 1 DAGs
[2022-11-30T15:53:38.893+0000] {logging_mixin.py:137} INFO - [2022-11-30T15:53:38.893+0000] {dag.py:3340} INFO - Setting next_dagrun for example_short_circuit_decorator to 2022-11-29T15:53:38.893500+00:00, run_after=2022-11-30T15:53:38.893500+00:00
[2022-11-30T15:53:38.995+0000] {processor.py:176} INFO - Processing /home/airflow/.local/lib/python3.7/site-packages/airflow/example_dags/example_short_circuit_decorator.py took 0.171 seconds
[2022-11-30T15:54:09.362+0000] {processor.py:154} INFO - Started process (PID=732) to work on /home/airflow/.local/lib/python3.7/site-packages/airflow/example_dags/example_short_circuit_decorator.py
[2022-11-30T15:54:09.362+0000] {processor.py:756} INFO - Processing file /home/airflow/.local/lib/python3.7/site-packages/airflow/example_dags/example_short_circuit_decorator.py for tasks to queue
[2022-11-30T15:54:09.363+0000] {logging_mixin.py:137} INFO - [2022-11-30T15:54:09.363+0000] {dagbag.py:537} INFO - Filling up the DagBag from /home/airflow/.local/lib/python3.7/site-packages/airflow/example_dags/example_short_circuit_decorator.py
[2022-11-30T15:54:09.379+0000] {processor.py:766} INFO - DAG(s) dict_keys(['example_short_circuit_decorator']) retrieved from /home/airflow/.local/lib/python3.7/site-packages/airflow/example_dags/example_short_circuit_decorator.py
[2022-11-30T15:54:09.407+0000] {logging_mixin.py:137} INFO - [2022-11-30T15:54:09.407+0000] {dag.py:2585} INFO - Sync 1 DAGs
[2022-11-30T15:54:09.426+0000] {logging_mixin.py:137} INFO - [2022-11-30T15:54:09.425+0000] {dag.py:3340} INFO - Setting next_dagrun for example_short_circuit_decorator to 2022-11-29T15:54:09.425765+00:00, run_after=2022-11-30T15:54:09.425765+00:00
[2022-11-30T15:54:09.504+0000] {processor.py:176} INFO - Processing /home/airflow/.local/lib/python3.7/site-packages/airflow/example_dags/example_short_circuit_decorator.py took 0.143 seconds
[2022-11-30T15:54:39.848+0000] {processor.py:154} INFO - Started process (PID=786) to work on /home/airflow/.local/lib/python3.7/site-packages/airflow/example_dags/example_short_circuit_decorator.py
[2022-11-30T15:54:39.848+0000] {processor.py:756} INFO - Processing file /home/airflow/.local/lib/python3.7/site-packages/airflow/example_dags/example_short_circuit_decorator.py for tasks to queue
[2022-11-30T15:54:39.849+0000] {logging_mixin.py:137} INFO - [2022-11-30T15:54:39.849+0000] {dagbag.py:537} INFO - Filling up the DagBag from /home/airflow/.local/lib/python3.7/site-packages/airflow/example_dags/example_short_circuit_decorator.py
[2022-11-30T15:54:39.866+0000] {processor.py:766} INFO - DAG(s) dict_keys(['example_short_circuit_decorator']) retrieved from /home/airflow/.local/lib/python3.7/site-packages/airflow/example_dags/example_short_circuit_decorator.py
[2022-11-30T15:54:39.896+0000] {logging_mixin.py:137} INFO - [2022-11-30T15:54:39.895+0000] {dag.py:2585} INFO - Sync 1 DAGs
[2022-11-30T15:54:39.918+0000] {logging_mixin.py:137} INFO - [2022-11-30T15:54:39.918+0000] {dag.py:3340} INFO - Setting next_dagrun for example_short_circuit_decorator to 2022-11-29T15:54:39.917942+00:00, run_after=2022-11-30T15:54:39.917942+00:00
[2022-11-30T15:54:39.986+0000] {processor.py:176} INFO - Processing /home/airflow/.local/lib/python3.7/site-packages/airflow/example_dags/example_short_circuit_decorator.py took 0.140 seconds
[2022-11-30T15:55:10.405+0000] {processor.py:154} INFO - Started process (PID=849) to work on /home/airflow/.local/lib/python3.7/site-packages/airflow/example_dags/example_short_circuit_decorator.py
[2022-11-30T15:55:10.406+0000] {processor.py:756} INFO - Processing file /home/airflow/.local/lib/python3.7/site-packages/airflow/example_dags/example_short_circuit_decorator.py for tasks to queue
[2022-11-30T15:55:10.407+0000] {logging_mixin.py:137} INFO - [2022-11-30T15:55:10.406+0000] {dagbag.py:537} INFO - Filling up the DagBag from /home/airflow/.local/lib/python3.7/site-packages/airflow/example_dags/example_short_circuit_decorator.py
[2022-11-30T15:55:10.426+0000] {processor.py:766} INFO - DAG(s) dict_keys(['example_short_circuit_decorator']) retrieved from /home/airflow/.local/lib/python3.7/site-packages/airflow/example_dags/example_short_circuit_decorator.py
[2022-11-30T15:55:10.454+0000] {logging_mixin.py:137} INFO - [2022-11-30T15:55:10.454+0000] {dag.py:2585} INFO - Sync 1 DAGs
[2022-11-30T15:55:10.474+0000] {logging_mixin.py:137} INFO - [2022-11-30T15:55:10.474+0000] {dag.py:3340} INFO - Setting next_dagrun for example_short_circuit_decorator to 2022-11-29T15:55:10.473973+00:00, run_after=2022-11-30T15:55:10.473973+00:00
[2022-11-30T15:55:10.539+0000] {processor.py:176} INFO - Processing /home/airflow/.local/lib/python3.7/site-packages/airflow/example_dags/example_short_circuit_decorator.py took 0.136 seconds
