[2022-11-30T15:48:33.540+0000] {processor.py:154} INFO - Started process (PID=69) to work on /home/airflow/.local/lib/python3.7/site-packages/airflow/example_dags/example_sla_dag.py
[2022-11-30T15:48:33.540+0000] {processor.py:756} INFO - Processing file /home/airflow/.local/lib/python3.7/site-packages/airflow/example_dags/example_sla_dag.py for tasks to queue
[2022-11-30T15:48:33.541+0000] {logging_mixin.py:137} INFO - [2022-11-30T15:48:33.541+0000] {dagbag.py:537} INFO - Filling up the DagBag from /home/airflow/.local/lib/python3.7/site-packages/airflow/example_dags/example_sla_dag.py
[2022-11-30T15:48:33.559+0000] {processor.py:766} INFO - DAG(s) dict_keys(['example_sla_dag']) retrieved from /home/airflow/.local/lib/python3.7/site-packages/airflow/example_dags/example_sla_dag.py
[2022-11-30T15:48:33.765+0000] {logging_mixin.py:137} INFO - [2022-11-30T15:48:33.765+0000] {manager.py:507} INFO - Created Permission View: can edit on DAG:example_sla_dag
[2022-11-30T15:48:33.887+0000] {logging_mixin.py:137} INFO - [2022-11-30T15:48:33.887+0000] {manager.py:507} INFO - Created Permission View: can read on DAG:example_sla_dag
[2022-11-30T15:48:34.002+0000] {logging_mixin.py:137} INFO - [2022-11-30T15:48:34.001+0000] {manager.py:507} INFO - Created Permission View: can delete on DAG:example_sla_dag
[2022-11-30T15:48:34.002+0000] {logging_mixin.py:137} INFO - [2022-11-30T15:48:34.002+0000] {dag.py:2585} INFO - Sync 1 DAGs
[2022-11-30T15:48:34.013+0000] {logging_mixin.py:137} INFO - [2022-11-30T15:48:34.013+0000] {dag.py:2606} INFO - Creating ORM DAG for example_sla_dag
[2022-11-30T15:48:34.027+0000] {logging_mixin.py:137} INFO - [2022-11-30T15:48:34.026+0000] {dag.py:3340} INFO - Setting next_dagrun for example_sla_dag to 2022-11-30T15:46:00+00:00, run_after=2022-11-30T15:48:00+00:00
[2022-11-30T15:48:34.084+0000] {processor.py:176} INFO - Processing /home/airflow/.local/lib/python3.7/site-packages/airflow/example_dags/example_sla_dag.py took 0.546 seconds
[2022-11-30T15:49:04.731+0000] {processor.py:154} INFO - Started process (PID=132) to work on /home/airflow/.local/lib/python3.7/site-packages/airflow/example_dags/example_sla_dag.py
[2022-11-30T15:49:04.732+0000] {processor.py:756} INFO - Processing file /home/airflow/.local/lib/python3.7/site-packages/airflow/example_dags/example_sla_dag.py for tasks to queue
[2022-11-30T15:49:04.733+0000] {logging_mixin.py:137} INFO - [2022-11-30T15:49:04.732+0000] {dagbag.py:537} INFO - Filling up the DagBag from /home/airflow/.local/lib/python3.7/site-packages/airflow/example_dags/example_sla_dag.py
[2022-11-30T15:49:04.749+0000] {processor.py:766} INFO - DAG(s) dict_keys(['example_sla_dag']) retrieved from /home/airflow/.local/lib/python3.7/site-packages/airflow/example_dags/example_sla_dag.py
[2022-11-30T15:49:04.775+0000] {logging_mixin.py:137} INFO - [2022-11-30T15:49:04.775+0000] {dag.py:2585} INFO - Sync 1 DAGs
[2022-11-30T15:49:04.799+0000] {logging_mixin.py:137} INFO - [2022-11-30T15:49:04.798+0000] {dag.py:3340} INFO - Setting next_dagrun for example_sla_dag to 2022-11-30T15:46:00+00:00, run_after=2022-11-30T15:48:00+00:00
[2022-11-30T15:49:04.858+0000] {processor.py:176} INFO - Processing /home/airflow/.local/lib/python3.7/site-packages/airflow/example_dags/example_sla_dag.py took 0.128 seconds
[2022-11-30T15:49:34.910+0000] {processor.py:154} INFO - Started process (PID=187) to work on /home/airflow/.local/lib/python3.7/site-packages/airflow/example_dags/example_sla_dag.py
[2022-11-30T15:49:34.910+0000] {processor.py:756} INFO - Processing file /home/airflow/.local/lib/python3.7/site-packages/airflow/example_dags/example_sla_dag.py for tasks to queue
[2022-11-30T15:49:34.911+0000] {logging_mixin.py:137} INFO - [2022-11-30T15:49:34.911+0000] {dagbag.py:537} INFO - Filling up the DagBag from /home/airflow/.local/lib/python3.7/site-packages/airflow/example_dags/example_sla_dag.py
[2022-11-30T15:49:34.928+0000] {processor.py:766} INFO - DAG(s) dict_keys(['example_sla_dag']) retrieved from /home/airflow/.local/lib/python3.7/site-packages/airflow/example_dags/example_sla_dag.py
[2022-11-30T15:49:34.957+0000] {logging_mixin.py:137} INFO - [2022-11-30T15:49:34.957+0000] {dag.py:2585} INFO - Sync 1 DAGs
[2022-11-30T15:49:34.983+0000] {logging_mixin.py:137} INFO - [2022-11-30T15:49:34.983+0000] {dag.py:3340} INFO - Setting next_dagrun for example_sla_dag to 2022-11-30T15:46:00+00:00, run_after=2022-11-30T15:48:00+00:00
[2022-11-30T15:49:35.048+0000] {processor.py:176} INFO - Processing /home/airflow/.local/lib/python3.7/site-packages/airflow/example_dags/example_sla_dag.py took 0.140 seconds
[2022-11-30T15:50:05.363+0000] {processor.py:154} INFO - Started process (PID=250) to work on /home/airflow/.local/lib/python3.7/site-packages/airflow/example_dags/example_sla_dag.py
[2022-11-30T15:50:05.364+0000] {processor.py:756} INFO - Processing file /home/airflow/.local/lib/python3.7/site-packages/airflow/example_dags/example_sla_dag.py for tasks to queue
[2022-11-30T15:50:05.364+0000] {logging_mixin.py:137} INFO - [2022-11-30T15:50:05.364+0000] {dagbag.py:537} INFO - Filling up the DagBag from /home/airflow/.local/lib/python3.7/site-packages/airflow/example_dags/example_sla_dag.py
[2022-11-30T15:50:05.381+0000] {processor.py:766} INFO - DAG(s) dict_keys(['example_sla_dag']) retrieved from /home/airflow/.local/lib/python3.7/site-packages/airflow/example_dags/example_sla_dag.py
[2022-11-30T15:50:05.409+0000] {logging_mixin.py:137} INFO - [2022-11-30T15:50:05.409+0000] {dag.py:2585} INFO - Sync 1 DAGs
[2022-11-30T15:50:05.432+0000] {logging_mixin.py:137} INFO - [2022-11-30T15:50:05.432+0000] {dag.py:3340} INFO - Setting next_dagrun for example_sla_dag to 2022-11-30T15:48:00+00:00, run_after=2022-11-30T15:50:00+00:00
[2022-11-30T15:50:05.473+0000] {processor.py:176} INFO - Processing /home/airflow/.local/lib/python3.7/site-packages/airflow/example_dags/example_sla_dag.py took 0.112 seconds
[2022-11-30T15:50:35.924+0000] {processor.py:154} INFO - Started process (PID=313) to work on /home/airflow/.local/lib/python3.7/site-packages/airflow/example_dags/example_sla_dag.py
[2022-11-30T15:50:35.925+0000] {processor.py:756} INFO - Processing file /home/airflow/.local/lib/python3.7/site-packages/airflow/example_dags/example_sla_dag.py for tasks to queue
[2022-11-30T15:50:35.925+0000] {logging_mixin.py:137} INFO - [2022-11-30T15:50:35.925+0000] {dagbag.py:537} INFO - Filling up the DagBag from /home/airflow/.local/lib/python3.7/site-packages/airflow/example_dags/example_sla_dag.py
[2022-11-30T15:50:35.941+0000] {processor.py:766} INFO - DAG(s) dict_keys(['example_sla_dag']) retrieved from /home/airflow/.local/lib/python3.7/site-packages/airflow/example_dags/example_sla_dag.py
[2022-11-30T15:50:35.970+0000] {logging_mixin.py:137} INFO - [2022-11-30T15:50:35.970+0000] {dag.py:2585} INFO - Sync 1 DAGs
[2022-11-30T15:50:35.994+0000] {logging_mixin.py:137} INFO - [2022-11-30T15:50:35.993+0000] {dag.py:3340} INFO - Setting next_dagrun for example_sla_dag to 2022-11-30T15:48:00+00:00, run_after=2022-11-30T15:50:00+00:00
[2022-11-30T15:50:36.046+0000] {processor.py:176} INFO - Processing /home/airflow/.local/lib/python3.7/site-packages/airflow/example_dags/example_sla_dag.py took 0.124 seconds
[2022-11-30T15:51:06.340+0000] {processor.py:154} INFO - Started process (PID=367) to work on /home/airflow/.local/lib/python3.7/site-packages/airflow/example_dags/example_sla_dag.py
[2022-11-30T15:51:06.341+0000] {processor.py:756} INFO - Processing file /home/airflow/.local/lib/python3.7/site-packages/airflow/example_dags/example_sla_dag.py for tasks to queue
[2022-11-30T15:51:06.341+0000] {logging_mixin.py:137} INFO - [2022-11-30T15:51:06.341+0000] {dagbag.py:537} INFO - Filling up the DagBag from /home/airflow/.local/lib/python3.7/site-packages/airflow/example_dags/example_sla_dag.py
[2022-11-30T15:51:06.356+0000] {processor.py:766} INFO - DAG(s) dict_keys(['example_sla_dag']) retrieved from /home/airflow/.local/lib/python3.7/site-packages/airflow/example_dags/example_sla_dag.py
[2022-11-30T15:51:06.382+0000] {logging_mixin.py:137} INFO - [2022-11-30T15:51:06.382+0000] {dag.py:2585} INFO - Sync 1 DAGs
[2022-11-30T15:51:06.407+0000] {logging_mixin.py:137} INFO - [2022-11-30T15:51:06.407+0000] {dag.py:3340} INFO - Setting next_dagrun for example_sla_dag to 2022-11-30T15:48:00+00:00, run_after=2022-11-30T15:50:00+00:00
[2022-11-30T15:51:06.451+0000] {processor.py:176} INFO - Processing /home/airflow/.local/lib/python3.7/site-packages/airflow/example_dags/example_sla_dag.py took 0.112 seconds
[2022-11-30T15:51:37.224+0000] {processor.py:154} INFO - Started process (PID=431) to work on /home/airflow/.local/lib/python3.7/site-packages/airflow/example_dags/example_sla_dag.py
[2022-11-30T15:51:37.225+0000] {processor.py:756} INFO - Processing file /home/airflow/.local/lib/python3.7/site-packages/airflow/example_dags/example_sla_dag.py for tasks to queue
[2022-11-30T15:51:37.225+0000] {logging_mixin.py:137} INFO - [2022-11-30T15:51:37.225+0000] {dagbag.py:537} INFO - Filling up the DagBag from /home/airflow/.local/lib/python3.7/site-packages/airflow/example_dags/example_sla_dag.py
[2022-11-30T15:51:37.241+0000] {processor.py:766} INFO - DAG(s) dict_keys(['example_sla_dag']) retrieved from /home/airflow/.local/lib/python3.7/site-packages/airflow/example_dags/example_sla_dag.py
[2022-11-30T15:51:37.270+0000] {logging_mixin.py:137} INFO - [2022-11-30T15:51:37.270+0000] {dag.py:2585} INFO - Sync 1 DAGs
[2022-11-30T15:51:37.293+0000] {logging_mixin.py:137} INFO - [2022-11-30T15:51:37.293+0000] {dag.py:3340} INFO - Setting next_dagrun for example_sla_dag to 2022-11-30T15:48:00+00:00, run_after=2022-11-30T15:50:00+00:00
[2022-11-30T15:51:37.397+0000] {processor.py:176} INFO - Processing /home/airflow/.local/lib/python3.7/site-packages/airflow/example_dags/example_sla_dag.py took 0.174 seconds
[2022-11-30T15:52:07.669+0000] {processor.py:154} INFO - Started process (PID=494) to work on /home/airflow/.local/lib/python3.7/site-packages/airflow/example_dags/example_sla_dag.py
[2022-11-30T15:52:07.670+0000] {processor.py:756} INFO - Processing file /home/airflow/.local/lib/python3.7/site-packages/airflow/example_dags/example_sla_dag.py for tasks to queue
[2022-11-30T15:52:07.671+0000] {logging_mixin.py:137} INFO - [2022-11-30T15:52:07.670+0000] {dagbag.py:537} INFO - Filling up the DagBag from /home/airflow/.local/lib/python3.7/site-packages/airflow/example_dags/example_sla_dag.py
[2022-11-30T15:52:07.693+0000] {processor.py:766} INFO - DAG(s) dict_keys(['example_sla_dag']) retrieved from /home/airflow/.local/lib/python3.7/site-packages/airflow/example_dags/example_sla_dag.py
[2022-11-30T15:52:07.723+0000] {logging_mixin.py:137} INFO - [2022-11-30T15:52:07.723+0000] {dag.py:2585} INFO - Sync 1 DAGs
[2022-11-30T15:52:07.748+0000] {logging_mixin.py:137} INFO - [2022-11-30T15:52:07.748+0000] {dag.py:3340} INFO - Setting next_dagrun for example_sla_dag to 2022-11-30T15:50:00+00:00, run_after=2022-11-30T15:52:00+00:00
[2022-11-30T15:52:07.787+0000] {processor.py:176} INFO - Processing /home/airflow/.local/lib/python3.7/site-packages/airflow/example_dags/example_sla_dag.py took 0.119 seconds
[2022-11-30T15:52:38.152+0000] {processor.py:154} INFO - Started process (PID=557) to work on /home/airflow/.local/lib/python3.7/site-packages/airflow/example_dags/example_sla_dag.py
[2022-11-30T15:52:38.152+0000] {processor.py:756} INFO - Processing file /home/airflow/.local/lib/python3.7/site-packages/airflow/example_dags/example_sla_dag.py for tasks to queue
[2022-11-30T15:52:38.153+0000] {logging_mixin.py:137} INFO - [2022-11-30T15:52:38.153+0000] {dagbag.py:537} INFO - Filling up the DagBag from /home/airflow/.local/lib/python3.7/site-packages/airflow/example_dags/example_sla_dag.py
[2022-11-30T15:52:38.168+0000] {processor.py:766} INFO - DAG(s) dict_keys(['example_sla_dag']) retrieved from /home/airflow/.local/lib/python3.7/site-packages/airflow/example_dags/example_sla_dag.py
[2022-11-30T15:52:38.198+0000] {logging_mixin.py:137} INFO - [2022-11-30T15:52:38.198+0000] {dag.py:2585} INFO - Sync 1 DAGs
[2022-11-30T15:52:38.220+0000] {logging_mixin.py:137} INFO - [2022-11-30T15:52:38.220+0000] {dag.py:3340} INFO - Setting next_dagrun for example_sla_dag to 2022-11-30T15:50:00+00:00, run_after=2022-11-30T15:52:00+00:00
[2022-11-30T15:52:38.274+0000] {processor.py:176} INFO - Processing /home/airflow/.local/lib/python3.7/site-packages/airflow/example_dags/example_sla_dag.py took 0.124 seconds
[2022-11-30T15:53:08.617+0000] {processor.py:154} INFO - Started process (PID=611) to work on /home/airflow/.local/lib/python3.7/site-packages/airflow/example_dags/example_sla_dag.py
[2022-11-30T15:53:08.618+0000] {processor.py:756} INFO - Processing file /home/airflow/.local/lib/python3.7/site-packages/airflow/example_dags/example_sla_dag.py for tasks to queue
[2022-11-30T15:53:08.618+0000] {logging_mixin.py:137} INFO - [2022-11-30T15:53:08.618+0000] {dagbag.py:537} INFO - Filling up the DagBag from /home/airflow/.local/lib/python3.7/site-packages/airflow/example_dags/example_sla_dag.py
[2022-11-30T15:53:08.634+0000] {processor.py:766} INFO - DAG(s) dict_keys(['example_sla_dag']) retrieved from /home/airflow/.local/lib/python3.7/site-packages/airflow/example_dags/example_sla_dag.py
[2022-11-30T15:53:08.661+0000] {logging_mixin.py:137} INFO - [2022-11-30T15:53:08.661+0000] {dag.py:2585} INFO - Sync 1 DAGs
[2022-11-30T15:53:08.684+0000] {logging_mixin.py:137} INFO - [2022-11-30T15:53:08.684+0000] {dag.py:3340} INFO - Setting next_dagrun for example_sla_dag to 2022-11-30T15:50:00+00:00, run_after=2022-11-30T15:52:00+00:00
[2022-11-30T15:53:08.726+0000] {processor.py:176} INFO - Processing /home/airflow/.local/lib/python3.7/site-packages/airflow/example_dags/example_sla_dag.py took 0.110 seconds
[2022-11-30T15:53:39.263+0000] {processor.py:154} INFO - Started process (PID=674) to work on /home/airflow/.local/lib/python3.7/site-packages/airflow/example_dags/example_sla_dag.py
[2022-11-30T15:53:39.264+0000] {processor.py:756} INFO - Processing file /home/airflow/.local/lib/python3.7/site-packages/airflow/example_dags/example_sla_dag.py for tasks to queue
[2022-11-30T15:53:39.265+0000] {logging_mixin.py:137} INFO - [2022-11-30T15:53:39.265+0000] {dagbag.py:537} INFO - Filling up the DagBag from /home/airflow/.local/lib/python3.7/site-packages/airflow/example_dags/example_sla_dag.py
[2022-11-30T15:53:39.280+0000] {processor.py:766} INFO - DAG(s) dict_keys(['example_sla_dag']) retrieved from /home/airflow/.local/lib/python3.7/site-packages/airflow/example_dags/example_sla_dag.py
[2022-11-30T15:53:39.308+0000] {logging_mixin.py:137} INFO - [2022-11-30T15:53:39.308+0000] {dag.py:2585} INFO - Sync 1 DAGs
[2022-11-30T15:53:39.330+0000] {logging_mixin.py:137} INFO - [2022-11-30T15:53:39.330+0000] {dag.py:3340} INFO - Setting next_dagrun for example_sla_dag to 2022-11-30T15:50:00+00:00, run_after=2022-11-30T15:52:00+00:00
[2022-11-30T15:53:39.375+0000] {processor.py:176} INFO - Processing /home/airflow/.local/lib/python3.7/site-packages/airflow/example_dags/example_sla_dag.py took 0.113 seconds
[2022-11-30T15:54:09.737+0000] {processor.py:154} INFO - Started process (PID=737) to work on /home/airflow/.local/lib/python3.7/site-packages/airflow/example_dags/example_sla_dag.py
[2022-11-30T15:54:09.738+0000] {processor.py:756} INFO - Processing file /home/airflow/.local/lib/python3.7/site-packages/airflow/example_dags/example_sla_dag.py for tasks to queue
[2022-11-30T15:54:09.738+0000] {logging_mixin.py:137} INFO - [2022-11-30T15:54:09.738+0000] {dagbag.py:537} INFO - Filling up the DagBag from /home/airflow/.local/lib/python3.7/site-packages/airflow/example_dags/example_sla_dag.py
[2022-11-30T15:54:09.754+0000] {processor.py:766} INFO - DAG(s) dict_keys(['example_sla_dag']) retrieved from /home/airflow/.local/lib/python3.7/site-packages/airflow/example_dags/example_sla_dag.py
[2022-11-30T15:54:09.787+0000] {logging_mixin.py:137} INFO - [2022-11-30T15:54:09.787+0000] {dag.py:2585} INFO - Sync 1 DAGs
[2022-11-30T15:54:09.811+0000] {logging_mixin.py:137} INFO - [2022-11-30T15:54:09.810+0000] {dag.py:3340} INFO - Setting next_dagrun for example_sla_dag to 2022-11-30T15:52:00+00:00, run_after=2022-11-30T15:54:00+00:00
[2022-11-30T15:54:09.855+0000] {processor.py:176} INFO - Processing /home/airflow/.local/lib/python3.7/site-packages/airflow/example_dags/example_sla_dag.py took 0.120 seconds
[2022-11-30T15:54:40.199+0000] {processor.py:154} INFO - Started process (PID=791) to work on /home/airflow/.local/lib/python3.7/site-packages/airflow/example_dags/example_sla_dag.py
[2022-11-30T15:54:40.199+0000] {processor.py:756} INFO - Processing file /home/airflow/.local/lib/python3.7/site-packages/airflow/example_dags/example_sla_dag.py for tasks to queue
[2022-11-30T15:54:40.200+0000] {logging_mixin.py:137} INFO - [2022-11-30T15:54:40.200+0000] {dagbag.py:537} INFO - Filling up the DagBag from /home/airflow/.local/lib/python3.7/site-packages/airflow/example_dags/example_sla_dag.py
[2022-11-30T15:54:40.214+0000] {processor.py:766} INFO - DAG(s) dict_keys(['example_sla_dag']) retrieved from /home/airflow/.local/lib/python3.7/site-packages/airflow/example_dags/example_sla_dag.py
[2022-11-30T15:54:40.242+0000] {logging_mixin.py:137} INFO - [2022-11-30T15:54:40.242+0000] {dag.py:2585} INFO - Sync 1 DAGs
[2022-11-30T15:54:40.265+0000] {logging_mixin.py:137} INFO - [2022-11-30T15:54:40.265+0000] {dag.py:3340} INFO - Setting next_dagrun for example_sla_dag to 2022-11-30T15:52:00+00:00, run_after=2022-11-30T15:54:00+00:00
[2022-11-30T15:54:40.315+0000] {processor.py:176} INFO - Processing /home/airflow/.local/lib/python3.7/site-packages/airflow/example_dags/example_sla_dag.py took 0.118 seconds
[2022-11-30T15:55:10.771+0000] {processor.py:154} INFO - Started process (PID=854) to work on /home/airflow/.local/lib/python3.7/site-packages/airflow/example_dags/example_sla_dag.py
[2022-11-30T15:55:10.772+0000] {processor.py:756} INFO - Processing file /home/airflow/.local/lib/python3.7/site-packages/airflow/example_dags/example_sla_dag.py for tasks to queue
[2022-11-30T15:55:10.772+0000] {logging_mixin.py:137} INFO - [2022-11-30T15:55:10.772+0000] {dagbag.py:537} INFO - Filling up the DagBag from /home/airflow/.local/lib/python3.7/site-packages/airflow/example_dags/example_sla_dag.py
[2022-11-30T15:55:10.787+0000] {processor.py:766} INFO - DAG(s) dict_keys(['example_sla_dag']) retrieved from /home/airflow/.local/lib/python3.7/site-packages/airflow/example_dags/example_sla_dag.py
[2022-11-30T15:55:10.816+0000] {logging_mixin.py:137} INFO - [2022-11-30T15:55:10.816+0000] {dag.py:2585} INFO - Sync 1 DAGs
[2022-11-30T15:55:10.840+0000] {logging_mixin.py:137} INFO - [2022-11-30T15:55:10.840+0000] {dag.py:3340} INFO - Setting next_dagrun for example_sla_dag to 2022-11-30T15:52:00+00:00, run_after=2022-11-30T15:54:00+00:00
[2022-11-30T15:55:10.884+0000] {processor.py:176} INFO - Processing /home/airflow/.local/lib/python3.7/site-packages/airflow/example_dags/example_sla_dag.py took 0.115 seconds
