[2022-11-30T15:48:33.548+0000] {processor.py:154} INFO - Started process (PID=70) to work on /home/airflow/.local/lib/python3.7/site-packages/airflow/example_dags/example_branch_operator.py
[2022-11-30T15:48:33.548+0000] {processor.py:756} INFO - Processing file /home/airflow/.local/lib/python3.7/site-packages/airflow/example_dags/example_branch_operator.py for tasks to queue
[2022-11-30T15:48:33.549+0000] {logging_mixin.py:137} INFO - [2022-11-30T15:48:33.549+0000] {dagbag.py:537} INFO - Filling up the DagBag from /home/airflow/.local/lib/python3.7/site-packages/airflow/example_dags/example_branch_operator.py
[2022-11-30T15:48:33.607+0000] {processor.py:766} INFO - DAG(s) dict_keys(['example_branch_operator']) retrieved from /home/airflow/.local/lib/python3.7/site-packages/airflow/example_dags/example_branch_operator.py
[2022-11-30T15:48:33.954+0000] {logging_mixin.py:137} INFO - [2022-11-30T15:48:33.954+0000] {manager.py:507} INFO - Created Permission View: can edit on DAG:example_branch_operator
[2022-11-30T15:48:34.027+0000] {logging_mixin.py:137} INFO - [2022-11-30T15:48:34.027+0000] {manager.py:507} INFO - Created Permission View: can read on DAG:example_branch_operator
[2022-11-30T15:48:34.052+0000] {logging_mixin.py:137} INFO - [2022-11-30T15:48:34.051+0000] {manager.py:507} INFO - Created Permission View: can delete on DAG:example_branch_operator
[2022-11-30T15:48:34.052+0000] {logging_mixin.py:137} INFO - [2022-11-30T15:48:34.052+0000] {dag.py:2585} INFO - Sync 1 DAGs
[2022-11-30T15:48:34.063+0000] {logging_mixin.py:137} INFO - [2022-11-30T15:48:34.062+0000] {dag.py:2606} INFO - Creating ORM DAG for example_branch_operator
[2022-11-30T15:48:34.073+0000] {logging_mixin.py:137} INFO - [2022-11-30T15:48:34.073+0000] {dag.py:3340} INFO - Setting next_dagrun for example_branch_operator to 2022-11-29T00:00:00+00:00, run_after=2022-11-30T00:00:00+00:00
[2022-11-30T15:48:34.111+0000] {processor.py:176} INFO - Processing /home/airflow/.local/lib/python3.7/site-packages/airflow/example_dags/example_branch_operator.py took 0.565 seconds
[2022-11-30T15:49:04.732+0000] {processor.py:154} INFO - Started process (PID=133) to work on /home/airflow/.local/lib/python3.7/site-packages/airflow/example_dags/example_branch_operator.py
[2022-11-30T15:49:04.733+0000] {processor.py:756} INFO - Processing file /home/airflow/.local/lib/python3.7/site-packages/airflow/example_dags/example_branch_operator.py for tasks to queue
[2022-11-30T15:49:04.733+0000] {logging_mixin.py:137} INFO - [2022-11-30T15:49:04.733+0000] {dagbag.py:537} INFO - Filling up the DagBag from /home/airflow/.local/lib/python3.7/site-packages/airflow/example_dags/example_branch_operator.py
[2022-11-30T15:49:04.747+0000] {processor.py:766} INFO - DAG(s) dict_keys(['example_branch_operator']) retrieved from /home/airflow/.local/lib/python3.7/site-packages/airflow/example_dags/example_branch_operator.py
[2022-11-30T15:49:04.776+0000] {logging_mixin.py:137} INFO - [2022-11-30T15:49:04.776+0000] {dag.py:2585} INFO - Sync 1 DAGs
[2022-11-30T15:49:04.795+0000] {logging_mixin.py:137} INFO - [2022-11-30T15:49:04.795+0000] {dag.py:3340} INFO - Setting next_dagrun for example_branch_operator to 2022-11-29T00:00:00+00:00, run_after=2022-11-30T00:00:00+00:00
[2022-11-30T15:49:04.834+0000] {processor.py:176} INFO - Processing /home/airflow/.local/lib/python3.7/site-packages/airflow/example_dags/example_branch_operator.py took 0.104 seconds
[2022-11-30T15:49:34.971+0000] {processor.py:154} INFO - Started process (PID=188) to work on /home/airflow/.local/lib/python3.7/site-packages/airflow/example_dags/example_branch_operator.py
[2022-11-30T15:49:34.972+0000] {processor.py:756} INFO - Processing file /home/airflow/.local/lib/python3.7/site-packages/airflow/example_dags/example_branch_operator.py for tasks to queue
[2022-11-30T15:49:34.973+0000] {logging_mixin.py:137} INFO - [2022-11-30T15:49:34.973+0000] {dagbag.py:537} INFO - Filling up the DagBag from /home/airflow/.local/lib/python3.7/site-packages/airflow/example_dags/example_branch_operator.py
[2022-11-30T15:49:34.987+0000] {processor.py:766} INFO - DAG(s) dict_keys(['example_branch_operator']) retrieved from /home/airflow/.local/lib/python3.7/site-packages/airflow/example_dags/example_branch_operator.py
[2022-11-30T15:49:35.017+0000] {logging_mixin.py:137} INFO - [2022-11-30T15:49:35.016+0000] {dag.py:2585} INFO - Sync 1 DAGs
[2022-11-30T15:49:35.038+0000] {logging_mixin.py:137} INFO - [2022-11-30T15:49:35.038+0000] {dag.py:3340} INFO - Setting next_dagrun for example_branch_operator to 2022-11-29T00:00:00+00:00, run_after=2022-11-30T00:00:00+00:00
[2022-11-30T15:49:35.073+0000] {processor.py:176} INFO - Processing /home/airflow/.local/lib/python3.7/site-packages/airflow/example_dags/example_branch_operator.py took 0.104 seconds
[2022-11-30T15:50:05.395+0000] {processor.py:154} INFO - Started process (PID=251) to work on /home/airflow/.local/lib/python3.7/site-packages/airflow/example_dags/example_branch_operator.py
[2022-11-30T15:50:05.395+0000] {processor.py:756} INFO - Processing file /home/airflow/.local/lib/python3.7/site-packages/airflow/example_dags/example_branch_operator.py for tasks to queue
[2022-11-30T15:50:05.396+0000] {logging_mixin.py:137} INFO - [2022-11-30T15:50:05.396+0000] {dagbag.py:537} INFO - Filling up the DagBag from /home/airflow/.local/lib/python3.7/site-packages/airflow/example_dags/example_branch_operator.py
[2022-11-30T15:50:05.409+0000] {processor.py:766} INFO - DAG(s) dict_keys(['example_branch_operator']) retrieved from /home/airflow/.local/lib/python3.7/site-packages/airflow/example_dags/example_branch_operator.py
[2022-11-30T15:50:05.438+0000] {logging_mixin.py:137} INFO - [2022-11-30T15:50:05.438+0000] {dag.py:2585} INFO - Sync 1 DAGs
[2022-11-30T15:50:05.458+0000] {logging_mixin.py:137} INFO - [2022-11-30T15:50:05.458+0000] {dag.py:3340} INFO - Setting next_dagrun for example_branch_operator to 2022-11-29T00:00:00+00:00, run_after=2022-11-30T00:00:00+00:00
[2022-11-30T15:50:05.505+0000] {processor.py:176} INFO - Processing /home/airflow/.local/lib/python3.7/site-packages/airflow/example_dags/example_branch_operator.py took 0.112 seconds
[2022-11-30T15:50:36.011+0000] {processor.py:154} INFO - Started process (PID=314) to work on /home/airflow/.local/lib/python3.7/site-packages/airflow/example_dags/example_branch_operator.py
[2022-11-30T15:50:36.012+0000] {processor.py:756} INFO - Processing file /home/airflow/.local/lib/python3.7/site-packages/airflow/example_dags/example_branch_operator.py for tasks to queue
[2022-11-30T15:50:36.013+0000] {logging_mixin.py:137} INFO - [2022-11-30T15:50:36.012+0000] {dagbag.py:537} INFO - Filling up the DagBag from /home/airflow/.local/lib/python3.7/site-packages/airflow/example_dags/example_branch_operator.py
[2022-11-30T15:50:36.025+0000] {processor.py:766} INFO - DAG(s) dict_keys(['example_branch_operator']) retrieved from /home/airflow/.local/lib/python3.7/site-packages/airflow/example_dags/example_branch_operator.py
[2022-11-30T15:50:36.059+0000] {logging_mixin.py:137} INFO - [2022-11-30T15:50:36.059+0000] {dag.py:2585} INFO - Sync 1 DAGs
[2022-11-30T15:50:36.080+0000] {logging_mixin.py:137} INFO - [2022-11-30T15:50:36.080+0000] {dag.py:3340} INFO - Setting next_dagrun for example_branch_operator to 2022-11-29T00:00:00+00:00, run_after=2022-11-30T00:00:00+00:00
[2022-11-30T15:50:36.122+0000] {processor.py:176} INFO - Processing /home/airflow/.local/lib/python3.7/site-packages/airflow/example_dags/example_branch_operator.py took 0.112 seconds
[2022-11-30T15:51:06.376+0000] {processor.py:154} INFO - Started process (PID=368) to work on /home/airflow/.local/lib/python3.7/site-packages/airflow/example_dags/example_branch_operator.py
[2022-11-30T15:51:06.377+0000] {processor.py:756} INFO - Processing file /home/airflow/.local/lib/python3.7/site-packages/airflow/example_dags/example_branch_operator.py for tasks to queue
[2022-11-30T15:51:06.377+0000] {logging_mixin.py:137} INFO - [2022-11-30T15:51:06.377+0000] {dagbag.py:537} INFO - Filling up the DagBag from /home/airflow/.local/lib/python3.7/site-packages/airflow/example_dags/example_branch_operator.py
[2022-11-30T15:51:06.389+0000] {processor.py:766} INFO - DAG(s) dict_keys(['example_branch_operator']) retrieved from /home/airflow/.local/lib/python3.7/site-packages/airflow/example_dags/example_branch_operator.py
[2022-11-30T15:51:06.421+0000] {logging_mixin.py:137} INFO - [2022-11-30T15:51:06.421+0000] {dag.py:2585} INFO - Sync 1 DAGs
[2022-11-30T15:51:06.439+0000] {logging_mixin.py:137} INFO - [2022-11-30T15:51:06.439+0000] {dag.py:3340} INFO - Setting next_dagrun for example_branch_operator to 2022-11-29T00:00:00+00:00, run_after=2022-11-30T00:00:00+00:00
[2022-11-30T15:51:06.478+0000] {processor.py:176} INFO - Processing /home/airflow/.local/lib/python3.7/site-packages/airflow/example_dags/example_branch_operator.py took 0.103 seconds
[2022-11-30T15:51:37.322+0000] {processor.py:154} INFO - Started process (PID=432) to work on /home/airflow/.local/lib/python3.7/site-packages/airflow/example_dags/example_branch_operator.py
[2022-11-30T15:51:37.323+0000] {processor.py:756} INFO - Processing file /home/airflow/.local/lib/python3.7/site-packages/airflow/example_dags/example_branch_operator.py for tasks to queue
[2022-11-30T15:51:37.323+0000] {logging_mixin.py:137} INFO - [2022-11-30T15:51:37.323+0000] {dagbag.py:537} INFO - Filling up the DagBag from /home/airflow/.local/lib/python3.7/site-packages/airflow/example_dags/example_branch_operator.py
[2022-11-30T15:51:37.338+0000] {processor.py:766} INFO - DAG(s) dict_keys(['example_branch_operator']) retrieved from /home/airflow/.local/lib/python3.7/site-packages/airflow/example_dags/example_branch_operator.py
[2022-11-30T15:51:37.366+0000] {logging_mixin.py:137} INFO - [2022-11-30T15:51:37.366+0000] {dag.py:2585} INFO - Sync 1 DAGs
[2022-11-30T15:51:37.386+0000] {logging_mixin.py:137} INFO - [2022-11-30T15:51:37.386+0000] {dag.py:3340} INFO - Setting next_dagrun for example_branch_operator to 2022-11-29T00:00:00+00:00, run_after=2022-11-30T00:00:00+00:00
[2022-11-30T15:51:37.461+0000] {processor.py:176} INFO - Processing /home/airflow/.local/lib/python3.7/site-packages/airflow/example_dags/example_branch_operator.py took 0.142 seconds
[2022-11-30T15:52:07.711+0000] {processor.py:154} INFO - Started process (PID=495) to work on /home/airflow/.local/lib/python3.7/site-packages/airflow/example_dags/example_branch_operator.py
[2022-11-30T15:52:07.711+0000] {processor.py:756} INFO - Processing file /home/airflow/.local/lib/python3.7/site-packages/airflow/example_dags/example_branch_operator.py for tasks to queue
[2022-11-30T15:52:07.712+0000] {logging_mixin.py:137} INFO - [2022-11-30T15:52:07.712+0000] {dagbag.py:537} INFO - Filling up the DagBag from /home/airflow/.local/lib/python3.7/site-packages/airflow/example_dags/example_branch_operator.py
[2022-11-30T15:52:07.724+0000] {processor.py:766} INFO - DAG(s) dict_keys(['example_branch_operator']) retrieved from /home/airflow/.local/lib/python3.7/site-packages/airflow/example_dags/example_branch_operator.py
[2022-11-30T15:52:07.754+0000] {logging_mixin.py:137} INFO - [2022-11-30T15:52:07.754+0000] {dag.py:2585} INFO - Sync 1 DAGs
[2022-11-30T15:52:07.776+0000] {logging_mixin.py:137} INFO - [2022-11-30T15:52:07.776+0000] {dag.py:3340} INFO - Setting next_dagrun for example_branch_operator to 2022-11-29T00:00:00+00:00, run_after=2022-11-30T00:00:00+00:00
[2022-11-30T15:52:07.818+0000] {processor.py:176} INFO - Processing /home/airflow/.local/lib/python3.7/site-packages/airflow/example_dags/example_branch_operator.py took 0.109 seconds
[2022-11-30T15:52:38.194+0000] {processor.py:154} INFO - Started process (PID=558) to work on /home/airflow/.local/lib/python3.7/site-packages/airflow/example_dags/example_branch_operator.py
[2022-11-30T15:52:38.195+0000] {processor.py:756} INFO - Processing file /home/airflow/.local/lib/python3.7/site-packages/airflow/example_dags/example_branch_operator.py for tasks to queue
[2022-11-30T15:52:38.196+0000] {logging_mixin.py:137} INFO - [2022-11-30T15:52:38.196+0000] {dagbag.py:537} INFO - Filling up the DagBag from /home/airflow/.local/lib/python3.7/site-packages/airflow/example_dags/example_branch_operator.py
[2022-11-30T15:52:38.207+0000] {processor.py:766} INFO - DAG(s) dict_keys(['example_branch_operator']) retrieved from /home/airflow/.local/lib/python3.7/site-packages/airflow/example_dags/example_branch_operator.py
[2022-11-30T15:52:38.237+0000] {logging_mixin.py:137} INFO - [2022-11-30T15:52:38.237+0000] {dag.py:2585} INFO - Sync 1 DAGs
[2022-11-30T15:52:38.256+0000] {logging_mixin.py:137} INFO - [2022-11-30T15:52:38.256+0000] {dag.py:3340} INFO - Setting next_dagrun for example_branch_operator to 2022-11-29T00:00:00+00:00, run_after=2022-11-30T00:00:00+00:00
[2022-11-30T15:52:38.324+0000] {processor.py:176} INFO - Processing /home/airflow/.local/lib/python3.7/site-packages/airflow/example_dags/example_branch_operator.py took 0.132 seconds
[2022-11-30T15:53:08.704+0000] {processor.py:154} INFO - Started process (PID=612) to work on /home/airflow/.local/lib/python3.7/site-packages/airflow/example_dags/example_branch_operator.py
[2022-11-30T15:53:08.704+0000] {processor.py:756} INFO - Processing file /home/airflow/.local/lib/python3.7/site-packages/airflow/example_dags/example_branch_operator.py for tasks to queue
[2022-11-30T15:53:08.705+0000] {logging_mixin.py:137} INFO - [2022-11-30T15:53:08.705+0000] {dagbag.py:537} INFO - Filling up the DagBag from /home/airflow/.local/lib/python3.7/site-packages/airflow/example_dags/example_branch_operator.py
[2022-11-30T15:53:08.716+0000] {processor.py:766} INFO - DAG(s) dict_keys(['example_branch_operator']) retrieved from /home/airflow/.local/lib/python3.7/site-packages/airflow/example_dags/example_branch_operator.py
[2022-11-30T15:53:08.747+0000] {logging_mixin.py:137} INFO - [2022-11-30T15:53:08.747+0000] {dag.py:2585} INFO - Sync 1 DAGs
[2022-11-30T15:53:08.768+0000] {logging_mixin.py:137} INFO - [2022-11-30T15:53:08.767+0000] {dag.py:3340} INFO - Setting next_dagrun for example_branch_operator to 2022-11-29T00:00:00+00:00, run_after=2022-11-30T00:00:00+00:00
[2022-11-30T15:53:08.814+0000] {processor.py:176} INFO - Processing /home/airflow/.local/lib/python3.7/site-packages/airflow/example_dags/example_branch_operator.py took 0.112 seconds
[2022-11-30T15:53:39.345+0000] {processor.py:154} INFO - Started process (PID=675) to work on /home/airflow/.local/lib/python3.7/site-packages/airflow/example_dags/example_branch_operator.py
[2022-11-30T15:53:39.346+0000] {processor.py:756} INFO - Processing file /home/airflow/.local/lib/python3.7/site-packages/airflow/example_dags/example_branch_operator.py for tasks to queue
[2022-11-30T15:53:39.346+0000] {logging_mixin.py:137} INFO - [2022-11-30T15:53:39.346+0000] {dagbag.py:537} INFO - Filling up the DagBag from /home/airflow/.local/lib/python3.7/site-packages/airflow/example_dags/example_branch_operator.py
[2022-11-30T15:53:39.358+0000] {processor.py:766} INFO - DAG(s) dict_keys(['example_branch_operator']) retrieved from /home/airflow/.local/lib/python3.7/site-packages/airflow/example_dags/example_branch_operator.py
[2022-11-30T15:53:39.387+0000] {logging_mixin.py:137} INFO - [2022-11-30T15:53:39.387+0000] {dag.py:2585} INFO - Sync 1 DAGs
[2022-11-30T15:53:39.409+0000] {logging_mixin.py:137} INFO - [2022-11-30T15:53:39.408+0000] {dag.py:3340} INFO - Setting next_dagrun for example_branch_operator to 2022-11-29T00:00:00+00:00, run_after=2022-11-30T00:00:00+00:00
[2022-11-30T15:53:39.455+0000] {processor.py:176} INFO - Processing /home/airflow/.local/lib/python3.7/site-packages/airflow/example_dags/example_branch_operator.py took 0.111 seconds
[2022-11-30T15:54:09.783+0000] {processor.py:154} INFO - Started process (PID=738) to work on /home/airflow/.local/lib/python3.7/site-packages/airflow/example_dags/example_branch_operator.py
[2022-11-30T15:54:09.784+0000] {processor.py:756} INFO - Processing file /home/airflow/.local/lib/python3.7/site-packages/airflow/example_dags/example_branch_operator.py for tasks to queue
[2022-11-30T15:54:09.784+0000] {logging_mixin.py:137} INFO - [2022-11-30T15:54:09.784+0000] {dagbag.py:537} INFO - Filling up the DagBag from /home/airflow/.local/lib/python3.7/site-packages/airflow/example_dags/example_branch_operator.py
[2022-11-30T15:54:09.796+0000] {processor.py:766} INFO - DAG(s) dict_keys(['example_branch_operator']) retrieved from /home/airflow/.local/lib/python3.7/site-packages/airflow/example_dags/example_branch_operator.py
[2022-11-30T15:54:09.832+0000] {logging_mixin.py:137} INFO - [2022-11-30T15:54:09.832+0000] {dag.py:2585} INFO - Sync 1 DAGs
[2022-11-30T15:54:09.857+0000] {logging_mixin.py:137} INFO - [2022-11-30T15:54:09.857+0000] {dag.py:3340} INFO - Setting next_dagrun for example_branch_operator to 2022-11-29T00:00:00+00:00, run_after=2022-11-30T00:00:00+00:00
[2022-11-30T15:54:09.936+0000] {processor.py:176} INFO - Processing /home/airflow/.local/lib/python3.7/site-packages/airflow/example_dags/example_branch_operator.py took 0.155 seconds
[2022-11-30T15:54:40.238+0000] {processor.py:154} INFO - Started process (PID=792) to work on /home/airflow/.local/lib/python3.7/site-packages/airflow/example_dags/example_branch_operator.py
[2022-11-30T15:54:40.239+0000] {processor.py:756} INFO - Processing file /home/airflow/.local/lib/python3.7/site-packages/airflow/example_dags/example_branch_operator.py for tasks to queue
[2022-11-30T15:54:40.239+0000] {logging_mixin.py:137} INFO - [2022-11-30T15:54:40.239+0000] {dagbag.py:537} INFO - Filling up the DagBag from /home/airflow/.local/lib/python3.7/site-packages/airflow/example_dags/example_branch_operator.py
[2022-11-30T15:54:40.252+0000] {processor.py:766} INFO - DAG(s) dict_keys(['example_branch_operator']) retrieved from /home/airflow/.local/lib/python3.7/site-packages/airflow/example_dags/example_branch_operator.py
[2022-11-30T15:54:40.281+0000] {logging_mixin.py:137} INFO - [2022-11-30T15:54:40.281+0000] {dag.py:2585} INFO - Sync 1 DAGs
[2022-11-30T15:54:40.299+0000] {logging_mixin.py:137} INFO - [2022-11-30T15:54:40.299+0000] {dag.py:3340} INFO - Setting next_dagrun for example_branch_operator to 2022-11-29T00:00:00+00:00, run_after=2022-11-30T00:00:00+00:00
[2022-11-30T15:54:40.343+0000] {processor.py:176} INFO - Processing /home/airflow/.local/lib/python3.7/site-packages/airflow/example_dags/example_branch_operator.py took 0.107 seconds
[2022-11-30T15:55:10.808+0000] {processor.py:154} INFO - Started process (PID=855) to work on /home/airflow/.local/lib/python3.7/site-packages/airflow/example_dags/example_branch_operator.py
[2022-11-30T15:55:10.809+0000] {processor.py:756} INFO - Processing file /home/airflow/.local/lib/python3.7/site-packages/airflow/example_dags/example_branch_operator.py for tasks to queue
[2022-11-30T15:55:10.809+0000] {logging_mixin.py:137} INFO - [2022-11-30T15:55:10.809+0000] {dagbag.py:537} INFO - Filling up the DagBag from /home/airflow/.local/lib/python3.7/site-packages/airflow/example_dags/example_branch_operator.py
[2022-11-30T15:55:10.821+0000] {processor.py:766} INFO - DAG(s) dict_keys(['example_branch_operator']) retrieved from /home/airflow/.local/lib/python3.7/site-packages/airflow/example_dags/example_branch_operator.py
[2022-11-30T15:55:10.850+0000] {logging_mixin.py:137} INFO - [2022-11-30T15:55:10.850+0000] {dag.py:2585} INFO - Sync 1 DAGs
[2022-11-30T15:55:10.869+0000] {logging_mixin.py:137} INFO - [2022-11-30T15:55:10.869+0000] {dag.py:3340} INFO - Setting next_dagrun for example_branch_operator to 2022-11-29T00:00:00+00:00, run_after=2022-11-30T00:00:00+00:00
[2022-11-30T15:55:10.915+0000] {processor.py:176} INFO - Processing /home/airflow/.local/lib/python3.7/site-packages/airflow/example_dags/example_branch_operator.py took 0.108 seconds
