[2022-11-30T15:48:31.243+0000] {processor.py:154} INFO - Started process (PID=61) to work on /home/airflow/.local/lib/python3.7/site-packages/airflow/example_dags/example_skip_dag.py
[2022-11-30T15:48:31.244+0000] {processor.py:756} INFO - Processing file /home/airflow/.local/lib/python3.7/site-packages/airflow/example_dags/example_skip_dag.py for tasks to queue
[2022-11-30T15:48:31.244+0000] {logging_mixin.py:137} INFO - [2022-11-30T15:48:31.244+0000] {dagbag.py:537} INFO - Filling up the DagBag from /home/airflow/.local/lib/python3.7/site-packages/airflow/example_dags/example_skip_dag.py
[2022-11-30T15:48:31.255+0000] {processor.py:766} INFO - DAG(s) dict_keys(['example_skip_dag']) retrieved from /home/airflow/.local/lib/python3.7/site-packages/airflow/example_dags/example_skip_dag.py
[2022-11-30T15:48:31.476+0000] {logging_mixin.py:137} INFO - [2022-11-30T15:48:31.476+0000] {manager.py:507} INFO - Created Permission View: can edit on DAG:example_skip_dag
[2022-11-30T15:48:31.526+0000] {logging_mixin.py:137} INFO - [2022-11-30T15:48:31.526+0000] {manager.py:507} INFO - Created Permission View: can read on DAG:example_skip_dag
[2022-11-30T15:48:31.576+0000] {logging_mixin.py:137} INFO - [2022-11-30T15:48:31.576+0000] {manager.py:507} INFO - Created Permission View: can delete on DAG:example_skip_dag
[2022-11-30T15:48:31.577+0000] {logging_mixin.py:137} INFO - [2022-11-30T15:48:31.577+0000] {dag.py:2585} INFO - Sync 1 DAGs
[2022-11-30T15:48:31.589+0000] {logging_mixin.py:137} INFO - [2022-11-30T15:48:31.589+0000] {dag.py:2606} INFO - Creating ORM DAG for example_skip_dag
[2022-11-30T15:48:31.598+0000] {logging_mixin.py:137} INFO - [2022-11-30T15:48:31.598+0000] {dag.py:3340} INFO - Setting next_dagrun for example_skip_dag to 2022-11-29T15:48:31.598665+00:00, run_after=2022-11-30T15:48:31.598665+00:00
[2022-11-30T15:48:31.641+0000] {processor.py:176} INFO - Processing /home/airflow/.local/lib/python3.7/site-packages/airflow/example_dags/example_skip_dag.py took 0.400 seconds
[2022-11-30T15:49:01.822+0000] {processor.py:154} INFO - Started process (PID=114) to work on /home/airflow/.local/lib/python3.7/site-packages/airflow/example_dags/example_skip_dag.py
[2022-11-30T15:49:01.823+0000] {processor.py:756} INFO - Processing file /home/airflow/.local/lib/python3.7/site-packages/airflow/example_dags/example_skip_dag.py for tasks to queue
[2022-11-30T15:49:01.823+0000] {logging_mixin.py:137} INFO - [2022-11-30T15:49:01.823+0000] {dagbag.py:537} INFO - Filling up the DagBag from /home/airflow/.local/lib/python3.7/site-packages/airflow/example_dags/example_skip_dag.py
[2022-11-30T15:49:01.832+0000] {processor.py:766} INFO - DAG(s) dict_keys(['example_skip_dag']) retrieved from /home/airflow/.local/lib/python3.7/site-packages/airflow/example_dags/example_skip_dag.py
[2022-11-30T15:49:01.859+0000] {logging_mixin.py:137} INFO - [2022-11-30T15:49:01.859+0000] {dag.py:2585} INFO - Sync 1 DAGs
[2022-11-30T15:49:01.877+0000] {logging_mixin.py:137} INFO - [2022-11-30T15:49:01.877+0000] {dag.py:3340} INFO - Setting next_dagrun for example_skip_dag to 2022-11-29T15:49:01.877414+00:00, run_after=2022-11-30T15:49:01.877414+00:00
[2022-11-30T15:49:02.041+0000] {processor.py:176} INFO - Processing /home/airflow/.local/lib/python3.7/site-packages/airflow/example_dags/example_skip_dag.py took 0.221 seconds
[2022-11-30T15:49:32.067+0000] {processor.py:154} INFO - Started process (PID=178) to work on /home/airflow/.local/lib/python3.7/site-packages/airflow/example_dags/example_skip_dag.py
[2022-11-30T15:49:32.067+0000] {processor.py:756} INFO - Processing file /home/airflow/.local/lib/python3.7/site-packages/airflow/example_dags/example_skip_dag.py for tasks to queue
[2022-11-30T15:49:32.068+0000] {logging_mixin.py:137} INFO - [2022-11-30T15:49:32.068+0000] {dagbag.py:537} INFO - Filling up the DagBag from /home/airflow/.local/lib/python3.7/site-packages/airflow/example_dags/example_skip_dag.py
[2022-11-30T15:49:32.077+0000] {processor.py:766} INFO - DAG(s) dict_keys(['example_skip_dag']) retrieved from /home/airflow/.local/lib/python3.7/site-packages/airflow/example_dags/example_skip_dag.py
[2022-11-30T15:49:32.105+0000] {logging_mixin.py:137} INFO - [2022-11-30T15:49:32.105+0000] {dag.py:2585} INFO - Sync 1 DAGs
[2022-11-30T15:49:32.124+0000] {logging_mixin.py:137} INFO - [2022-11-30T15:49:32.124+0000] {dag.py:3340} INFO - Setting next_dagrun for example_skip_dag to 2022-11-29T15:49:32.124507+00:00, run_after=2022-11-30T15:49:32.124507+00:00
[2022-11-30T15:49:32.165+0000] {processor.py:176} INFO - Processing /home/airflow/.local/lib/python3.7/site-packages/airflow/example_dags/example_skip_dag.py took 0.100 seconds
[2022-11-30T15:50:02.760+0000] {processor.py:154} INFO - Started process (PID=241) to work on /home/airflow/.local/lib/python3.7/site-packages/airflow/example_dags/example_skip_dag.py
[2022-11-30T15:50:02.760+0000] {processor.py:756} INFO - Processing file /home/airflow/.local/lib/python3.7/site-packages/airflow/example_dags/example_skip_dag.py for tasks to queue
[2022-11-30T15:50:02.761+0000] {logging_mixin.py:137} INFO - [2022-11-30T15:50:02.761+0000] {dagbag.py:537} INFO - Filling up the DagBag from /home/airflow/.local/lib/python3.7/site-packages/airflow/example_dags/example_skip_dag.py
[2022-11-30T15:50:02.772+0000] {processor.py:766} INFO - DAG(s) dict_keys(['example_skip_dag']) retrieved from /home/airflow/.local/lib/python3.7/site-packages/airflow/example_dags/example_skip_dag.py
[2022-11-30T15:50:02.806+0000] {logging_mixin.py:137} INFO - [2022-11-30T15:50:02.806+0000] {dag.py:2585} INFO - Sync 1 DAGs
[2022-11-30T15:50:02.830+0000] {logging_mixin.py:137} INFO - [2022-11-30T15:50:02.830+0000] {dag.py:3340} INFO - Setting next_dagrun for example_skip_dag to 2022-11-29T15:50:02.830159+00:00, run_after=2022-11-30T15:50:02.830159+00:00
[2022-11-30T15:50:02.873+0000] {processor.py:176} INFO - Processing /home/airflow/.local/lib/python3.7/site-packages/airflow/example_dags/example_skip_dag.py took 0.115 seconds
[2022-11-30T15:50:33.213+0000] {processor.py:154} INFO - Started process (PID=302) to work on /home/airflow/.local/lib/python3.7/site-packages/airflow/example_dags/example_skip_dag.py
[2022-11-30T15:50:33.214+0000] {processor.py:756} INFO - Processing file /home/airflow/.local/lib/python3.7/site-packages/airflow/example_dags/example_skip_dag.py for tasks to queue
[2022-11-30T15:50:33.214+0000] {logging_mixin.py:137} INFO - [2022-11-30T15:50:33.214+0000] {dagbag.py:537} INFO - Filling up the DagBag from /home/airflow/.local/lib/python3.7/site-packages/airflow/example_dags/example_skip_dag.py
[2022-11-30T15:50:33.224+0000] {processor.py:766} INFO - DAG(s) dict_keys(['example_skip_dag']) retrieved from /home/airflow/.local/lib/python3.7/site-packages/airflow/example_dags/example_skip_dag.py
[2022-11-30T15:50:33.253+0000] {logging_mixin.py:137} INFO - [2022-11-30T15:50:33.252+0000] {dag.py:2585} INFO - Sync 1 DAGs
[2022-11-30T15:50:33.275+0000] {logging_mixin.py:137} INFO - [2022-11-30T15:50:33.275+0000] {dag.py:3340} INFO - Setting next_dagrun for example_skip_dag to 2022-11-29T15:50:33.275179+00:00, run_after=2022-11-30T15:50:33.275179+00:00
[2022-11-30T15:50:33.314+0000] {processor.py:176} INFO - Processing /home/airflow/.local/lib/python3.7/site-packages/airflow/example_dags/example_skip_dag.py took 0.103 seconds
[2022-11-30T15:51:03.781+0000] {processor.py:154} INFO - Started process (PID=358) to work on /home/airflow/.local/lib/python3.7/site-packages/airflow/example_dags/example_skip_dag.py
[2022-11-30T15:51:03.782+0000] {processor.py:756} INFO - Processing file /home/airflow/.local/lib/python3.7/site-packages/airflow/example_dags/example_skip_dag.py for tasks to queue
[2022-11-30T15:51:03.782+0000] {logging_mixin.py:137} INFO - [2022-11-30T15:51:03.782+0000] {dagbag.py:537} INFO - Filling up the DagBag from /home/airflow/.local/lib/python3.7/site-packages/airflow/example_dags/example_skip_dag.py
[2022-11-30T15:51:03.791+0000] {processor.py:766} INFO - DAG(s) dict_keys(['example_skip_dag']) retrieved from /home/airflow/.local/lib/python3.7/site-packages/airflow/example_dags/example_skip_dag.py
[2022-11-30T15:51:03.817+0000] {logging_mixin.py:137} INFO - [2022-11-30T15:51:03.817+0000] {dag.py:2585} INFO - Sync 1 DAGs
[2022-11-30T15:51:03.835+0000] {logging_mixin.py:137} INFO - [2022-11-30T15:51:03.835+0000] {dag.py:3340} INFO - Setting next_dagrun for example_skip_dag to 2022-11-29T15:51:03.835082+00:00, run_after=2022-11-30T15:51:03.835082+00:00
[2022-11-30T15:51:03.875+0000] {processor.py:176} INFO - Processing /home/airflow/.local/lib/python3.7/site-packages/airflow/example_dags/example_skip_dag.py took 0.095 seconds
[2022-11-30T15:51:34.384+0000] {processor.py:154} INFO - Started process (PID=422) to work on /home/airflow/.local/lib/python3.7/site-packages/airflow/example_dags/example_skip_dag.py
[2022-11-30T15:51:34.384+0000] {processor.py:756} INFO - Processing file /home/airflow/.local/lib/python3.7/site-packages/airflow/example_dags/example_skip_dag.py for tasks to queue
[2022-11-30T15:51:34.385+0000] {logging_mixin.py:137} INFO - [2022-11-30T15:51:34.385+0000] {dagbag.py:537} INFO - Filling up the DagBag from /home/airflow/.local/lib/python3.7/site-packages/airflow/example_dags/example_skip_dag.py
[2022-11-30T15:51:34.395+0000] {processor.py:766} INFO - DAG(s) dict_keys(['example_skip_dag']) retrieved from /home/airflow/.local/lib/python3.7/site-packages/airflow/example_dags/example_skip_dag.py
[2022-11-30T15:51:34.424+0000] {logging_mixin.py:137} INFO - [2022-11-30T15:51:34.423+0000] {dag.py:2585} INFO - Sync 1 DAGs
[2022-11-30T15:51:34.446+0000] {logging_mixin.py:137} INFO - [2022-11-30T15:51:34.445+0000] {dag.py:3340} INFO - Setting next_dagrun for example_skip_dag to 2022-11-29T15:51:34.445833+00:00, run_after=2022-11-30T15:51:34.445833+00:00
[2022-11-30T15:51:34.503+0000] {processor.py:176} INFO - Processing /home/airflow/.local/lib/python3.7/site-packages/airflow/example_dags/example_skip_dag.py took 0.121 seconds
[2022-11-30T15:52:05.088+0000] {processor.py:154} INFO - Started process (PID=485) to work on /home/airflow/.local/lib/python3.7/site-packages/airflow/example_dags/example_skip_dag.py
[2022-11-30T15:52:05.088+0000] {processor.py:756} INFO - Processing file /home/airflow/.local/lib/python3.7/site-packages/airflow/example_dags/example_skip_dag.py for tasks to queue
[2022-11-30T15:52:05.089+0000] {logging_mixin.py:137} INFO - [2022-11-30T15:52:05.089+0000] {dagbag.py:537} INFO - Filling up the DagBag from /home/airflow/.local/lib/python3.7/site-packages/airflow/example_dags/example_skip_dag.py
[2022-11-30T15:52:05.097+0000] {processor.py:766} INFO - DAG(s) dict_keys(['example_skip_dag']) retrieved from /home/airflow/.local/lib/python3.7/site-packages/airflow/example_dags/example_skip_dag.py
[2022-11-30T15:52:05.124+0000] {logging_mixin.py:137} INFO - [2022-11-30T15:52:05.124+0000] {dag.py:2585} INFO - Sync 1 DAGs
[2022-11-30T15:52:05.143+0000] {logging_mixin.py:137} INFO - [2022-11-30T15:52:05.143+0000] {dag.py:3340} INFO - Setting next_dagrun for example_skip_dag to 2022-11-29T15:52:05.143037+00:00, run_after=2022-11-30T15:52:05.143037+00:00
[2022-11-30T15:52:05.186+0000] {processor.py:176} INFO - Processing /home/airflow/.local/lib/python3.7/site-packages/airflow/example_dags/example_skip_dag.py took 0.099 seconds
[2022-11-30T15:52:35.572+0000] {processor.py:154} INFO - Started process (PID=539) to work on /home/airflow/.local/lib/python3.7/site-packages/airflow/example_dags/example_skip_dag.py
[2022-11-30T15:52:35.572+0000] {processor.py:756} INFO - Processing file /home/airflow/.local/lib/python3.7/site-packages/airflow/example_dags/example_skip_dag.py for tasks to queue
[2022-11-30T15:52:35.573+0000] {logging_mixin.py:137} INFO - [2022-11-30T15:52:35.573+0000] {dagbag.py:537} INFO - Filling up the DagBag from /home/airflow/.local/lib/python3.7/site-packages/airflow/example_dags/example_skip_dag.py
[2022-11-30T15:52:35.584+0000] {processor.py:766} INFO - DAG(s) dict_keys(['example_skip_dag']) retrieved from /home/airflow/.local/lib/python3.7/site-packages/airflow/example_dags/example_skip_dag.py
[2022-11-30T15:52:35.616+0000] {logging_mixin.py:137} INFO - [2022-11-30T15:52:35.616+0000] {dag.py:2585} INFO - Sync 1 DAGs
[2022-11-30T15:52:35.636+0000] {logging_mixin.py:137} INFO - [2022-11-30T15:52:35.635+0000] {dag.py:3340} INFO - Setting next_dagrun for example_skip_dag to 2022-11-29T15:52:35.635710+00:00, run_after=2022-11-30T15:52:35.635710+00:00
[2022-11-30T15:52:35.758+0000] {processor.py:176} INFO - Processing /home/airflow/.local/lib/python3.7/site-packages/airflow/example_dags/example_skip_dag.py took 0.188 seconds
[2022-11-30T15:53:06.088+0000] {processor.py:154} INFO - Started process (PID=602) to work on /home/airflow/.local/lib/python3.7/site-packages/airflow/example_dags/example_skip_dag.py
[2022-11-30T15:53:06.089+0000] {processor.py:756} INFO - Processing file /home/airflow/.local/lib/python3.7/site-packages/airflow/example_dags/example_skip_dag.py for tasks to queue
[2022-11-30T15:53:06.089+0000] {logging_mixin.py:137} INFO - [2022-11-30T15:53:06.089+0000] {dagbag.py:537} INFO - Filling up the DagBag from /home/airflow/.local/lib/python3.7/site-packages/airflow/example_dags/example_skip_dag.py
[2022-11-30T15:53:06.098+0000] {processor.py:766} INFO - DAG(s) dict_keys(['example_skip_dag']) retrieved from /home/airflow/.local/lib/python3.7/site-packages/airflow/example_dags/example_skip_dag.py
[2022-11-30T15:53:06.127+0000] {logging_mixin.py:137} INFO - [2022-11-30T15:53:06.127+0000] {dag.py:2585} INFO - Sync 1 DAGs
[2022-11-30T15:53:06.145+0000] {logging_mixin.py:137} INFO - [2022-11-30T15:53:06.145+0000] {dag.py:3340} INFO - Setting next_dagrun for example_skip_dag to 2022-11-29T15:53:06.145446+00:00, run_after=2022-11-30T15:53:06.145446+00:00
[2022-11-30T15:53:06.190+0000] {processor.py:176} INFO - Processing /home/airflow/.local/lib/python3.7/site-packages/airflow/example_dags/example_skip_dag.py took 0.104 seconds
[2022-11-30T15:53:36.596+0000] {processor.py:154} INFO - Started process (PID=665) to work on /home/airflow/.local/lib/python3.7/site-packages/airflow/example_dags/example_skip_dag.py
[2022-11-30T15:53:36.597+0000] {processor.py:756} INFO - Processing file /home/airflow/.local/lib/python3.7/site-packages/airflow/example_dags/example_skip_dag.py for tasks to queue
[2022-11-30T15:53:36.598+0000] {logging_mixin.py:137} INFO - [2022-11-30T15:53:36.598+0000] {dagbag.py:537} INFO - Filling up the DagBag from /home/airflow/.local/lib/python3.7/site-packages/airflow/example_dags/example_skip_dag.py
[2022-11-30T15:53:36.608+0000] {processor.py:766} INFO - DAG(s) dict_keys(['example_skip_dag']) retrieved from /home/airflow/.local/lib/python3.7/site-packages/airflow/example_dags/example_skip_dag.py
[2022-11-30T15:53:36.637+0000] {logging_mixin.py:137} INFO - [2022-11-30T15:53:36.636+0000] {dag.py:2585} INFO - Sync 1 DAGs
[2022-11-30T15:53:36.657+0000] {logging_mixin.py:137} INFO - [2022-11-30T15:53:36.657+0000] {dag.py:3340} INFO - Setting next_dagrun for example_skip_dag to 2022-11-29T15:53:36.656873+00:00, run_after=2022-11-30T15:53:36.656873+00:00
[2022-11-30T15:53:36.696+0000] {processor.py:176} INFO - Processing /home/airflow/.local/lib/python3.7/site-packages/airflow/example_dags/example_skip_dag.py took 0.101 seconds
[2022-11-30T15:54:07.201+0000] {processor.py:154} INFO - Started process (PID=728) to work on /home/airflow/.local/lib/python3.7/site-packages/airflow/example_dags/example_skip_dag.py
[2022-11-30T15:54:07.202+0000] {processor.py:756} INFO - Processing file /home/airflow/.local/lib/python3.7/site-packages/airflow/example_dags/example_skip_dag.py for tasks to queue
[2022-11-30T15:54:07.203+0000] {logging_mixin.py:137} INFO - [2022-11-30T15:54:07.203+0000] {dagbag.py:537} INFO - Filling up the DagBag from /home/airflow/.local/lib/python3.7/site-packages/airflow/example_dags/example_skip_dag.py
[2022-11-30T15:54:07.214+0000] {processor.py:766} INFO - DAG(s) dict_keys(['example_skip_dag']) retrieved from /home/airflow/.local/lib/python3.7/site-packages/airflow/example_dags/example_skip_dag.py
[2022-11-30T15:54:07.248+0000] {logging_mixin.py:137} INFO - [2022-11-30T15:54:07.248+0000] {dag.py:2585} INFO - Sync 1 DAGs
[2022-11-30T15:54:07.271+0000] {logging_mixin.py:137} INFO - [2022-11-30T15:54:07.270+0000] {dag.py:3340} INFO - Setting next_dagrun for example_skip_dag to 2022-11-29T15:54:07.270657+00:00, run_after=2022-11-30T15:54:07.270657+00:00
[2022-11-30T15:54:07.316+0000] {processor.py:176} INFO - Processing /home/airflow/.local/lib/python3.7/site-packages/airflow/example_dags/example_skip_dag.py took 0.118 seconds
[2022-11-30T15:54:37.674+0000] {processor.py:154} INFO - Started process (PID=782) to work on /home/airflow/.local/lib/python3.7/site-packages/airflow/example_dags/example_skip_dag.py
[2022-11-30T15:54:37.674+0000] {processor.py:756} INFO - Processing file /home/airflow/.local/lib/python3.7/site-packages/airflow/example_dags/example_skip_dag.py for tasks to queue
[2022-11-30T15:54:37.675+0000] {logging_mixin.py:137} INFO - [2022-11-30T15:54:37.675+0000] {dagbag.py:537} INFO - Filling up the DagBag from /home/airflow/.local/lib/python3.7/site-packages/airflow/example_dags/example_skip_dag.py
[2022-11-30T15:54:37.683+0000] {processor.py:766} INFO - DAG(s) dict_keys(['example_skip_dag']) retrieved from /home/airflow/.local/lib/python3.7/site-packages/airflow/example_dags/example_skip_dag.py
[2022-11-30T15:54:37.711+0000] {logging_mixin.py:137} INFO - [2022-11-30T15:54:37.711+0000] {dag.py:2585} INFO - Sync 1 DAGs
[2022-11-30T15:54:37.729+0000] {logging_mixin.py:137} INFO - [2022-11-30T15:54:37.729+0000] {dag.py:3340} INFO - Setting next_dagrun for example_skip_dag to 2022-11-29T15:54:37.729086+00:00, run_after=2022-11-30T15:54:37.729086+00:00
[2022-11-30T15:54:37.785+0000] {processor.py:176} INFO - Processing /home/airflow/.local/lib/python3.7/site-packages/airflow/example_dags/example_skip_dag.py took 0.113 seconds
[2022-11-30T15:55:08.216+0000] {processor.py:154} INFO - Started process (PID=845) to work on /home/airflow/.local/lib/python3.7/site-packages/airflow/example_dags/example_skip_dag.py
[2022-11-30T15:55:08.216+0000] {processor.py:756} INFO - Processing file /home/airflow/.local/lib/python3.7/site-packages/airflow/example_dags/example_skip_dag.py for tasks to queue
[2022-11-30T15:55:08.217+0000] {logging_mixin.py:137} INFO - [2022-11-30T15:55:08.217+0000] {dagbag.py:537} INFO - Filling up the DagBag from /home/airflow/.local/lib/python3.7/site-packages/airflow/example_dags/example_skip_dag.py
[2022-11-30T15:55:08.226+0000] {processor.py:766} INFO - DAG(s) dict_keys(['example_skip_dag']) retrieved from /home/airflow/.local/lib/python3.7/site-packages/airflow/example_dags/example_skip_dag.py
[2022-11-30T15:55:08.252+0000] {logging_mixin.py:137} INFO - [2022-11-30T15:55:08.252+0000] {dag.py:2585} INFO - Sync 1 DAGs
[2022-11-30T15:55:08.271+0000] {logging_mixin.py:137} INFO - [2022-11-30T15:55:08.271+0000] {dag.py:3340} INFO - Setting next_dagrun for example_skip_dag to 2022-11-29T15:55:08.271607+00:00, run_after=2022-11-30T15:55:08.271607+00:00
[2022-11-30T15:55:08.309+0000] {processor.py:176} INFO - Processing /home/airflow/.local/lib/python3.7/site-packages/airflow/example_dags/example_skip_dag.py took 0.095 seconds
