[2022-11-30T15:48:35.285+0000] {processor.py:154} INFO - Started process (PID=76) to work on /home/airflow/.local/lib/python3.7/site-packages/airflow/example_dags/example_branch_python_dop_operator_3.py
[2022-11-30T15:48:35.286+0000] {processor.py:756} INFO - Processing file /home/airflow/.local/lib/python3.7/site-packages/airflow/example_dags/example_branch_python_dop_operator_3.py for tasks to queue
[2022-11-30T15:48:35.286+0000] {logging_mixin.py:137} INFO - [2022-11-30T15:48:35.286+0000] {dagbag.py:537} INFO - Filling up the DagBag from /home/airflow/.local/lib/python3.7/site-packages/airflow/example_dags/example_branch_python_dop_operator_3.py
[2022-11-30T15:48:35.338+0000] {processor.py:766} INFO - DAG(s) dict_keys(['example_branch_dop_operator_v3']) retrieved from /home/airflow/.local/lib/python3.7/site-packages/airflow/example_dags/example_branch_python_dop_operator_3.py
[2022-11-30T15:48:35.755+0000] {logging_mixin.py:137} INFO - [2022-11-30T15:48:35.755+0000] {manager.py:507} INFO - Created Permission View: can edit on DAG:example_branch_dop_operator_v3
[2022-11-30T15:48:35.818+0000] {logging_mixin.py:137} INFO - [2022-11-30T15:48:35.818+0000] {manager.py:507} INFO - Created Permission View: can read on DAG:example_branch_dop_operator_v3
[2022-11-30T15:48:35.871+0000] {logging_mixin.py:137} INFO - [2022-11-30T15:48:35.871+0000] {manager.py:507} INFO - Created Permission View: can delete on DAG:example_branch_dop_operator_v3
[2022-11-30T15:48:35.872+0000] {logging_mixin.py:137} INFO - [2022-11-30T15:48:35.872+0000] {dag.py:2585} INFO - Sync 1 DAGs
[2022-11-30T15:48:35.882+0000] {logging_mixin.py:137} INFO - [2022-11-30T15:48:35.882+0000] {dag.py:2606} INFO - Creating ORM DAG for example_branch_dop_operator_v3
[2022-11-30T15:48:35.894+0000] {logging_mixin.py:137} INFO - [2022-11-30T15:48:35.894+0000] {dag.py:3340} INFO - Setting next_dagrun for example_branch_dop_operator_v3 to 2022-11-30T15:47:00+00:00, run_after=2022-11-30T15:48:00+00:00
[2022-11-30T15:48:35.933+0000] {processor.py:176} INFO - Processing /home/airflow/.local/lib/python3.7/site-packages/airflow/example_dags/example_branch_python_dop_operator_3.py took 0.650 seconds
[2022-11-30T15:49:06.300+0000] {processor.py:154} INFO - Started process (PID=139) to work on /home/airflow/.local/lib/python3.7/site-packages/airflow/example_dags/example_branch_python_dop_operator_3.py
[2022-11-30T15:49:06.300+0000] {processor.py:756} INFO - Processing file /home/airflow/.local/lib/python3.7/site-packages/airflow/example_dags/example_branch_python_dop_operator_3.py for tasks to queue
[2022-11-30T15:49:06.301+0000] {logging_mixin.py:137} INFO - [2022-11-30T15:49:06.301+0000] {dagbag.py:537} INFO - Filling up the DagBag from /home/airflow/.local/lib/python3.7/site-packages/airflow/example_dags/example_branch_python_dop_operator_3.py
[2022-11-30T15:49:06.317+0000] {processor.py:766} INFO - DAG(s) dict_keys(['example_branch_dop_operator_v3']) retrieved from /home/airflow/.local/lib/python3.7/site-packages/airflow/example_dags/example_branch_python_dop_operator_3.py
[2022-11-30T15:49:06.345+0000] {logging_mixin.py:137} INFO - [2022-11-30T15:49:06.345+0000] {dag.py:2585} INFO - Sync 1 DAGs
[2022-11-30T15:49:06.371+0000] {logging_mixin.py:137} INFO - [2022-11-30T15:49:06.371+0000] {dag.py:3340} INFO - Setting next_dagrun for example_branch_dop_operator_v3 to 2022-11-30T15:48:00+00:00, run_after=2022-11-30T15:49:00+00:00
[2022-11-30T15:49:06.666+0000] {processor.py:176} INFO - Processing /home/airflow/.local/lib/python3.7/site-packages/airflow/example_dags/example_branch_python_dop_operator_3.py took 0.368 seconds
[2022-11-30T15:49:37.473+0000] {processor.py:154} INFO - Started process (PID=203) to work on /home/airflow/.local/lib/python3.7/site-packages/airflow/example_dags/example_branch_python_dop_operator_3.py
[2022-11-30T15:49:37.474+0000] {processor.py:756} INFO - Processing file /home/airflow/.local/lib/python3.7/site-packages/airflow/example_dags/example_branch_python_dop_operator_3.py for tasks to queue
[2022-11-30T15:49:37.474+0000] {logging_mixin.py:137} INFO - [2022-11-30T15:49:37.474+0000] {dagbag.py:537} INFO - Filling up the DagBag from /home/airflow/.local/lib/python3.7/site-packages/airflow/example_dags/example_branch_python_dop_operator_3.py
[2022-11-30T15:49:37.492+0000] {processor.py:766} INFO - DAG(s) dict_keys(['example_branch_dop_operator_v3']) retrieved from /home/airflow/.local/lib/python3.7/site-packages/airflow/example_dags/example_branch_python_dop_operator_3.py
[2022-11-30T15:49:37.518+0000] {logging_mixin.py:137} INFO - [2022-11-30T15:49:37.518+0000] {dag.py:2585} INFO - Sync 1 DAGs
[2022-11-30T15:49:37.544+0000] {logging_mixin.py:137} INFO - [2022-11-30T15:49:37.544+0000] {dag.py:3340} INFO - Setting next_dagrun for example_branch_dop_operator_v3 to 2022-11-30T15:48:00+00:00, run_after=2022-11-30T15:49:00+00:00
[2022-11-30T15:49:37.606+0000] {processor.py:176} INFO - Processing /home/airflow/.local/lib/python3.7/site-packages/airflow/example_dags/example_branch_python_dop_operator_3.py took 0.135 seconds
[2022-11-30T15:50:07.805+0000] {processor.py:154} INFO - Started process (PID=257) to work on /home/airflow/.local/lib/python3.7/site-packages/airflow/example_dags/example_branch_python_dop_operator_3.py
[2022-11-30T15:50:07.805+0000] {processor.py:756} INFO - Processing file /home/airflow/.local/lib/python3.7/site-packages/airflow/example_dags/example_branch_python_dop_operator_3.py for tasks to queue
[2022-11-30T15:50:07.806+0000] {logging_mixin.py:137} INFO - [2022-11-30T15:50:07.806+0000] {dagbag.py:537} INFO - Filling up the DagBag from /home/airflow/.local/lib/python3.7/site-packages/airflow/example_dags/example_branch_python_dop_operator_3.py
[2022-11-30T15:50:07.824+0000] {processor.py:766} INFO - DAG(s) dict_keys(['example_branch_dop_operator_v3']) retrieved from /home/airflow/.local/lib/python3.7/site-packages/airflow/example_dags/example_branch_python_dop_operator_3.py
[2022-11-30T15:50:07.861+0000] {logging_mixin.py:137} INFO - [2022-11-30T15:50:07.861+0000] {dag.py:2585} INFO - Sync 1 DAGs
[2022-11-30T15:50:07.884+0000] {logging_mixin.py:137} INFO - [2022-11-30T15:50:07.884+0000] {dag.py:3340} INFO - Setting next_dagrun for example_branch_dop_operator_v3 to 2022-11-30T15:49:00+00:00, run_after=2022-11-30T15:50:00+00:00
[2022-11-30T15:50:07.946+0000] {processor.py:176} INFO - Processing /home/airflow/.local/lib/python3.7/site-packages/airflow/example_dags/example_branch_python_dop_operator_3.py took 0.143 seconds
[2022-11-30T15:50:38.447+0000] {processor.py:154} INFO - Started process (PID=320) to work on /home/airflow/.local/lib/python3.7/site-packages/airflow/example_dags/example_branch_python_dop_operator_3.py
[2022-11-30T15:50:38.448+0000] {processor.py:756} INFO - Processing file /home/airflow/.local/lib/python3.7/site-packages/airflow/example_dags/example_branch_python_dop_operator_3.py for tasks to queue
[2022-11-30T15:50:38.448+0000] {logging_mixin.py:137} INFO - [2022-11-30T15:50:38.448+0000] {dagbag.py:537} INFO - Filling up the DagBag from /home/airflow/.local/lib/python3.7/site-packages/airflow/example_dags/example_branch_python_dop_operator_3.py
[2022-11-30T15:50:38.464+0000] {processor.py:766} INFO - DAG(s) dict_keys(['example_branch_dop_operator_v3']) retrieved from /home/airflow/.local/lib/python3.7/site-packages/airflow/example_dags/example_branch_python_dop_operator_3.py
[2022-11-30T15:50:38.492+0000] {logging_mixin.py:137} INFO - [2022-11-30T15:50:38.491+0000] {dag.py:2585} INFO - Sync 1 DAGs
[2022-11-30T15:50:38.516+0000] {logging_mixin.py:137} INFO - [2022-11-30T15:50:38.516+0000] {dag.py:3340} INFO - Setting next_dagrun for example_branch_dop_operator_v3 to 2022-11-30T15:49:00+00:00, run_after=2022-11-30T15:50:00+00:00
[2022-11-30T15:50:38.663+0000] {processor.py:176} INFO - Processing /home/airflow/.local/lib/python3.7/site-packages/airflow/example_dags/example_branch_python_dop_operator_3.py took 0.218 seconds
[2022-11-30T15:51:08.966+0000] {processor.py:154} INFO - Started process (PID=383) to work on /home/airflow/.local/lib/python3.7/site-packages/airflow/example_dags/example_branch_python_dop_operator_3.py
[2022-11-30T15:51:08.967+0000] {processor.py:756} INFO - Processing file /home/airflow/.local/lib/python3.7/site-packages/airflow/example_dags/example_branch_python_dop_operator_3.py for tasks to queue
[2022-11-30T15:51:08.968+0000] {logging_mixin.py:137} INFO - [2022-11-30T15:51:08.967+0000] {dagbag.py:537} INFO - Filling up the DagBag from /home/airflow/.local/lib/python3.7/site-packages/airflow/example_dags/example_branch_python_dop_operator_3.py
[2022-11-30T15:51:08.986+0000] {processor.py:766} INFO - DAG(s) dict_keys(['example_branch_dop_operator_v3']) retrieved from /home/airflow/.local/lib/python3.7/site-packages/airflow/example_dags/example_branch_python_dop_operator_3.py
[2022-11-30T15:51:09.012+0000] {logging_mixin.py:137} INFO - [2022-11-30T15:51:09.012+0000] {dag.py:2585} INFO - Sync 1 DAGs
[2022-11-30T15:51:09.034+0000] {logging_mixin.py:137} INFO - [2022-11-30T15:51:09.034+0000] {dag.py:3340} INFO - Setting next_dagrun for example_branch_dop_operator_v3 to 2022-11-30T15:50:00+00:00, run_after=2022-11-30T15:51:00+00:00
[2022-11-30T15:51:09.101+0000] {processor.py:176} INFO - Processing /home/airflow/.local/lib/python3.7/site-packages/airflow/example_dags/example_branch_python_dop_operator_3.py took 0.137 seconds
[2022-11-30T15:51:39.756+0000] {processor.py:154} INFO - Started process (PID=438) to work on /home/airflow/.local/lib/python3.7/site-packages/airflow/example_dags/example_branch_python_dop_operator_3.py
[2022-11-30T15:51:39.756+0000] {processor.py:756} INFO - Processing file /home/airflow/.local/lib/python3.7/site-packages/airflow/example_dags/example_branch_python_dop_operator_3.py for tasks to queue
[2022-11-30T15:51:39.757+0000] {logging_mixin.py:137} INFO - [2022-11-30T15:51:39.757+0000] {dagbag.py:537} INFO - Filling up the DagBag from /home/airflow/.local/lib/python3.7/site-packages/airflow/example_dags/example_branch_python_dop_operator_3.py
[2022-11-30T15:51:39.773+0000] {processor.py:766} INFO - DAG(s) dict_keys(['example_branch_dop_operator_v3']) retrieved from /home/airflow/.local/lib/python3.7/site-packages/airflow/example_dags/example_branch_python_dop_operator_3.py
[2022-11-30T15:51:39.800+0000] {logging_mixin.py:137} INFO - [2022-11-30T15:51:39.799+0000] {dag.py:2585} INFO - Sync 1 DAGs
[2022-11-30T15:51:39.826+0000] {logging_mixin.py:137} INFO - [2022-11-30T15:51:39.826+0000] {dag.py:3340} INFO - Setting next_dagrun for example_branch_dop_operator_v3 to 2022-11-30T15:50:00+00:00, run_after=2022-11-30T15:51:00+00:00
[2022-11-30T15:51:39.914+0000] {processor.py:176} INFO - Processing /home/airflow/.local/lib/python3.7/site-packages/airflow/example_dags/example_branch_python_dop_operator_3.py took 0.160 seconds
[2022-11-30T15:52:10.139+0000] {processor.py:154} INFO - Started process (PID=501) to work on /home/airflow/.local/lib/python3.7/site-packages/airflow/example_dags/example_branch_python_dop_operator_3.py
[2022-11-30T15:52:10.140+0000] {processor.py:756} INFO - Processing file /home/airflow/.local/lib/python3.7/site-packages/airflow/example_dags/example_branch_python_dop_operator_3.py for tasks to queue
[2022-11-30T15:52:10.140+0000] {logging_mixin.py:137} INFO - [2022-11-30T15:52:10.140+0000] {dagbag.py:537} INFO - Filling up the DagBag from /home/airflow/.local/lib/python3.7/site-packages/airflow/example_dags/example_branch_python_dop_operator_3.py
[2022-11-30T15:52:10.160+0000] {processor.py:766} INFO - DAG(s) dict_keys(['example_branch_dop_operator_v3']) retrieved from /home/airflow/.local/lib/python3.7/site-packages/airflow/example_dags/example_branch_python_dop_operator_3.py
[2022-11-30T15:52:10.190+0000] {logging_mixin.py:137} INFO - [2022-11-30T15:52:10.190+0000] {dag.py:2585} INFO - Sync 1 DAGs
[2022-11-30T15:52:10.217+0000] {logging_mixin.py:137} INFO - [2022-11-30T15:52:10.217+0000] {dag.py:3340} INFO - Setting next_dagrun for example_branch_dop_operator_v3 to 2022-11-30T15:51:00+00:00, run_after=2022-11-30T15:52:00+00:00
[2022-11-30T15:52:10.287+0000] {processor.py:176} INFO - Processing /home/airflow/.local/lib/python3.7/site-packages/airflow/example_dags/example_branch_python_dop_operator_3.py took 0.151 seconds
[2022-11-30T15:52:40.640+0000] {processor.py:154} INFO - Started process (PID=564) to work on /home/airflow/.local/lib/python3.7/site-packages/airflow/example_dags/example_branch_python_dop_operator_3.py
[2022-11-30T15:52:40.640+0000] {processor.py:756} INFO - Processing file /home/airflow/.local/lib/python3.7/site-packages/airflow/example_dags/example_branch_python_dop_operator_3.py for tasks to queue
[2022-11-30T15:52:40.641+0000] {logging_mixin.py:137} INFO - [2022-11-30T15:52:40.641+0000] {dagbag.py:537} INFO - Filling up the DagBag from /home/airflow/.local/lib/python3.7/site-packages/airflow/example_dags/example_branch_python_dop_operator_3.py
[2022-11-30T15:52:40.657+0000] {processor.py:766} INFO - DAG(s) dict_keys(['example_branch_dop_operator_v3']) retrieved from /home/airflow/.local/lib/python3.7/site-packages/airflow/example_dags/example_branch_python_dop_operator_3.py
[2022-11-30T15:52:40.683+0000] {logging_mixin.py:137} INFO - [2022-11-30T15:52:40.683+0000] {dag.py:2585} INFO - Sync 1 DAGs
[2022-11-30T15:52:40.707+0000] {logging_mixin.py:137} INFO - [2022-11-30T15:52:40.707+0000] {dag.py:3340} INFO - Setting next_dagrun for example_branch_dop_operator_v3 to 2022-11-30T15:51:00+00:00, run_after=2022-11-30T15:52:00+00:00
[2022-11-30T15:52:40.773+0000] {processor.py:176} INFO - Processing /home/airflow/.local/lib/python3.7/site-packages/airflow/example_dags/example_branch_python_dop_operator_3.py took 0.135 seconds
[2022-11-30T15:53:11.152+0000] {processor.py:154} INFO - Started process (PID=627) to work on /home/airflow/.local/lib/python3.7/site-packages/airflow/example_dags/example_branch_python_dop_operator_3.py
[2022-11-30T15:53:11.153+0000] {processor.py:756} INFO - Processing file /home/airflow/.local/lib/python3.7/site-packages/airflow/example_dags/example_branch_python_dop_operator_3.py for tasks to queue
[2022-11-30T15:53:11.153+0000] {logging_mixin.py:137} INFO - [2022-11-30T15:53:11.153+0000] {dagbag.py:537} INFO - Filling up the DagBag from /home/airflow/.local/lib/python3.7/site-packages/airflow/example_dags/example_branch_python_dop_operator_3.py
[2022-11-30T15:53:11.169+0000] {processor.py:766} INFO - DAG(s) dict_keys(['example_branch_dop_operator_v3']) retrieved from /home/airflow/.local/lib/python3.7/site-packages/airflow/example_dags/example_branch_python_dop_operator_3.py
[2022-11-30T15:53:11.200+0000] {logging_mixin.py:137} INFO - [2022-11-30T15:53:11.199+0000] {dag.py:2585} INFO - Sync 1 DAGs
[2022-11-30T15:53:11.227+0000] {logging_mixin.py:137} INFO - [2022-11-30T15:53:11.227+0000] {dag.py:3340} INFO - Setting next_dagrun for example_branch_dop_operator_v3 to 2022-11-30T15:52:00+00:00, run_after=2022-11-30T15:53:00+00:00
[2022-11-30T15:53:11.293+0000] {processor.py:176} INFO - Processing /home/airflow/.local/lib/python3.7/site-packages/airflow/example_dags/example_branch_python_dop_operator_3.py took 0.143 seconds
[2022-11-30T15:53:41.833+0000] {processor.py:154} INFO - Started process (PID=681) to work on /home/airflow/.local/lib/python3.7/site-packages/airflow/example_dags/example_branch_python_dop_operator_3.py
[2022-11-30T15:53:41.834+0000] {processor.py:756} INFO - Processing file /home/airflow/.local/lib/python3.7/site-packages/airflow/example_dags/example_branch_python_dop_operator_3.py for tasks to queue
[2022-11-30T15:53:41.835+0000] {logging_mixin.py:137} INFO - [2022-11-30T15:53:41.835+0000] {dagbag.py:537} INFO - Filling up the DagBag from /home/airflow/.local/lib/python3.7/site-packages/airflow/example_dags/example_branch_python_dop_operator_3.py
[2022-11-30T15:53:41.850+0000] {processor.py:766} INFO - DAG(s) dict_keys(['example_branch_dop_operator_v3']) retrieved from /home/airflow/.local/lib/python3.7/site-packages/airflow/example_dags/example_branch_python_dop_operator_3.py
[2022-11-30T15:53:41.877+0000] {logging_mixin.py:137} INFO - [2022-11-30T15:53:41.877+0000] {dag.py:2585} INFO - Sync 1 DAGs
[2022-11-30T15:53:41.900+0000] {logging_mixin.py:137} INFO - [2022-11-30T15:53:41.900+0000] {dag.py:3340} INFO - Setting next_dagrun for example_branch_dop_operator_v3 to 2022-11-30T15:52:00+00:00, run_after=2022-11-30T15:53:00+00:00
[2022-11-30T15:53:41.971+0000] {processor.py:176} INFO - Processing /home/airflow/.local/lib/python3.7/site-packages/airflow/example_dags/example_branch_python_dop_operator_3.py took 0.139 seconds
[2022-11-30T15:54:12.304+0000] {processor.py:154} INFO - Started process (PID=744) to work on /home/airflow/.local/lib/python3.7/site-packages/airflow/example_dags/example_branch_python_dop_operator_3.py
[2022-11-30T15:54:12.305+0000] {processor.py:756} INFO - Processing file /home/airflow/.local/lib/python3.7/site-packages/airflow/example_dags/example_branch_python_dop_operator_3.py for tasks to queue
[2022-11-30T15:54:12.306+0000] {logging_mixin.py:137} INFO - [2022-11-30T15:54:12.306+0000] {dagbag.py:537} INFO - Filling up the DagBag from /home/airflow/.local/lib/python3.7/site-packages/airflow/example_dags/example_branch_python_dop_operator_3.py
[2022-11-30T15:54:12.322+0000] {processor.py:766} INFO - DAG(s) dict_keys(['example_branch_dop_operator_v3']) retrieved from /home/airflow/.local/lib/python3.7/site-packages/airflow/example_dags/example_branch_python_dop_operator_3.py
[2022-11-30T15:54:12.354+0000] {logging_mixin.py:137} INFO - [2022-11-30T15:54:12.354+0000] {dag.py:2585} INFO - Sync 1 DAGs
[2022-11-30T15:54:12.378+0000] {logging_mixin.py:137} INFO - [2022-11-30T15:54:12.378+0000] {dag.py:3340} INFO - Setting next_dagrun for example_branch_dop_operator_v3 to 2022-11-30T15:53:00+00:00, run_after=2022-11-30T15:54:00+00:00
[2022-11-30T15:54:12.450+0000] {processor.py:176} INFO - Processing /home/airflow/.local/lib/python3.7/site-packages/airflow/example_dags/example_branch_python_dop_operator_3.py took 0.147 seconds
[2022-11-30T15:54:42.675+0000] {processor.py:154} INFO - Started process (PID=807) to work on /home/airflow/.local/lib/python3.7/site-packages/airflow/example_dags/example_branch_python_dop_operator_3.py
[2022-11-30T15:54:42.676+0000] {processor.py:756} INFO - Processing file /home/airflow/.local/lib/python3.7/site-packages/airflow/example_dags/example_branch_python_dop_operator_3.py for tasks to queue
[2022-11-30T15:54:42.676+0000] {logging_mixin.py:137} INFO - [2022-11-30T15:54:42.676+0000] {dagbag.py:537} INFO - Filling up the DagBag from /home/airflow/.local/lib/python3.7/site-packages/airflow/example_dags/example_branch_python_dop_operator_3.py
[2022-11-30T15:54:42.693+0000] {processor.py:766} INFO - DAG(s) dict_keys(['example_branch_dop_operator_v3']) retrieved from /home/airflow/.local/lib/python3.7/site-packages/airflow/example_dags/example_branch_python_dop_operator_3.py
[2022-11-30T15:54:42.719+0000] {logging_mixin.py:137} INFO - [2022-11-30T15:54:42.719+0000] {dag.py:2585} INFO - Sync 1 DAGs
[2022-11-30T15:54:42.740+0000] {logging_mixin.py:137} INFO - [2022-11-30T15:54:42.740+0000] {dag.py:3340} INFO - Setting next_dagrun for example_branch_dop_operator_v3 to 2022-11-30T15:53:00+00:00, run_after=2022-11-30T15:54:00+00:00
[2022-11-30T15:54:42.810+0000] {processor.py:176} INFO - Processing /home/airflow/.local/lib/python3.7/site-packages/airflow/example_dags/example_branch_python_dop_operator_3.py took 0.137 seconds
[2022-11-30T15:55:13.329+0000] {processor.py:154} INFO - Started process (PID=861) to work on /home/airflow/.local/lib/python3.7/site-packages/airflow/example_dags/example_branch_python_dop_operator_3.py
[2022-11-30T15:55:13.330+0000] {processor.py:756} INFO - Processing file /home/airflow/.local/lib/python3.7/site-packages/airflow/example_dags/example_branch_python_dop_operator_3.py for tasks to queue
[2022-11-30T15:55:13.331+0000] {logging_mixin.py:137} INFO - [2022-11-30T15:55:13.331+0000] {dagbag.py:537} INFO - Filling up the DagBag from /home/airflow/.local/lib/python3.7/site-packages/airflow/example_dags/example_branch_python_dop_operator_3.py
[2022-11-30T15:55:13.350+0000] {processor.py:766} INFO - DAG(s) dict_keys(['example_branch_dop_operator_v3']) retrieved from /home/airflow/.local/lib/python3.7/site-packages/airflow/example_dags/example_branch_python_dop_operator_3.py
[2022-11-30T15:55:13.379+0000] {logging_mixin.py:137} INFO - [2022-11-30T15:55:13.379+0000] {dag.py:2585} INFO - Sync 1 DAGs
[2022-11-30T15:55:13.403+0000] {logging_mixin.py:137} INFO - [2022-11-30T15:55:13.403+0000] {dag.py:3340} INFO - Setting next_dagrun for example_branch_dop_operator_v3 to 2022-11-30T15:54:00+00:00, run_after=2022-11-30T15:55:00+00:00
[2022-11-30T15:55:13.458+0000] {processor.py:176} INFO - Processing /home/airflow/.local/lib/python3.7/site-packages/airflow/example_dags/example_branch_python_dop_operator_3.py took 0.132 seconds
