[2022-11-30T15:48:29.282+0000] {processor.py:154} INFO - Started process (PID=54) to work on /home/airflow/.local/lib/python3.7/site-packages/airflow/example_dags/example_branch_operator_decorator.py
[2022-11-30T15:48:29.282+0000] {processor.py:756} INFO - Processing file /home/airflow/.local/lib/python3.7/site-packages/airflow/example_dags/example_branch_operator_decorator.py for tasks to queue
[2022-11-30T15:48:29.283+0000] {logging_mixin.py:137} INFO - [2022-11-30T15:48:29.283+0000] {dagbag.py:537} INFO - Filling up the DagBag from /home/airflow/.local/lib/python3.7/site-packages/airflow/example_dags/example_branch_operator_decorator.py
[2022-11-30T15:48:29.319+0000] {processor.py:766} INFO - DAG(s) dict_keys(['example_branch_python_operator_decorator']) retrieved from /home/airflow/.local/lib/python3.7/site-packages/airflow/example_dags/example_branch_operator_decorator.py
[2022-11-30T15:48:29.569+0000] {logging_mixin.py:137} INFO - [2022-11-30T15:48:29.569+0000] {manager.py:507} INFO - Created Permission View: can edit on DAG:example_branch_python_operator_decorator
[2022-11-30T15:48:29.711+0000] {logging_mixin.py:137} INFO - [2022-11-30T15:48:29.710+0000] {manager.py:507} INFO - Created Permission View: can read on DAG:example_branch_python_operator_decorator
[2022-11-30T15:48:29.851+0000] {logging_mixin.py:137} INFO - [2022-11-30T15:48:29.851+0000] {manager.py:507} INFO - Created Permission View: can delete on DAG:example_branch_python_operator_decorator
[2022-11-30T15:48:29.852+0000] {logging_mixin.py:137} INFO - [2022-11-30T15:48:29.852+0000] {dag.py:2585} INFO - Sync 1 DAGs
[2022-11-30T15:48:29.867+0000] {logging_mixin.py:137} INFO - [2022-11-30T15:48:29.867+0000] {dag.py:2606} INFO - Creating ORM DAG for example_branch_python_operator_decorator
[2022-11-30T15:48:29.881+0000] {logging_mixin.py:137} INFO - [2022-11-30T15:48:29.881+0000] {dag.py:3340} INFO - Setting next_dagrun for example_branch_python_operator_decorator to 2022-11-29T00:00:00+00:00, run_after=2022-11-30T00:00:00+00:00
[2022-11-30T15:48:29.969+0000] {processor.py:176} INFO - Processing /home/airflow/.local/lib/python3.7/site-packages/airflow/example_dags/example_branch_operator_decorator.py took 0.689 seconds
[2022-11-30T15:49:00.973+0000] {processor.py:154} INFO - Started process (PID=110) to work on /home/airflow/.local/lib/python3.7/site-packages/airflow/example_dags/example_branch_operator_decorator.py
[2022-11-30T15:49:00.973+0000] {processor.py:756} INFO - Processing file /home/airflow/.local/lib/python3.7/site-packages/airflow/example_dags/example_branch_operator_decorator.py for tasks to queue
[2022-11-30T15:49:00.974+0000] {logging_mixin.py:137} INFO - [2022-11-30T15:49:00.974+0000] {dagbag.py:537} INFO - Filling up the DagBag from /home/airflow/.local/lib/python3.7/site-packages/airflow/example_dags/example_branch_operator_decorator.py
[2022-11-30T15:49:00.993+0000] {processor.py:766} INFO - DAG(s) dict_keys(['example_branch_python_operator_decorator']) retrieved from /home/airflow/.local/lib/python3.7/site-packages/airflow/example_dags/example_branch_operator_decorator.py
[2022-11-30T15:49:01.023+0000] {logging_mixin.py:137} INFO - [2022-11-30T15:49:01.023+0000] {dag.py:2585} INFO - Sync 1 DAGs
[2022-11-30T15:49:01.044+0000] {logging_mixin.py:137} INFO - [2022-11-30T15:49:01.044+0000] {dag.py:3340} INFO - Setting next_dagrun for example_branch_python_operator_decorator to 2022-11-29T00:00:00+00:00, run_after=2022-11-30T00:00:00+00:00
[2022-11-30T15:49:01.358+0000] {processor.py:176} INFO - Processing /home/airflow/.local/lib/python3.7/site-packages/airflow/example_dags/example_branch_operator_decorator.py took 0.387 seconds
[2022-11-30T15:49:31.828+0000] {processor.py:154} INFO - Started process (PID=174) to work on /home/airflow/.local/lib/python3.7/site-packages/airflow/example_dags/example_branch_operator_decorator.py
[2022-11-30T15:49:31.828+0000] {processor.py:756} INFO - Processing file /home/airflow/.local/lib/python3.7/site-packages/airflow/example_dags/example_branch_operator_decorator.py for tasks to queue
[2022-11-30T15:49:31.829+0000] {logging_mixin.py:137} INFO - [2022-11-30T15:49:31.829+0000] {dagbag.py:537} INFO - Filling up the DagBag from /home/airflow/.local/lib/python3.7/site-packages/airflow/example_dags/example_branch_operator_decorator.py
[2022-11-30T15:49:31.847+0000] {processor.py:766} INFO - DAG(s) dict_keys(['example_branch_python_operator_decorator']) retrieved from /home/airflow/.local/lib/python3.7/site-packages/airflow/example_dags/example_branch_operator_decorator.py
[2022-11-30T15:49:31.875+0000] {logging_mixin.py:137} INFO - [2022-11-30T15:49:31.875+0000] {dag.py:2585} INFO - Sync 1 DAGs
[2022-11-30T15:49:31.896+0000] {logging_mixin.py:137} INFO - [2022-11-30T15:49:31.896+0000] {dag.py:3340} INFO - Setting next_dagrun for example_branch_python_operator_decorator to 2022-11-29T00:00:00+00:00, run_after=2022-11-30T00:00:00+00:00
[2022-11-30T15:49:31.931+0000] {processor.py:176} INFO - Processing /home/airflow/.local/lib/python3.7/site-packages/airflow/example_dags/example_branch_operator_decorator.py took 0.106 seconds
[2022-11-30T15:50:02.510+0000] {processor.py:154} INFO - Started process (PID=237) to work on /home/airflow/.local/lib/python3.7/site-packages/airflow/example_dags/example_branch_operator_decorator.py
[2022-11-30T15:50:02.511+0000] {processor.py:756} INFO - Processing file /home/airflow/.local/lib/python3.7/site-packages/airflow/example_dags/example_branch_operator_decorator.py for tasks to queue
[2022-11-30T15:50:02.511+0000] {logging_mixin.py:137} INFO - [2022-11-30T15:50:02.511+0000] {dagbag.py:537} INFO - Filling up the DagBag from /home/airflow/.local/lib/python3.7/site-packages/airflow/example_dags/example_branch_operator_decorator.py
[2022-11-30T15:50:02.528+0000] {processor.py:766} INFO - DAG(s) dict_keys(['example_branch_python_operator_decorator']) retrieved from /home/airflow/.local/lib/python3.7/site-packages/airflow/example_dags/example_branch_operator_decorator.py
[2022-11-30T15:50:02.558+0000] {logging_mixin.py:137} INFO - [2022-11-30T15:50:02.558+0000] {dag.py:2585} INFO - Sync 1 DAGs
[2022-11-30T15:50:02.579+0000] {logging_mixin.py:137} INFO - [2022-11-30T15:50:02.578+0000] {dag.py:3340} INFO - Setting next_dagrun for example_branch_python_operator_decorator to 2022-11-29T00:00:00+00:00, run_after=2022-11-30T00:00:00+00:00
[2022-11-30T15:50:02.615+0000] {processor.py:176} INFO - Processing /home/airflow/.local/lib/python3.7/site-packages/airflow/example_dags/example_branch_operator_decorator.py took 0.106 seconds
[2022-11-30T15:50:32.833+0000] {processor.py:154} INFO - Started process (PID=291) to work on /home/airflow/.local/lib/python3.7/site-packages/airflow/example_dags/example_branch_operator_decorator.py
[2022-11-30T15:50:32.833+0000] {processor.py:756} INFO - Processing file /home/airflow/.local/lib/python3.7/site-packages/airflow/example_dags/example_branch_operator_decorator.py for tasks to queue
[2022-11-30T15:50:32.834+0000] {logging_mixin.py:137} INFO - [2022-11-30T15:50:32.834+0000] {dagbag.py:537} INFO - Filling up the DagBag from /home/airflow/.local/lib/python3.7/site-packages/airflow/example_dags/example_branch_operator_decorator.py
[2022-11-30T15:50:32.850+0000] {processor.py:766} INFO - DAG(s) dict_keys(['example_branch_python_operator_decorator']) retrieved from /home/airflow/.local/lib/python3.7/site-packages/airflow/example_dags/example_branch_operator_decorator.py
[2022-11-30T15:50:32.879+0000] {logging_mixin.py:137} INFO - [2022-11-30T15:50:32.879+0000] {dag.py:2585} INFO - Sync 1 DAGs
[2022-11-30T15:50:32.898+0000] {logging_mixin.py:137} INFO - [2022-11-30T15:50:32.898+0000] {dag.py:3340} INFO - Setting next_dagrun for example_branch_python_operator_decorator to 2022-11-29T00:00:00+00:00, run_after=2022-11-30T00:00:00+00:00
[2022-11-30T15:50:33.002+0000] {processor.py:176} INFO - Processing /home/airflow/.local/lib/python3.7/site-packages/airflow/example_dags/example_branch_operator_decorator.py took 0.171 seconds
[2022-11-30T15:51:03.538+0000] {processor.py:154} INFO - Started process (PID=354) to work on /home/airflow/.local/lib/python3.7/site-packages/airflow/example_dags/example_branch_operator_decorator.py
[2022-11-30T15:51:03.539+0000] {processor.py:756} INFO - Processing file /home/airflow/.local/lib/python3.7/site-packages/airflow/example_dags/example_branch_operator_decorator.py for tasks to queue
[2022-11-30T15:51:03.539+0000] {logging_mixin.py:137} INFO - [2022-11-30T15:51:03.539+0000] {dagbag.py:537} INFO - Filling up the DagBag from /home/airflow/.local/lib/python3.7/site-packages/airflow/example_dags/example_branch_operator_decorator.py
[2022-11-30T15:51:03.557+0000] {processor.py:766} INFO - DAG(s) dict_keys(['example_branch_python_operator_decorator']) retrieved from /home/airflow/.local/lib/python3.7/site-packages/airflow/example_dags/example_branch_operator_decorator.py
[2022-11-30T15:51:03.584+0000] {logging_mixin.py:137} INFO - [2022-11-30T15:51:03.584+0000] {dag.py:2585} INFO - Sync 1 DAGs
[2022-11-30T15:51:03.604+0000] {logging_mixin.py:137} INFO - [2022-11-30T15:51:03.604+0000] {dag.py:3340} INFO - Setting next_dagrun for example_branch_python_operator_decorator to 2022-11-29T00:00:00+00:00, run_after=2022-11-30T00:00:00+00:00
[2022-11-30T15:51:03.659+0000] {processor.py:176} INFO - Processing /home/airflow/.local/lib/python3.7/site-packages/airflow/example_dags/example_branch_operator_decorator.py took 0.123 seconds
[2022-11-30T15:51:34.111+0000] {processor.py:154} INFO - Started process (PID=418) to work on /home/airflow/.local/lib/python3.7/site-packages/airflow/example_dags/example_branch_operator_decorator.py
[2022-11-30T15:51:34.112+0000] {processor.py:756} INFO - Processing file /home/airflow/.local/lib/python3.7/site-packages/airflow/example_dags/example_branch_operator_decorator.py for tasks to queue
[2022-11-30T15:51:34.113+0000] {logging_mixin.py:137} INFO - [2022-11-30T15:51:34.113+0000] {dagbag.py:537} INFO - Filling up the DagBag from /home/airflow/.local/lib/python3.7/site-packages/airflow/example_dags/example_branch_operator_decorator.py
[2022-11-30T15:51:34.130+0000] {processor.py:766} INFO - DAG(s) dict_keys(['example_branch_python_operator_decorator']) retrieved from /home/airflow/.local/lib/python3.7/site-packages/airflow/example_dags/example_branch_operator_decorator.py
[2022-11-30T15:51:34.161+0000] {logging_mixin.py:137} INFO - [2022-11-30T15:51:34.161+0000] {dag.py:2585} INFO - Sync 1 DAGs
[2022-11-30T15:51:34.184+0000] {logging_mixin.py:137} INFO - [2022-11-30T15:51:34.184+0000] {dag.py:3340} INFO - Setting next_dagrun for example_branch_python_operator_decorator to 2022-11-29T00:00:00+00:00, run_after=2022-11-30T00:00:00+00:00
[2022-11-30T15:51:34.222+0000] {processor.py:176} INFO - Processing /home/airflow/.local/lib/python3.7/site-packages/airflow/example_dags/example_branch_operator_decorator.py took 0.113 seconds
[2022-11-30T15:52:04.834+0000] {processor.py:154} INFO - Started process (PID=481) to work on /home/airflow/.local/lib/python3.7/site-packages/airflow/example_dags/example_branch_operator_decorator.py
[2022-11-30T15:52:04.835+0000] {processor.py:756} INFO - Processing file /home/airflow/.local/lib/python3.7/site-packages/airflow/example_dags/example_branch_operator_decorator.py for tasks to queue
[2022-11-30T15:52:04.835+0000] {logging_mixin.py:137} INFO - [2022-11-30T15:52:04.835+0000] {dagbag.py:537} INFO - Filling up the DagBag from /home/airflow/.local/lib/python3.7/site-packages/airflow/example_dags/example_branch_operator_decorator.py
[2022-11-30T15:52:04.853+0000] {processor.py:766} INFO - DAG(s) dict_keys(['example_branch_python_operator_decorator']) retrieved from /home/airflow/.local/lib/python3.7/site-packages/airflow/example_dags/example_branch_operator_decorator.py
[2022-11-30T15:52:04.883+0000] {logging_mixin.py:137} INFO - [2022-11-30T15:52:04.883+0000] {dag.py:2585} INFO - Sync 1 DAGs
[2022-11-30T15:52:04.904+0000] {logging_mixin.py:137} INFO - [2022-11-30T15:52:04.904+0000] {dag.py:3340} INFO - Setting next_dagrun for example_branch_python_operator_decorator to 2022-11-29T00:00:00+00:00, run_after=2022-11-30T00:00:00+00:00
[2022-11-30T15:52:04.958+0000] {processor.py:176} INFO - Processing /home/airflow/.local/lib/python3.7/site-packages/airflow/example_dags/example_branch_operator_decorator.py took 0.126 seconds
[2022-11-30T15:52:35.271+0000] {processor.py:154} INFO - Started process (PID=535) to work on /home/airflow/.local/lib/python3.7/site-packages/airflow/example_dags/example_branch_operator_decorator.py
[2022-11-30T15:52:35.272+0000] {processor.py:756} INFO - Processing file /home/airflow/.local/lib/python3.7/site-packages/airflow/example_dags/example_branch_operator_decorator.py for tasks to queue
[2022-11-30T15:52:35.273+0000] {logging_mixin.py:137} INFO - [2022-11-30T15:52:35.273+0000] {dagbag.py:537} INFO - Filling up the DagBag from /home/airflow/.local/lib/python3.7/site-packages/airflow/example_dags/example_branch_operator_decorator.py
[2022-11-30T15:52:35.290+0000] {processor.py:766} INFO - DAG(s) dict_keys(['example_branch_python_operator_decorator']) retrieved from /home/airflow/.local/lib/python3.7/site-packages/airflow/example_dags/example_branch_operator_decorator.py
[2022-11-30T15:52:35.320+0000] {logging_mixin.py:137} INFO - [2022-11-30T15:52:35.319+0000] {dag.py:2585} INFO - Sync 1 DAGs
[2022-11-30T15:52:35.340+0000] {logging_mixin.py:137} INFO - [2022-11-30T15:52:35.340+0000] {dag.py:3340} INFO - Setting next_dagrun for example_branch_python_operator_decorator to 2022-11-29T00:00:00+00:00, run_after=2022-11-30T00:00:00+00:00
[2022-11-30T15:52:35.377+0000] {processor.py:176} INFO - Processing /home/airflow/.local/lib/python3.7/site-packages/airflow/example_dags/example_branch_operator_decorator.py took 0.107 seconds
[2022-11-30T15:53:05.781+0000] {processor.py:154} INFO - Started process (PID=598) to work on /home/airflow/.local/lib/python3.7/site-packages/airflow/example_dags/example_branch_operator_decorator.py
[2022-11-30T15:53:05.781+0000] {processor.py:756} INFO - Processing file /home/airflow/.local/lib/python3.7/site-packages/airflow/example_dags/example_branch_operator_decorator.py for tasks to queue
[2022-11-30T15:53:05.782+0000] {logging_mixin.py:137} INFO - [2022-11-30T15:53:05.782+0000] {dagbag.py:537} INFO - Filling up the DagBag from /home/airflow/.local/lib/python3.7/site-packages/airflow/example_dags/example_branch_operator_decorator.py
[2022-11-30T15:53:05.802+0000] {processor.py:766} INFO - DAG(s) dict_keys(['example_branch_python_operator_decorator']) retrieved from /home/airflow/.local/lib/python3.7/site-packages/airflow/example_dags/example_branch_operator_decorator.py
[2022-11-30T15:53:05.831+0000] {logging_mixin.py:137} INFO - [2022-11-30T15:53:05.831+0000] {dag.py:2585} INFO - Sync 1 DAGs
[2022-11-30T15:53:05.852+0000] {logging_mixin.py:137} INFO - [2022-11-30T15:53:05.852+0000] {dag.py:3340} INFO - Setting next_dagrun for example_branch_python_operator_decorator to 2022-11-29T00:00:00+00:00, run_after=2022-11-30T00:00:00+00:00
[2022-11-30T15:53:05.949+0000] {processor.py:176} INFO - Processing /home/airflow/.local/lib/python3.7/site-packages/airflow/example_dags/example_branch_operator_decorator.py took 0.170 seconds
[2022-11-30T15:53:36.352+0000] {processor.py:154} INFO - Started process (PID=661) to work on /home/airflow/.local/lib/python3.7/site-packages/airflow/example_dags/example_branch_operator_decorator.py
[2022-11-30T15:53:36.353+0000] {processor.py:756} INFO - Processing file /home/airflow/.local/lib/python3.7/site-packages/airflow/example_dags/example_branch_operator_decorator.py for tasks to queue
[2022-11-30T15:53:36.354+0000] {logging_mixin.py:137} INFO - [2022-11-30T15:53:36.353+0000] {dagbag.py:537} INFO - Filling up the DagBag from /home/airflow/.local/lib/python3.7/site-packages/airflow/example_dags/example_branch_operator_decorator.py
[2022-11-30T15:53:36.372+0000] {processor.py:766} INFO - DAG(s) dict_keys(['example_branch_python_operator_decorator']) retrieved from /home/airflow/.local/lib/python3.7/site-packages/airflow/example_dags/example_branch_operator_decorator.py
[2022-11-30T15:53:36.399+0000] {logging_mixin.py:137} INFO - [2022-11-30T15:53:36.399+0000] {dag.py:2585} INFO - Sync 1 DAGs
[2022-11-30T15:53:36.420+0000] {logging_mixin.py:137} INFO - [2022-11-30T15:53:36.420+0000] {dag.py:3340} INFO - Setting next_dagrun for example_branch_python_operator_decorator to 2022-11-29T00:00:00+00:00, run_after=2022-11-30T00:00:00+00:00
[2022-11-30T15:53:36.464+0000] {processor.py:176} INFO - Processing /home/airflow/.local/lib/python3.7/site-packages/airflow/example_dags/example_branch_operator_decorator.py took 0.113 seconds
[2022-11-30T15:54:06.919+0000] {processor.py:154} INFO - Started process (PID=717) to work on /home/airflow/.local/lib/python3.7/site-packages/airflow/example_dags/example_branch_operator_decorator.py
[2022-11-30T15:54:06.919+0000] {processor.py:756} INFO - Processing file /home/airflow/.local/lib/python3.7/site-packages/airflow/example_dags/example_branch_operator_decorator.py for tasks to queue
[2022-11-30T15:54:06.920+0000] {logging_mixin.py:137} INFO - [2022-11-30T15:54:06.920+0000] {dagbag.py:537} INFO - Filling up the DagBag from /home/airflow/.local/lib/python3.7/site-packages/airflow/example_dags/example_branch_operator_decorator.py
[2022-11-30T15:54:06.939+0000] {processor.py:766} INFO - DAG(s) dict_keys(['example_branch_python_operator_decorator']) retrieved from /home/airflow/.local/lib/python3.7/site-packages/airflow/example_dags/example_branch_operator_decorator.py
[2022-11-30T15:54:06.970+0000] {logging_mixin.py:137} INFO - [2022-11-30T15:54:06.970+0000] {dag.py:2585} INFO - Sync 1 DAGs
[2022-11-30T15:54:06.991+0000] {logging_mixin.py:137} INFO - [2022-11-30T15:54:06.991+0000] {dag.py:3340} INFO - Setting next_dagrun for example_branch_python_operator_decorator to 2022-11-29T00:00:00+00:00, run_after=2022-11-30T00:00:00+00:00
[2022-11-30T15:54:07.037+0000] {processor.py:176} INFO - Processing /home/airflow/.local/lib/python3.7/site-packages/airflow/example_dags/example_branch_operator_decorator.py took 0.121 seconds
[2022-11-30T15:54:37.355+0000] {processor.py:154} INFO - Started process (PID=778) to work on /home/airflow/.local/lib/python3.7/site-packages/airflow/example_dags/example_branch_operator_decorator.py
[2022-11-30T15:54:37.355+0000] {processor.py:756} INFO - Processing file /home/airflow/.local/lib/python3.7/site-packages/airflow/example_dags/example_branch_operator_decorator.py for tasks to queue
[2022-11-30T15:54:37.356+0000] {logging_mixin.py:137} INFO - [2022-11-30T15:54:37.356+0000] {dagbag.py:537} INFO - Filling up the DagBag from /home/airflow/.local/lib/python3.7/site-packages/airflow/example_dags/example_branch_operator_decorator.py
[2022-11-30T15:54:37.373+0000] {processor.py:766} INFO - DAG(s) dict_keys(['example_branch_python_operator_decorator']) retrieved from /home/airflow/.local/lib/python3.7/site-packages/airflow/example_dags/example_branch_operator_decorator.py
[2022-11-30T15:54:37.404+0000] {logging_mixin.py:137} INFO - [2022-11-30T15:54:37.404+0000] {dag.py:2585} INFO - Sync 1 DAGs
[2022-11-30T15:54:37.423+0000] {logging_mixin.py:137} INFO - [2022-11-30T15:54:37.423+0000] {dag.py:3340} INFO - Setting next_dagrun for example_branch_python_operator_decorator to 2022-11-29T00:00:00+00:00, run_after=2022-11-30T00:00:00+00:00
[2022-11-30T15:54:37.461+0000] {processor.py:176} INFO - Processing /home/airflow/.local/lib/python3.7/site-packages/airflow/example_dags/example_branch_operator_decorator.py took 0.107 seconds
[2022-11-30T15:55:07.938+0000] {processor.py:154} INFO - Started process (PID=841) to work on /home/airflow/.local/lib/python3.7/site-packages/airflow/example_dags/example_branch_operator_decorator.py
[2022-11-30T15:55:07.938+0000] {processor.py:756} INFO - Processing file /home/airflow/.local/lib/python3.7/site-packages/airflow/example_dags/example_branch_operator_decorator.py for tasks to queue
[2022-11-30T15:55:07.939+0000] {logging_mixin.py:137} INFO - [2022-11-30T15:55:07.939+0000] {dagbag.py:537} INFO - Filling up the DagBag from /home/airflow/.local/lib/python3.7/site-packages/airflow/example_dags/example_branch_operator_decorator.py
[2022-11-30T15:55:07.962+0000] {processor.py:766} INFO - DAG(s) dict_keys(['example_branch_python_operator_decorator']) retrieved from /home/airflow/.local/lib/python3.7/site-packages/airflow/example_dags/example_branch_operator_decorator.py
[2022-11-30T15:55:07.990+0000] {logging_mixin.py:137} INFO - [2022-11-30T15:55:07.990+0000] {dag.py:2585} INFO - Sync 1 DAGs
[2022-11-30T15:55:08.011+0000] {logging_mixin.py:137} INFO - [2022-11-30T15:55:08.010+0000] {dag.py:3340} INFO - Setting next_dagrun for example_branch_python_operator_decorator to 2022-11-29T00:00:00+00:00, run_after=2022-11-30T00:00:00+00:00
[2022-11-30T15:55:08.089+0000] {processor.py:176} INFO - Processing /home/airflow/.local/lib/python3.7/site-packages/airflow/example_dags/example_branch_operator_decorator.py took 0.153 seconds
