[2022-11-30T15:48:34.650+0000] {processor.py:154} INFO - Started process (PID=74) to work on /home/airflow/.local/lib/python3.7/site-packages/airflow/example_dags/example_branch_datetime_operator.py
[2022-11-30T15:48:34.651+0000] {processor.py:756} INFO - Processing file /home/airflow/.local/lib/python3.7/site-packages/airflow/example_dags/example_branch_datetime_operator.py for tasks to queue
[2022-11-30T15:48:34.651+0000] {logging_mixin.py:137} INFO - [2022-11-30T15:48:34.651+0000] {dagbag.py:537} INFO - Filling up the DagBag from /home/airflow/.local/lib/python3.7/site-packages/airflow/example_dags/example_branch_datetime_operator.py
[2022-11-30T15:48:34.665+0000] {processor.py:766} INFO - DAG(s) dict_keys(['example_branch_datetime_operator', 'example_branch_datetime_operator_2', 'example_branch_datetime_operator_3']) retrieved from /home/airflow/.local/lib/python3.7/site-packages/airflow/example_dags/example_branch_datetime_operator.py
[2022-11-30T15:48:34.821+0000] {logging_mixin.py:137} INFO - [2022-11-30T15:48:34.821+0000] {manager.py:507} INFO - Created Permission View: can edit on DAG:example_branch_datetime_operator
[2022-11-30T15:48:34.869+0000] {logging_mixin.py:137} INFO - [2022-11-30T15:48:34.868+0000] {manager.py:507} INFO - Created Permission View: can read on DAG:example_branch_datetime_operator
[2022-11-30T15:48:34.893+0000] {logging_mixin.py:137} INFO - [2022-11-30T15:48:34.893+0000] {manager.py:507} INFO - Created Permission View: can delete on DAG:example_branch_datetime_operator
[2022-11-30T15:48:34.993+0000] {logging_mixin.py:137} INFO - [2022-11-30T15:48:34.993+0000] {manager.py:507} INFO - Created Permission View: can edit on DAG:example_branch_datetime_operator_2
[2022-11-30T15:48:35.044+0000] {logging_mixin.py:137} INFO - [2022-11-30T15:48:35.043+0000] {manager.py:507} INFO - Created Permission View: can read on DAG:example_branch_datetime_operator_2
[2022-11-30T15:48:35.093+0000] {logging_mixin.py:137} INFO - [2022-11-30T15:48:35.093+0000] {manager.py:507} INFO - Created Permission View: can delete on DAG:example_branch_datetime_operator_2
[2022-11-30T15:48:35.369+0000] {logging_mixin.py:137} INFO - [2022-11-30T15:48:35.369+0000] {manager.py:507} INFO - Created Permission View: can edit on DAG:example_branch_datetime_operator_3
[2022-11-30T15:48:35.410+0000] {logging_mixin.py:137} INFO - [2022-11-30T15:48:35.410+0000] {manager.py:507} INFO - Created Permission View: can read on DAG:example_branch_datetime_operator_3
[2022-11-30T15:48:35.520+0000] {logging_mixin.py:137} INFO - [2022-11-30T15:48:35.520+0000] {manager.py:507} INFO - Created Permission View: can delete on DAG:example_branch_datetime_operator_3
[2022-11-30T15:48:35.520+0000] {logging_mixin.py:137} INFO - [2022-11-30T15:48:35.520+0000] {dag.py:2585} INFO - Sync 3 DAGs
[2022-11-30T15:48:35.531+0000] {logging_mixin.py:137} INFO - [2022-11-30T15:48:35.531+0000] {dag.py:2606} INFO - Creating ORM DAG for example_branch_datetime_operator_2
[2022-11-30T15:48:35.532+0000] {logging_mixin.py:137} INFO - [2022-11-30T15:48:35.532+0000] {dag.py:2606} INFO - Creating ORM DAG for example_branch_datetime_operator_3
[2022-11-30T15:48:35.532+0000] {logging_mixin.py:137} INFO - [2022-11-30T15:48:35.532+0000] {dag.py:2606} INFO - Creating ORM DAG for example_branch_datetime_operator
[2022-11-30T15:48:35.542+0000] {logging_mixin.py:137} INFO - [2022-11-30T15:48:35.542+0000] {dag.py:3340} INFO - Setting next_dagrun for example_branch_datetime_operator to 2022-11-29T00:00:00+00:00, run_after=2022-11-30T00:00:00+00:00
[2022-11-30T15:48:35.544+0000] {logging_mixin.py:137} INFO - [2022-11-30T15:48:35.544+0000] {dag.py:3340} INFO - Setting next_dagrun for example_branch_datetime_operator_2 to 2022-11-29T00:00:00+00:00, run_after=2022-11-30T00:00:00+00:00
[2022-11-30T15:48:35.545+0000] {logging_mixin.py:137} INFO - [2022-11-30T15:48:35.545+0000] {dag.py:3340} INFO - Setting next_dagrun for example_branch_datetime_operator_3 to 2022-11-29T00:00:00+00:00, run_after=2022-11-30T00:00:00+00:00
[2022-11-30T15:48:35.680+0000] {processor.py:176} INFO - Processing /home/airflow/.local/lib/python3.7/site-packages/airflow/example_dags/example_branch_datetime_operator.py took 1.031 seconds
[2022-11-30T15:49:06.122+0000] {processor.py:154} INFO - Started process (PID=137) to work on /home/airflow/.local/lib/python3.7/site-packages/airflow/example_dags/example_branch_datetime_operator.py
[2022-11-30T15:49:06.123+0000] {processor.py:756} INFO - Processing file /home/airflow/.local/lib/python3.7/site-packages/airflow/example_dags/example_branch_datetime_operator.py for tasks to queue
[2022-11-30T15:49:06.123+0000] {logging_mixin.py:137} INFO - [2022-11-30T15:49:06.123+0000] {dagbag.py:537} INFO - Filling up the DagBag from /home/airflow/.local/lib/python3.7/site-packages/airflow/example_dags/example_branch_datetime_operator.py
[2022-11-30T15:49:06.142+0000] {processor.py:766} INFO - DAG(s) dict_keys(['example_branch_datetime_operator_3', 'example_branch_datetime_operator_2', 'example_branch_datetime_operator']) retrieved from /home/airflow/.local/lib/python3.7/site-packages/airflow/example_dags/example_branch_datetime_operator.py
[2022-11-30T15:49:06.180+0000] {logging_mixin.py:137} INFO - [2022-11-30T15:49:06.180+0000] {dag.py:2585} INFO - Sync 3 DAGs
[2022-11-30T15:49:06.202+0000] {logging_mixin.py:137} INFO - [2022-11-30T15:49:06.201+0000] {dag.py:3340} INFO - Setting next_dagrun for example_branch_datetime_operator to 2022-11-29T00:00:00+00:00, run_after=2022-11-30T00:00:00+00:00
[2022-11-30T15:49:06.206+0000] {logging_mixin.py:137} INFO - [2022-11-30T15:49:06.206+0000] {dag.py:3340} INFO - Setting next_dagrun for example_branch_datetime_operator_2 to 2022-11-29T00:00:00+00:00, run_after=2022-11-30T00:00:00+00:00
[2022-11-30T15:49:06.208+0000] {logging_mixin.py:137} INFO - [2022-11-30T15:49:06.208+0000] {dag.py:3340} INFO - Setting next_dagrun for example_branch_datetime_operator_3 to 2022-11-29T00:00:00+00:00, run_after=2022-11-30T00:00:00+00:00
[2022-11-30T15:49:06.441+0000] {processor.py:176} INFO - Processing /home/airflow/.local/lib/python3.7/site-packages/airflow/example_dags/example_branch_datetime_operator.py took 0.321 seconds
[2022-11-30T15:49:36.468+0000] {processor.py:154} INFO - Started process (PID=193) to work on /home/airflow/.local/lib/python3.7/site-packages/airflow/example_dags/example_branch_datetime_operator.py
[2022-11-30T15:49:36.469+0000] {processor.py:756} INFO - Processing file /home/airflow/.local/lib/python3.7/site-packages/airflow/example_dags/example_branch_datetime_operator.py for tasks to queue
[2022-11-30T15:49:36.469+0000] {logging_mixin.py:137} INFO - [2022-11-30T15:49:36.469+0000] {dagbag.py:537} INFO - Filling up the DagBag from /home/airflow/.local/lib/python3.7/site-packages/airflow/example_dags/example_branch_datetime_operator.py
[2022-11-30T15:49:36.482+0000] {processor.py:766} INFO - DAG(s) dict_keys(['example_branch_datetime_operator_3', 'example_branch_datetime_operator', 'example_branch_datetime_operator_2']) retrieved from /home/airflow/.local/lib/python3.7/site-packages/airflow/example_dags/example_branch_datetime_operator.py
[2022-11-30T15:49:36.512+0000] {logging_mixin.py:137} INFO - [2022-11-30T15:49:36.512+0000] {dag.py:2585} INFO - Sync 3 DAGs
[2022-11-30T15:49:36.533+0000] {logging_mixin.py:137} INFO - [2022-11-30T15:49:36.533+0000] {dag.py:3340} INFO - Setting next_dagrun for example_branch_datetime_operator to 2022-11-29T00:00:00+00:00, run_after=2022-11-30T00:00:00+00:00
[2022-11-30T15:49:36.537+0000] {logging_mixin.py:137} INFO - [2022-11-30T15:49:36.537+0000] {dag.py:3340} INFO - Setting next_dagrun for example_branch_datetime_operator_2 to 2022-11-29T00:00:00+00:00, run_after=2022-11-30T00:00:00+00:00
[2022-11-30T15:49:36.539+0000] {logging_mixin.py:137} INFO - [2022-11-30T15:49:36.539+0000] {dag.py:3340} INFO - Setting next_dagrun for example_branch_datetime_operator_3 to 2022-11-29T00:00:00+00:00, run_after=2022-11-30T00:00:00+00:00
[2022-11-30T15:49:36.608+0000] {processor.py:176} INFO - Processing /home/airflow/.local/lib/python3.7/site-packages/airflow/example_dags/example_branch_datetime_operator.py took 0.142 seconds
[2022-11-30T15:50:06.669+0000] {processor.py:154} INFO - Started process (PID=255) to work on /home/airflow/.local/lib/python3.7/site-packages/airflow/example_dags/example_branch_datetime_operator.py
[2022-11-30T15:50:06.670+0000] {processor.py:756} INFO - Processing file /home/airflow/.local/lib/python3.7/site-packages/airflow/example_dags/example_branch_datetime_operator.py for tasks to queue
[2022-11-30T15:50:06.670+0000] {logging_mixin.py:137} INFO - [2022-11-30T15:50:06.670+0000] {dagbag.py:537} INFO - Filling up the DagBag from /home/airflow/.local/lib/python3.7/site-packages/airflow/example_dags/example_branch_datetime_operator.py
[2022-11-30T15:50:06.683+0000] {processor.py:766} INFO - DAG(s) dict_keys(['example_branch_datetime_operator', 'example_branch_datetime_operator_3', 'example_branch_datetime_operator_2']) retrieved from /home/airflow/.local/lib/python3.7/site-packages/airflow/example_dags/example_branch_datetime_operator.py
[2022-11-30T15:50:06.717+0000] {logging_mixin.py:137} INFO - [2022-11-30T15:50:06.716+0000] {dag.py:2585} INFO - Sync 3 DAGs
[2022-11-30T15:50:06.739+0000] {logging_mixin.py:137} INFO - [2022-11-30T15:50:06.739+0000] {dag.py:3340} INFO - Setting next_dagrun for example_branch_datetime_operator to 2022-11-29T00:00:00+00:00, run_after=2022-11-30T00:00:00+00:00
[2022-11-30T15:50:06.743+0000] {logging_mixin.py:137} INFO - [2022-11-30T15:50:06.743+0000] {dag.py:3340} INFO - Setting next_dagrun for example_branch_datetime_operator_2 to 2022-11-29T00:00:00+00:00, run_after=2022-11-30T00:00:00+00:00
[2022-11-30T15:50:06.746+0000] {logging_mixin.py:137} INFO - [2022-11-30T15:50:06.746+0000] {dag.py:3340} INFO - Setting next_dagrun for example_branch_datetime_operator_3 to 2022-11-29T00:00:00+00:00, run_after=2022-11-30T00:00:00+00:00
[2022-11-30T15:50:06.813+0000] {processor.py:176} INFO - Processing /home/airflow/.local/lib/python3.7/site-packages/airflow/example_dags/example_branch_datetime_operator.py took 0.146 seconds
[2022-11-30T15:50:37.288+0000] {processor.py:154} INFO - Started process (PID=318) to work on /home/airflow/.local/lib/python3.7/site-packages/airflow/example_dags/example_branch_datetime_operator.py
[2022-11-30T15:50:37.288+0000] {processor.py:756} INFO - Processing file /home/airflow/.local/lib/python3.7/site-packages/airflow/example_dags/example_branch_datetime_operator.py for tasks to queue
[2022-11-30T15:50:37.289+0000] {logging_mixin.py:137} INFO - [2022-11-30T15:50:37.289+0000] {dagbag.py:537} INFO - Filling up the DagBag from /home/airflow/.local/lib/python3.7/site-packages/airflow/example_dags/example_branch_datetime_operator.py
[2022-11-30T15:50:37.302+0000] {processor.py:766} INFO - DAG(s) dict_keys(['example_branch_datetime_operator', 'example_branch_datetime_operator_2', 'example_branch_datetime_operator_3']) retrieved from /home/airflow/.local/lib/python3.7/site-packages/airflow/example_dags/example_branch_datetime_operator.py
[2022-11-30T15:50:37.341+0000] {logging_mixin.py:137} INFO - [2022-11-30T15:50:37.341+0000] {dag.py:2585} INFO - Sync 3 DAGs
[2022-11-30T15:50:37.362+0000] {logging_mixin.py:137} INFO - [2022-11-30T15:50:37.362+0000] {dag.py:3340} INFO - Setting next_dagrun for example_branch_datetime_operator to 2022-11-29T00:00:00+00:00, run_after=2022-11-30T00:00:00+00:00
[2022-11-30T15:50:37.367+0000] {logging_mixin.py:137} INFO - [2022-11-30T15:50:37.367+0000] {dag.py:3340} INFO - Setting next_dagrun for example_branch_datetime_operator_2 to 2022-11-29T00:00:00+00:00, run_after=2022-11-30T00:00:00+00:00
[2022-11-30T15:50:37.369+0000] {logging_mixin.py:137} INFO - [2022-11-30T15:50:37.369+0000] {dag.py:3340} INFO - Setting next_dagrun for example_branch_datetime_operator_3 to 2022-11-29T00:00:00+00:00, run_after=2022-11-30T00:00:00+00:00
[2022-11-30T15:50:37.421+0000] {processor.py:176} INFO - Processing /home/airflow/.local/lib/python3.7/site-packages/airflow/example_dags/example_branch_datetime_operator.py took 0.135 seconds
[2022-11-30T15:51:07.818+0000] {processor.py:154} INFO - Started process (PID=381) to work on /home/airflow/.local/lib/python3.7/site-packages/airflow/example_dags/example_branch_datetime_operator.py
[2022-11-30T15:51:07.819+0000] {processor.py:756} INFO - Processing file /home/airflow/.local/lib/python3.7/site-packages/airflow/example_dags/example_branch_datetime_operator.py for tasks to queue
[2022-11-30T15:51:07.820+0000] {logging_mixin.py:137} INFO - [2022-11-30T15:51:07.819+0000] {dagbag.py:537} INFO - Filling up the DagBag from /home/airflow/.local/lib/python3.7/site-packages/airflow/example_dags/example_branch_datetime_operator.py
[2022-11-30T15:51:07.832+0000] {processor.py:766} INFO - DAG(s) dict_keys(['example_branch_datetime_operator_3', 'example_branch_datetime_operator_2', 'example_branch_datetime_operator']) retrieved from /home/airflow/.local/lib/python3.7/site-packages/airflow/example_dags/example_branch_datetime_operator.py
[2022-11-30T15:51:07.867+0000] {logging_mixin.py:137} INFO - [2022-11-30T15:51:07.867+0000] {dag.py:2585} INFO - Sync 3 DAGs
[2022-11-30T15:51:07.887+0000] {logging_mixin.py:137} INFO - [2022-11-30T15:51:07.887+0000] {dag.py:3340} INFO - Setting next_dagrun for example_branch_datetime_operator to 2022-11-29T00:00:00+00:00, run_after=2022-11-30T00:00:00+00:00
[2022-11-30T15:51:07.891+0000] {logging_mixin.py:137} INFO - [2022-11-30T15:51:07.891+0000] {dag.py:3340} INFO - Setting next_dagrun for example_branch_datetime_operator_2 to 2022-11-29T00:00:00+00:00, run_after=2022-11-30T00:00:00+00:00
[2022-11-30T15:51:07.893+0000] {logging_mixin.py:137} INFO - [2022-11-30T15:51:07.893+0000] {dag.py:3340} INFO - Setting next_dagrun for example_branch_datetime_operator_3 to 2022-11-29T00:00:00+00:00, run_after=2022-11-30T00:00:00+00:00
[2022-11-30T15:51:07.970+0000] {processor.py:176} INFO - Processing /home/airflow/.local/lib/python3.7/site-packages/airflow/example_dags/example_branch_datetime_operator.py took 0.153 seconds
[2022-11-30T15:51:38.617+0000] {processor.py:154} INFO - Started process (PID=436) to work on /home/airflow/.local/lib/python3.7/site-packages/airflow/example_dags/example_branch_datetime_operator.py
[2022-11-30T15:51:38.618+0000] {processor.py:756} INFO - Processing file /home/airflow/.local/lib/python3.7/site-packages/airflow/example_dags/example_branch_datetime_operator.py for tasks to queue
[2022-11-30T15:51:38.618+0000] {logging_mixin.py:137} INFO - [2022-11-30T15:51:38.618+0000] {dagbag.py:537} INFO - Filling up the DagBag from /home/airflow/.local/lib/python3.7/site-packages/airflow/example_dags/example_branch_datetime_operator.py
[2022-11-30T15:51:38.631+0000] {processor.py:766} INFO - DAG(s) dict_keys(['example_branch_datetime_operator', 'example_branch_datetime_operator_2', 'example_branch_datetime_operator_3']) retrieved from /home/airflow/.local/lib/python3.7/site-packages/airflow/example_dags/example_branch_datetime_operator.py
[2022-11-30T15:51:38.663+0000] {logging_mixin.py:137} INFO - [2022-11-30T15:51:38.662+0000] {dag.py:2585} INFO - Sync 3 DAGs
[2022-11-30T15:51:38.683+0000] {logging_mixin.py:137} INFO - [2022-11-30T15:51:38.683+0000] {dag.py:3340} INFO - Setting next_dagrun for example_branch_datetime_operator to 2022-11-29T00:00:00+00:00, run_after=2022-11-30T00:00:00+00:00
[2022-11-30T15:51:38.687+0000] {logging_mixin.py:137} INFO - [2022-11-30T15:51:38.686+0000] {dag.py:3340} INFO - Setting next_dagrun for example_branch_datetime_operator_2 to 2022-11-29T00:00:00+00:00, run_after=2022-11-30T00:00:00+00:00
[2022-11-30T15:51:38.689+0000] {logging_mixin.py:137} INFO - [2022-11-30T15:51:38.689+0000] {dag.py:3340} INFO - Setting next_dagrun for example_branch_datetime_operator_3 to 2022-11-29T00:00:00+00:00, run_after=2022-11-30T00:00:00+00:00
[2022-11-30T15:51:38.761+0000] {processor.py:176} INFO - Processing /home/airflow/.local/lib/python3.7/site-packages/airflow/example_dags/example_branch_datetime_operator.py took 0.146 seconds
[2022-11-30T15:52:08.961+0000] {processor.py:154} INFO - Started process (PID=499) to work on /home/airflow/.local/lib/python3.7/site-packages/airflow/example_dags/example_branch_datetime_operator.py
[2022-11-30T15:52:08.962+0000] {processor.py:756} INFO - Processing file /home/airflow/.local/lib/python3.7/site-packages/airflow/example_dags/example_branch_datetime_operator.py for tasks to queue
[2022-11-30T15:52:08.963+0000] {logging_mixin.py:137} INFO - [2022-11-30T15:52:08.963+0000] {dagbag.py:537} INFO - Filling up the DagBag from /home/airflow/.local/lib/python3.7/site-packages/airflow/example_dags/example_branch_datetime_operator.py
[2022-11-30T15:52:08.982+0000] {processor.py:766} INFO - DAG(s) dict_keys(['example_branch_datetime_operator_3', 'example_branch_datetime_operator', 'example_branch_datetime_operator_2']) retrieved from /home/airflow/.local/lib/python3.7/site-packages/airflow/example_dags/example_branch_datetime_operator.py
[2022-11-30T15:52:09.019+0000] {logging_mixin.py:137} INFO - [2022-11-30T15:52:09.018+0000] {dag.py:2585} INFO - Sync 3 DAGs
[2022-11-30T15:52:09.045+0000] {logging_mixin.py:137} INFO - [2022-11-30T15:52:09.045+0000] {dag.py:3340} INFO - Setting next_dagrun for example_branch_datetime_operator to 2022-11-29T00:00:00+00:00, run_after=2022-11-30T00:00:00+00:00
[2022-11-30T15:52:09.050+0000] {logging_mixin.py:137} INFO - [2022-11-30T15:52:09.050+0000] {dag.py:3340} INFO - Setting next_dagrun for example_branch_datetime_operator_2 to 2022-11-29T00:00:00+00:00, run_after=2022-11-30T00:00:00+00:00
[2022-11-30T15:52:09.052+0000] {logging_mixin.py:137} INFO - [2022-11-30T15:52:09.052+0000] {dag.py:3340} INFO - Setting next_dagrun for example_branch_datetime_operator_3 to 2022-11-29T00:00:00+00:00, run_after=2022-11-30T00:00:00+00:00
[2022-11-30T15:52:09.162+0000] {processor.py:176} INFO - Processing /home/airflow/.local/lib/python3.7/site-packages/airflow/example_dags/example_branch_datetime_operator.py took 0.202 seconds
[2022-11-30T15:52:39.626+0000] {processor.py:154} INFO - Started process (PID=562) to work on /home/airflow/.local/lib/python3.7/site-packages/airflow/example_dags/example_branch_datetime_operator.py
[2022-11-30T15:52:39.627+0000] {processor.py:756} INFO - Processing file /home/airflow/.local/lib/python3.7/site-packages/airflow/example_dags/example_branch_datetime_operator.py for tasks to queue
[2022-11-30T15:52:39.628+0000] {logging_mixin.py:137} INFO - [2022-11-30T15:52:39.628+0000] {dagbag.py:537} INFO - Filling up the DagBag from /home/airflow/.local/lib/python3.7/site-packages/airflow/example_dags/example_branch_datetime_operator.py
[2022-11-30T15:52:39.644+0000] {processor.py:766} INFO - DAG(s) dict_keys(['example_branch_datetime_operator_3', 'example_branch_datetime_operator_2', 'example_branch_datetime_operator']) retrieved from /home/airflow/.local/lib/python3.7/site-packages/airflow/example_dags/example_branch_datetime_operator.py
[2022-11-30T15:52:39.679+0000] {logging_mixin.py:137} INFO - [2022-11-30T15:52:39.679+0000] {dag.py:2585} INFO - Sync 3 DAGs
[2022-11-30T15:52:39.698+0000] {logging_mixin.py:137} INFO - [2022-11-30T15:52:39.698+0000] {dag.py:3340} INFO - Setting next_dagrun for example_branch_datetime_operator to 2022-11-29T00:00:00+00:00, run_after=2022-11-30T00:00:00+00:00
[2022-11-30T15:52:39.702+0000] {logging_mixin.py:137} INFO - [2022-11-30T15:52:39.702+0000] {dag.py:3340} INFO - Setting next_dagrun for example_branch_datetime_operator_2 to 2022-11-29T00:00:00+00:00, run_after=2022-11-30T00:00:00+00:00
[2022-11-30T15:52:39.704+0000] {logging_mixin.py:137} INFO - [2022-11-30T15:52:39.704+0000] {dag.py:3340} INFO - Setting next_dagrun for example_branch_datetime_operator_3 to 2022-11-29T00:00:00+00:00, run_after=2022-11-30T00:00:00+00:00
[2022-11-30T15:52:39.782+0000] {processor.py:176} INFO - Processing /home/airflow/.local/lib/python3.7/site-packages/airflow/example_dags/example_branch_datetime_operator.py took 0.157 seconds
[2022-11-30T15:53:09.994+0000] {processor.py:154} INFO - Started process (PID=616) to work on /home/airflow/.local/lib/python3.7/site-packages/airflow/example_dags/example_branch_datetime_operator.py
[2022-11-30T15:53:09.995+0000] {processor.py:756} INFO - Processing file /home/airflow/.local/lib/python3.7/site-packages/airflow/example_dags/example_branch_datetime_operator.py for tasks to queue
[2022-11-30T15:53:09.995+0000] {logging_mixin.py:137} INFO - [2022-11-30T15:53:09.995+0000] {dagbag.py:537} INFO - Filling up the DagBag from /home/airflow/.local/lib/python3.7/site-packages/airflow/example_dags/example_branch_datetime_operator.py
[2022-11-30T15:53:10.008+0000] {processor.py:766} INFO - DAG(s) dict_keys(['example_branch_datetime_operator_2', 'example_branch_datetime_operator_3', 'example_branch_datetime_operator']) retrieved from /home/airflow/.local/lib/python3.7/site-packages/airflow/example_dags/example_branch_datetime_operator.py
[2022-11-30T15:53:10.042+0000] {logging_mixin.py:137} INFO - [2022-11-30T15:53:10.042+0000] {dag.py:2585} INFO - Sync 3 DAGs
[2022-11-30T15:53:10.063+0000] {logging_mixin.py:137} INFO - [2022-11-30T15:53:10.063+0000] {dag.py:3340} INFO - Setting next_dagrun for example_branch_datetime_operator to 2022-11-29T00:00:00+00:00, run_after=2022-11-30T00:00:00+00:00
[2022-11-30T15:53:10.068+0000] {logging_mixin.py:137} INFO - [2022-11-30T15:53:10.068+0000] {dag.py:3340} INFO - Setting next_dagrun for example_branch_datetime_operator_2 to 2022-11-29T00:00:00+00:00, run_after=2022-11-30T00:00:00+00:00
[2022-11-30T15:53:10.070+0000] {logging_mixin.py:137} INFO - [2022-11-30T15:53:10.070+0000] {dag.py:3340} INFO - Setting next_dagrun for example_branch_datetime_operator_3 to 2022-11-29T00:00:00+00:00, run_after=2022-11-30T00:00:00+00:00
[2022-11-30T15:53:10.160+0000] {processor.py:176} INFO - Processing /home/airflow/.local/lib/python3.7/site-packages/airflow/example_dags/example_branch_datetime_operator.py took 0.167 seconds
[2022-11-30T15:53:40.699+0000] {processor.py:154} INFO - Started process (PID=679) to work on /home/airflow/.local/lib/python3.7/site-packages/airflow/example_dags/example_branch_datetime_operator.py
[2022-11-30T15:53:40.700+0000] {processor.py:756} INFO - Processing file /home/airflow/.local/lib/python3.7/site-packages/airflow/example_dags/example_branch_datetime_operator.py for tasks to queue
[2022-11-30T15:53:40.701+0000] {logging_mixin.py:137} INFO - [2022-11-30T15:53:40.701+0000] {dagbag.py:537} INFO - Filling up the DagBag from /home/airflow/.local/lib/python3.7/site-packages/airflow/example_dags/example_branch_datetime_operator.py
[2022-11-30T15:53:40.713+0000] {processor.py:766} INFO - DAG(s) dict_keys(['example_branch_datetime_operator_3', 'example_branch_datetime_operator', 'example_branch_datetime_operator_2']) retrieved from /home/airflow/.local/lib/python3.7/site-packages/airflow/example_dags/example_branch_datetime_operator.py
[2022-11-30T15:53:40.745+0000] {logging_mixin.py:137} INFO - [2022-11-30T15:53:40.744+0000] {dag.py:2585} INFO - Sync 3 DAGs
[2022-11-30T15:53:40.765+0000] {logging_mixin.py:137} INFO - [2022-11-30T15:53:40.765+0000] {dag.py:3340} INFO - Setting next_dagrun for example_branch_datetime_operator to 2022-11-29T00:00:00+00:00, run_after=2022-11-30T00:00:00+00:00
[2022-11-30T15:53:40.769+0000] {logging_mixin.py:137} INFO - [2022-11-30T15:53:40.769+0000] {dag.py:3340} INFO - Setting next_dagrun for example_branch_datetime_operator_2 to 2022-11-29T00:00:00+00:00, run_after=2022-11-30T00:00:00+00:00
[2022-11-30T15:53:40.771+0000] {logging_mixin.py:137} INFO - [2022-11-30T15:53:40.771+0000] {dag.py:3340} INFO - Setting next_dagrun for example_branch_datetime_operator_3 to 2022-11-29T00:00:00+00:00, run_after=2022-11-30T00:00:00+00:00
[2022-11-30T15:53:40.841+0000] {processor.py:176} INFO - Processing /home/airflow/.local/lib/python3.7/site-packages/airflow/example_dags/example_branch_datetime_operator.py took 0.143 seconds
[2022-11-30T15:54:11.097+0000] {processor.py:154} INFO - Started process (PID=742) to work on /home/airflow/.local/lib/python3.7/site-packages/airflow/example_dags/example_branch_datetime_operator.py
[2022-11-30T15:54:11.097+0000] {processor.py:756} INFO - Processing file /home/airflow/.local/lib/python3.7/site-packages/airflow/example_dags/example_branch_datetime_operator.py for tasks to queue
[2022-11-30T15:54:11.098+0000] {logging_mixin.py:137} INFO - [2022-11-30T15:54:11.098+0000] {dagbag.py:537} INFO - Filling up the DagBag from /home/airflow/.local/lib/python3.7/site-packages/airflow/example_dags/example_branch_datetime_operator.py
[2022-11-30T15:54:11.110+0000] {processor.py:766} INFO - DAG(s) dict_keys(['example_branch_datetime_operator_2', 'example_branch_datetime_operator', 'example_branch_datetime_operator_3']) retrieved from /home/airflow/.local/lib/python3.7/site-packages/airflow/example_dags/example_branch_datetime_operator.py
[2022-11-30T15:54:11.147+0000] {logging_mixin.py:137} INFO - [2022-11-30T15:54:11.147+0000] {dag.py:2585} INFO - Sync 3 DAGs
[2022-11-30T15:54:11.170+0000] {logging_mixin.py:137} INFO - [2022-11-30T15:54:11.170+0000] {dag.py:3340} INFO - Setting next_dagrun for example_branch_datetime_operator to 2022-11-29T00:00:00+00:00, run_after=2022-11-30T00:00:00+00:00
[2022-11-30T15:54:11.174+0000] {logging_mixin.py:137} INFO - [2022-11-30T15:54:11.174+0000] {dag.py:3340} INFO - Setting next_dagrun for example_branch_datetime_operator_2 to 2022-11-29T00:00:00+00:00, run_after=2022-11-30T00:00:00+00:00
[2022-11-30T15:54:11.177+0000] {logging_mixin.py:137} INFO - [2022-11-30T15:54:11.177+0000] {dag.py:3340} INFO - Setting next_dagrun for example_branch_datetime_operator_3 to 2022-11-29T00:00:00+00:00, run_after=2022-11-30T00:00:00+00:00
[2022-11-30T15:54:11.325+0000] {processor.py:176} INFO - Processing /home/airflow/.local/lib/python3.7/site-packages/airflow/example_dags/example_branch_datetime_operator.py took 0.230 seconds
[2022-11-30T15:54:41.531+0000] {processor.py:154} INFO - Started process (PID=805) to work on /home/airflow/.local/lib/python3.7/site-packages/airflow/example_dags/example_branch_datetime_operator.py
[2022-11-30T15:54:41.531+0000] {processor.py:756} INFO - Processing file /home/airflow/.local/lib/python3.7/site-packages/airflow/example_dags/example_branch_datetime_operator.py for tasks to queue
[2022-11-30T15:54:41.532+0000] {logging_mixin.py:137} INFO - [2022-11-30T15:54:41.532+0000] {dagbag.py:537} INFO - Filling up the DagBag from /home/airflow/.local/lib/python3.7/site-packages/airflow/example_dags/example_branch_datetime_operator.py
[2022-11-30T15:54:41.545+0000] {processor.py:766} INFO - DAG(s) dict_keys(['example_branch_datetime_operator_3', 'example_branch_datetime_operator_2', 'example_branch_datetime_operator']) retrieved from /home/airflow/.local/lib/python3.7/site-packages/airflow/example_dags/example_branch_datetime_operator.py
[2022-11-30T15:54:41.577+0000] {logging_mixin.py:137} INFO - [2022-11-30T15:54:41.577+0000] {dag.py:2585} INFO - Sync 3 DAGs
[2022-11-30T15:54:41.596+0000] {logging_mixin.py:137} INFO - [2022-11-30T15:54:41.596+0000] {dag.py:3340} INFO - Setting next_dagrun for example_branch_datetime_operator to 2022-11-29T00:00:00+00:00, run_after=2022-11-30T00:00:00+00:00
[2022-11-30T15:54:41.600+0000] {logging_mixin.py:137} INFO - [2022-11-30T15:54:41.600+0000] {dag.py:3340} INFO - Setting next_dagrun for example_branch_datetime_operator_2 to 2022-11-29T00:00:00+00:00, run_after=2022-11-30T00:00:00+00:00
[2022-11-30T15:54:41.603+0000] {logging_mixin.py:137} INFO - [2022-11-30T15:54:41.602+0000] {dag.py:3340} INFO - Setting next_dagrun for example_branch_datetime_operator_3 to 2022-11-29T00:00:00+00:00, run_after=2022-11-30T00:00:00+00:00
[2022-11-30T15:54:41.679+0000] {processor.py:176} INFO - Processing /home/airflow/.local/lib/python3.7/site-packages/airflow/example_dags/example_branch_datetime_operator.py took 0.150 seconds
[2022-11-30T15:55:12.199+0000] {processor.py:154} INFO - Started process (PID=859) to work on /home/airflow/.local/lib/python3.7/site-packages/airflow/example_dags/example_branch_datetime_operator.py
[2022-11-30T15:55:12.199+0000] {processor.py:756} INFO - Processing file /home/airflow/.local/lib/python3.7/site-packages/airflow/example_dags/example_branch_datetime_operator.py for tasks to queue
[2022-11-30T15:55:12.200+0000] {logging_mixin.py:137} INFO - [2022-11-30T15:55:12.200+0000] {dagbag.py:537} INFO - Filling up the DagBag from /home/airflow/.local/lib/python3.7/site-packages/airflow/example_dags/example_branch_datetime_operator.py
[2022-11-30T15:55:12.212+0000] {processor.py:766} INFO - DAG(s) dict_keys(['example_branch_datetime_operator', 'example_branch_datetime_operator_2', 'example_branch_datetime_operator_3']) retrieved from /home/airflow/.local/lib/python3.7/site-packages/airflow/example_dags/example_branch_datetime_operator.py
[2022-11-30T15:55:12.243+0000] {logging_mixin.py:137} INFO - [2022-11-30T15:55:12.243+0000] {dag.py:2585} INFO - Sync 3 DAGs
[2022-11-30T15:55:12.263+0000] {logging_mixin.py:137} INFO - [2022-11-30T15:55:12.262+0000] {dag.py:3340} INFO - Setting next_dagrun for example_branch_datetime_operator to 2022-11-29T00:00:00+00:00, run_after=2022-11-30T00:00:00+00:00
[2022-11-30T15:55:12.266+0000] {logging_mixin.py:137} INFO - [2022-11-30T15:55:12.266+0000] {dag.py:3340} INFO - Setting next_dagrun for example_branch_datetime_operator_2 to 2022-11-29T00:00:00+00:00, run_after=2022-11-30T00:00:00+00:00
[2022-11-30T15:55:12.268+0000] {logging_mixin.py:137} INFO - [2022-11-30T15:55:12.268+0000] {dag.py:3340} INFO - Setting next_dagrun for example_branch_datetime_operator_3 to 2022-11-29T00:00:00+00:00, run_after=2022-11-30T00:00:00+00:00
[2022-11-30T15:55:12.338+0000] {processor.py:176} INFO - Processing /home/airflow/.local/lib/python3.7/site-packages/airflow/example_dags/example_branch_datetime_operator.py took 0.142 seconds
