[2022-11-30T15:48:31.983+0000] {processor.py:154} INFO - Started process (PID=63) to work on /home/airflow/.local/lib/python3.7/site-packages/airflow/example_dags/tutorial_dag.py
[2022-11-30T15:48:31.983+0000] {processor.py:756} INFO - Processing file /home/airflow/.local/lib/python3.7/site-packages/airflow/example_dags/tutorial_dag.py for tasks to queue
[2022-11-30T15:48:31.984+0000] {logging_mixin.py:137} INFO - [2022-11-30T15:48:31.984+0000] {dagbag.py:537} INFO - Filling up the DagBag from /home/airflow/.local/lib/python3.7/site-packages/airflow/example_dags/tutorial_dag.py
[2022-11-30T15:48:31.993+0000] {processor.py:766} INFO - DAG(s) dict_keys(['tutorial_dag']) retrieved from /home/airflow/.local/lib/python3.7/site-packages/airflow/example_dags/tutorial_dag.py
[2022-11-30T15:48:32.194+0000] {logging_mixin.py:137} INFO - [2022-11-30T15:48:32.193+0000] {manager.py:507} INFO - Created Permission View: can edit on DAG:tutorial_dag
[2022-11-30T15:48:32.244+0000] {logging_mixin.py:137} INFO - [2022-11-30T15:48:32.244+0000] {manager.py:507} INFO - Created Permission View: can read on DAG:tutorial_dag
[2022-11-30T15:48:32.378+0000] {logging_mixin.py:137} INFO - [2022-11-30T15:48:32.377+0000] {manager.py:507} INFO - Created Permission View: can delete on DAG:tutorial_dag
[2022-11-30T15:48:32.378+0000] {logging_mixin.py:137} INFO - [2022-11-30T15:48:32.378+0000] {dag.py:2585} INFO - Sync 1 DAGs
[2022-11-30T15:48:32.390+0000] {logging_mixin.py:137} INFO - [2022-11-30T15:48:32.390+0000] {dag.py:2606} INFO - Creating ORM DAG for tutorial_dag
[2022-11-30T15:48:32.401+0000] {logging_mixin.py:137} INFO - [2022-11-30T15:48:32.400+0000] {dag.py:3340} INFO - Setting next_dagrun for tutorial_dag to None, run_after=None
[2022-11-30T15:48:32.519+0000] {processor.py:176} INFO - Processing /home/airflow/.local/lib/python3.7/site-packages/airflow/example_dags/tutorial_dag.py took 0.538 seconds
[2022-11-30T15:49:03.223+0000] {processor.py:154} INFO - Started process (PID=117) to work on /home/airflow/.local/lib/python3.7/site-packages/airflow/example_dags/tutorial_dag.py
[2022-11-30T15:49:03.224+0000] {processor.py:756} INFO - Processing file /home/airflow/.local/lib/python3.7/site-packages/airflow/example_dags/tutorial_dag.py for tasks to queue
[2022-11-30T15:49:03.224+0000] {logging_mixin.py:137} INFO - [2022-11-30T15:49:03.224+0000] {dagbag.py:537} INFO - Filling up the DagBag from /home/airflow/.local/lib/python3.7/site-packages/airflow/example_dags/tutorial_dag.py
[2022-11-30T15:49:03.232+0000] {processor.py:766} INFO - DAG(s) dict_keys(['tutorial_dag']) retrieved from /home/airflow/.local/lib/python3.7/site-packages/airflow/example_dags/tutorial_dag.py
[2022-11-30T15:49:03.327+0000] {logging_mixin.py:137} INFO - [2022-11-30T15:49:03.326+0000] {dag.py:2585} INFO - Sync 1 DAGs
[2022-11-30T15:49:03.350+0000] {logging_mixin.py:137} INFO - [2022-11-30T15:49:03.350+0000] {dag.py:3340} INFO - Setting next_dagrun for tutorial_dag to None, run_after=None
[2022-11-30T15:49:03.442+0000] {processor.py:176} INFO - Processing /home/airflow/.local/lib/python3.7/site-packages/airflow/example_dags/tutorial_dag.py took 0.220 seconds
[2022-11-30T15:49:34.378+0000] {processor.py:154} INFO - Started process (PID=181) to work on /home/airflow/.local/lib/python3.7/site-packages/airflow/example_dags/tutorial_dag.py
[2022-11-30T15:49:34.379+0000] {processor.py:756} INFO - Processing file /home/airflow/.local/lib/python3.7/site-packages/airflow/example_dags/tutorial_dag.py for tasks to queue
[2022-11-30T15:49:34.380+0000] {logging_mixin.py:137} INFO - [2022-11-30T15:49:34.380+0000] {dagbag.py:537} INFO - Filling up the DagBag from /home/airflow/.local/lib/python3.7/site-packages/airflow/example_dags/tutorial_dag.py
[2022-11-30T15:49:34.392+0000] {processor.py:766} INFO - DAG(s) dict_keys(['tutorial_dag']) retrieved from /home/airflow/.local/lib/python3.7/site-packages/airflow/example_dags/tutorial_dag.py
[2022-11-30T15:49:34.429+0000] {logging_mixin.py:137} INFO - [2022-11-30T15:49:34.428+0000] {dag.py:2585} INFO - Sync 1 DAGs
[2022-11-30T15:49:34.448+0000] {logging_mixin.py:137} INFO - [2022-11-30T15:49:34.448+0000] {dag.py:3340} INFO - Setting next_dagrun for tutorial_dag to None, run_after=None
[2022-11-30T15:49:34.551+0000] {processor.py:176} INFO - Processing /home/airflow/.local/lib/python3.7/site-packages/airflow/example_dags/tutorial_dag.py took 0.174 seconds
[2022-11-30T15:50:04.979+0000] {processor.py:154} INFO - Started process (PID=244) to work on /home/airflow/.local/lib/python3.7/site-packages/airflow/example_dags/tutorial_dag.py
[2022-11-30T15:50:04.980+0000] {processor.py:756} INFO - Processing file /home/airflow/.local/lib/python3.7/site-packages/airflow/example_dags/tutorial_dag.py for tasks to queue
[2022-11-30T15:50:04.980+0000] {logging_mixin.py:137} INFO - [2022-11-30T15:50:04.980+0000] {dagbag.py:537} INFO - Filling up the DagBag from /home/airflow/.local/lib/python3.7/site-packages/airflow/example_dags/tutorial_dag.py
[2022-11-30T15:50:04.989+0000] {processor.py:766} INFO - DAG(s) dict_keys(['tutorial_dag']) retrieved from /home/airflow/.local/lib/python3.7/site-packages/airflow/example_dags/tutorial_dag.py
[2022-11-30T15:50:05.019+0000] {logging_mixin.py:137} INFO - [2022-11-30T15:50:05.019+0000] {dag.py:2585} INFO - Sync 1 DAGs
[2022-11-30T15:50:05.040+0000] {logging_mixin.py:137} INFO - [2022-11-30T15:50:05.040+0000] {dag.py:3340} INFO - Setting next_dagrun for tutorial_dag to None, run_after=None
[2022-11-30T15:50:05.091+0000] {processor.py:176} INFO - Processing /home/airflow/.local/lib/python3.7/site-packages/airflow/example_dags/tutorial_dag.py took 0.113 seconds
[2022-11-30T15:50:35.394+0000] {processor.py:154} INFO - Started process (PID=307) to work on /home/airflow/.local/lib/python3.7/site-packages/airflow/example_dags/tutorial_dag.py
[2022-11-30T15:50:35.394+0000] {processor.py:756} INFO - Processing file /home/airflow/.local/lib/python3.7/site-packages/airflow/example_dags/tutorial_dag.py for tasks to queue
[2022-11-30T15:50:35.395+0000] {logging_mixin.py:137} INFO - [2022-11-30T15:50:35.395+0000] {dagbag.py:537} INFO - Filling up the DagBag from /home/airflow/.local/lib/python3.7/site-packages/airflow/example_dags/tutorial_dag.py
[2022-11-30T15:50:35.404+0000] {processor.py:766} INFO - DAG(s) dict_keys(['tutorial_dag']) retrieved from /home/airflow/.local/lib/python3.7/site-packages/airflow/example_dags/tutorial_dag.py
[2022-11-30T15:50:35.431+0000] {logging_mixin.py:137} INFO - [2022-11-30T15:50:35.431+0000] {dag.py:2585} INFO - Sync 1 DAGs
[2022-11-30T15:50:35.449+0000] {logging_mixin.py:137} INFO - [2022-11-30T15:50:35.449+0000] {dag.py:3340} INFO - Setting next_dagrun for tutorial_dag to None, run_after=None
[2022-11-30T15:50:35.488+0000] {processor.py:176} INFO - Processing /home/airflow/.local/lib/python3.7/site-packages/airflow/example_dags/tutorial_dag.py took 0.096 seconds
[2022-11-30T15:51:05.982+0000] {processor.py:154} INFO - Started process (PID=361) to work on /home/airflow/.local/lib/python3.7/site-packages/airflow/example_dags/tutorial_dag.py
[2022-11-30T15:51:05.983+0000] {processor.py:756} INFO - Processing file /home/airflow/.local/lib/python3.7/site-packages/airflow/example_dags/tutorial_dag.py for tasks to queue
[2022-11-30T15:51:05.984+0000] {logging_mixin.py:137} INFO - [2022-11-30T15:51:05.983+0000] {dagbag.py:537} INFO - Filling up the DagBag from /home/airflow/.local/lib/python3.7/site-packages/airflow/example_dags/tutorial_dag.py
[2022-11-30T15:51:05.991+0000] {processor.py:766} INFO - DAG(s) dict_keys(['tutorial_dag']) retrieved from /home/airflow/.local/lib/python3.7/site-packages/airflow/example_dags/tutorial_dag.py
[2022-11-30T15:51:06.020+0000] {logging_mixin.py:137} INFO - [2022-11-30T15:51:06.020+0000] {dag.py:2585} INFO - Sync 1 DAGs
[2022-11-30T15:51:06.038+0000] {logging_mixin.py:137} INFO - [2022-11-30T15:51:06.038+0000] {dag.py:3340} INFO - Setting next_dagrun for tutorial_dag to None, run_after=None
[2022-11-30T15:51:06.086+0000] {processor.py:176} INFO - Processing /home/airflow/.local/lib/python3.7/site-packages/airflow/example_dags/tutorial_dag.py took 0.105 seconds
[2022-11-30T15:51:36.653+0000] {processor.py:154} INFO - Started process (PID=425) to work on /home/airflow/.local/lib/python3.7/site-packages/airflow/example_dags/tutorial_dag.py
[2022-11-30T15:51:36.654+0000] {processor.py:756} INFO - Processing file /home/airflow/.local/lib/python3.7/site-packages/airflow/example_dags/tutorial_dag.py for tasks to queue
[2022-11-30T15:51:36.655+0000] {logging_mixin.py:137} INFO - [2022-11-30T15:51:36.655+0000] {dagbag.py:537} INFO - Filling up the DagBag from /home/airflow/.local/lib/python3.7/site-packages/airflow/example_dags/tutorial_dag.py
[2022-11-30T15:51:36.666+0000] {processor.py:766} INFO - DAG(s) dict_keys(['tutorial_dag']) retrieved from /home/airflow/.local/lib/python3.7/site-packages/airflow/example_dags/tutorial_dag.py
[2022-11-30T15:51:36.700+0000] {logging_mixin.py:137} INFO - [2022-11-30T15:51:36.700+0000] {dag.py:2585} INFO - Sync 1 DAGs
[2022-11-30T15:51:36.726+0000] {logging_mixin.py:137} INFO - [2022-11-30T15:51:36.725+0000] {dag.py:3340} INFO - Setting next_dagrun for tutorial_dag to None, run_after=None
[2022-11-30T15:51:36.768+0000] {processor.py:176} INFO - Processing /home/airflow/.local/lib/python3.7/site-packages/airflow/example_dags/tutorial_dag.py took 0.117 seconds
[2022-11-30T15:52:07.291+0000] {processor.py:154} INFO - Started process (PID=488) to work on /home/airflow/.local/lib/python3.7/site-packages/airflow/example_dags/tutorial_dag.py
[2022-11-30T15:52:07.292+0000] {processor.py:756} INFO - Processing file /home/airflow/.local/lib/python3.7/site-packages/airflow/example_dags/tutorial_dag.py for tasks to queue
[2022-11-30T15:52:07.292+0000] {logging_mixin.py:137} INFO - [2022-11-30T15:52:07.292+0000] {dagbag.py:537} INFO - Filling up the DagBag from /home/airflow/.local/lib/python3.7/site-packages/airflow/example_dags/tutorial_dag.py
[2022-11-30T15:52:07.304+0000] {processor.py:766} INFO - DAG(s) dict_keys(['tutorial_dag']) retrieved from /home/airflow/.local/lib/python3.7/site-packages/airflow/example_dags/tutorial_dag.py
[2022-11-30T15:52:07.340+0000] {logging_mixin.py:137} INFO - [2022-11-30T15:52:07.340+0000] {dag.py:2585} INFO - Sync 1 DAGs
[2022-11-30T15:52:07.361+0000] {logging_mixin.py:137} INFO - [2022-11-30T15:52:07.361+0000] {dag.py:3340} INFO - Setting next_dagrun for tutorial_dag to None, run_after=None
[2022-11-30T15:52:07.403+0000] {processor.py:176} INFO - Processing /home/airflow/.local/lib/python3.7/site-packages/airflow/example_dags/tutorial_dag.py took 0.114 seconds
[2022-11-30T15:52:37.720+0000] {processor.py:154} INFO - Started process (PID=551) to work on /home/airflow/.local/lib/python3.7/site-packages/airflow/example_dags/tutorial_dag.py
[2022-11-30T15:52:37.721+0000] {processor.py:756} INFO - Processing file /home/airflow/.local/lib/python3.7/site-packages/airflow/example_dags/tutorial_dag.py for tasks to queue
[2022-11-30T15:52:37.721+0000] {logging_mixin.py:137} INFO - [2022-11-30T15:52:37.721+0000] {dagbag.py:537} INFO - Filling up the DagBag from /home/airflow/.local/lib/python3.7/site-packages/airflow/example_dags/tutorial_dag.py
[2022-11-30T15:52:37.730+0000] {processor.py:766} INFO - DAG(s) dict_keys(['tutorial_dag']) retrieved from /home/airflow/.local/lib/python3.7/site-packages/airflow/example_dags/tutorial_dag.py
[2022-11-30T15:52:37.758+0000] {logging_mixin.py:137} INFO - [2022-11-30T15:52:37.758+0000] {dag.py:2585} INFO - Sync 1 DAGs
[2022-11-30T15:52:37.779+0000] {logging_mixin.py:137} INFO - [2022-11-30T15:52:37.778+0000] {dag.py:3340} INFO - Setting next_dagrun for tutorial_dag to None, run_after=None
[2022-11-30T15:52:37.857+0000] {processor.py:176} INFO - Processing /home/airflow/.local/lib/python3.7/site-packages/airflow/example_dags/tutorial_dag.py took 0.138 seconds
[2022-11-30T15:53:08.264+0000] {processor.py:154} INFO - Started process (PID=605) to work on /home/airflow/.local/lib/python3.7/site-packages/airflow/example_dags/tutorial_dag.py
[2022-11-30T15:53:08.265+0000] {processor.py:756} INFO - Processing file /home/airflow/.local/lib/python3.7/site-packages/airflow/example_dags/tutorial_dag.py for tasks to queue
[2022-11-30T15:53:08.265+0000] {logging_mixin.py:137} INFO - [2022-11-30T15:53:08.265+0000] {dagbag.py:537} INFO - Filling up the DagBag from /home/airflow/.local/lib/python3.7/site-packages/airflow/example_dags/tutorial_dag.py
[2022-11-30T15:53:08.273+0000] {processor.py:766} INFO - DAG(s) dict_keys(['tutorial_dag']) retrieved from /home/airflow/.local/lib/python3.7/site-packages/airflow/example_dags/tutorial_dag.py
[2022-11-30T15:53:08.301+0000] {logging_mixin.py:137} INFO - [2022-11-30T15:53:08.301+0000] {dag.py:2585} INFO - Sync 1 DAGs
[2022-11-30T15:53:08.320+0000] {logging_mixin.py:137} INFO - [2022-11-30T15:53:08.320+0000] {dag.py:3340} INFO - Setting next_dagrun for tutorial_dag to None, run_after=None
[2022-11-30T15:53:08.372+0000] {processor.py:176} INFO - Processing /home/airflow/.local/lib/python3.7/site-packages/airflow/example_dags/tutorial_dag.py took 0.110 seconds
[2022-11-30T15:53:38.826+0000] {processor.py:154} INFO - Started process (PID=668) to work on /home/airflow/.local/lib/python3.7/site-packages/airflow/example_dags/tutorial_dag.py
[2022-11-30T15:53:38.827+0000] {processor.py:756} INFO - Processing file /home/airflow/.local/lib/python3.7/site-packages/airflow/example_dags/tutorial_dag.py for tasks to queue
[2022-11-30T15:53:38.827+0000] {logging_mixin.py:137} INFO - [2022-11-30T15:53:38.827+0000] {dagbag.py:537} INFO - Filling up the DagBag from /home/airflow/.local/lib/python3.7/site-packages/airflow/example_dags/tutorial_dag.py
[2022-11-30T15:53:38.839+0000] {processor.py:766} INFO - DAG(s) dict_keys(['tutorial_dag']) retrieved from /home/airflow/.local/lib/python3.7/site-packages/airflow/example_dags/tutorial_dag.py
[2022-11-30T15:53:38.867+0000] {logging_mixin.py:137} INFO - [2022-11-30T15:53:38.867+0000] {dag.py:2585} INFO - Sync 1 DAGs
[2022-11-30T15:53:38.886+0000] {logging_mixin.py:137} INFO - [2022-11-30T15:53:38.886+0000] {dag.py:3340} INFO - Setting next_dagrun for tutorial_dag to None, run_after=None
[2022-11-30T15:53:38.949+0000] {processor.py:176} INFO - Processing /home/airflow/.local/lib/python3.7/site-packages/airflow/example_dags/tutorial_dag.py took 0.124 seconds
[2022-11-30T15:54:09.362+0000] {processor.py:154} INFO - Started process (PID=731) to work on /home/airflow/.local/lib/python3.7/site-packages/airflow/example_dags/tutorial_dag.py
[2022-11-30T15:54:09.362+0000] {processor.py:756} INFO - Processing file /home/airflow/.local/lib/python3.7/site-packages/airflow/example_dags/tutorial_dag.py for tasks to queue
[2022-11-30T15:54:09.363+0000] {logging_mixin.py:137} INFO - [2022-11-30T15:54:09.363+0000] {dagbag.py:537} INFO - Filling up the DagBag from /home/airflow/.local/lib/python3.7/site-packages/airflow/example_dags/tutorial_dag.py
[2022-11-30T15:54:09.371+0000] {processor.py:766} INFO - DAG(s) dict_keys(['tutorial_dag']) retrieved from /home/airflow/.local/lib/python3.7/site-packages/airflow/example_dags/tutorial_dag.py
[2022-11-30T15:54:09.399+0000] {logging_mixin.py:137} INFO - [2022-11-30T15:54:09.399+0000] {dag.py:2585} INFO - Sync 1 DAGs
[2022-11-30T15:54:09.417+0000] {logging_mixin.py:137} INFO - [2022-11-30T15:54:09.417+0000] {dag.py:3340} INFO - Setting next_dagrun for tutorial_dag to None, run_after=None
[2022-11-30T15:54:09.474+0000] {processor.py:176} INFO - Processing /home/airflow/.local/lib/python3.7/site-packages/airflow/example_dags/tutorial_dag.py took 0.114 seconds
[2022-11-30T15:54:39.848+0000] {processor.py:154} INFO - Started process (PID=785) to work on /home/airflow/.local/lib/python3.7/site-packages/airflow/example_dags/tutorial_dag.py
[2022-11-30T15:54:39.849+0000] {processor.py:756} INFO - Processing file /home/airflow/.local/lib/python3.7/site-packages/airflow/example_dags/tutorial_dag.py for tasks to queue
[2022-11-30T15:54:39.849+0000] {logging_mixin.py:137} INFO - [2022-11-30T15:54:39.849+0000] {dagbag.py:537} INFO - Filling up the DagBag from /home/airflow/.local/lib/python3.7/site-packages/airflow/example_dags/tutorial_dag.py
[2022-11-30T15:54:39.858+0000] {processor.py:766} INFO - DAG(s) dict_keys(['tutorial_dag']) retrieved from /home/airflow/.local/lib/python3.7/site-packages/airflow/example_dags/tutorial_dag.py
[2022-11-30T15:54:39.887+0000] {logging_mixin.py:137} INFO - [2022-11-30T15:54:39.887+0000] {dag.py:2585} INFO - Sync 1 DAGs
[2022-11-30T15:54:39.907+0000] {logging_mixin.py:137} INFO - [2022-11-30T15:54:39.907+0000] {dag.py:3340} INFO - Setting next_dagrun for tutorial_dag to None, run_after=None
[2022-11-30T15:54:39.957+0000] {processor.py:176} INFO - Processing /home/airflow/.local/lib/python3.7/site-packages/airflow/example_dags/tutorial_dag.py took 0.112 seconds
[2022-11-30T15:55:10.405+0000] {processor.py:154} INFO - Started process (PID=848) to work on /home/airflow/.local/lib/python3.7/site-packages/airflow/example_dags/tutorial_dag.py
[2022-11-30T15:55:10.406+0000] {processor.py:756} INFO - Processing file /home/airflow/.local/lib/python3.7/site-packages/airflow/example_dags/tutorial_dag.py for tasks to queue
[2022-11-30T15:55:10.406+0000] {logging_mixin.py:137} INFO - [2022-11-30T15:55:10.406+0000] {dagbag.py:537} INFO - Filling up the DagBag from /home/airflow/.local/lib/python3.7/site-packages/airflow/example_dags/tutorial_dag.py
[2022-11-30T15:55:10.415+0000] {processor.py:766} INFO - DAG(s) dict_keys(['tutorial_dag']) retrieved from /home/airflow/.local/lib/python3.7/site-packages/airflow/example_dags/tutorial_dag.py
[2022-11-30T15:55:10.446+0000] {logging_mixin.py:137} INFO - [2022-11-30T15:55:10.446+0000] {dag.py:2585} INFO - Sync 1 DAGs
[2022-11-30T15:55:10.465+0000] {logging_mixin.py:137} INFO - [2022-11-30T15:55:10.465+0000] {dag.py:3340} INFO - Setting next_dagrun for tutorial_dag to None, run_after=None
[2022-11-30T15:55:10.510+0000] {processor.py:176} INFO - Processing /home/airflow/.local/lib/python3.7/site-packages/airflow/example_dags/tutorial_dag.py took 0.106 seconds
