[2022-12-05T11:04:09.324+0000] {taskinstance.py:1165} INFO - Dependencies all met for <TaskInstance: Practice_Airflow.task_c scheduled__2022-12-05T10:05:00+00:00 [queued]>
[2022-12-05T11:04:09.333+0000] {taskinstance.py:1165} INFO - Dependencies all met for <TaskInstance: Practice_Airflow.task_c scheduled__2022-12-05T10:05:00+00:00 [queued]>
[2022-12-05T11:04:09.334+0000] {taskinstance.py:1362} INFO - 
--------------------------------------------------------------------------------
[2022-12-05T11:04:09.334+0000] {taskinstance.py:1363} INFO - Starting attempt 1 of 1
[2022-12-05T11:04:09.334+0000] {taskinstance.py:1364} INFO - 
--------------------------------------------------------------------------------
[2022-12-05T11:04:09.428+0000] {taskinstance.py:1383} INFO - Executing <Task(PythonOperator): task_c> on 2022-12-05 10:05:00+00:00
[2022-12-05T11:04:09.433+0000] {standard_task_runner.py:55} INFO - Started process 1093 to run task
[2022-12-05T11:04:09.435+0000] {standard_task_runner.py:82} INFO - Running: ['***', 'tasks', 'run', 'Practice_Airflow', 'task_c', 'scheduled__2022-12-05T10:05:00+00:00', '--job-id', '403', '--raw', '--subdir', 'DAGS_FOLDER/Airflow_pr.py', '--cfg-path', '/tmp/tmpwmco9g_w']
[2022-12-05T11:04:09.437+0000] {standard_task_runner.py:83} INFO - Job 403: Subtask task_c
[2022-12-05T11:04:09.553+0000] {task_command.py:376} INFO - Running <TaskInstance: Practice_Airflow.task_c scheduled__2022-12-05T10:05:00+00:00 [running]> on host a5be4f489b88
[2022-12-05T11:04:09.747+0000] {taskinstance.py:1592} INFO - Exporting the following env vars:
AIRFLOW_CTX_DAG_OWNER=***
AIRFLOW_CTX_DAG_ID=Practice_Airflow
AIRFLOW_CTX_TASK_ID=task_c
AIRFLOW_CTX_EXECUTION_DATE=2022-12-05T10:05:00+00:00
AIRFLOW_CTX_TRY_NUMBER=1
AIRFLOW_CTX_DAG_RUN_ID=scheduled__2022-12-05T10:05:00+00:00
[2022-12-05T11:04:09.753+0000] {crypto.py:84} WARNING - empty cryptography key - values will not be stored encrypted.
[2022-12-05T11:04:09.811+0000] {logging_mixin.py:137} INFO - Число 1:  91
[2022-12-05T11:04:09.811+0000] {logging_mixin.py:137} INFO - Число 2:  41
[2022-12-05T11:04:09.816+0000] {python.py:177} INFO - Done. Returned value was: None
[2022-12-05T11:04:09.828+0000] {taskinstance.py:1406} INFO - Marking task as SUCCESS. dag_id=Practice_Airflow, task_id=task_c, execution_date=20221205T100500, start_date=20221205T110409, end_date=20221205T110409
[2022-12-05T11:04:09.927+0000] {local_task_job.py:159} INFO - Task exited with return code 0
[2022-12-05T11:04:09.954+0000] {taskinstance.py:2623} INFO - 1 downstream tasks scheduled from follow-on schedule check
