[2022-12-05T11:36:07.295+0000] {taskinstance.py:1165} INFO - Dependencies all met for <TaskInstance: Practice_Airflow.task_d_e scheduled__2022-12-05T11:35:00+00:00 [queued]>
[2022-12-05T11:36:07.303+0000] {taskinstance.py:1165} INFO - Dependencies all met for <TaskInstance: Practice_Airflow.task_d_e scheduled__2022-12-05T11:35:00+00:00 [queued]>
[2022-12-05T11:36:07.303+0000] {taskinstance.py:1362} INFO - 
--------------------------------------------------------------------------------
[2022-12-05T11:36:07.304+0000] {taskinstance.py:1363} INFO - Starting attempt 1 of 1
[2022-12-05T11:36:07.304+0000] {taskinstance.py:1364} INFO - 
--------------------------------------------------------------------------------
[2022-12-05T11:36:07.359+0000] {taskinstance.py:1383} INFO - Executing <Task(PythonOperator): task_d_e> on 2022-12-05 11:35:00+00:00
[2022-12-05T11:36:07.364+0000] {standard_task_runner.py:55} INFO - Started process 3354 to run task
[2022-12-05T11:36:07.367+0000] {standard_task_runner.py:82} INFO - Running: ['***', 'tasks', 'run', 'Practice_Airflow', 'task_d_e', 'scheduled__2022-12-05T11:35:00+00:00', '--job-id', '638', '--raw', '--subdir', 'DAGS_FOLDER/Airflow_pr.py', '--cfg-path', '/tmp/tmpoy51s8w4']
[2022-12-05T11:36:07.370+0000] {standard_task_runner.py:83} INFO - Job 638: Subtask task_d_e
[2022-12-05T11:36:07.509+0000] {task_command.py:376} INFO - Running <TaskInstance: Practice_Airflow.task_d_e scheduled__2022-12-05T11:35:00+00:00 [running]> on host a5be4f489b88
[2022-12-05T11:36:07.783+0000] {taskinstance.py:1592} INFO - Exporting the following env vars:
AIRFLOW_CTX_DAG_OWNER=***
AIRFLOW_CTX_DAG_ID=Practice_Airflow
AIRFLOW_CTX_TASK_ID=task_d_e
AIRFLOW_CTX_EXECUTION_DATE=2022-12-05T11:35:00+00:00
AIRFLOW_CTX_TRY_NUMBER=1
AIRFLOW_CTX_DAG_RUN_ID=scheduled__2022-12-05T11:35:00+00:00
[2022-12-05T11:36:07.792+0000] {logging_mixin.py:137} INFO - Столбец 1: [26, 55, 30]
                 Столбец 2: [19, 90, 17]
                 Cумма 'столбца 1' - Cумма 'столбца 2' = -15
[2022-12-05T11:36:07.794+0000] {python.py:177} INFO - Done. Returned value was: None
[2022-12-05T11:36:07.802+0000] {taskinstance.py:1406} INFO - Marking task as SUCCESS. dag_id=Practice_Airflow, task_id=task_d_e, execution_date=20221205T113500, start_date=20221205T113607, end_date=20221205T113607
[2022-12-05T11:36:07.899+0000] {local_task_job.py:159} INFO - Task exited with return code 0
[2022-12-05T11:36:07.914+0000] {taskinstance.py:2623} INFO - 0 downstream tasks scheduled from follow-on schedule check
