[2022-12-05T11:32:02.840+0000] {taskinstance.py:1165} INFO - Dependencies all met for <TaskInstance: Practice_Airflow.task_c manual__2022-12-05T11:31:51.840594+00:00 [queued]>
[2022-12-05T11:32:02.858+0000] {taskinstance.py:1165} INFO - Dependencies all met for <TaskInstance: Practice_Airflow.task_c manual__2022-12-05T11:31:51.840594+00:00 [queued]>
[2022-12-05T11:32:02.858+0000] {taskinstance.py:1362} INFO - 
--------------------------------------------------------------------------------
[2022-12-05T11:32:02.859+0000] {taskinstance.py:1363} INFO - Starting attempt 1 of 1
[2022-12-05T11:32:02.859+0000] {taskinstance.py:1364} INFO - 
--------------------------------------------------------------------------------
[2022-12-05T11:32:03.080+0000] {taskinstance.py:1383} INFO - Executing <Task(PythonOperator): task_c> on 2022-12-05 11:31:51.840594+00:00
[2022-12-05T11:32:03.086+0000] {standard_task_runner.py:55} INFO - Started process 2757 to run task
[2022-12-05T11:32:03.088+0000] {standard_task_runner.py:82} INFO - Running: ['***', 'tasks', 'run', 'Practice_Airflow', 'task_c', 'manual__2022-12-05T11:31:51.840594+00:00', '--job-id', '509', '--raw', '--subdir', 'DAGS_FOLDER/Airflow_pr.py', '--cfg-path', '/tmp/tmp1g3tbt4k']
[2022-12-05T11:32:03.090+0000] {standard_task_runner.py:83} INFO - Job 509: Subtask task_c
[2022-12-05T11:32:03.230+0000] {task_command.py:376} INFO - Running <TaskInstance: Practice_Airflow.task_c manual__2022-12-05T11:31:51.840594+00:00 [running]> on host a5be4f489b88
[2022-12-05T11:32:03.492+0000] {taskinstance.py:1592} INFO - Exporting the following env vars:
AIRFLOW_CTX_DAG_OWNER=***
AIRFLOW_CTX_DAG_ID=Practice_Airflow
AIRFLOW_CTX_TASK_ID=task_c
AIRFLOW_CTX_EXECUTION_DATE=2022-12-05T11:31:51.840594+00:00
AIRFLOW_CTX_TRY_NUMBER=1
AIRFLOW_CTX_DAG_RUN_ID=manual__2022-12-05T11:31:51.840594+00:00
[2022-12-05T11:32:03.532+0000] {logging_mixin.py:137} INFO - Число 1:  96
[2022-12-05T11:32:03.533+0000] {logging_mixin.py:137} INFO - Число 2:  63
[2022-12-05T11:32:03.540+0000] {python.py:177} INFO - Done. Returned value was: None
[2022-12-05T11:32:03.556+0000] {taskinstance.py:1406} INFO - Marking task as SUCCESS. dag_id=Practice_Airflow, task_id=task_c, execution_date=20221205T113151, start_date=20221205T113202, end_date=20221205T113203
[2022-12-05T11:32:03.712+0000] {local_task_job.py:159} INFO - Task exited with return code 0
[2022-12-05T11:32:03.885+0000] {taskinstance.py:2623} INFO - 1 downstream tasks scheduled from follow-on schedule check
