[2022-12-05T11:03:46.973+0000] {taskinstance.py:1165} INFO - Dependencies all met for <TaskInstance: Practice_Airflow.hello scheduled__2022-12-05T09:03:00+00:00 [queued]>
[2022-12-05T11:03:46.987+0000] {taskinstance.py:1165} INFO - Dependencies all met for <TaskInstance: Practice_Airflow.hello scheduled__2022-12-05T09:03:00+00:00 [queued]>
[2022-12-05T11:03:46.988+0000] {taskinstance.py:1362} INFO - 
--------------------------------------------------------------------------------
[2022-12-05T11:03:46.988+0000] {taskinstance.py:1363} INFO - Starting attempt 1 of 1
[2022-12-05T11:03:46.988+0000] {taskinstance.py:1364} INFO - 
--------------------------------------------------------------------------------
[2022-12-05T11:03:47.070+0000] {taskinstance.py:1383} INFO - Executing <Task(BashOperator): hello> on 2022-12-05 09:03:00+00:00
[2022-12-05T11:03:47.076+0000] {standard_task_runner.py:55} INFO - Started process 872 to run task
[2022-12-05T11:03:47.078+0000] {standard_task_runner.py:82} INFO - Running: ['***', 'tasks', 'run', 'Practice_Airflow', 'hello', 'scheduled__2022-12-05T09:03:00+00:00', '--job-id', '340', '--raw', '--subdir', 'DAGS_FOLDER/Airflow_pr.py', '--cfg-path', '/tmp/tmpglgexmug']
[2022-12-05T11:03:47.080+0000] {standard_task_runner.py:83} INFO - Job 340: Subtask hello
[2022-12-05T11:03:47.228+0000] {task_command.py:376} INFO - Running <TaskInstance: Practice_Airflow.hello scheduled__2022-12-05T09:03:00+00:00 [running]> on host a5be4f489b88
[2022-12-05T11:03:47.537+0000] {taskinstance.py:1592} INFO - Exporting the following env vars:
AIRFLOW_CTX_DAG_OWNER=***
AIRFLOW_CTX_DAG_ID=Practice_Airflow
AIRFLOW_CTX_TASK_ID=hello
AIRFLOW_CTX_EXECUTION_DATE=2022-12-05T09:03:00+00:00
AIRFLOW_CTX_TRY_NUMBER=1
AIRFLOW_CTX_DAG_RUN_ID=scheduled__2022-12-05T09:03:00+00:00
[2022-12-05T11:03:47.538+0000] {subprocess.py:63} INFO - Tmp dir root location: 
 /tmp
[2022-12-05T11:03:47.539+0000] {subprocess.py:75} INFO - Running command: ['/bin/bash', '-c', 'echo hello']
[2022-12-05T11:03:47.549+0000] {subprocess.py:86} INFO - Output:
[2022-12-05T11:03:47.550+0000] {subprocess.py:93} INFO - hello
[2022-12-05T11:03:47.551+0000] {subprocess.py:97} INFO - Command exited with return code 0
[2022-12-05T11:03:47.560+0000] {taskinstance.py:1406} INFO - Marking task as SUCCESS. dag_id=Practice_Airflow, task_id=hello, execution_date=20221205T090300, start_date=20221205T110346, end_date=20221205T110347
[2022-12-05T11:03:47.692+0000] {local_task_job.py:159} INFO - Task exited with return code 0
[2022-12-05T11:03:47.726+0000] {taskinstance.py:2623} INFO - 1 downstream tasks scheduled from follow-on schedule check
