[2022-12-05T11:31:58.748+0000] {taskinstance.py:1165} INFO - Dependencies all met for <TaskInstance: Practice_Airflow.task_c scheduled__2022-12-05T11:05:00+00:00 [queued]>
[2022-12-05T11:31:58.761+0000] {taskinstance.py:1165} INFO - Dependencies all met for <TaskInstance: Practice_Airflow.task_c scheduled__2022-12-05T11:05:00+00:00 [queued]>
[2022-12-05T11:31:58.762+0000] {taskinstance.py:1362} INFO - 
--------------------------------------------------------------------------------
[2022-12-05T11:31:58.762+0000] {taskinstance.py:1363} INFO - Starting attempt 1 of 1
[2022-12-05T11:31:58.763+0000] {taskinstance.py:1364} INFO - 
--------------------------------------------------------------------------------
[2022-12-05T11:31:58.982+0000] {taskinstance.py:1383} INFO - Executing <Task(PythonOperator): task_c> on 2022-12-05 11:05:00+00:00
[2022-12-05T11:31:58.988+0000] {standard_task_runner.py:55} INFO - Started process 2691 to run task
[2022-12-05T11:31:58.994+0000] {standard_task_runner.py:82} INFO - Running: ['***', 'tasks', 'run', 'Practice_Airflow', 'task_c', 'scheduled__2022-12-05T11:05:00+00:00', '--job-id', '486', '--raw', '--subdir', 'DAGS_FOLDER/Airflow_pr.py', '--cfg-path', '/tmp/tmpqhmdob23']
[2022-12-05T11:31:58.998+0000] {standard_task_runner.py:83} INFO - Job 486: Subtask task_c
[2022-12-05T11:31:59.131+0000] {task_command.py:376} INFO - Running <TaskInstance: Practice_Airflow.task_c scheduled__2022-12-05T11:05:00+00:00 [running]> on host a5be4f489b88
[2022-12-05T11:31:59.612+0000] {taskinstance.py:1592} INFO - Exporting the following env vars:
AIRFLOW_CTX_DAG_OWNER=***
AIRFLOW_CTX_DAG_ID=Practice_Airflow
AIRFLOW_CTX_TASK_ID=task_c
AIRFLOW_CTX_EXECUTION_DATE=2022-12-05T11:05:00+00:00
AIRFLOW_CTX_TRY_NUMBER=1
AIRFLOW_CTX_DAG_RUN_ID=scheduled__2022-12-05T11:05:00+00:00
[2022-12-05T11:31:59.667+0000] {logging_mixin.py:137} INFO - Число 1:  1
[2022-12-05T11:31:59.675+0000] {logging_mixin.py:137} INFO - Число 2:  70
[2022-12-05T11:31:59.687+0000] {python.py:177} INFO - Done. Returned value was: None
[2022-12-05T11:31:59.704+0000] {taskinstance.py:1406} INFO - Marking task as SUCCESS. dag_id=Practice_Airflow, task_id=task_c, execution_date=20221205T110500, start_date=20221205T113158, end_date=20221205T113159
[2022-12-05T11:31:59.890+0000] {local_task_job.py:159} INFO - Task exited with return code 0
[2022-12-05T11:31:59.918+0000] {taskinstance.py:2623} INFO - 1 downstream tasks scheduled from follow-on schedule check
