[2022-12-04T15:56:40.753+0000] {taskinstance.py:1165} INFO - Dependencies all met for <TaskInstance: Practice_Airflow.new_a manual__2022-12-04T15:56:34.909888+00:00 [queued]>
[2022-12-04T15:56:40.760+0000] {taskinstance.py:1165} INFO - Dependencies all met for <TaskInstance: Practice_Airflow.new_a manual__2022-12-04T15:56:34.909888+00:00 [queued]>
[2022-12-04T15:56:40.760+0000] {taskinstance.py:1362} INFO - 
--------------------------------------------------------------------------------
[2022-12-04T15:56:40.761+0000] {taskinstance.py:1363} INFO - Starting attempt 1 of 1
[2022-12-04T15:56:40.761+0000] {taskinstance.py:1364} INFO - 
--------------------------------------------------------------------------------
[2022-12-04T15:56:40.834+0000] {taskinstance.py:1383} INFO - Executing <Task(PythonOperator): new_a> on 2022-12-04 15:56:34.909888+00:00
[2022-12-04T15:56:40.838+0000] {standard_task_runner.py:55} INFO - Started process 2069 to run task
[2022-12-04T15:56:40.840+0000] {standard_task_runner.py:82} INFO - Running: ['***', 'tasks', 'run', 'Practice_Airflow', 'new_a', 'manual__2022-12-04T15:56:34.909888+00:00', '--job-id', '100', '--raw', '--subdir', 'DAGS_FOLDER/Airflow_pr.py', '--cfg-path', '/tmp/tmp3db86c11']
[2022-12-04T15:56:40.841+0000] {standard_task_runner.py:83} INFO - Job 100: Subtask new_a
[2022-12-04T15:56:40.906+0000] {task_command.py:376} INFO - Running <TaskInstance: Practice_Airflow.new_a manual__2022-12-04T15:56:34.909888+00:00 [running]> on host a5be4f489b88
[2022-12-04T15:56:41.011+0000] {taskinstance.py:1592} INFO - Exporting the following env vars:
AIRFLOW_CTX_DAG_OWNER=***
AIRFLOW_CTX_DAG_ID=Practice_Airflow
AIRFLOW_CTX_TASK_ID=new_a
AIRFLOW_CTX_EXECUTION_DATE=2022-12-04T15:56:34.909888+00:00
AIRFLOW_CTX_TRY_NUMBER=1
AIRFLOW_CTX_DAG_RUN_ID=manual__2022-12-04T15:56:34.909888+00:00
[2022-12-04T15:56:41.012+0000] {logging_mixin.py:137} INFO - Число 1: 46
Число 2: 13
[2022-12-04T15:56:41.013+0000] {python.py:177} INFO - Done. Returned value was: None
[2022-12-04T15:56:41.020+0000] {taskinstance.py:1406} INFO - Marking task as SUCCESS. dag_id=Practice_Airflow, task_id=new_a, execution_date=20221204T155634, start_date=20221204T155640, end_date=20221204T155641
[2022-12-04T15:56:41.092+0000] {local_task_job.py:159} INFO - Task exited with return code 0
[2022-12-04T15:56:41.105+0000] {taskinstance.py:2623} INFO - 0 downstream tasks scheduled from follow-on schedule check
