[2022-12-05T11:37:08.548+0000] {taskinstance.py:1165} INFO - Dependencies all met for <TaskInstance: Practice_Airflow.task_d_e scheduled__2022-12-05T11:36:00+00:00 [queued]>
[2022-12-05T11:37:08.556+0000] {taskinstance.py:1165} INFO - Dependencies all met for <TaskInstance: Practice_Airflow.task_d_e scheduled__2022-12-05T11:36:00+00:00 [queued]>
[2022-12-05T11:37:08.557+0000] {taskinstance.py:1362} INFO - 
--------------------------------------------------------------------------------
[2022-12-05T11:37:08.557+0000] {taskinstance.py:1363} INFO - Starting attempt 1 of 1
[2022-12-05T11:37:08.557+0000] {taskinstance.py:1364} INFO - 
--------------------------------------------------------------------------------
[2022-12-05T11:37:08.654+0000] {taskinstance.py:1383} INFO - Executing <Task(PythonOperator): task_d_e> on 2022-12-05 11:36:00+00:00
[2022-12-05T11:37:08.659+0000] {standard_task_runner.py:55} INFO - Started process 3418 to run task
[2022-12-05T11:37:08.661+0000] {standard_task_runner.py:82} INFO - Running: ['***', 'tasks', 'run', 'Practice_Airflow', 'task_d_e', 'scheduled__2022-12-05T11:36:00+00:00', '--job-id', '644', '--raw', '--subdir', 'DAGS_FOLDER/Airflow_pr.py', '--cfg-path', '/tmp/tmphgkpyxn3']
[2022-12-05T11:37:08.664+0000] {standard_task_runner.py:83} INFO - Job 644: Subtask task_d_e
[2022-12-05T11:37:08.752+0000] {task_command.py:376} INFO - Running <TaskInstance: Practice_Airflow.task_d_e scheduled__2022-12-05T11:36:00+00:00 [running]> on host a5be4f489b88
[2022-12-05T11:37:08.907+0000] {taskinstance.py:1592} INFO - Exporting the following env vars:
AIRFLOW_CTX_DAG_OWNER=***
AIRFLOW_CTX_DAG_ID=Practice_Airflow
AIRFLOW_CTX_TASK_ID=task_d_e
AIRFLOW_CTX_EXECUTION_DATE=2022-12-05T11:36:00+00:00
AIRFLOW_CTX_TRY_NUMBER=1
AIRFLOW_CTX_DAG_RUN_ID=scheduled__2022-12-05T11:36:00+00:00
[2022-12-05T11:37:08.915+0000] {logging_mixin.py:137} INFO - Столбец 1: [26, 55, 30, 2]
                 Столбец 2: [19, 90, 17, 19]
                 Cумма 'столбца 1' - Cумма 'столбца 2' = -32
[2022-12-05T11:37:08.917+0000] {python.py:177} INFO - Done. Returned value was: None
[2022-12-05T11:37:08.925+0000] {taskinstance.py:1406} INFO - Marking task as SUCCESS. dag_id=Practice_Airflow, task_id=task_d_e, execution_date=20221205T113600, start_date=20221205T113708, end_date=20221205T113708
[2022-12-05T11:37:08.993+0000] {local_task_job.py:159} INFO - Task exited with return code 0
[2022-12-05T11:37:09.010+0000] {taskinstance.py:2623} INFO - 0 downstream tasks scheduled from follow-on schedule check
