[2022-12-05T11:35:08.211+0000] {taskinstance.py:1165} INFO - Dependencies all met for <TaskInstance: Practice_Airflow.task_c scheduled__2022-12-05T11:34:00+00:00 [queued]>
[2022-12-05T11:35:08.219+0000] {taskinstance.py:1165} INFO - Dependencies all met for <TaskInstance: Practice_Airflow.task_c scheduled__2022-12-05T11:34:00+00:00 [queued]>
[2022-12-05T11:35:08.220+0000] {taskinstance.py:1362} INFO - 
--------------------------------------------------------------------------------
[2022-12-05T11:35:08.220+0000] {taskinstance.py:1363} INFO - Starting attempt 1 of 1
[2022-12-05T11:35:08.220+0000] {taskinstance.py:1364} INFO - 
--------------------------------------------------------------------------------
[2022-12-05T11:35:08.295+0000] {taskinstance.py:1383} INFO - Executing <Task(PythonOperator): task_c> on 2022-12-05 11:34:00+00:00
[2022-12-05T11:35:08.300+0000] {standard_task_runner.py:55} INFO - Started process 3278 to run task
[2022-12-05T11:35:08.302+0000] {standard_task_runner.py:82} INFO - Running: ['***', 'tasks', 'run', 'Practice_Airflow', 'task_c', 'scheduled__2022-12-05T11:34:00+00:00', '--job-id', '631', '--raw', '--subdir', 'DAGS_FOLDER/Airflow_pr.py', '--cfg-path', '/tmp/tmpi9z6f2ov']
[2022-12-05T11:35:08.304+0000] {standard_task_runner.py:83} INFO - Job 631: Subtask task_c
[2022-12-05T11:35:08.445+0000] {task_command.py:376} INFO - Running <TaskInstance: Practice_Airflow.task_c scheduled__2022-12-05T11:34:00+00:00 [running]> on host a5be4f489b88
[2022-12-05T11:35:08.604+0000] {taskinstance.py:1592} INFO - Exporting the following env vars:
AIRFLOW_CTX_DAG_OWNER=***
AIRFLOW_CTX_DAG_ID=Practice_Airflow
AIRFLOW_CTX_TASK_ID=task_c
AIRFLOW_CTX_EXECUTION_DATE=2022-12-05T11:34:00+00:00
AIRFLOW_CTX_TRY_NUMBER=1
AIRFLOW_CTX_DAG_RUN_ID=scheduled__2022-12-05T11:34:00+00:00
[2022-12-05T11:35:08.614+0000] {logging_mixin.py:137} INFO - Число 1:  55
[2022-12-05T11:35:08.614+0000] {logging_mixin.py:137} INFO - Число 2:  90
[2022-12-05T11:35:08.618+0000] {python.py:177} INFO - Done. Returned value was: None
[2022-12-05T11:35:08.625+0000] {taskinstance.py:1406} INFO - Marking task as SUCCESS. dag_id=Practice_Airflow, task_id=task_c, execution_date=20221205T113400, start_date=20221205T113508, end_date=20221205T113508
[2022-12-05T11:35:08.675+0000] {local_task_job.py:159} INFO - Task exited with return code 0
[2022-12-05T11:35:08.693+0000] {taskinstance.py:2623} INFO - 1 downstream tasks scheduled from follow-on schedule check
