[2022-12-05T11:32:26.900+0000] {taskinstance.py:1165} INFO - Dependencies all met for <TaskInstance: Practice_Airflow.task_c scheduled__2022-12-05T11:26:00+00:00 [queued]>
[2022-12-05T11:32:26.915+0000] {taskinstance.py:1165} INFO - Dependencies all met for <TaskInstance: Practice_Airflow.task_c scheduled__2022-12-05T11:26:00+00:00 [queued]>
[2022-12-05T11:32:26.916+0000] {taskinstance.py:1362} INFO - 
--------------------------------------------------------------------------------
[2022-12-05T11:32:26.916+0000] {taskinstance.py:1363} INFO - Starting attempt 1 of 1
[2022-12-05T11:32:26.916+0000] {taskinstance.py:1364} INFO - 
--------------------------------------------------------------------------------
[2022-12-05T11:32:27.052+0000] {taskinstance.py:1383} INFO - Executing <Task(PythonOperator): task_c> on 2022-12-05 11:26:00+00:00
[2022-12-05T11:32:27.063+0000] {standard_task_runner.py:55} INFO - Started process 3052 to run task
[2022-12-05T11:32:27.069+0000] {standard_task_runner.py:82} INFO - Running: ['***', 'tasks', 'run', 'Practice_Airflow', 'task_c', 'scheduled__2022-12-05T11:26:00+00:00', '--job-id', '596', '--raw', '--subdir', 'DAGS_FOLDER/Airflow_pr.py', '--cfg-path', '/tmp/tmpg7i2x9x5']
[2022-12-05T11:32:27.078+0000] {standard_task_runner.py:83} INFO - Job 596: Subtask task_c
[2022-12-05T11:32:27.260+0000] {task_command.py:376} INFO - Running <TaskInstance: Practice_Airflow.task_c scheduled__2022-12-05T11:26:00+00:00 [running]> on host a5be4f489b88
[2022-12-05T11:32:27.521+0000] {taskinstance.py:1592} INFO - Exporting the following env vars:
AIRFLOW_CTX_DAG_OWNER=***
AIRFLOW_CTX_DAG_ID=Practice_Airflow
AIRFLOW_CTX_TASK_ID=task_c
AIRFLOW_CTX_EXECUTION_DATE=2022-12-05T11:26:00+00:00
AIRFLOW_CTX_TRY_NUMBER=1
AIRFLOW_CTX_DAG_RUN_ID=scheduled__2022-12-05T11:26:00+00:00
[2022-12-05T11:32:27.600+0000] {logging_mixin.py:137} INFO - Число 1:  78
[2022-12-05T11:32:27.602+0000] {logging_mixin.py:137} INFO - Число 2:  17
[2022-12-05T11:32:27.610+0000] {python.py:177} INFO - Done. Returned value was: None
[2022-12-05T11:32:27.624+0000] {taskinstance.py:1406} INFO - Marking task as SUCCESS. dag_id=Practice_Airflow, task_id=task_c, execution_date=20221205T112600, start_date=20221205T113226, end_date=20221205T113227
[2022-12-05T11:32:27.725+0000] {local_task_job.py:159} INFO - Task exited with return code 0
[2022-12-05T11:32:27.752+0000] {taskinstance.py:2623} INFO - 1 downstream tasks scheduled from follow-on schedule check
