[2022-12-05T11:32:06.279+0000] {taskinstance.py:1165} INFO - Dependencies all met for <TaskInstance: Practice_Airflow.task_c scheduled__2022-12-05T11:15:00+00:00 [queued]>
[2022-12-05T11:32:06.292+0000] {taskinstance.py:1165} INFO - Dependencies all met for <TaskInstance: Practice_Airflow.task_c scheduled__2022-12-05T11:15:00+00:00 [queued]>
[2022-12-05T11:32:06.293+0000] {taskinstance.py:1362} INFO - 
--------------------------------------------------------------------------------
[2022-12-05T11:32:06.293+0000] {taskinstance.py:1363} INFO - Starting attempt 1 of 1
[2022-12-05T11:32:06.293+0000] {taskinstance.py:1364} INFO - 
--------------------------------------------------------------------------------
[2022-12-05T11:32:06.400+0000] {taskinstance.py:1383} INFO - Executing <Task(PythonOperator): task_c> on 2022-12-05 11:15:00+00:00
[2022-12-05T11:32:06.408+0000] {standard_task_runner.py:55} INFO - Started process 2812 to run task
[2022-12-05T11:32:06.411+0000] {standard_task_runner.py:82} INFO - Running: ['***', 'tasks', 'run', 'Practice_Airflow', 'task_c', 'scheduled__2022-12-05T11:15:00+00:00', '--job-id', '523', '--raw', '--subdir', 'DAGS_FOLDER/Airflow_pr.py', '--cfg-path', '/tmp/tmp48_f6k2b']
[2022-12-05T11:32:06.413+0000] {standard_task_runner.py:83} INFO - Job 523: Subtask task_c
[2022-12-05T11:32:06.521+0000] {task_command.py:376} INFO - Running <TaskInstance: Practice_Airflow.task_c scheduled__2022-12-05T11:15:00+00:00 [running]> on host a5be4f489b88
[2022-12-05T11:32:06.736+0000] {taskinstance.py:1592} INFO - Exporting the following env vars:
AIRFLOW_CTX_DAG_OWNER=***
AIRFLOW_CTX_DAG_ID=Practice_Airflow
AIRFLOW_CTX_TASK_ID=task_c
AIRFLOW_CTX_EXECUTION_DATE=2022-12-05T11:15:00+00:00
AIRFLOW_CTX_TRY_NUMBER=1
AIRFLOW_CTX_DAG_RUN_ID=scheduled__2022-12-05T11:15:00+00:00
[2022-12-05T11:32:06.753+0000] {logging_mixin.py:137} INFO - Число 1:  48
[2022-12-05T11:32:06.753+0000] {logging_mixin.py:137} INFO - Число 2:  31
[2022-12-05T11:32:06.759+0000] {python.py:177} INFO - Done. Returned value was: None
[2022-12-05T11:32:06.769+0000] {taskinstance.py:1406} INFO - Marking task as SUCCESS. dag_id=Practice_Airflow, task_id=task_c, execution_date=20221205T111500, start_date=20221205T113206, end_date=20221205T113206
[2022-12-05T11:32:06.866+0000] {local_task_job.py:159} INFO - Task exited with return code 0
[2022-12-05T11:32:06.892+0000] {taskinstance.py:2623} INFO - 1 downstream tasks scheduled from follow-on schedule check
