[2022-12-05T11:02:53.745+0000] {taskinstance.py:1165} INFO - Dependencies all met for <TaskInstance: Practice_Airflow.new_a scheduled__2022-12-05T01:02:00+00:00 [queued]>
[2022-12-05T11:02:53.755+0000] {taskinstance.py:1165} INFO - Dependencies all met for <TaskInstance: Practice_Airflow.new_a scheduled__2022-12-05T01:02:00+00:00 [queued]>
[2022-12-05T11:02:53.755+0000] {taskinstance.py:1362} INFO - 
--------------------------------------------------------------------------------
[2022-12-05T11:02:53.755+0000] {taskinstance.py:1363} INFO - Starting attempt 1 of 1
[2022-12-05T11:02:53.756+0000] {taskinstance.py:1364} INFO - 
--------------------------------------------------------------------------------
[2022-12-05T11:02:53.814+0000] {taskinstance.py:1383} INFO - Executing <Task(PythonOperator): new_a> on 2022-12-05 01:02:00+00:00
[2022-12-05T11:02:53.820+0000] {standard_task_runner.py:55} INFO - Started process 256 to run task
[2022-12-05T11:02:53.822+0000] {standard_task_runner.py:82} INFO - Running: ['***', 'tasks', 'run', 'Practice_Airflow', 'new_a', 'scheduled__2022-12-05T01:02:00+00:00', '--job-id', '157', '--raw', '--subdir', 'DAGS_FOLDER/Airflow_pr.py', '--cfg-path', '/tmp/tmpf1a1kws1']
[2022-12-05T11:02:53.825+0000] {standard_task_runner.py:83} INFO - Job 157: Subtask new_a
[2022-12-05T11:02:53.934+0000] {task_command.py:376} INFO - Running <TaskInstance: Practice_Airflow.new_a scheduled__2022-12-05T01:02:00+00:00 [running]> on host a5be4f489b88
[2022-12-05T11:02:54.075+0000] {taskinstance.py:1592} INFO - Exporting the following env vars:
AIRFLOW_CTX_DAG_OWNER=***
AIRFLOW_CTX_DAG_ID=Practice_Airflow
AIRFLOW_CTX_TASK_ID=new_a
AIRFLOW_CTX_EXECUTION_DATE=2022-12-05T01:02:00+00:00
AIRFLOW_CTX_TRY_NUMBER=1
AIRFLOW_CTX_DAG_RUN_ID=scheduled__2022-12-05T01:02:00+00:00
[2022-12-05T11:02:54.076+0000] {logging_mixin.py:137} INFO - Число 1: 51
Число 2: 73
[2022-12-05T11:02:54.076+0000] {python.py:177} INFO - Done. Returned value was: None
[2022-12-05T11:02:54.084+0000] {taskinstance.py:1406} INFO - Marking task as SUCCESS. dag_id=Practice_Airflow, task_id=new_a, execution_date=20221205T010200, start_date=20221205T110253, end_date=20221205T110254
[2022-12-05T11:02:54.154+0000] {local_task_job.py:159} INFO - Task exited with return code 0
[2022-12-05T11:02:54.182+0000] {taskinstance.py:2623} INFO - 1 downstream tasks scheduled from follow-on schedule check
