[2022-12-01T17:47:59.763+0000] {taskinstance.py:1165} INFO - Dependencies all met for <TaskInstance: Practice_Airflow.Practice_b manual__2022-12-01T17:47:54.743427+00:00 [queued]>
[2022-12-01T17:47:59.770+0000] {taskinstance.py:1165} INFO - Dependencies all met for <TaskInstance: Practice_Airflow.Practice_b manual__2022-12-01T17:47:54.743427+00:00 [queued]>
[2022-12-01T17:47:59.771+0000] {taskinstance.py:1362} INFO - 
--------------------------------------------------------------------------------
[2022-12-01T17:47:59.771+0000] {taskinstance.py:1363} INFO - Starting attempt 1 of 1
[2022-12-01T17:47:59.771+0000] {taskinstance.py:1364} INFO - 
--------------------------------------------------------------------------------
[2022-12-01T17:47:59.826+0000] {taskinstance.py:1383} INFO - Executing <Task(PythonOperator): Practice_b> on 2022-12-01 17:47:54.743427+00:00
[2022-12-01T17:47:59.830+0000] {standard_task_runner.py:55} INFO - Started process 5921 to run task
[2022-12-01T17:47:59.831+0000] {standard_task_runner.py:82} INFO - Running: ['***', 'tasks', 'run', 'Practice_Airflow', 'Practice_b', 'manual__2022-12-01T17:47:54.743427+00:00', '--job-id', '72', '--raw', '--subdir', 'DAGS_FOLDER/Airflow_pr.py', '--cfg-path', '/tmp/tmp6wswvvwp']
[2022-12-01T17:47:59.832+0000] {standard_task_runner.py:83} INFO - Job 72: Subtask Practice_b
[2022-12-01T17:47:59.903+0000] {task_command.py:376} INFO - Running <TaskInstance: Practice_Airflow.Practice_b manual__2022-12-01T17:47:54.743427+00:00 [running]> on host a5be4f489b88
[2022-12-01T17:48:00.001+0000] {taskinstance.py:1592} INFO - Exporting the following env vars:
AIRFLOW_CTX_DAG_OWNER=***
AIRFLOW_CTX_DAG_ID=Practice_Airflow
AIRFLOW_CTX_TASK_ID=Practice_b
AIRFLOW_CTX_EXECUTION_DATE=2022-12-01T17:47:54.743427+00:00
AIRFLOW_CTX_TRY_NUMBER=1
AIRFLOW_CTX_DAG_RUN_ID=manual__2022-12-01T17:47:54.743427+00:00
[2022-12-01T17:48:00.029+0000] {logging_mixin.py:137} INFO - New Dataframe:
     Index   Height(Inches)"   "Weight(Pounds)"  new_column
0        1             65.78             112.99         199
1        2             71.52             136.49         198
2        3             69.40             153.03         197
3        4             68.22             142.34         196
4        5             67.79             144.30         195
..     ...               ...                ...         ...
195    196             65.80             120.84           4
196    197             66.11             115.78           3
197    198             68.24             128.30           2
198    199             68.02             127.47           1
199    200             71.39             127.88           0

[200 rows x 4 columns]
[2022-12-01T17:48:00.030+0000] {python.py:177} INFO - Done. Returned value was: None
[2022-12-01T17:48:00.037+0000] {taskinstance.py:1406} INFO - Marking task as SUCCESS. dag_id=Practice_Airflow, task_id=Practice_b, execution_date=20221201T174754, start_date=20221201T174759, end_date=20221201T174800
[2022-12-01T17:48:00.083+0000] {local_task_job.py:159} INFO - Task exited with return code 0
[2022-12-01T17:48:00.096+0000] {taskinstance.py:2623} INFO - 0 downstream tasks scheduled from follow-on schedule check
