[2022-12-05T11:23:09.605+0000] {taskinstance.py:1165} INFO - Dependencies all met for <TaskInstance: Practice_Airflow.task_c manual__2022-12-05T11:23:03.149408+00:00 [queued]>
[2022-12-05T11:23:09.613+0000] {taskinstance.py:1165} INFO - Dependencies all met for <TaskInstance: Practice_Airflow.task_c manual__2022-12-05T11:23:03.149408+00:00 [queued]>
[2022-12-05T11:23:09.613+0000] {taskinstance.py:1362} INFO - 
--------------------------------------------------------------------------------
[2022-12-05T11:23:09.614+0000] {taskinstance.py:1363} INFO - Starting attempt 1 of 1
[2022-12-05T11:23:09.614+0000] {taskinstance.py:1364} INFO - 
--------------------------------------------------------------------------------
[2022-12-05T11:23:09.682+0000] {taskinstance.py:1383} INFO - Executing <Task(PythonOperator): task_c> on 2022-12-05 11:23:03.149408+00:00
[2022-12-05T11:23:09.687+0000] {standard_task_runner.py:55} INFO - Started process 2083 to run task
[2022-12-05T11:23:09.689+0000] {standard_task_runner.py:82} INFO - Running: ['***', 'tasks', 'run', 'Practice_Airflow', 'task_c', 'manual__2022-12-05T11:23:03.149408+00:00', '--job-id', '433', '--raw', '--subdir', 'DAGS_FOLDER/Airflow_pr.py', '--cfg-path', '/tmp/tmprmgvj3af']
[2022-12-05T11:23:09.690+0000] {standard_task_runner.py:83} INFO - Job 433: Subtask task_c
[2022-12-05T11:23:09.775+0000] {task_command.py:376} INFO - Running <TaskInstance: Practice_Airflow.task_c manual__2022-12-05T11:23:03.149408+00:00 [running]> on host a5be4f489b88
[2022-12-05T11:23:09.910+0000] {taskinstance.py:1592} INFO - Exporting the following env vars:
AIRFLOW_CTX_DAG_OWNER=***
AIRFLOW_CTX_DAG_ID=Practice_Airflow
AIRFLOW_CTX_TASK_ID=task_c
AIRFLOW_CTX_EXECUTION_DATE=2022-12-05T11:23:03.149408+00:00
AIRFLOW_CTX_TRY_NUMBER=1
AIRFLOW_CTX_DAG_RUN_ID=manual__2022-12-05T11:23:03.149408+00:00
[2022-12-05T11:23:09.920+0000] {crypto.py:84} WARNING - empty cryptography key - values will not be stored encrypted.
[2022-12-05T11:23:09.954+0000] {logging_mixin.py:137} INFO - Число 1:  46
[2022-12-05T11:23:09.954+0000] {logging_mixin.py:137} INFO - Число 2:  52
[2022-12-05T11:23:09.957+0000] {python.py:177} INFO - Done. Returned value was: None
[2022-12-05T11:23:09.965+0000] {taskinstance.py:1406} INFO - Marking task as SUCCESS. dag_id=Practice_Airflow, task_id=task_c, execution_date=20221205T112303, start_date=20221205T112309, end_date=20221205T112309
[2022-12-05T11:23:10.021+0000] {local_task_job.py:159} INFO - Task exited with return code 0
[2022-12-05T11:23:10.038+0000] {taskinstance.py:2623} INFO - 1 downstream tasks scheduled from follow-on schedule check
