[2022-12-01T15:48:55.848+0000] {taskinstance.py:1165} INFO - Dependencies all met for <TaskInstance: Practice_Airflow.read_csv_file manual__2022-12-01T15:48:50.267638+00:00 [queued]>
[2022-12-01T15:48:55.858+0000] {taskinstance.py:1165} INFO - Dependencies all met for <TaskInstance: Practice_Airflow.read_csv_file manual__2022-12-01T15:48:50.267638+00:00 [queued]>
[2022-12-01T15:48:55.858+0000] {taskinstance.py:1362} INFO - 
--------------------------------------------------------------------------------
[2022-12-01T15:48:55.859+0000] {taskinstance.py:1363} INFO - Starting attempt 1 of 1
[2022-12-01T15:48:55.859+0000] {taskinstance.py:1364} INFO - 
--------------------------------------------------------------------------------
[2022-12-01T15:48:55.959+0000] {taskinstance.py:1383} INFO - Executing <Task(PythonOperator): read_csv_file> on 2022-12-01 15:48:50.267638+00:00
[2022-12-01T15:48:55.963+0000] {standard_task_runner.py:55} INFO - Started process 92 to run task
[2022-12-01T15:48:55.965+0000] {standard_task_runner.py:82} INFO - Running: ['***', 'tasks', 'run', 'Practice_Airflow', 'read_csv_file', 'manual__2022-12-01T15:48:50.267638+00:00', '--job-id', '26', '--raw', '--subdir', 'DAGS_FOLDER/Airflow_pr.py', '--cfg-path', '/tmp/tmp8orw46x5']
[2022-12-01T15:48:55.966+0000] {standard_task_runner.py:83} INFO - Job 26: Subtask read_csv_file
[2022-12-01T15:48:56.034+0000] {task_command.py:376} INFO - Running <TaskInstance: Practice_Airflow.read_csv_file manual__2022-12-01T15:48:50.267638+00:00 [running]> on host a5be4f489b88
[2022-12-01T15:48:56.167+0000] {taskinstance.py:1592} INFO - Exporting the following env vars:
AIRFLOW_CTX_DAG_OWNER=***
AIRFLOW_CTX_DAG_ID=Practice_Airflow
AIRFLOW_CTX_TASK_ID=read_csv_file
AIRFLOW_CTX_EXECUTION_DATE=2022-12-01T15:48:50.267638+00:00
AIRFLOW_CTX_TRY_NUMBER=1
AIRFLOW_CTX_DAG_RUN_ID=manual__2022-12-01T15:48:50.267638+00:00
[2022-12-01T15:48:56.212+0000] {python.py:177} INFO - Done. Returned value was:      Index   Height(Inches)"   "Weight(Pounds)"
0        1             65.78             112.99
1        2             71.52             136.49
2        3             69.40             153.03
3        4             68.22             142.34
4        5             67.79             144.30
..     ...               ...                ...
195    196             65.80             120.84
196    197             66.11             115.78
197    198             68.24             128.30
198    199             68.02             127.47
199    200             71.39             127.88

[200 rows x 3 columns]
[2022-12-01T15:48:56.281+0000] {xcom.py:600} ERROR - Could not serialize the XCom value into JSON. If you are using pickle instead of JSON for XCom, then you need to enable pickle support for XCom in your *** config.
[2022-12-01T15:48:56.281+0000] {taskinstance.py:1851} ERROR - Task failed with exception
Traceback (most recent call last):
  File "/home/airflow/.local/lib/python3.7/site-packages/airflow/utils/session.py", line 72, in wrapper
    return func(*args, **kwargs)
  File "/home/airflow/.local/lib/python3.7/site-packages/airflow/models/taskinstance.py", line 2385, in xcom_push
    session=session,
  File "/home/airflow/.local/lib/python3.7/site-packages/airflow/utils/session.py", line 72, in wrapper
    return func(*args, **kwargs)
  File "/home/airflow/.local/lib/python3.7/site-packages/airflow/models/xcom.py", line 212, in set
    map_index=map_index,
  File "/home/airflow/.local/lib/python3.7/site-packages/airflow/models/xcom.py", line 597, in serialize_value
    return json.dumps(value).encode('UTF-8')
  File "/usr/local/lib/python3.7/json/__init__.py", line 231, in dumps
    return _default_encoder.encode(obj)
  File "/usr/local/lib/python3.7/json/encoder.py", line 199, in encode
    chunks = self.iterencode(o, _one_shot=True)
  File "/usr/local/lib/python3.7/json/encoder.py", line 257, in iterencode
    return _iterencode(o, 0)
  File "/usr/local/lib/python3.7/json/encoder.py", line 179, in default
    raise TypeError(f'Object of type {o.__class__.__name__} '
TypeError: Object of type DataFrame is not JSON serializable
[2022-12-01T15:48:56.339+0000] {taskinstance.py:1406} INFO - Marking task as FAILED. dag_id=Practice_Airflow, task_id=read_csv_file, execution_date=20221201T154850, start_date=20221201T154855, end_date=20221201T154856
[2022-12-01T15:48:56.417+0000] {standard_task_runner.py:105} ERROR - Failed to execute job 26 for task read_csv_file (Object of type DataFrame is not JSON serializable; 92)
[2022-12-01T15:48:56.458+0000] {local_task_job.py:159} INFO - Task exited with return code 1
[2022-12-01T15:48:56.470+0000] {taskinstance.py:2623} INFO - 0 downstream tasks scheduled from follow-on schedule check
