[2022-12-05T11:03:32.892+0000] {taskinstance.py:1165} INFO - Dependencies all met for <TaskInstance: Practice_Airflow.old_a scheduled__2022-12-05T07:04:00+00:00 [queued]>
[2022-12-05T11:03:32.908+0000] {taskinstance.py:1165} INFO - Dependencies all met for <TaskInstance: Practice_Airflow.old_a scheduled__2022-12-05T07:04:00+00:00 [queued]>
[2022-12-05T11:03:32.909+0000] {taskinstance.py:1362} INFO - 
--------------------------------------------------------------------------------
[2022-12-05T11:03:32.909+0000] {taskinstance.py:1363} INFO - Starting attempt 1 of 1
[2022-12-05T11:03:32.910+0000] {taskinstance.py:1364} INFO - 
--------------------------------------------------------------------------------
[2022-12-05T11:03:32.993+0000] {taskinstance.py:1383} INFO - Executing <Task(PythonOperator): old_a> on 2022-12-05 07:04:00+00:00
[2022-12-05T11:03:33.000+0000] {standard_task_runner.py:55} INFO - Started process 718 to run task
[2022-12-05T11:03:33.006+0000] {standard_task_runner.py:82} INFO - Running: ['***', 'tasks', 'run', 'Practice_Airflow', 'old_a', 'scheduled__2022-12-05T07:04:00+00:00', '--job-id', '294', '--raw', '--subdir', 'DAGS_FOLDER/Airflow_pr.py', '--cfg-path', '/tmp/tmpbojblpnw']
[2022-12-05T11:03:33.011+0000] {standard_task_runner.py:83} INFO - Job 294: Subtask old_a
[2022-12-05T11:03:33.137+0000] {task_command.py:376} INFO - Running <TaskInstance: Practice_Airflow.old_a scheduled__2022-12-05T07:04:00+00:00 [running]> on host a5be4f489b88
[2022-12-05T11:03:33.438+0000] {taskinstance.py:1592} INFO - Exporting the following env vars:
AIRFLOW_CTX_DAG_OWNER=***
AIRFLOW_CTX_DAG_ID=Practice_Airflow
AIRFLOW_CTX_TASK_ID=old_a
AIRFLOW_CTX_EXECUTION_DATE=2022-12-05T07:04:00+00:00
AIRFLOW_CTX_TRY_NUMBER=1
AIRFLOW_CTX_DAG_RUN_ID=scheduled__2022-12-05T07:04:00+00:00
[2022-12-05T11:03:33.469+0000] {logging_mixin.py:137} INFO - Data from hw_200.csv file:
     Index   Height(Inches)"   "Weight(Pounds)"
0        1             65.78             112.99
1        2             71.52             136.49
2        3             69.40             153.03
3        4             68.22             142.34
4        5             67.79             144.30
..     ...               ...                ...
195    196             65.80             120.84
196    197             66.11             115.78
197    198             68.24             128.30
198    199             68.02             127.47
199    200             71.39             127.88

[200 rows x 3 columns]
[2022-12-05T11:03:33.470+0000] {logging_mixin.py:137} INFO - Кол-во строк в df: 200
[2022-12-05T11:03:33.541+0000] {crypto.py:84} WARNING - empty cryptography key - values will not be stored encrypted.
[2022-12-05T11:03:33.610+0000] {python.py:177} INFO - Done. Returned value was: None
[2022-12-05T11:03:33.627+0000] {taskinstance.py:1406} INFO - Marking task as SUCCESS. dag_id=Practice_Airflow, task_id=old_a, execution_date=20221205T070400, start_date=20221205T110332, end_date=20221205T110333
[2022-12-05T11:03:33.823+0000] {local_task_job.py:159} INFO - Task exited with return code 0
[2022-12-05T11:03:33.870+0000] {taskinstance.py:2623} INFO - 1 downstream tasks scheduled from follow-on schedule check
