[2022-12-05T11:01:29.333+0000] {processor.py:154} INFO - Started process (PID=65) to work on /home/airflow/.local/lib/python3.7/site-packages/airflow/example_dags/tutorial.py
[2022-12-05T11:01:29.334+0000] {processor.py:756} INFO - Processing file /home/airflow/.local/lib/python3.7/site-packages/airflow/example_dags/tutorial.py for tasks to queue
[2022-12-05T11:01:29.335+0000] {logging_mixin.py:137} INFO - [2022-12-05T11:01:29.335+0000] {dagbag.py:537} INFO - Filling up the DagBag from /home/airflow/.local/lib/python3.7/site-packages/airflow/example_dags/tutorial.py
[2022-12-05T11:01:29.356+0000] {processor.py:766} INFO - DAG(s) dict_keys(['tutorial']) retrieved from /home/airflow/.local/lib/python3.7/site-packages/airflow/example_dags/tutorial.py
[2022-12-05T11:01:29.457+0000] {logging_mixin.py:137} INFO - [2022-12-05T11:01:29.457+0000] {dag.py:2585} INFO - Sync 1 DAGs
[2022-12-05T11:01:29.490+0000] {logging_mixin.py:137} INFO - [2022-12-05T11:01:29.490+0000] {dag.py:3340} INFO - Setting next_dagrun for tutorial to 2022-12-04T11:01:29.490345+00:00, run_after=2022-12-05T11:01:29.490345+00:00
[2022-12-05T11:01:29.606+0000] {processor.py:176} INFO - Processing /home/airflow/.local/lib/python3.7/site-packages/airflow/example_dags/tutorial.py took 0.276 seconds
[2022-12-05T11:01:59.929+0000] {processor.py:154} INFO - Started process (PID=122) to work on /home/airflow/.local/lib/python3.7/site-packages/airflow/example_dags/tutorial.py
[2022-12-05T11:01:59.930+0000] {processor.py:756} INFO - Processing file /home/airflow/.local/lib/python3.7/site-packages/airflow/example_dags/tutorial.py for tasks to queue
[2022-12-05T11:01:59.931+0000] {logging_mixin.py:137} INFO - [2022-12-05T11:01:59.930+0000] {dagbag.py:537} INFO - Filling up the DagBag from /home/airflow/.local/lib/python3.7/site-packages/airflow/example_dags/tutorial.py
[2022-12-05T11:01:59.941+0000] {processor.py:766} INFO - DAG(s) dict_keys(['tutorial']) retrieved from /home/airflow/.local/lib/python3.7/site-packages/airflow/example_dags/tutorial.py
[2022-12-05T11:01:59.971+0000] {logging_mixin.py:137} INFO - [2022-12-05T11:01:59.971+0000] {dag.py:2585} INFO - Sync 1 DAGs
[2022-12-05T11:01:59.989+0000] {logging_mixin.py:137} INFO - [2022-12-05T11:01:59.989+0000] {dag.py:3340} INFO - Setting next_dagrun for tutorial to 2022-12-04T11:01:59.989278+00:00, run_after=2022-12-05T11:01:59.989278+00:00
[2022-12-05T11:02:00.104+0000] {processor.py:176} INFO - Processing /home/airflow/.local/lib/python3.7/site-packages/airflow/example_dags/tutorial.py took 0.176 seconds
[2022-12-05T11:02:30.175+0000] {processor.py:154} INFO - Started process (PID=189) to work on /home/airflow/.local/lib/python3.7/site-packages/airflow/example_dags/tutorial.py
[2022-12-05T11:02:30.176+0000] {processor.py:756} INFO - Processing file /home/airflow/.local/lib/python3.7/site-packages/airflow/example_dags/tutorial.py for tasks to queue
[2022-12-05T11:02:30.176+0000] {logging_mixin.py:137} INFO - [2022-12-05T11:02:30.176+0000] {dagbag.py:537} INFO - Filling up the DagBag from /home/airflow/.local/lib/python3.7/site-packages/airflow/example_dags/tutorial.py
[2022-12-05T11:02:30.184+0000] {processor.py:766} INFO - DAG(s) dict_keys(['tutorial']) retrieved from /home/airflow/.local/lib/python3.7/site-packages/airflow/example_dags/tutorial.py
[2022-12-05T11:02:30.210+0000] {logging_mixin.py:137} INFO - [2022-12-05T11:02:30.209+0000] {dag.py:2585} INFO - Sync 1 DAGs
[2022-12-05T11:02:30.228+0000] {logging_mixin.py:137} INFO - [2022-12-05T11:02:30.228+0000] {dag.py:3340} INFO - Setting next_dagrun for tutorial to 2022-12-04T11:02:30.228193+00:00, run_after=2022-12-05T11:02:30.228193+00:00
[2022-12-05T11:02:30.269+0000] {processor.py:176} INFO - Processing /home/airflow/.local/lib/python3.7/site-packages/airflow/example_dags/tutorial.py took 0.096 seconds
[2022-12-05T11:03:01.855+0000] {processor.py:154} INFO - Started process (PID=340) to work on /home/airflow/.local/lib/python3.7/site-packages/airflow/example_dags/tutorial.py
[2022-12-05T11:03:01.855+0000] {processor.py:756} INFO - Processing file /home/airflow/.local/lib/python3.7/site-packages/airflow/example_dags/tutorial.py for tasks to queue
[2022-12-05T11:03:01.856+0000] {logging_mixin.py:137} INFO - [2022-12-05T11:03:01.856+0000] {dagbag.py:537} INFO - Filling up the DagBag from /home/airflow/.local/lib/python3.7/site-packages/airflow/example_dags/tutorial.py
[2022-12-05T11:03:01.870+0000] {processor.py:766} INFO - DAG(s) dict_keys(['tutorial']) retrieved from /home/airflow/.local/lib/python3.7/site-packages/airflow/example_dags/tutorial.py
[2022-12-05T11:03:01.911+0000] {logging_mixin.py:137} INFO - [2022-12-05T11:03:01.911+0000] {dag.py:2585} INFO - Sync 1 DAGs
[2022-12-05T11:03:01.946+0000] {logging_mixin.py:137} INFO - [2022-12-05T11:03:01.946+0000] {dag.py:3340} INFO - Setting next_dagrun for tutorial to 2022-12-04T11:03:01.946124+00:00, run_after=2022-12-05T11:03:01.946124+00:00
[2022-12-05T11:03:02.019+0000] {processor.py:176} INFO - Processing /home/airflow/.local/lib/python3.7/site-packages/airflow/example_dags/tutorial.py took 0.166 seconds
[2022-12-05T11:03:33.059+0000] {processor.py:154} INFO - Started process (PID=544) to work on /home/airflow/.local/lib/python3.7/site-packages/airflow/example_dags/tutorial.py
[2022-12-05T11:03:33.060+0000] {processor.py:756} INFO - Processing file /home/airflow/.local/lib/python3.7/site-packages/airflow/example_dags/tutorial.py for tasks to queue
[2022-12-05T11:03:33.061+0000] {logging_mixin.py:137} INFO - [2022-12-05T11:03:33.060+0000] {dagbag.py:537} INFO - Filling up the DagBag from /home/airflow/.local/lib/python3.7/site-packages/airflow/example_dags/tutorial.py
[2022-12-05T11:03:33.070+0000] {processor.py:766} INFO - DAG(s) dict_keys(['tutorial']) retrieved from /home/airflow/.local/lib/python3.7/site-packages/airflow/example_dags/tutorial.py
[2022-12-05T11:03:33.113+0000] {logging_mixin.py:137} INFO - [2022-12-05T11:03:33.113+0000] {dag.py:2585} INFO - Sync 1 DAGs
[2022-12-05T11:03:33.145+0000] {logging_mixin.py:137} INFO - [2022-12-05T11:03:33.145+0000] {dag.py:3340} INFO - Setting next_dagrun for tutorial to 2022-12-04T11:03:33.145173+00:00, run_after=2022-12-05T11:03:33.145173+00:00
[2022-12-05T11:03:33.250+0000] {processor.py:176} INFO - Processing /home/airflow/.local/lib/python3.7/site-packages/airflow/example_dags/tutorial.py took 0.192 seconds
[2022-12-05T11:04:03.452+0000] {processor.py:154} INFO - Started process (PID=730) to work on /home/airflow/.local/lib/python3.7/site-packages/airflow/example_dags/tutorial.py
[2022-12-05T11:04:03.453+0000] {processor.py:756} INFO - Processing file /home/airflow/.local/lib/python3.7/site-packages/airflow/example_dags/tutorial.py for tasks to queue
[2022-12-05T11:04:03.454+0000] {logging_mixin.py:137} INFO - [2022-12-05T11:04:03.454+0000] {dagbag.py:537} INFO - Filling up the DagBag from /home/airflow/.local/lib/python3.7/site-packages/airflow/example_dags/tutorial.py
[2022-12-05T11:04:03.467+0000] {processor.py:766} INFO - DAG(s) dict_keys(['tutorial']) retrieved from /home/airflow/.local/lib/python3.7/site-packages/airflow/example_dags/tutorial.py
[2022-12-05T11:04:03.505+0000] {logging_mixin.py:137} INFO - [2022-12-05T11:04:03.505+0000] {dag.py:2585} INFO - Sync 1 DAGs
[2022-12-05T11:04:03.534+0000] {logging_mixin.py:137} INFO - [2022-12-05T11:04:03.534+0000] {dag.py:3340} INFO - Setting next_dagrun for tutorial to 2022-12-04T11:04:03.533858+00:00, run_after=2022-12-05T11:04:03.533858+00:00
[2022-12-05T11:04:03.587+0000] {processor.py:176} INFO - Processing /home/airflow/.local/lib/python3.7/site-packages/airflow/example_dags/tutorial.py took 0.138 seconds
[2022-12-05T11:04:34.271+0000] {processor.py:154} INFO - Started process (PID=823) to work on /home/airflow/.local/lib/python3.7/site-packages/airflow/example_dags/tutorial.py
[2022-12-05T11:04:34.272+0000] {processor.py:756} INFO - Processing file /home/airflow/.local/lib/python3.7/site-packages/airflow/example_dags/tutorial.py for tasks to queue
[2022-12-05T11:04:34.272+0000] {logging_mixin.py:137} INFO - [2022-12-05T11:04:34.272+0000] {dagbag.py:537} INFO - Filling up the DagBag from /home/airflow/.local/lib/python3.7/site-packages/airflow/example_dags/tutorial.py
[2022-12-05T11:04:34.281+0000] {processor.py:766} INFO - DAG(s) dict_keys(['tutorial']) retrieved from /home/airflow/.local/lib/python3.7/site-packages/airflow/example_dags/tutorial.py
[2022-12-05T11:04:34.307+0000] {logging_mixin.py:137} INFO - [2022-12-05T11:04:34.307+0000] {dag.py:2585} INFO - Sync 1 DAGs
[2022-12-05T11:04:34.328+0000] {logging_mixin.py:137} INFO - [2022-12-05T11:04:34.328+0000] {dag.py:3340} INFO - Setting next_dagrun for tutorial to 2022-12-04T11:04:34.327862+00:00, run_after=2022-12-05T11:04:34.327862+00:00
[2022-12-05T11:04:34.374+0000] {processor.py:176} INFO - Processing /home/airflow/.local/lib/python3.7/site-packages/airflow/example_dags/tutorial.py took 0.105 seconds
[2022-12-05T11:05:04.751+0000] {processor.py:154} INFO - Started process (PID=890) to work on /home/airflow/.local/lib/python3.7/site-packages/airflow/example_dags/tutorial.py
[2022-12-05T11:05:04.751+0000] {processor.py:756} INFO - Processing file /home/airflow/.local/lib/python3.7/site-packages/airflow/example_dags/tutorial.py for tasks to queue
[2022-12-05T11:05:04.752+0000] {logging_mixin.py:137} INFO - [2022-12-05T11:05:04.752+0000] {dagbag.py:537} INFO - Filling up the DagBag from /home/airflow/.local/lib/python3.7/site-packages/airflow/example_dags/tutorial.py
[2022-12-05T11:05:04.760+0000] {processor.py:766} INFO - DAG(s) dict_keys(['tutorial']) retrieved from /home/airflow/.local/lib/python3.7/site-packages/airflow/example_dags/tutorial.py
[2022-12-05T11:05:04.788+0000] {logging_mixin.py:137} INFO - [2022-12-05T11:05:04.788+0000] {dag.py:2585} INFO - Sync 1 DAGs
[2022-12-05T11:05:04.807+0000] {logging_mixin.py:137} INFO - [2022-12-05T11:05:04.807+0000] {dag.py:3340} INFO - Setting next_dagrun for tutorial to 2022-12-04T11:05:04.807235+00:00, run_after=2022-12-05T11:05:04.807235+00:00
[2022-12-05T11:05:04.852+0000] {processor.py:176} INFO - Processing /home/airflow/.local/lib/python3.7/site-packages/airflow/example_dags/tutorial.py took 0.103 seconds
[2022-12-05T11:05:35.441+0000] {processor.py:154} INFO - Started process (PID=947) to work on /home/airflow/.local/lib/python3.7/site-packages/airflow/example_dags/tutorial.py
[2022-12-05T11:05:35.441+0000] {processor.py:756} INFO - Processing file /home/airflow/.local/lib/python3.7/site-packages/airflow/example_dags/tutorial.py for tasks to queue
[2022-12-05T11:05:35.442+0000] {logging_mixin.py:137} INFO - [2022-12-05T11:05:35.442+0000] {dagbag.py:537} INFO - Filling up the DagBag from /home/airflow/.local/lib/python3.7/site-packages/airflow/example_dags/tutorial.py
[2022-12-05T11:05:35.451+0000] {processor.py:766} INFO - DAG(s) dict_keys(['tutorial']) retrieved from /home/airflow/.local/lib/python3.7/site-packages/airflow/example_dags/tutorial.py
[2022-12-05T11:05:35.480+0000] {logging_mixin.py:137} INFO - [2022-12-05T11:05:35.480+0000] {dag.py:2585} INFO - Sync 1 DAGs
[2022-12-05T11:05:35.500+0000] {logging_mixin.py:137} INFO - [2022-12-05T11:05:35.500+0000] {dag.py:3340} INFO - Setting next_dagrun for tutorial to 2022-12-04T11:05:35.499998+00:00, run_after=2022-12-05T11:05:35.499998+00:00
[2022-12-05T11:05:35.543+0000] {processor.py:176} INFO - Processing /home/airflow/.local/lib/python3.7/site-packages/airflow/example_dags/tutorial.py took 0.104 seconds
[2022-12-05T11:06:06.320+0000] {processor.py:154} INFO - Started process (PID=1013) to work on /home/airflow/.local/lib/python3.7/site-packages/airflow/example_dags/tutorial.py
[2022-12-05T11:06:06.321+0000] {processor.py:756} INFO - Processing file /home/airflow/.local/lib/python3.7/site-packages/airflow/example_dags/tutorial.py for tasks to queue
[2022-12-05T11:06:06.322+0000] {logging_mixin.py:137} INFO - [2022-12-05T11:06:06.322+0000] {dagbag.py:537} INFO - Filling up the DagBag from /home/airflow/.local/lib/python3.7/site-packages/airflow/example_dags/tutorial.py
[2022-12-05T11:06:06.331+0000] {processor.py:766} INFO - DAG(s) dict_keys(['tutorial']) retrieved from /home/airflow/.local/lib/python3.7/site-packages/airflow/example_dags/tutorial.py
[2022-12-05T11:06:06.359+0000] {logging_mixin.py:137} INFO - [2022-12-05T11:06:06.359+0000] {dag.py:2585} INFO - Sync 1 DAGs
[2022-12-05T11:06:06.379+0000] {logging_mixin.py:137} INFO - [2022-12-05T11:06:06.379+0000] {dag.py:3340} INFO - Setting next_dagrun for tutorial to 2022-12-04T11:06:06.379527+00:00, run_after=2022-12-05T11:06:06.379527+00:00
[2022-12-05T11:06:06.496+0000] {processor.py:176} INFO - Processing /home/airflow/.local/lib/python3.7/site-packages/airflow/example_dags/tutorial.py took 0.177 seconds
[2022-12-05T11:06:37.152+0000] {processor.py:154} INFO - Started process (PID=1080) to work on /home/airflow/.local/lib/python3.7/site-packages/airflow/example_dags/tutorial.py
[2022-12-05T11:06:37.152+0000] {processor.py:756} INFO - Processing file /home/airflow/.local/lib/python3.7/site-packages/airflow/example_dags/tutorial.py for tasks to queue
[2022-12-05T11:06:37.153+0000] {logging_mixin.py:137} INFO - [2022-12-05T11:06:37.153+0000] {dagbag.py:537} INFO - Filling up the DagBag from /home/airflow/.local/lib/python3.7/site-packages/airflow/example_dags/tutorial.py
[2022-12-05T11:06:37.161+0000] {processor.py:766} INFO - DAG(s) dict_keys(['tutorial']) retrieved from /home/airflow/.local/lib/python3.7/site-packages/airflow/example_dags/tutorial.py
[2022-12-05T11:06:37.188+0000] {logging_mixin.py:137} INFO - [2022-12-05T11:06:37.188+0000] {dag.py:2585} INFO - Sync 1 DAGs
[2022-12-05T11:06:37.207+0000] {logging_mixin.py:137} INFO - [2022-12-05T11:06:37.207+0000] {dag.py:3340} INFO - Setting next_dagrun for tutorial to 2022-12-04T11:06:37.207049+00:00, run_after=2022-12-05T11:06:37.207049+00:00
[2022-12-05T11:06:37.254+0000] {processor.py:176} INFO - Processing /home/airflow/.local/lib/python3.7/site-packages/airflow/example_dags/tutorial.py took 0.105 seconds
[2022-12-05T11:07:07.834+0000] {processor.py:154} INFO - Started process (PID=1146) to work on /home/airflow/.local/lib/python3.7/site-packages/airflow/example_dags/tutorial.py
[2022-12-05T11:07:07.835+0000] {processor.py:756} INFO - Processing file /home/airflow/.local/lib/python3.7/site-packages/airflow/example_dags/tutorial.py for tasks to queue
[2022-12-05T11:07:07.836+0000] {logging_mixin.py:137} INFO - [2022-12-05T11:07:07.835+0000] {dagbag.py:537} INFO - Filling up the DagBag from /home/airflow/.local/lib/python3.7/site-packages/airflow/example_dags/tutorial.py
[2022-12-05T11:07:07.844+0000] {processor.py:766} INFO - DAG(s) dict_keys(['tutorial']) retrieved from /home/airflow/.local/lib/python3.7/site-packages/airflow/example_dags/tutorial.py
[2022-12-05T11:07:07.872+0000] {logging_mixin.py:137} INFO - [2022-12-05T11:07:07.872+0000] {dag.py:2585} INFO - Sync 1 DAGs
[2022-12-05T11:07:07.891+0000] {logging_mixin.py:137} INFO - [2022-12-05T11:07:07.891+0000] {dag.py:3340} INFO - Setting next_dagrun for tutorial to 2022-12-04T11:07:07.891248+00:00, run_after=2022-12-05T11:07:07.891248+00:00
[2022-12-05T11:07:07.935+0000] {processor.py:176} INFO - Processing /home/airflow/.local/lib/python3.7/site-packages/airflow/example_dags/tutorial.py took 0.102 seconds
[2022-12-05T11:07:38.206+0000] {processor.py:154} INFO - Started process (PID=1205) to work on /home/airflow/.local/lib/python3.7/site-packages/airflow/example_dags/tutorial.py
[2022-12-05T11:07:38.206+0000] {processor.py:756} INFO - Processing file /home/airflow/.local/lib/python3.7/site-packages/airflow/example_dags/tutorial.py for tasks to queue
[2022-12-05T11:07:38.207+0000] {logging_mixin.py:137} INFO - [2022-12-05T11:07:38.207+0000] {dagbag.py:537} INFO - Filling up the DagBag from /home/airflow/.local/lib/python3.7/site-packages/airflow/example_dags/tutorial.py
[2022-12-05T11:07:38.216+0000] {processor.py:766} INFO - DAG(s) dict_keys(['tutorial']) retrieved from /home/airflow/.local/lib/python3.7/site-packages/airflow/example_dags/tutorial.py
[2022-12-05T11:07:38.345+0000] {logging_mixin.py:137} INFO - [2022-12-05T11:07:38.345+0000] {dag.py:2585} INFO - Sync 1 DAGs
[2022-12-05T11:07:38.371+0000] {logging_mixin.py:137} INFO - [2022-12-05T11:07:38.371+0000] {dag.py:3340} INFO - Setting next_dagrun for tutorial to 2022-12-04T11:07:38.371410+00:00, run_after=2022-12-05T11:07:38.371410+00:00
[2022-12-05T11:07:38.449+0000] {processor.py:176} INFO - Processing /home/airflow/.local/lib/python3.7/site-packages/airflow/example_dags/tutorial.py took 0.245 seconds
[2022-12-05T11:08:08.486+0000] {processor.py:154} INFO - Started process (PID=1271) to work on /home/airflow/.local/lib/python3.7/site-packages/airflow/example_dags/tutorial.py
[2022-12-05T11:08:08.486+0000] {processor.py:756} INFO - Processing file /home/airflow/.local/lib/python3.7/site-packages/airflow/example_dags/tutorial.py for tasks to queue
[2022-12-05T11:08:08.487+0000] {logging_mixin.py:137} INFO - [2022-12-05T11:08:08.487+0000] {dagbag.py:537} INFO - Filling up the DagBag from /home/airflow/.local/lib/python3.7/site-packages/airflow/example_dags/tutorial.py
[2022-12-05T11:08:08.495+0000] {processor.py:766} INFO - DAG(s) dict_keys(['tutorial']) retrieved from /home/airflow/.local/lib/python3.7/site-packages/airflow/example_dags/tutorial.py
[2022-12-05T11:08:08.520+0000] {logging_mixin.py:137} INFO - [2022-12-05T11:08:08.520+0000] {dag.py:2585} INFO - Sync 1 DAGs
[2022-12-05T11:08:08.538+0000] {logging_mixin.py:137} INFO - [2022-12-05T11:08:08.538+0000] {dag.py:3340} INFO - Setting next_dagrun for tutorial to 2022-12-04T11:08:08.538511+00:00, run_after=2022-12-05T11:08:08.538511+00:00
[2022-12-05T11:08:08.577+0000] {processor.py:176} INFO - Processing /home/airflow/.local/lib/python3.7/site-packages/airflow/example_dags/tutorial.py took 0.093 seconds
[2022-12-05T11:08:38.688+0000] {processor.py:154} INFO - Started process (PID=1337) to work on /home/airflow/.local/lib/python3.7/site-packages/airflow/example_dags/tutorial.py
[2022-12-05T11:08:38.689+0000] {processor.py:756} INFO - Processing file /home/airflow/.local/lib/python3.7/site-packages/airflow/example_dags/tutorial.py for tasks to queue
[2022-12-05T11:08:38.689+0000] {logging_mixin.py:137} INFO - [2022-12-05T11:08:38.689+0000] {dagbag.py:537} INFO - Filling up the DagBag from /home/airflow/.local/lib/python3.7/site-packages/airflow/example_dags/tutorial.py
[2022-12-05T11:08:38.699+0000] {processor.py:766} INFO - DAG(s) dict_keys(['tutorial']) retrieved from /home/airflow/.local/lib/python3.7/site-packages/airflow/example_dags/tutorial.py
[2022-12-05T11:08:38.728+0000] {logging_mixin.py:137} INFO - [2022-12-05T11:08:38.728+0000] {dag.py:2585} INFO - Sync 1 DAGs
[2022-12-05T11:08:38.750+0000] {logging_mixin.py:137} INFO - [2022-12-05T11:08:38.749+0000] {dag.py:3340} INFO - Setting next_dagrun for tutorial to 2022-12-04T11:08:38.749565+00:00, run_after=2022-12-05T11:08:38.749565+00:00
[2022-12-05T11:08:38.840+0000] {processor.py:176} INFO - Processing /home/airflow/.local/lib/python3.7/site-packages/airflow/example_dags/tutorial.py took 0.154 seconds
[2022-12-05T11:09:09.058+0000] {processor.py:154} INFO - Started process (PID=1394) to work on /home/airflow/.local/lib/python3.7/site-packages/airflow/example_dags/tutorial.py
[2022-12-05T11:09:09.059+0000] {processor.py:756} INFO - Processing file /home/airflow/.local/lib/python3.7/site-packages/airflow/example_dags/tutorial.py for tasks to queue
[2022-12-05T11:09:09.060+0000] {logging_mixin.py:137} INFO - [2022-12-05T11:09:09.060+0000] {dagbag.py:537} INFO - Filling up the DagBag from /home/airflow/.local/lib/python3.7/site-packages/airflow/example_dags/tutorial.py
[2022-12-05T11:09:09.069+0000] {processor.py:766} INFO - DAG(s) dict_keys(['tutorial']) retrieved from /home/airflow/.local/lib/python3.7/site-packages/airflow/example_dags/tutorial.py
[2022-12-05T11:09:09.097+0000] {logging_mixin.py:137} INFO - [2022-12-05T11:09:09.096+0000] {dag.py:2585} INFO - Sync 1 DAGs
[2022-12-05T11:09:09.116+0000] {logging_mixin.py:137} INFO - [2022-12-05T11:09:09.115+0000] {dag.py:3340} INFO - Setting next_dagrun for tutorial to 2022-12-04T11:09:09.115820+00:00, run_after=2022-12-05T11:09:09.115820+00:00
[2022-12-05T11:09:09.158+0000] {processor.py:176} INFO - Processing /home/airflow/.local/lib/python3.7/site-packages/airflow/example_dags/tutorial.py took 0.101 seconds
[2022-12-05T11:09:39.410+0000] {processor.py:154} INFO - Started process (PID=1461) to work on /home/airflow/.local/lib/python3.7/site-packages/airflow/example_dags/tutorial.py
[2022-12-05T11:09:39.411+0000] {processor.py:756} INFO - Processing file /home/airflow/.local/lib/python3.7/site-packages/airflow/example_dags/tutorial.py for tasks to queue
[2022-12-05T11:09:39.411+0000] {logging_mixin.py:137} INFO - [2022-12-05T11:09:39.411+0000] {dagbag.py:537} INFO - Filling up the DagBag from /home/airflow/.local/lib/python3.7/site-packages/airflow/example_dags/tutorial.py
[2022-12-05T11:09:39.420+0000] {processor.py:766} INFO - DAG(s) dict_keys(['tutorial']) retrieved from /home/airflow/.local/lib/python3.7/site-packages/airflow/example_dags/tutorial.py
[2022-12-05T11:09:39.446+0000] {logging_mixin.py:137} INFO - [2022-12-05T11:09:39.446+0000] {dag.py:2585} INFO - Sync 1 DAGs
[2022-12-05T11:09:39.465+0000] {logging_mixin.py:137} INFO - [2022-12-05T11:09:39.465+0000] {dag.py:3340} INFO - Setting next_dagrun for tutorial to 2022-12-04T11:09:39.465133+00:00, run_after=2022-12-05T11:09:39.465133+00:00
[2022-12-05T11:09:39.529+0000] {processor.py:176} INFO - Processing /home/airflow/.local/lib/python3.7/site-packages/airflow/example_dags/tutorial.py took 0.121 seconds
[2022-12-05T11:10:09.773+0000] {processor.py:154} INFO - Started process (PID=1528) to work on /home/airflow/.local/lib/python3.7/site-packages/airflow/example_dags/tutorial.py
[2022-12-05T11:10:09.774+0000] {processor.py:756} INFO - Processing file /home/airflow/.local/lib/python3.7/site-packages/airflow/example_dags/tutorial.py for tasks to queue
[2022-12-05T11:10:09.774+0000] {logging_mixin.py:137} INFO - [2022-12-05T11:10:09.774+0000] {dagbag.py:537} INFO - Filling up the DagBag from /home/airflow/.local/lib/python3.7/site-packages/airflow/example_dags/tutorial.py
[2022-12-05T11:10:09.783+0000] {processor.py:766} INFO - DAG(s) dict_keys(['tutorial']) retrieved from /home/airflow/.local/lib/python3.7/site-packages/airflow/example_dags/tutorial.py
[2022-12-05T11:10:09.810+0000] {logging_mixin.py:137} INFO - [2022-12-05T11:10:09.810+0000] {dag.py:2585} INFO - Sync 1 DAGs
[2022-12-05T11:10:09.829+0000] {logging_mixin.py:137} INFO - [2022-12-05T11:10:09.829+0000] {dag.py:3340} INFO - Setting next_dagrun for tutorial to 2022-12-04T11:10:09.829539+00:00, run_after=2022-12-05T11:10:09.829539+00:00
[2022-12-05T11:10:09.903+0000] {processor.py:176} INFO - Processing /home/airflow/.local/lib/python3.7/site-packages/airflow/example_dags/tutorial.py took 0.132 seconds
[2022-12-05T11:10:40.089+0000] {processor.py:154} INFO - Started process (PID=1594) to work on /home/airflow/.local/lib/python3.7/site-packages/airflow/example_dags/tutorial.py
[2022-12-05T11:10:40.090+0000] {processor.py:756} INFO - Processing file /home/airflow/.local/lib/python3.7/site-packages/airflow/example_dags/tutorial.py for tasks to queue
[2022-12-05T11:10:40.090+0000] {logging_mixin.py:137} INFO - [2022-12-05T11:10:40.090+0000] {dagbag.py:537} INFO - Filling up the DagBag from /home/airflow/.local/lib/python3.7/site-packages/airflow/example_dags/tutorial.py
[2022-12-05T11:10:40.100+0000] {processor.py:766} INFO - DAG(s) dict_keys(['tutorial']) retrieved from /home/airflow/.local/lib/python3.7/site-packages/airflow/example_dags/tutorial.py
[2022-12-05T11:10:40.135+0000] {logging_mixin.py:137} INFO - [2022-12-05T11:10:40.135+0000] {dag.py:2585} INFO - Sync 1 DAGs
[2022-12-05T11:10:40.157+0000] {logging_mixin.py:137} INFO - [2022-12-05T11:10:40.157+0000] {dag.py:3340} INFO - Setting next_dagrun for tutorial to 2022-12-04T11:10:40.157107+00:00, run_after=2022-12-05T11:10:40.157107+00:00
[2022-12-05T11:10:40.228+0000] {processor.py:176} INFO - Processing /home/airflow/.local/lib/python3.7/site-packages/airflow/example_dags/tutorial.py took 0.141 seconds
[2022-12-05T11:11:10.931+0000] {processor.py:154} INFO - Started process (PID=1664) to work on /home/airflow/.local/lib/python3.7/site-packages/airflow/example_dags/tutorial.py
[2022-12-05T11:11:10.932+0000] {processor.py:756} INFO - Processing file /home/airflow/.local/lib/python3.7/site-packages/airflow/example_dags/tutorial.py for tasks to queue
[2022-12-05T11:11:10.933+0000] {logging_mixin.py:137} INFO - [2022-12-05T11:11:10.932+0000] {dagbag.py:537} INFO - Filling up the DagBag from /home/airflow/.local/lib/python3.7/site-packages/airflow/example_dags/tutorial.py
[2022-12-05T11:11:10.943+0000] {processor.py:766} INFO - DAG(s) dict_keys(['tutorial']) retrieved from /home/airflow/.local/lib/python3.7/site-packages/airflow/example_dags/tutorial.py
[2022-12-05T11:11:10.974+0000] {logging_mixin.py:137} INFO - [2022-12-05T11:11:10.974+0000] {dag.py:2585} INFO - Sync 1 DAGs
[2022-12-05T11:11:10.997+0000] {logging_mixin.py:137} INFO - [2022-12-05T11:11:10.996+0000] {dag.py:3340} INFO - Setting next_dagrun for tutorial to 2022-12-04T11:11:10.996622+00:00, run_after=2022-12-05T11:11:10.996622+00:00
[2022-12-05T11:11:11.043+0000] {processor.py:176} INFO - Processing /home/airflow/.local/lib/python3.7/site-packages/airflow/example_dags/tutorial.py took 0.114 seconds
[2022-12-05T11:11:41.993+0000] {processor.py:154} INFO - Started process (PID=1730) to work on /home/airflow/.local/lib/python3.7/site-packages/airflow/example_dags/tutorial.py
[2022-12-05T11:11:41.994+0000] {processor.py:756} INFO - Processing file /home/airflow/.local/lib/python3.7/site-packages/airflow/example_dags/tutorial.py for tasks to queue
[2022-12-05T11:11:41.994+0000] {logging_mixin.py:137} INFO - [2022-12-05T11:11:41.994+0000] {dagbag.py:537} INFO - Filling up the DagBag from /home/airflow/.local/lib/python3.7/site-packages/airflow/example_dags/tutorial.py
[2022-12-05T11:11:42.005+0000] {processor.py:766} INFO - DAG(s) dict_keys(['tutorial']) retrieved from /home/airflow/.local/lib/python3.7/site-packages/airflow/example_dags/tutorial.py
[2022-12-05T11:11:42.041+0000] {logging_mixin.py:137} INFO - [2022-12-05T11:11:42.041+0000] {dag.py:2585} INFO - Sync 1 DAGs
[2022-12-05T11:11:42.064+0000] {logging_mixin.py:137} INFO - [2022-12-05T11:11:42.064+0000] {dag.py:3340} INFO - Setting next_dagrun for tutorial to 2022-12-04T11:11:42.064187+00:00, run_after=2022-12-05T11:11:42.064187+00:00
[2022-12-05T11:11:42.113+0000] {processor.py:176} INFO - Processing /home/airflow/.local/lib/python3.7/site-packages/airflow/example_dags/tutorial.py took 0.123 seconds
[2022-12-05T11:12:12.203+0000] {processor.py:154} INFO - Started process (PID=1798) to work on /home/airflow/.local/lib/python3.7/site-packages/airflow/example_dags/tutorial.py
[2022-12-05T11:12:12.204+0000] {processor.py:756} INFO - Processing file /home/airflow/.local/lib/python3.7/site-packages/airflow/example_dags/tutorial.py for tasks to queue
[2022-12-05T11:12:12.205+0000] {logging_mixin.py:137} INFO - [2022-12-05T11:12:12.205+0000] {dagbag.py:537} INFO - Filling up the DagBag from /home/airflow/.local/lib/python3.7/site-packages/airflow/example_dags/tutorial.py
[2022-12-05T11:12:12.214+0000] {processor.py:766} INFO - DAG(s) dict_keys(['tutorial']) retrieved from /home/airflow/.local/lib/python3.7/site-packages/airflow/example_dags/tutorial.py
[2022-12-05T11:12:12.244+0000] {logging_mixin.py:137} INFO - [2022-12-05T11:12:12.244+0000] {dag.py:2585} INFO - Sync 1 DAGs
[2022-12-05T11:12:12.265+0000] {logging_mixin.py:137} INFO - [2022-12-05T11:12:12.265+0000] {dag.py:3340} INFO - Setting next_dagrun for tutorial to 2022-12-04T11:12:12.264838+00:00, run_after=2022-12-05T11:12:12.264838+00:00
[2022-12-05T11:12:12.313+0000] {processor.py:176} INFO - Processing /home/airflow/.local/lib/python3.7/site-packages/airflow/example_dags/tutorial.py took 0.112 seconds
[2022-12-05T11:12:42.581+0000] {processor.py:154} INFO - Started process (PID=1855) to work on /home/airflow/.local/lib/python3.7/site-packages/airflow/example_dags/tutorial.py
[2022-12-05T11:12:42.582+0000] {processor.py:756} INFO - Processing file /home/airflow/.local/lib/python3.7/site-packages/airflow/example_dags/tutorial.py for tasks to queue
[2022-12-05T11:12:42.583+0000] {logging_mixin.py:137} INFO - [2022-12-05T11:12:42.582+0000] {dagbag.py:537} INFO - Filling up the DagBag from /home/airflow/.local/lib/python3.7/site-packages/airflow/example_dags/tutorial.py
[2022-12-05T11:12:42.591+0000] {processor.py:766} INFO - DAG(s) dict_keys(['tutorial']) retrieved from /home/airflow/.local/lib/python3.7/site-packages/airflow/example_dags/tutorial.py
[2022-12-05T11:12:42.619+0000] {logging_mixin.py:137} INFO - [2022-12-05T11:12:42.619+0000] {dag.py:2585} INFO - Sync 1 DAGs
[2022-12-05T11:12:42.638+0000] {logging_mixin.py:137} INFO - [2022-12-05T11:12:42.638+0000] {dag.py:3340} INFO - Setting next_dagrun for tutorial to 2022-12-04T11:12:42.638599+00:00, run_after=2022-12-05T11:12:42.638599+00:00
[2022-12-05T11:12:42.711+0000] {processor.py:176} INFO - Processing /home/airflow/.local/lib/python3.7/site-packages/airflow/example_dags/tutorial.py took 0.131 seconds
[2022-12-05T11:13:12.783+0000] {processor.py:154} INFO - Started process (PID=1923) to work on /home/airflow/.local/lib/python3.7/site-packages/airflow/example_dags/tutorial.py
[2022-12-05T11:13:12.783+0000] {processor.py:756} INFO - Processing file /home/airflow/.local/lib/python3.7/site-packages/airflow/example_dags/tutorial.py for tasks to queue
[2022-12-05T11:13:12.784+0000] {logging_mixin.py:137} INFO - [2022-12-05T11:13:12.784+0000] {dagbag.py:537} INFO - Filling up the DagBag from /home/airflow/.local/lib/python3.7/site-packages/airflow/example_dags/tutorial.py
[2022-12-05T11:13:12.793+0000] {processor.py:766} INFO - DAG(s) dict_keys(['tutorial']) retrieved from /home/airflow/.local/lib/python3.7/site-packages/airflow/example_dags/tutorial.py
[2022-12-05T11:13:12.821+0000] {logging_mixin.py:137} INFO - [2022-12-05T11:13:12.821+0000] {dag.py:2585} INFO - Sync 1 DAGs
[2022-12-05T11:13:12.840+0000] {logging_mixin.py:137} INFO - [2022-12-05T11:13:12.840+0000] {dag.py:3340} INFO - Setting next_dagrun for tutorial to 2022-12-04T11:13:12.840195+00:00, run_after=2022-12-05T11:13:12.840195+00:00
[2022-12-05T11:13:12.885+0000] {processor.py:176} INFO - Processing /home/airflow/.local/lib/python3.7/site-packages/airflow/example_dags/tutorial.py took 0.103 seconds
[2022-12-05T11:13:43.726+0000] {processor.py:154} INFO - Started process (PID=1988) to work on /home/airflow/.local/lib/python3.7/site-packages/airflow/example_dags/tutorial.py
[2022-12-05T11:13:43.727+0000] {processor.py:756} INFO - Processing file /home/airflow/.local/lib/python3.7/site-packages/airflow/example_dags/tutorial.py for tasks to queue
[2022-12-05T11:13:43.728+0000] {logging_mixin.py:137} INFO - [2022-12-05T11:13:43.727+0000] {dagbag.py:537} INFO - Filling up the DagBag from /home/airflow/.local/lib/python3.7/site-packages/airflow/example_dags/tutorial.py
[2022-12-05T11:13:43.736+0000] {processor.py:766} INFO - DAG(s) dict_keys(['tutorial']) retrieved from /home/airflow/.local/lib/python3.7/site-packages/airflow/example_dags/tutorial.py
[2022-12-05T11:13:43.764+0000] {logging_mixin.py:137} INFO - [2022-12-05T11:13:43.764+0000] {dag.py:2585} INFO - Sync 1 DAGs
[2022-12-05T11:13:43.784+0000] {logging_mixin.py:137} INFO - [2022-12-05T11:13:43.783+0000] {dag.py:3340} INFO - Setting next_dagrun for tutorial to 2022-12-04T11:13:43.783780+00:00, run_after=2022-12-05T11:13:43.783780+00:00
[2022-12-05T11:13:43.827+0000] {processor.py:176} INFO - Processing /home/airflow/.local/lib/python3.7/site-packages/airflow/example_dags/tutorial.py took 0.102 seconds
[2022-12-05T11:14:13.910+0000] {processor.py:154} INFO - Started process (PID=2054) to work on /home/airflow/.local/lib/python3.7/site-packages/airflow/example_dags/tutorial.py
[2022-12-05T11:14:13.910+0000] {processor.py:756} INFO - Processing file /home/airflow/.local/lib/python3.7/site-packages/airflow/example_dags/tutorial.py for tasks to queue
[2022-12-05T11:14:13.911+0000] {logging_mixin.py:137} INFO - [2022-12-05T11:14:13.911+0000] {dagbag.py:537} INFO - Filling up the DagBag from /home/airflow/.local/lib/python3.7/site-packages/airflow/example_dags/tutorial.py
[2022-12-05T11:14:13.920+0000] {processor.py:766} INFO - DAG(s) dict_keys(['tutorial']) retrieved from /home/airflow/.local/lib/python3.7/site-packages/airflow/example_dags/tutorial.py
[2022-12-05T11:14:13.948+0000] {logging_mixin.py:137} INFO - [2022-12-05T11:14:13.948+0000] {dag.py:2585} INFO - Sync 1 DAGs
[2022-12-05T11:14:13.970+0000] {logging_mixin.py:137} INFO - [2022-12-05T11:14:13.970+0000] {dag.py:3340} INFO - Setting next_dagrun for tutorial to 2022-12-04T11:14:13.970083+00:00, run_after=2022-12-05T11:14:13.970083+00:00
[2022-12-05T11:14:14.011+0000] {processor.py:176} INFO - Processing /home/airflow/.local/lib/python3.7/site-packages/airflow/example_dags/tutorial.py took 0.103 seconds
[2022-12-05T11:14:44.088+0000] {processor.py:154} INFO - Started process (PID=2111) to work on /home/airflow/.local/lib/python3.7/site-packages/airflow/example_dags/tutorial.py
[2022-12-05T11:14:44.088+0000] {processor.py:756} INFO - Processing file /home/airflow/.local/lib/python3.7/site-packages/airflow/example_dags/tutorial.py for tasks to queue
[2022-12-05T11:14:44.089+0000] {logging_mixin.py:137} INFO - [2022-12-05T11:14:44.089+0000] {dagbag.py:537} INFO - Filling up the DagBag from /home/airflow/.local/lib/python3.7/site-packages/airflow/example_dags/tutorial.py
[2022-12-05T11:14:44.098+0000] {processor.py:766} INFO - DAG(s) dict_keys(['tutorial']) retrieved from /home/airflow/.local/lib/python3.7/site-packages/airflow/example_dags/tutorial.py
[2022-12-05T11:14:44.126+0000] {logging_mixin.py:137} INFO - [2022-12-05T11:14:44.126+0000] {dag.py:2585} INFO - Sync 1 DAGs
[2022-12-05T11:14:44.145+0000] {logging_mixin.py:137} INFO - [2022-12-05T11:14:44.145+0000] {dag.py:3340} INFO - Setting next_dagrun for tutorial to 2022-12-04T11:14:44.144872+00:00, run_after=2022-12-05T11:14:44.144872+00:00
[2022-12-05T11:14:44.195+0000] {processor.py:176} INFO - Processing /home/airflow/.local/lib/python3.7/site-packages/airflow/example_dags/tutorial.py took 0.108 seconds
[2022-12-05T11:15:14.825+0000] {processor.py:154} INFO - Started process (PID=2177) to work on /home/airflow/.local/lib/python3.7/site-packages/airflow/example_dags/tutorial.py
[2022-12-05T11:15:14.826+0000] {processor.py:756} INFO - Processing file /home/airflow/.local/lib/python3.7/site-packages/airflow/example_dags/tutorial.py for tasks to queue
[2022-12-05T11:15:14.827+0000] {logging_mixin.py:137} INFO - [2022-12-05T11:15:14.826+0000] {dagbag.py:537} INFO - Filling up the DagBag from /home/airflow/.local/lib/python3.7/site-packages/airflow/example_dags/tutorial.py
[2022-12-05T11:15:14.836+0000] {processor.py:766} INFO - DAG(s) dict_keys(['tutorial']) retrieved from /home/airflow/.local/lib/python3.7/site-packages/airflow/example_dags/tutorial.py
[2022-12-05T11:15:14.868+0000] {logging_mixin.py:137} INFO - [2022-12-05T11:15:14.868+0000] {dag.py:2585} INFO - Sync 1 DAGs
[2022-12-05T11:15:14.887+0000] {logging_mixin.py:137} INFO - [2022-12-05T11:15:14.887+0000] {dag.py:3340} INFO - Setting next_dagrun for tutorial to 2022-12-04T11:15:14.886982+00:00, run_after=2022-12-05T11:15:14.886982+00:00
[2022-12-05T11:15:14.990+0000] {processor.py:176} INFO - Processing /home/airflow/.local/lib/python3.7/site-packages/airflow/example_dags/tutorial.py took 0.167 seconds
[2022-12-05T11:15:45.656+0000] {processor.py:154} INFO - Started process (PID=2243) to work on /home/airflow/.local/lib/python3.7/site-packages/airflow/example_dags/tutorial.py
[2022-12-05T11:15:45.656+0000] {processor.py:756} INFO - Processing file /home/airflow/.local/lib/python3.7/site-packages/airflow/example_dags/tutorial.py for tasks to queue
[2022-12-05T11:15:45.657+0000] {logging_mixin.py:137} INFO - [2022-12-05T11:15:45.657+0000] {dagbag.py:537} INFO - Filling up the DagBag from /home/airflow/.local/lib/python3.7/site-packages/airflow/example_dags/tutorial.py
[2022-12-05T11:15:45.669+0000] {processor.py:766} INFO - DAG(s) dict_keys(['tutorial']) retrieved from /home/airflow/.local/lib/python3.7/site-packages/airflow/example_dags/tutorial.py
[2022-12-05T11:15:45.705+0000] {logging_mixin.py:137} INFO - [2022-12-05T11:15:45.705+0000] {dag.py:2585} INFO - Sync 1 DAGs
[2022-12-05T11:15:45.728+0000] {logging_mixin.py:137} INFO - [2022-12-05T11:15:45.728+0000] {dag.py:3340} INFO - Setting next_dagrun for tutorial to 2022-12-04T11:15:45.728265+00:00, run_after=2022-12-05T11:15:45.728265+00:00
[2022-12-05T11:15:45.772+0000] {processor.py:176} INFO - Processing /home/airflow/.local/lib/python3.7/site-packages/airflow/example_dags/tutorial.py took 0.118 seconds
[2022-12-05T11:16:16.345+0000] {processor.py:154} INFO - Started process (PID=2300) to work on /home/airflow/.local/lib/python3.7/site-packages/airflow/example_dags/tutorial.py
[2022-12-05T11:16:16.345+0000] {processor.py:756} INFO - Processing file /home/airflow/.local/lib/python3.7/site-packages/airflow/example_dags/tutorial.py for tasks to queue
[2022-12-05T11:16:16.346+0000] {logging_mixin.py:137} INFO - [2022-12-05T11:16:16.346+0000] {dagbag.py:537} INFO - Filling up the DagBag from /home/airflow/.local/lib/python3.7/site-packages/airflow/example_dags/tutorial.py
[2022-12-05T11:16:16.354+0000] {processor.py:766} INFO - DAG(s) dict_keys(['tutorial']) retrieved from /home/airflow/.local/lib/python3.7/site-packages/airflow/example_dags/tutorial.py
[2022-12-05T11:16:16.381+0000] {logging_mixin.py:137} INFO - [2022-12-05T11:16:16.381+0000] {dag.py:2585} INFO - Sync 1 DAGs
[2022-12-05T11:16:16.400+0000] {logging_mixin.py:137} INFO - [2022-12-05T11:16:16.400+0000] {dag.py:3340} INFO - Setting next_dagrun for tutorial to 2022-12-04T11:16:16.400431+00:00, run_after=2022-12-05T11:16:16.400431+00:00
[2022-12-05T11:16:16.447+0000] {processor.py:176} INFO - Processing /home/airflow/.local/lib/python3.7/site-packages/airflow/example_dags/tutorial.py took 0.104 seconds
[2022-12-05T11:16:47.145+0000] {processor.py:154} INFO - Started process (PID=2367) to work on /home/airflow/.local/lib/python3.7/site-packages/airflow/example_dags/tutorial.py
[2022-12-05T11:16:47.146+0000] {processor.py:756} INFO - Processing file /home/airflow/.local/lib/python3.7/site-packages/airflow/example_dags/tutorial.py for tasks to queue
[2022-12-05T11:16:47.146+0000] {logging_mixin.py:137} INFO - [2022-12-05T11:16:47.146+0000] {dagbag.py:537} INFO - Filling up the DagBag from /home/airflow/.local/lib/python3.7/site-packages/airflow/example_dags/tutorial.py
[2022-12-05T11:16:47.155+0000] {processor.py:766} INFO - DAG(s) dict_keys(['tutorial']) retrieved from /home/airflow/.local/lib/python3.7/site-packages/airflow/example_dags/tutorial.py
[2022-12-05T11:16:47.184+0000] {logging_mixin.py:137} INFO - [2022-12-05T11:16:47.184+0000] {dag.py:2585} INFO - Sync 1 DAGs
[2022-12-05T11:16:47.203+0000] {logging_mixin.py:137} INFO - [2022-12-05T11:16:47.203+0000] {dag.py:3340} INFO - Setting next_dagrun for tutorial to 2022-12-04T11:16:47.203182+00:00, run_after=2022-12-05T11:16:47.203182+00:00
[2022-12-05T11:16:47.246+0000] {processor.py:176} INFO - Processing /home/airflow/.local/lib/python3.7/site-packages/airflow/example_dags/tutorial.py took 0.103 seconds
[2022-12-05T11:17:17.917+0000] {processor.py:154} INFO - Started process (PID=2434) to work on /home/airflow/.local/lib/python3.7/site-packages/airflow/example_dags/tutorial.py
[2022-12-05T11:17:17.917+0000] {processor.py:756} INFO - Processing file /home/airflow/.local/lib/python3.7/site-packages/airflow/example_dags/tutorial.py for tasks to queue
[2022-12-05T11:17:17.918+0000] {logging_mixin.py:137} INFO - [2022-12-05T11:17:17.918+0000] {dagbag.py:537} INFO - Filling up the DagBag from /home/airflow/.local/lib/python3.7/site-packages/airflow/example_dags/tutorial.py
[2022-12-05T11:17:17.929+0000] {processor.py:766} INFO - DAG(s) dict_keys(['tutorial']) retrieved from /home/airflow/.local/lib/python3.7/site-packages/airflow/example_dags/tutorial.py
[2022-12-05T11:17:17.956+0000] {logging_mixin.py:137} INFO - [2022-12-05T11:17:17.956+0000] {dag.py:2585} INFO - Sync 1 DAGs
[2022-12-05T11:17:17.974+0000] {logging_mixin.py:137} INFO - [2022-12-05T11:17:17.974+0000] {dag.py:3340} INFO - Setting next_dagrun for tutorial to 2022-12-04T11:17:17.974685+00:00, run_after=2022-12-05T11:17:17.974685+00:00
[2022-12-05T11:17:18.020+0000] {processor.py:176} INFO - Processing /home/airflow/.local/lib/python3.7/site-packages/airflow/example_dags/tutorial.py took 0.105 seconds
[2022-12-05T11:17:48.710+0000] {processor.py:154} INFO - Started process (PID=2500) to work on /home/airflow/.local/lib/python3.7/site-packages/airflow/example_dags/tutorial.py
[2022-12-05T11:17:48.711+0000] {processor.py:756} INFO - Processing file /home/airflow/.local/lib/python3.7/site-packages/airflow/example_dags/tutorial.py for tasks to queue
[2022-12-05T11:17:48.711+0000] {logging_mixin.py:137} INFO - [2022-12-05T11:17:48.711+0000] {dagbag.py:537} INFO - Filling up the DagBag from /home/airflow/.local/lib/python3.7/site-packages/airflow/example_dags/tutorial.py
[2022-12-05T11:17:48.721+0000] {processor.py:766} INFO - DAG(s) dict_keys(['tutorial']) retrieved from /home/airflow/.local/lib/python3.7/site-packages/airflow/example_dags/tutorial.py
[2022-12-05T11:17:48.751+0000] {logging_mixin.py:137} INFO - [2022-12-05T11:17:48.751+0000] {dag.py:2585} INFO - Sync 1 DAGs
[2022-12-05T11:17:48.771+0000] {logging_mixin.py:137} INFO - [2022-12-05T11:17:48.771+0000] {dag.py:3340} INFO - Setting next_dagrun for tutorial to 2022-12-04T11:17:48.771124+00:00, run_after=2022-12-05T11:17:48.771124+00:00
[2022-12-05T11:17:48.812+0000] {processor.py:176} INFO - Processing /home/airflow/.local/lib/python3.7/site-packages/airflow/example_dags/tutorial.py took 0.104 seconds
[2022-12-05T11:18:19.327+0000] {processor.py:154} INFO - Started process (PID=2557) to work on /home/airflow/.local/lib/python3.7/site-packages/airflow/example_dags/tutorial.py
[2022-12-05T11:18:19.327+0000] {processor.py:756} INFO - Processing file /home/airflow/.local/lib/python3.7/site-packages/airflow/example_dags/tutorial.py for tasks to queue
[2022-12-05T11:18:19.328+0000] {logging_mixin.py:137} INFO - [2022-12-05T11:18:19.328+0000] {dagbag.py:537} INFO - Filling up the DagBag from /home/airflow/.local/lib/python3.7/site-packages/airflow/example_dags/tutorial.py
[2022-12-05T11:18:19.336+0000] {processor.py:766} INFO - DAG(s) dict_keys(['tutorial']) retrieved from /home/airflow/.local/lib/python3.7/site-packages/airflow/example_dags/tutorial.py
[2022-12-05T11:18:19.364+0000] {logging_mixin.py:137} INFO - [2022-12-05T11:18:19.364+0000] {dag.py:2585} INFO - Sync 1 DAGs
[2022-12-05T11:18:19.383+0000] {logging_mixin.py:137} INFO - [2022-12-05T11:18:19.383+0000] {dag.py:3340} INFO - Setting next_dagrun for tutorial to 2022-12-04T11:18:19.383431+00:00, run_after=2022-12-05T11:18:19.383431+00:00
[2022-12-05T11:18:19.425+0000] {processor.py:176} INFO - Processing /home/airflow/.local/lib/python3.7/site-packages/airflow/example_dags/tutorial.py took 0.100 seconds
[2022-12-05T11:18:50.308+0000] {processor.py:154} INFO - Started process (PID=2625) to work on /home/airflow/.local/lib/python3.7/site-packages/airflow/example_dags/tutorial.py
[2022-12-05T11:18:50.309+0000] {processor.py:756} INFO - Processing file /home/airflow/.local/lib/python3.7/site-packages/airflow/example_dags/tutorial.py for tasks to queue
[2022-12-05T11:18:50.310+0000] {logging_mixin.py:137} INFO - [2022-12-05T11:18:50.310+0000] {dagbag.py:537} INFO - Filling up the DagBag from /home/airflow/.local/lib/python3.7/site-packages/airflow/example_dags/tutorial.py
[2022-12-05T11:18:50.319+0000] {processor.py:766} INFO - DAG(s) dict_keys(['tutorial']) retrieved from /home/airflow/.local/lib/python3.7/site-packages/airflow/example_dags/tutorial.py
[2022-12-05T11:18:50.347+0000] {logging_mixin.py:137} INFO - [2022-12-05T11:18:50.347+0000] {dag.py:2585} INFO - Sync 1 DAGs
[2022-12-05T11:18:50.366+0000] {logging_mixin.py:137} INFO - [2022-12-05T11:18:50.366+0000] {dag.py:3340} INFO - Setting next_dagrun for tutorial to 2022-12-04T11:18:50.365870+00:00, run_after=2022-12-05T11:18:50.365870+00:00
[2022-12-05T11:18:50.452+0000] {processor.py:176} INFO - Processing /home/airflow/.local/lib/python3.7/site-packages/airflow/example_dags/tutorial.py took 0.146 seconds
[2022-12-05T11:19:20.507+0000] {processor.py:154} INFO - Started process (PID=2691) to work on /home/airflow/.local/lib/python3.7/site-packages/airflow/example_dags/tutorial.py
[2022-12-05T11:19:20.508+0000] {processor.py:756} INFO - Processing file /home/airflow/.local/lib/python3.7/site-packages/airflow/example_dags/tutorial.py for tasks to queue
[2022-12-05T11:19:20.509+0000] {logging_mixin.py:137} INFO - [2022-12-05T11:19:20.508+0000] {dagbag.py:537} INFO - Filling up the DagBag from /home/airflow/.local/lib/python3.7/site-packages/airflow/example_dags/tutorial.py
[2022-12-05T11:19:20.518+0000] {processor.py:766} INFO - DAG(s) dict_keys(['tutorial']) retrieved from /home/airflow/.local/lib/python3.7/site-packages/airflow/example_dags/tutorial.py
[2022-12-05T11:19:20.549+0000] {logging_mixin.py:137} INFO - [2022-12-05T11:19:20.549+0000] {dag.py:2585} INFO - Sync 1 DAGs
[2022-12-05T11:19:20.570+0000] {logging_mixin.py:137} INFO - [2022-12-05T11:19:20.570+0000] {dag.py:3340} INFO - Setting next_dagrun for tutorial to 2022-12-04T11:19:20.570368+00:00, run_after=2022-12-05T11:19:20.570368+00:00
[2022-12-05T11:19:20.643+0000] {processor.py:176} INFO - Processing /home/airflow/.local/lib/python3.7/site-packages/airflow/example_dags/tutorial.py took 0.138 seconds
[2022-12-05T11:19:51.030+0000] {processor.py:154} INFO - Started process (PID=2757) to work on /home/airflow/.local/lib/python3.7/site-packages/airflow/example_dags/tutorial.py
[2022-12-05T11:19:51.030+0000] {processor.py:756} INFO - Processing file /home/airflow/.local/lib/python3.7/site-packages/airflow/example_dags/tutorial.py for tasks to queue
[2022-12-05T11:19:51.031+0000] {logging_mixin.py:137} INFO - [2022-12-05T11:19:51.031+0000] {dagbag.py:537} INFO - Filling up the DagBag from /home/airflow/.local/lib/python3.7/site-packages/airflow/example_dags/tutorial.py
[2022-12-05T11:19:51.039+0000] {processor.py:766} INFO - DAG(s) dict_keys(['tutorial']) retrieved from /home/airflow/.local/lib/python3.7/site-packages/airflow/example_dags/tutorial.py
[2022-12-05T11:19:51.065+0000] {logging_mixin.py:137} INFO - [2022-12-05T11:19:51.065+0000] {dag.py:2585} INFO - Sync 1 DAGs
[2022-12-05T11:19:51.083+0000] {logging_mixin.py:137} INFO - [2022-12-05T11:19:51.082+0000] {dag.py:3340} INFO - Setting next_dagrun for tutorial to 2022-12-04T11:19:51.082735+00:00, run_after=2022-12-05T11:19:51.082735+00:00
[2022-12-05T11:19:51.127+0000] {processor.py:176} INFO - Processing /home/airflow/.local/lib/python3.7/site-packages/airflow/example_dags/tutorial.py took 0.099 seconds
[2022-12-05T11:20:21.160+0000] {processor.py:154} INFO - Started process (PID=2814) to work on /home/airflow/.local/lib/python3.7/site-packages/airflow/example_dags/tutorial.py
[2022-12-05T11:20:21.160+0000] {processor.py:756} INFO - Processing file /home/airflow/.local/lib/python3.7/site-packages/airflow/example_dags/tutorial.py for tasks to queue
[2022-12-05T11:20:21.161+0000] {logging_mixin.py:137} INFO - [2022-12-05T11:20:21.161+0000] {dagbag.py:537} INFO - Filling up the DagBag from /home/airflow/.local/lib/python3.7/site-packages/airflow/example_dags/tutorial.py
[2022-12-05T11:20:21.169+0000] {processor.py:766} INFO - DAG(s) dict_keys(['tutorial']) retrieved from /home/airflow/.local/lib/python3.7/site-packages/airflow/example_dags/tutorial.py
[2022-12-05T11:20:21.196+0000] {logging_mixin.py:137} INFO - [2022-12-05T11:20:21.196+0000] {dag.py:2585} INFO - Sync 1 DAGs
[2022-12-05T11:20:21.215+0000] {logging_mixin.py:137} INFO - [2022-12-05T11:20:21.215+0000] {dag.py:3340} INFO - Setting next_dagrun for tutorial to 2022-12-04T11:20:21.214954+00:00, run_after=2022-12-05T11:20:21.214954+00:00
[2022-12-05T11:20:21.259+0000] {processor.py:176} INFO - Processing /home/airflow/.local/lib/python3.7/site-packages/airflow/example_dags/tutorial.py took 0.101 seconds
[2022-12-05T11:20:51.581+0000] {processor.py:154} INFO - Started process (PID=2880) to work on /home/airflow/.local/lib/python3.7/site-packages/airflow/example_dags/tutorial.py
[2022-12-05T11:20:51.582+0000] {processor.py:756} INFO - Processing file /home/airflow/.local/lib/python3.7/site-packages/airflow/example_dags/tutorial.py for tasks to queue
[2022-12-05T11:20:51.582+0000] {logging_mixin.py:137} INFO - [2022-12-05T11:20:51.582+0000] {dagbag.py:537} INFO - Filling up the DagBag from /home/airflow/.local/lib/python3.7/site-packages/airflow/example_dags/tutorial.py
[2022-12-05T11:20:51.591+0000] {processor.py:766} INFO - DAG(s) dict_keys(['tutorial']) retrieved from /home/airflow/.local/lib/python3.7/site-packages/airflow/example_dags/tutorial.py
[2022-12-05T11:20:51.618+0000] {logging_mixin.py:137} INFO - [2022-12-05T11:20:51.618+0000] {dag.py:2585} INFO - Sync 1 DAGs
[2022-12-05T11:20:51.636+0000] {logging_mixin.py:137} INFO - [2022-12-05T11:20:51.636+0000] {dag.py:3340} INFO - Setting next_dagrun for tutorial to 2022-12-04T11:20:51.636349+00:00, run_after=2022-12-05T11:20:51.636349+00:00
[2022-12-05T11:20:51.684+0000] {processor.py:176} INFO - Processing /home/airflow/.local/lib/python3.7/site-packages/airflow/example_dags/tutorial.py took 0.105 seconds
[2022-12-05T11:21:22.374+0000] {processor.py:154} INFO - Started process (PID=2947) to work on /home/airflow/.local/lib/python3.7/site-packages/airflow/example_dags/tutorial.py
[2022-12-05T11:21:22.375+0000] {processor.py:756} INFO - Processing file /home/airflow/.local/lib/python3.7/site-packages/airflow/example_dags/tutorial.py for tasks to queue
[2022-12-05T11:21:22.375+0000] {logging_mixin.py:137} INFO - [2022-12-05T11:21:22.375+0000] {dagbag.py:537} INFO - Filling up the DagBag from /home/airflow/.local/lib/python3.7/site-packages/airflow/example_dags/tutorial.py
[2022-12-05T11:21:22.388+0000] {processor.py:766} INFO - DAG(s) dict_keys(['tutorial']) retrieved from /home/airflow/.local/lib/python3.7/site-packages/airflow/example_dags/tutorial.py
[2022-12-05T11:21:22.420+0000] {logging_mixin.py:137} INFO - [2022-12-05T11:21:22.420+0000] {dag.py:2585} INFO - Sync 1 DAGs
[2022-12-05T11:21:22.441+0000] {logging_mixin.py:137} INFO - [2022-12-05T11:21:22.441+0000] {dag.py:3340} INFO - Setting next_dagrun for tutorial to 2022-12-04T11:21:22.441495+00:00, run_after=2022-12-05T11:21:22.441495+00:00
[2022-12-05T11:21:22.500+0000] {processor.py:176} INFO - Processing /home/airflow/.local/lib/python3.7/site-packages/airflow/example_dags/tutorial.py took 0.127 seconds
[2022-12-05T11:21:53.410+0000] {processor.py:154} INFO - Started process (PID=3010) to work on /home/airflow/.local/lib/python3.7/site-packages/airflow/example_dags/tutorial.py
[2022-12-05T11:21:53.410+0000] {processor.py:756} INFO - Processing file /home/airflow/.local/lib/python3.7/site-packages/airflow/example_dags/tutorial.py for tasks to queue
[2022-12-05T11:21:53.411+0000] {logging_mixin.py:137} INFO - [2022-12-05T11:21:53.411+0000] {dagbag.py:537} INFO - Filling up the DagBag from /home/airflow/.local/lib/python3.7/site-packages/airflow/example_dags/tutorial.py
[2022-12-05T11:21:53.421+0000] {processor.py:766} INFO - DAG(s) dict_keys(['tutorial']) retrieved from /home/airflow/.local/lib/python3.7/site-packages/airflow/example_dags/tutorial.py
[2022-12-05T11:21:53.451+0000] {logging_mixin.py:137} INFO - [2022-12-05T11:21:53.450+0000] {dag.py:2585} INFO - Sync 1 DAGs
[2022-12-05T11:21:53.472+0000] {logging_mixin.py:137} INFO - [2022-12-05T11:21:53.472+0000] {dag.py:3340} INFO - Setting next_dagrun for tutorial to 2022-12-04T11:21:53.471895+00:00, run_after=2022-12-05T11:21:53.471895+00:00
[2022-12-05T11:21:53.518+0000] {processor.py:176} INFO - Processing /home/airflow/.local/lib/python3.7/site-packages/airflow/example_dags/tutorial.py took 0.110 seconds
[2022-12-05T11:22:23.885+0000] {processor.py:154} INFO - Started process (PID=3068) to work on /home/airflow/.local/lib/python3.7/site-packages/airflow/example_dags/tutorial.py
[2022-12-05T11:22:23.886+0000] {processor.py:756} INFO - Processing file /home/airflow/.local/lib/python3.7/site-packages/airflow/example_dags/tutorial.py for tasks to queue
[2022-12-05T11:22:23.887+0000] {logging_mixin.py:137} INFO - [2022-12-05T11:22:23.887+0000] {dagbag.py:537} INFO - Filling up the DagBag from /home/airflow/.local/lib/python3.7/site-packages/airflow/example_dags/tutorial.py
[2022-12-05T11:22:23.895+0000] {processor.py:766} INFO - DAG(s) dict_keys(['tutorial']) retrieved from /home/airflow/.local/lib/python3.7/site-packages/airflow/example_dags/tutorial.py
[2022-12-05T11:22:23.921+0000] {logging_mixin.py:137} INFO - [2022-12-05T11:22:23.921+0000] {dag.py:2585} INFO - Sync 1 DAGs
[2022-12-05T11:22:23.940+0000] {logging_mixin.py:137} INFO - [2022-12-05T11:22:23.939+0000] {dag.py:3340} INFO - Setting next_dagrun for tutorial to 2022-12-04T11:22:23.939776+00:00, run_after=2022-12-05T11:22:23.939776+00:00
[2022-12-05T11:22:23.980+0000] {processor.py:176} INFO - Processing /home/airflow/.local/lib/python3.7/site-packages/airflow/example_dags/tutorial.py took 0.096 seconds
[2022-12-05T11:22:54.932+0000] {processor.py:154} INFO - Started process (PID=3136) to work on /home/airflow/.local/lib/python3.7/site-packages/airflow/example_dags/tutorial.py
[2022-12-05T11:22:54.932+0000] {processor.py:756} INFO - Processing file /home/airflow/.local/lib/python3.7/site-packages/airflow/example_dags/tutorial.py for tasks to queue
[2022-12-05T11:22:54.933+0000] {logging_mixin.py:137} INFO - [2022-12-05T11:22:54.933+0000] {dagbag.py:537} INFO - Filling up the DagBag from /home/airflow/.local/lib/python3.7/site-packages/airflow/example_dags/tutorial.py
[2022-12-05T11:22:54.946+0000] {processor.py:766} INFO - DAG(s) dict_keys(['tutorial']) retrieved from /home/airflow/.local/lib/python3.7/site-packages/airflow/example_dags/tutorial.py
[2022-12-05T11:22:54.978+0000] {logging_mixin.py:137} INFO - [2022-12-05T11:22:54.977+0000] {dag.py:2585} INFO - Sync 1 DAGs
[2022-12-05T11:22:54.998+0000] {logging_mixin.py:137} INFO - [2022-12-05T11:22:54.998+0000] {dag.py:3340} INFO - Setting next_dagrun for tutorial to 2022-12-04T11:22:54.997967+00:00, run_after=2022-12-05T11:22:54.997967+00:00
[2022-12-05T11:22:55.049+0000] {processor.py:176} INFO - Processing /home/airflow/.local/lib/python3.7/site-packages/airflow/example_dags/tutorial.py took 0.119 seconds
[2022-12-05T11:23:25.553+0000] {processor.py:154} INFO - Started process (PID=3202) to work on /home/airflow/.local/lib/python3.7/site-packages/airflow/example_dags/tutorial.py
[2022-12-05T11:23:25.554+0000] {processor.py:756} INFO - Processing file /home/airflow/.local/lib/python3.7/site-packages/airflow/example_dags/tutorial.py for tasks to queue
[2022-12-05T11:23:25.554+0000] {logging_mixin.py:137} INFO - [2022-12-05T11:23:25.554+0000] {dagbag.py:537} INFO - Filling up the DagBag from /home/airflow/.local/lib/python3.7/site-packages/airflow/example_dags/tutorial.py
[2022-12-05T11:23:25.563+0000] {processor.py:766} INFO - DAG(s) dict_keys(['tutorial']) retrieved from /home/airflow/.local/lib/python3.7/site-packages/airflow/example_dags/tutorial.py
[2022-12-05T11:23:25.589+0000] {logging_mixin.py:137} INFO - [2022-12-05T11:23:25.589+0000] {dag.py:2585} INFO - Sync 1 DAGs
[2022-12-05T11:23:25.607+0000] {logging_mixin.py:137} INFO - [2022-12-05T11:23:25.607+0000] {dag.py:3340} INFO - Setting next_dagrun for tutorial to 2022-12-04T11:23:25.606992+00:00, run_after=2022-12-05T11:23:25.606992+00:00
[2022-12-05T11:23:25.730+0000] {processor.py:176} INFO - Processing /home/airflow/.local/lib/python3.7/site-packages/airflow/example_dags/tutorial.py took 0.178 seconds
[2022-12-05T11:23:55.816+0000] {processor.py:154} INFO - Started process (PID=3259) to work on /home/airflow/.local/lib/python3.7/site-packages/airflow/example_dags/tutorial.py
[2022-12-05T11:23:55.817+0000] {processor.py:756} INFO - Processing file /home/airflow/.local/lib/python3.7/site-packages/airflow/example_dags/tutorial.py for tasks to queue
[2022-12-05T11:23:55.817+0000] {logging_mixin.py:137} INFO - [2022-12-05T11:23:55.817+0000] {dagbag.py:537} INFO - Filling up the DagBag from /home/airflow/.local/lib/python3.7/site-packages/airflow/example_dags/tutorial.py
[2022-12-05T11:23:55.826+0000] {processor.py:766} INFO - DAG(s) dict_keys(['tutorial']) retrieved from /home/airflow/.local/lib/python3.7/site-packages/airflow/example_dags/tutorial.py
[2022-12-05T11:23:55.852+0000] {logging_mixin.py:137} INFO - [2022-12-05T11:23:55.852+0000] {dag.py:2585} INFO - Sync 1 DAGs
[2022-12-05T11:23:55.871+0000] {logging_mixin.py:137} INFO - [2022-12-05T11:23:55.871+0000] {dag.py:3340} INFO - Setting next_dagrun for tutorial to 2022-12-04T11:23:55.870876+00:00, run_after=2022-12-05T11:23:55.870876+00:00
[2022-12-05T11:23:55.903+0000] {processor.py:176} INFO - Processing /home/airflow/.local/lib/python3.7/site-packages/airflow/example_dags/tutorial.py took 0.088 seconds
[2022-12-05T11:24:26.542+0000] {processor.py:154} INFO - Started process (PID=3325) to work on /home/airflow/.local/lib/python3.7/site-packages/airflow/example_dags/tutorial.py
[2022-12-05T11:24:26.543+0000] {processor.py:756} INFO - Processing file /home/airflow/.local/lib/python3.7/site-packages/airflow/example_dags/tutorial.py for tasks to queue
[2022-12-05T11:24:26.543+0000] {logging_mixin.py:137} INFO - [2022-12-05T11:24:26.543+0000] {dagbag.py:537} INFO - Filling up the DagBag from /home/airflow/.local/lib/python3.7/site-packages/airflow/example_dags/tutorial.py
[2022-12-05T11:24:26.552+0000] {processor.py:766} INFO - DAG(s) dict_keys(['tutorial']) retrieved from /home/airflow/.local/lib/python3.7/site-packages/airflow/example_dags/tutorial.py
[2022-12-05T11:24:26.581+0000] {logging_mixin.py:137} INFO - [2022-12-05T11:24:26.581+0000] {dag.py:2585} INFO - Sync 1 DAGs
[2022-12-05T11:24:26.599+0000] {logging_mixin.py:137} INFO - [2022-12-05T11:24:26.599+0000] {dag.py:3340} INFO - Setting next_dagrun for tutorial to 2022-12-04T11:24:26.599293+00:00, run_after=2022-12-05T11:24:26.599293+00:00
[2022-12-05T11:24:26.636+0000] {processor.py:176} INFO - Processing /home/airflow/.local/lib/python3.7/site-packages/airflow/example_dags/tutorial.py took 0.095 seconds
[2022-12-05T11:24:57.392+0000] {processor.py:154} INFO - Started process (PID=3391) to work on /home/airflow/.local/lib/python3.7/site-packages/airflow/example_dags/tutorial.py
[2022-12-05T11:24:57.393+0000] {processor.py:756} INFO - Processing file /home/airflow/.local/lib/python3.7/site-packages/airflow/example_dags/tutorial.py for tasks to queue
[2022-12-05T11:24:57.393+0000] {logging_mixin.py:137} INFO - [2022-12-05T11:24:57.393+0000] {dagbag.py:537} INFO - Filling up the DagBag from /home/airflow/.local/lib/python3.7/site-packages/airflow/example_dags/tutorial.py
[2022-12-05T11:24:57.401+0000] {processor.py:766} INFO - DAG(s) dict_keys(['tutorial']) retrieved from /home/airflow/.local/lib/python3.7/site-packages/airflow/example_dags/tutorial.py
[2022-12-05T11:24:57.427+0000] {logging_mixin.py:137} INFO - [2022-12-05T11:24:57.427+0000] {dag.py:2585} INFO - Sync 1 DAGs
[2022-12-05T11:24:57.445+0000] {logging_mixin.py:137} INFO - [2022-12-05T11:24:57.445+0000] {dag.py:3340} INFO - Setting next_dagrun for tutorial to 2022-12-04T11:24:57.445381+00:00, run_after=2022-12-05T11:24:57.445381+00:00
[2022-12-05T11:24:57.501+0000] {processor.py:176} INFO - Processing /home/airflow/.local/lib/python3.7/site-packages/airflow/example_dags/tutorial.py took 0.111 seconds
[2022-12-05T11:25:28.189+0000] {processor.py:154} INFO - Started process (PID=3457) to work on /home/airflow/.local/lib/python3.7/site-packages/airflow/example_dags/tutorial.py
[2022-12-05T11:25:28.189+0000] {processor.py:756} INFO - Processing file /home/airflow/.local/lib/python3.7/site-packages/airflow/example_dags/tutorial.py for tasks to queue
[2022-12-05T11:25:28.190+0000] {logging_mixin.py:137} INFO - [2022-12-05T11:25:28.190+0000] {dagbag.py:537} INFO - Filling up the DagBag from /home/airflow/.local/lib/python3.7/site-packages/airflow/example_dags/tutorial.py
[2022-12-05T11:25:28.198+0000] {processor.py:766} INFO - DAG(s) dict_keys(['tutorial']) retrieved from /home/airflow/.local/lib/python3.7/site-packages/airflow/example_dags/tutorial.py
[2022-12-05T11:25:28.228+0000] {logging_mixin.py:137} INFO - [2022-12-05T11:25:28.228+0000] {dag.py:2585} INFO - Sync 1 DAGs
[2022-12-05T11:25:28.249+0000] {logging_mixin.py:137} INFO - [2022-12-05T11:25:28.249+0000] {dag.py:3340} INFO - Setting next_dagrun for tutorial to 2022-12-04T11:25:28.249611+00:00, run_after=2022-12-05T11:25:28.249611+00:00
[2022-12-05T11:25:28.292+0000] {processor.py:176} INFO - Processing /home/airflow/.local/lib/python3.7/site-packages/airflow/example_dags/tutorial.py took 0.105 seconds
[2022-12-05T11:25:58.376+0000] {processor.py:154} INFO - Started process (PID=3514) to work on /home/airflow/.local/lib/python3.7/site-packages/airflow/example_dags/tutorial.py
[2022-12-05T11:25:58.376+0000] {processor.py:756} INFO - Processing file /home/airflow/.local/lib/python3.7/site-packages/airflow/example_dags/tutorial.py for tasks to queue
[2022-12-05T11:25:58.377+0000] {logging_mixin.py:137} INFO - [2022-12-05T11:25:58.377+0000] {dagbag.py:537} INFO - Filling up the DagBag from /home/airflow/.local/lib/python3.7/site-packages/airflow/example_dags/tutorial.py
[2022-12-05T11:25:58.385+0000] {processor.py:766} INFO - DAG(s) dict_keys(['tutorial']) retrieved from /home/airflow/.local/lib/python3.7/site-packages/airflow/example_dags/tutorial.py
[2022-12-05T11:25:58.412+0000] {logging_mixin.py:137} INFO - [2022-12-05T11:25:58.412+0000] {dag.py:2585} INFO - Sync 1 DAGs
[2022-12-05T11:25:58.430+0000] {logging_mixin.py:137} INFO - [2022-12-05T11:25:58.430+0000] {dag.py:3340} INFO - Setting next_dagrun for tutorial to 2022-12-04T11:25:58.430455+00:00, run_after=2022-12-05T11:25:58.430455+00:00
[2022-12-05T11:25:58.501+0000] {processor.py:176} INFO - Processing /home/airflow/.local/lib/python3.7/site-packages/airflow/example_dags/tutorial.py took 0.127 seconds
[2022-12-05T11:26:28.567+0000] {processor.py:154} INFO - Started process (PID=3580) to work on /home/airflow/.local/lib/python3.7/site-packages/airflow/example_dags/tutorial.py
[2022-12-05T11:26:28.568+0000] {processor.py:756} INFO - Processing file /home/airflow/.local/lib/python3.7/site-packages/airflow/example_dags/tutorial.py for tasks to queue
[2022-12-05T11:26:28.568+0000] {logging_mixin.py:137} INFO - [2022-12-05T11:26:28.568+0000] {dagbag.py:537} INFO - Filling up the DagBag from /home/airflow/.local/lib/python3.7/site-packages/airflow/example_dags/tutorial.py
[2022-12-05T11:26:28.577+0000] {processor.py:766} INFO - DAG(s) dict_keys(['tutorial']) retrieved from /home/airflow/.local/lib/python3.7/site-packages/airflow/example_dags/tutorial.py
[2022-12-05T11:26:28.603+0000] {logging_mixin.py:137} INFO - [2022-12-05T11:26:28.603+0000] {dag.py:2585} INFO - Sync 1 DAGs
[2022-12-05T11:26:28.620+0000] {logging_mixin.py:137} INFO - [2022-12-05T11:26:28.620+0000] {dag.py:3340} INFO - Setting next_dagrun for tutorial to 2022-12-04T11:26:28.620696+00:00, run_after=2022-12-05T11:26:28.620696+00:00
[2022-12-05T11:26:28.659+0000] {processor.py:176} INFO - Processing /home/airflow/.local/lib/python3.7/site-packages/airflow/example_dags/tutorial.py took 0.094 seconds
[2022-12-05T11:26:59.122+0000] {processor.py:154} INFO - Started process (PID=3646) to work on /home/airflow/.local/lib/python3.7/site-packages/airflow/example_dags/tutorial.py
[2022-12-05T11:26:59.123+0000] {processor.py:756} INFO - Processing file /home/airflow/.local/lib/python3.7/site-packages/airflow/example_dags/tutorial.py for tasks to queue
[2022-12-05T11:26:59.123+0000] {logging_mixin.py:137} INFO - [2022-12-05T11:26:59.123+0000] {dagbag.py:537} INFO - Filling up the DagBag from /home/airflow/.local/lib/python3.7/site-packages/airflow/example_dags/tutorial.py
[2022-12-05T11:26:59.133+0000] {processor.py:766} INFO - DAG(s) dict_keys(['tutorial']) retrieved from /home/airflow/.local/lib/python3.7/site-packages/airflow/example_dags/tutorial.py
[2022-12-05T11:26:59.161+0000] {logging_mixin.py:137} INFO - [2022-12-05T11:26:59.161+0000] {dag.py:2585} INFO - Sync 1 DAGs
[2022-12-05T11:26:59.181+0000] {logging_mixin.py:137} INFO - [2022-12-05T11:26:59.181+0000] {dag.py:3340} INFO - Setting next_dagrun for tutorial to 2022-12-04T11:26:59.181027+00:00, run_after=2022-12-05T11:26:59.181027+00:00
[2022-12-05T11:26:59.221+0000] {processor.py:176} INFO - Processing /home/airflow/.local/lib/python3.7/site-packages/airflow/example_dags/tutorial.py took 0.101 seconds
[2022-12-05T11:27:29.680+0000] {processor.py:154} INFO - Started process (PID=3703) to work on /home/airflow/.local/lib/python3.7/site-packages/airflow/example_dags/tutorial.py
[2022-12-05T11:27:29.681+0000] {processor.py:756} INFO - Processing file /home/airflow/.local/lib/python3.7/site-packages/airflow/example_dags/tutorial.py for tasks to queue
[2022-12-05T11:27:29.682+0000] {logging_mixin.py:137} INFO - [2022-12-05T11:27:29.681+0000] {dagbag.py:537} INFO - Filling up the DagBag from /home/airflow/.local/lib/python3.7/site-packages/airflow/example_dags/tutorial.py
[2022-12-05T11:27:29.690+0000] {processor.py:766} INFO - DAG(s) dict_keys(['tutorial']) retrieved from /home/airflow/.local/lib/python3.7/site-packages/airflow/example_dags/tutorial.py
[2022-12-05T11:27:29.717+0000] {logging_mixin.py:137} INFO - [2022-12-05T11:27:29.717+0000] {dag.py:2585} INFO - Sync 1 DAGs
[2022-12-05T11:27:29.735+0000] {logging_mixin.py:137} INFO - [2022-12-05T11:27:29.735+0000] {dag.py:3340} INFO - Setting next_dagrun for tutorial to 2022-12-04T11:27:29.735058+00:00, run_after=2022-12-05T11:27:29.735058+00:00
[2022-12-05T11:27:29.778+0000] {processor.py:176} INFO - Processing /home/airflow/.local/lib/python3.7/site-packages/airflow/example_dags/tutorial.py took 0.099 seconds
[2022-12-05T11:28:00.011+0000] {processor.py:154} INFO - Started process (PID=3771) to work on /home/airflow/.local/lib/python3.7/site-packages/airflow/example_dags/tutorial.py
[2022-12-05T11:28:00.012+0000] {processor.py:756} INFO - Processing file /home/airflow/.local/lib/python3.7/site-packages/airflow/example_dags/tutorial.py for tasks to queue
[2022-12-05T11:28:00.013+0000] {logging_mixin.py:137} INFO - [2022-12-05T11:28:00.013+0000] {dagbag.py:537} INFO - Filling up the DagBag from /home/airflow/.local/lib/python3.7/site-packages/airflow/example_dags/tutorial.py
[2022-12-05T11:28:00.023+0000] {processor.py:766} INFO - DAG(s) dict_keys(['tutorial']) retrieved from /home/airflow/.local/lib/python3.7/site-packages/airflow/example_dags/tutorial.py
[2022-12-05T11:28:00.050+0000] {logging_mixin.py:137} INFO - [2022-12-05T11:28:00.050+0000] {dag.py:2585} INFO - Sync 1 DAGs
[2022-12-05T11:28:00.070+0000] {logging_mixin.py:137} INFO - [2022-12-05T11:28:00.070+0000] {dag.py:3340} INFO - Setting next_dagrun for tutorial to 2022-12-04T11:28:00.070596+00:00, run_after=2022-12-05T11:28:00.070596+00:00
[2022-12-05T11:28:00.114+0000] {processor.py:176} INFO - Processing /home/airflow/.local/lib/python3.7/site-packages/airflow/example_dags/tutorial.py took 0.105 seconds
[2022-12-05T11:28:30.315+0000] {processor.py:154} INFO - Started process (PID=3837) to work on /home/airflow/.local/lib/python3.7/site-packages/airflow/example_dags/tutorial.py
[2022-12-05T11:28:30.315+0000] {processor.py:756} INFO - Processing file /home/airflow/.local/lib/python3.7/site-packages/airflow/example_dags/tutorial.py for tasks to queue
[2022-12-05T11:28:30.316+0000] {logging_mixin.py:137} INFO - [2022-12-05T11:28:30.316+0000] {dagbag.py:537} INFO - Filling up the DagBag from /home/airflow/.local/lib/python3.7/site-packages/airflow/example_dags/tutorial.py
[2022-12-05T11:28:30.324+0000] {processor.py:766} INFO - DAG(s) dict_keys(['tutorial']) retrieved from /home/airflow/.local/lib/python3.7/site-packages/airflow/example_dags/tutorial.py
[2022-12-05T11:28:30.351+0000] {logging_mixin.py:137} INFO - [2022-12-05T11:28:30.351+0000] {dag.py:2585} INFO - Sync 1 DAGs
[2022-12-05T11:28:30.370+0000] {logging_mixin.py:137} INFO - [2022-12-05T11:28:30.370+0000] {dag.py:3340} INFO - Setting next_dagrun for tutorial to 2022-12-04T11:28:30.370260+00:00, run_after=2022-12-05T11:28:30.370260+00:00
[2022-12-05T11:28:30.425+0000] {processor.py:176} INFO - Processing /home/airflow/.local/lib/python3.7/site-packages/airflow/example_dags/tutorial.py took 0.112 seconds
[2022-12-05T11:29:00.453+0000] {processor.py:154} INFO - Started process (PID=3903) to work on /home/airflow/.local/lib/python3.7/site-packages/airflow/example_dags/tutorial.py
[2022-12-05T11:29:00.454+0000] {processor.py:756} INFO - Processing file /home/airflow/.local/lib/python3.7/site-packages/airflow/example_dags/tutorial.py for tasks to queue
[2022-12-05T11:29:00.454+0000] {logging_mixin.py:137} INFO - [2022-12-05T11:29:00.454+0000] {dagbag.py:537} INFO - Filling up the DagBag from /home/airflow/.local/lib/python3.7/site-packages/airflow/example_dags/tutorial.py
[2022-12-05T11:29:00.463+0000] {processor.py:766} INFO - DAG(s) dict_keys(['tutorial']) retrieved from /home/airflow/.local/lib/python3.7/site-packages/airflow/example_dags/tutorial.py
[2022-12-05T11:29:00.490+0000] {logging_mixin.py:137} INFO - [2022-12-05T11:29:00.490+0000] {dag.py:2585} INFO - Sync 1 DAGs
[2022-12-05T11:29:00.508+0000] {logging_mixin.py:137} INFO - [2022-12-05T11:29:00.508+0000] {dag.py:3340} INFO - Setting next_dagrun for tutorial to 2022-12-04T11:29:00.508476+00:00, run_after=2022-12-05T11:29:00.508476+00:00
[2022-12-05T11:29:00.549+0000] {processor.py:176} INFO - Processing /home/airflow/.local/lib/python3.7/site-packages/airflow/example_dags/tutorial.py took 0.098 seconds
[2022-12-05T11:29:30.668+0000] {processor.py:154} INFO - Started process (PID=3960) to work on /home/airflow/.local/lib/python3.7/site-packages/airflow/example_dags/tutorial.py
[2022-12-05T11:29:30.669+0000] {processor.py:756} INFO - Processing file /home/airflow/.local/lib/python3.7/site-packages/airflow/example_dags/tutorial.py for tasks to queue
[2022-12-05T11:29:30.670+0000] {logging_mixin.py:137} INFO - [2022-12-05T11:29:30.670+0000] {dagbag.py:537} INFO - Filling up the DagBag from /home/airflow/.local/lib/python3.7/site-packages/airflow/example_dags/tutorial.py
[2022-12-05T11:29:30.683+0000] {processor.py:766} INFO - DAG(s) dict_keys(['tutorial']) retrieved from /home/airflow/.local/lib/python3.7/site-packages/airflow/example_dags/tutorial.py
[2022-12-05T11:29:30.720+0000] {logging_mixin.py:137} INFO - [2022-12-05T11:29:30.720+0000] {dag.py:2585} INFO - Sync 1 DAGs
[2022-12-05T11:29:30.746+0000] {logging_mixin.py:137} INFO - [2022-12-05T11:29:30.746+0000] {dag.py:3340} INFO - Setting next_dagrun for tutorial to 2022-12-04T11:29:30.745174+00:00, run_after=2022-12-05T11:29:30.745174+00:00
[2022-12-05T11:29:30.791+0000] {processor.py:176} INFO - Processing /home/airflow/.local/lib/python3.7/site-packages/airflow/example_dags/tutorial.py took 0.125 seconds
[2022-12-05T11:30:01.049+0000] {processor.py:154} INFO - Started process (PID=4026) to work on /home/airflow/.local/lib/python3.7/site-packages/airflow/example_dags/tutorial.py
[2022-12-05T11:30:01.049+0000] {processor.py:756} INFO - Processing file /home/airflow/.local/lib/python3.7/site-packages/airflow/example_dags/tutorial.py for tasks to queue
[2022-12-05T11:30:01.050+0000] {logging_mixin.py:137} INFO - [2022-12-05T11:30:01.050+0000] {dagbag.py:537} INFO - Filling up the DagBag from /home/airflow/.local/lib/python3.7/site-packages/airflow/example_dags/tutorial.py
[2022-12-05T11:30:01.060+0000] {processor.py:766} INFO - DAG(s) dict_keys(['tutorial']) retrieved from /home/airflow/.local/lib/python3.7/site-packages/airflow/example_dags/tutorial.py
[2022-12-05T11:30:01.088+0000] {logging_mixin.py:137} INFO - [2022-12-05T11:30:01.088+0000] {dag.py:2585} INFO - Sync 1 DAGs
[2022-12-05T11:30:01.115+0000] {logging_mixin.py:137} INFO - [2022-12-05T11:30:01.115+0000] {dag.py:3340} INFO - Setting next_dagrun for tutorial to 2022-12-04T11:30:01.115198+00:00, run_after=2022-12-05T11:30:01.115198+00:00
[2022-12-05T11:30:01.169+0000] {processor.py:176} INFO - Processing /home/airflow/.local/lib/python3.7/site-packages/airflow/example_dags/tutorial.py took 0.122 seconds
[2022-12-05T11:30:31.239+0000] {processor.py:154} INFO - Started process (PID=4092) to work on /home/airflow/.local/lib/python3.7/site-packages/airflow/example_dags/tutorial.py
[2022-12-05T11:30:31.240+0000] {processor.py:756} INFO - Processing file /home/airflow/.local/lib/python3.7/site-packages/airflow/example_dags/tutorial.py for tasks to queue
[2022-12-05T11:30:31.240+0000] {logging_mixin.py:137} INFO - [2022-12-05T11:30:31.240+0000] {dagbag.py:537} INFO - Filling up the DagBag from /home/airflow/.local/lib/python3.7/site-packages/airflow/example_dags/tutorial.py
[2022-12-05T11:30:31.249+0000] {processor.py:766} INFO - DAG(s) dict_keys(['tutorial']) retrieved from /home/airflow/.local/lib/python3.7/site-packages/airflow/example_dags/tutorial.py
[2022-12-05T11:30:31.278+0000] {logging_mixin.py:137} INFO - [2022-12-05T11:30:31.277+0000] {dag.py:2585} INFO - Sync 1 DAGs
[2022-12-05T11:30:31.296+0000] {logging_mixin.py:137} INFO - [2022-12-05T11:30:31.296+0000] {dag.py:3340} INFO - Setting next_dagrun for tutorial to 2022-12-04T11:30:31.296453+00:00, run_after=2022-12-05T11:30:31.296453+00:00
[2022-12-05T11:30:31.340+0000] {processor.py:176} INFO - Processing /home/airflow/.local/lib/python3.7/site-packages/airflow/example_dags/tutorial.py took 0.103 seconds
[2022-12-05T11:31:01.468+0000] {processor.py:154} INFO - Started process (PID=4151) to work on /home/airflow/.local/lib/python3.7/site-packages/airflow/example_dags/tutorial.py
[2022-12-05T11:31:01.469+0000] {processor.py:756} INFO - Processing file /home/airflow/.local/lib/python3.7/site-packages/airflow/example_dags/tutorial.py for tasks to queue
[2022-12-05T11:31:01.470+0000] {logging_mixin.py:137} INFO - [2022-12-05T11:31:01.470+0000] {dagbag.py:537} INFO - Filling up the DagBag from /home/airflow/.local/lib/python3.7/site-packages/airflow/example_dags/tutorial.py
[2022-12-05T11:31:01.479+0000] {processor.py:766} INFO - DAG(s) dict_keys(['tutorial']) retrieved from /home/airflow/.local/lib/python3.7/site-packages/airflow/example_dags/tutorial.py
[2022-12-05T11:31:01.507+0000] {logging_mixin.py:137} INFO - [2022-12-05T11:31:01.507+0000] {dag.py:2585} INFO - Sync 1 DAGs
[2022-12-05T11:31:01.526+0000] {logging_mixin.py:137} INFO - [2022-12-05T11:31:01.526+0000] {dag.py:3340} INFO - Setting next_dagrun for tutorial to 2022-12-04T11:31:01.526221+00:00, run_after=2022-12-05T11:31:01.526221+00:00
[2022-12-05T11:31:01.604+0000] {processor.py:176} INFO - Processing /home/airflow/.local/lib/python3.7/site-packages/airflow/example_dags/tutorial.py took 0.137 seconds
[2022-12-05T11:31:31.759+0000] {processor.py:154} INFO - Started process (PID=4219) to work on /home/airflow/.local/lib/python3.7/site-packages/airflow/example_dags/tutorial.py
[2022-12-05T11:31:31.759+0000] {processor.py:756} INFO - Processing file /home/airflow/.local/lib/python3.7/site-packages/airflow/example_dags/tutorial.py for tasks to queue
[2022-12-05T11:31:31.760+0000] {logging_mixin.py:137} INFO - [2022-12-05T11:31:31.760+0000] {dagbag.py:537} INFO - Filling up the DagBag from /home/airflow/.local/lib/python3.7/site-packages/airflow/example_dags/tutorial.py
[2022-12-05T11:31:31.769+0000] {processor.py:766} INFO - DAG(s) dict_keys(['tutorial']) retrieved from /home/airflow/.local/lib/python3.7/site-packages/airflow/example_dags/tutorial.py
[2022-12-05T11:31:31.799+0000] {logging_mixin.py:137} INFO - [2022-12-05T11:31:31.799+0000] {dag.py:2585} INFO - Sync 1 DAGs
[2022-12-05T11:31:31.819+0000] {logging_mixin.py:137} INFO - [2022-12-05T11:31:31.819+0000] {dag.py:3340} INFO - Setting next_dagrun for tutorial to 2022-12-04T11:31:31.819471+00:00, run_after=2022-12-05T11:31:31.819471+00:00
[2022-12-05T11:31:31.866+0000] {processor.py:176} INFO - Processing /home/airflow/.local/lib/python3.7/site-packages/airflow/example_dags/tutorial.py took 0.109 seconds
[2022-12-05T11:32:02.807+0000] {processor.py:154} INFO - Started process (PID=4388) to work on /home/airflow/.local/lib/python3.7/site-packages/airflow/example_dags/tutorial.py
[2022-12-05T11:32:02.808+0000] {processor.py:756} INFO - Processing file /home/airflow/.local/lib/python3.7/site-packages/airflow/example_dags/tutorial.py for tasks to queue
[2022-12-05T11:32:02.809+0000] {logging_mixin.py:137} INFO - [2022-12-05T11:32:02.809+0000] {dagbag.py:537} INFO - Filling up the DagBag from /home/airflow/.local/lib/python3.7/site-packages/airflow/example_dags/tutorial.py
[2022-12-05T11:32:02.825+0000] {processor.py:766} INFO - DAG(s) dict_keys(['tutorial']) retrieved from /home/airflow/.local/lib/python3.7/site-packages/airflow/example_dags/tutorial.py
[2022-12-05T11:32:02.873+0000] {logging_mixin.py:137} INFO - [2022-12-05T11:32:02.873+0000] {dag.py:2585} INFO - Sync 1 DAGs
[2022-12-05T11:32:02.904+0000] {logging_mixin.py:137} INFO - [2022-12-05T11:32:02.903+0000] {dag.py:3340} INFO - Setting next_dagrun for tutorial to 2022-12-04T11:32:02.903566+00:00, run_after=2022-12-05T11:32:02.903566+00:00
[2022-12-05T11:32:03.024+0000] {processor.py:176} INFO - Processing /home/airflow/.local/lib/python3.7/site-packages/airflow/example_dags/tutorial.py took 0.220 seconds
[2022-12-05T11:32:33.066+0000] {processor.py:154} INFO - Started process (PID=4559) to work on /home/airflow/.local/lib/python3.7/site-packages/airflow/example_dags/tutorial.py
[2022-12-05T11:32:33.067+0000] {processor.py:756} INFO - Processing file /home/airflow/.local/lib/python3.7/site-packages/airflow/example_dags/tutorial.py for tasks to queue
[2022-12-05T11:32:33.068+0000] {logging_mixin.py:137} INFO - [2022-12-05T11:32:33.068+0000] {dagbag.py:537} INFO - Filling up the DagBag from /home/airflow/.local/lib/python3.7/site-packages/airflow/example_dags/tutorial.py
[2022-12-05T11:32:33.076+0000] {processor.py:766} INFO - DAG(s) dict_keys(['tutorial']) retrieved from /home/airflow/.local/lib/python3.7/site-packages/airflow/example_dags/tutorial.py
[2022-12-05T11:32:33.104+0000] {logging_mixin.py:137} INFO - [2022-12-05T11:32:33.103+0000] {dag.py:2585} INFO - Sync 1 DAGs
[2022-12-05T11:32:33.122+0000] {logging_mixin.py:137} INFO - [2022-12-05T11:32:33.122+0000] {dag.py:3340} INFO - Setting next_dagrun for tutorial to 2022-12-04T11:32:33.122273+00:00, run_after=2022-12-05T11:32:33.122273+00:00
[2022-12-05T11:32:33.159+0000] {processor.py:176} INFO - Processing /home/airflow/.local/lib/python3.7/site-packages/airflow/example_dags/tutorial.py took 0.094 seconds
[2022-12-05T11:33:04.261+0000] {processor.py:154} INFO - Started process (PID=4625) to work on /home/airflow/.local/lib/python3.7/site-packages/airflow/example_dags/tutorial.py
[2022-12-05T11:33:04.261+0000] {processor.py:756} INFO - Processing file /home/airflow/.local/lib/python3.7/site-packages/airflow/example_dags/tutorial.py for tasks to queue
[2022-12-05T11:33:04.262+0000] {logging_mixin.py:137} INFO - [2022-12-05T11:33:04.262+0000] {dagbag.py:537} INFO - Filling up the DagBag from /home/airflow/.local/lib/python3.7/site-packages/airflow/example_dags/tutorial.py
[2022-12-05T11:33:04.271+0000] {processor.py:766} INFO - DAG(s) dict_keys(['tutorial']) retrieved from /home/airflow/.local/lib/python3.7/site-packages/airflow/example_dags/tutorial.py
[2022-12-05T11:33:04.297+0000] {logging_mixin.py:137} INFO - [2022-12-05T11:33:04.297+0000] {dag.py:2585} INFO - Sync 1 DAGs
[2022-12-05T11:33:04.314+0000] {logging_mixin.py:137} INFO - [2022-12-05T11:33:04.314+0000] {dag.py:3340} INFO - Setting next_dagrun for tutorial to 2022-12-04T11:33:04.314551+00:00, run_after=2022-12-05T11:33:04.314551+00:00
[2022-12-05T11:33:04.388+0000] {processor.py:176} INFO - Processing /home/airflow/.local/lib/python3.7/site-packages/airflow/example_dags/tutorial.py took 0.129 seconds
[2022-12-05T11:33:34.505+0000] {processor.py:154} INFO - Started process (PID=4691) to work on /home/airflow/.local/lib/python3.7/site-packages/airflow/example_dags/tutorial.py
[2022-12-05T11:33:34.506+0000] {processor.py:756} INFO - Processing file /home/airflow/.local/lib/python3.7/site-packages/airflow/example_dags/tutorial.py for tasks to queue
[2022-12-05T11:33:34.507+0000] {logging_mixin.py:137} INFO - [2022-12-05T11:33:34.506+0000] {dagbag.py:537} INFO - Filling up the DagBag from /home/airflow/.local/lib/python3.7/site-packages/airflow/example_dags/tutorial.py
[2022-12-05T11:33:34.517+0000] {processor.py:766} INFO - DAG(s) dict_keys(['tutorial']) retrieved from /home/airflow/.local/lib/python3.7/site-packages/airflow/example_dags/tutorial.py
[2022-12-05T11:33:34.561+0000] {logging_mixin.py:137} INFO - [2022-12-05T11:33:34.561+0000] {dag.py:2585} INFO - Sync 1 DAGs
[2022-12-05T11:33:34.585+0000] {logging_mixin.py:137} INFO - [2022-12-05T11:33:34.585+0000] {dag.py:3340} INFO - Setting next_dagrun for tutorial to 2022-12-04T11:33:34.585617+00:00, run_after=2022-12-05T11:33:34.585617+00:00
[2022-12-05T11:33:34.638+0000] {processor.py:176} INFO - Processing /home/airflow/.local/lib/python3.7/site-packages/airflow/example_dags/tutorial.py took 0.135 seconds
[2022-12-05T11:34:04.787+0000] {processor.py:154} INFO - Started process (PID=4748) to work on /home/airflow/.local/lib/python3.7/site-packages/airflow/example_dags/tutorial.py
[2022-12-05T11:34:04.787+0000] {processor.py:756} INFO - Processing file /home/airflow/.local/lib/python3.7/site-packages/airflow/example_dags/tutorial.py for tasks to queue
[2022-12-05T11:34:04.788+0000] {logging_mixin.py:137} INFO - [2022-12-05T11:34:04.788+0000] {dagbag.py:537} INFO - Filling up the DagBag from /home/airflow/.local/lib/python3.7/site-packages/airflow/example_dags/tutorial.py
[2022-12-05T11:34:04.797+0000] {processor.py:766} INFO - DAG(s) dict_keys(['tutorial']) retrieved from /home/airflow/.local/lib/python3.7/site-packages/airflow/example_dags/tutorial.py
[2022-12-05T11:34:04.824+0000] {logging_mixin.py:137} INFO - [2022-12-05T11:34:04.824+0000] {dag.py:2585} INFO - Sync 1 DAGs
[2022-12-05T11:34:04.843+0000] {logging_mixin.py:137} INFO - [2022-12-05T11:34:04.843+0000] {dag.py:3340} INFO - Setting next_dagrun for tutorial to 2022-12-04T11:34:04.843592+00:00, run_after=2022-12-05T11:34:04.843592+00:00
[2022-12-05T11:34:04.886+0000] {processor.py:176} INFO - Processing /home/airflow/.local/lib/python3.7/site-packages/airflow/example_dags/tutorial.py took 0.101 seconds
[2022-12-05T11:34:35.370+0000] {processor.py:154} INFO - Started process (PID=4834) to work on /home/airflow/.local/lib/python3.7/site-packages/airflow/example_dags/tutorial.py
[2022-12-05T11:34:35.371+0000] {processor.py:756} INFO - Processing file /home/airflow/.local/lib/python3.7/site-packages/airflow/example_dags/tutorial.py for tasks to queue
[2022-12-05T11:34:35.371+0000] {logging_mixin.py:137} INFO - [2022-12-05T11:34:35.371+0000] {dagbag.py:537} INFO - Filling up the DagBag from /home/airflow/.local/lib/python3.7/site-packages/airflow/example_dags/tutorial.py
[2022-12-05T11:34:35.381+0000] {processor.py:766} INFO - DAG(s) dict_keys(['tutorial']) retrieved from /home/airflow/.local/lib/python3.7/site-packages/airflow/example_dags/tutorial.py
[2022-12-05T11:34:35.410+0000] {logging_mixin.py:137} INFO - [2022-12-05T11:34:35.410+0000] {dag.py:2585} INFO - Sync 1 DAGs
[2022-12-05T11:34:35.431+0000] {logging_mixin.py:137} INFO - [2022-12-05T11:34:35.431+0000] {dag.py:3340} INFO - Setting next_dagrun for tutorial to 2022-12-04T11:34:35.431134+00:00, run_after=2022-12-05T11:34:35.431134+00:00
[2022-12-05T11:34:35.470+0000] {processor.py:176} INFO - Processing /home/airflow/.local/lib/python3.7/site-packages/airflow/example_dags/tutorial.py took 0.102 seconds
[2022-12-05T11:35:06.013+0000] {processor.py:154} INFO - Started process (PID=4900) to work on /home/airflow/.local/lib/python3.7/site-packages/airflow/example_dags/tutorial.py
[2022-12-05T11:35:06.014+0000] {processor.py:756} INFO - Processing file /home/airflow/.local/lib/python3.7/site-packages/airflow/example_dags/tutorial.py for tasks to queue
[2022-12-05T11:35:06.015+0000] {logging_mixin.py:137} INFO - [2022-12-05T11:35:06.015+0000] {dagbag.py:537} INFO - Filling up the DagBag from /home/airflow/.local/lib/python3.7/site-packages/airflow/example_dags/tutorial.py
[2022-12-05T11:35:06.025+0000] {processor.py:766} INFO - DAG(s) dict_keys(['tutorial']) retrieved from /home/airflow/.local/lib/python3.7/site-packages/airflow/example_dags/tutorial.py
[2022-12-05T11:35:06.056+0000] {logging_mixin.py:137} INFO - [2022-12-05T11:35:06.056+0000] {dag.py:2585} INFO - Sync 1 DAGs
[2022-12-05T11:35:06.084+0000] {logging_mixin.py:137} INFO - [2022-12-05T11:35:06.084+0000] {dag.py:3340} INFO - Setting next_dagrun for tutorial to 2022-12-04T11:35:06.084556+00:00, run_after=2022-12-05T11:35:06.084556+00:00
[2022-12-05T11:35:06.145+0000] {processor.py:176} INFO - Processing /home/airflow/.local/lib/python3.7/site-packages/airflow/example_dags/tutorial.py took 0.134 seconds
[2022-12-05T11:35:36.933+0000] {processor.py:154} INFO - Started process (PID=4966) to work on /home/airflow/.local/lib/python3.7/site-packages/airflow/example_dags/tutorial.py
[2022-12-05T11:35:36.933+0000] {processor.py:756} INFO - Processing file /home/airflow/.local/lib/python3.7/site-packages/airflow/example_dags/tutorial.py for tasks to queue
[2022-12-05T11:35:36.934+0000] {logging_mixin.py:137} INFO - [2022-12-05T11:35:36.934+0000] {dagbag.py:537} INFO - Filling up the DagBag from /home/airflow/.local/lib/python3.7/site-packages/airflow/example_dags/tutorial.py
[2022-12-05T11:35:36.943+0000] {processor.py:766} INFO - DAG(s) dict_keys(['tutorial']) retrieved from /home/airflow/.local/lib/python3.7/site-packages/airflow/example_dags/tutorial.py
[2022-12-05T11:35:36.972+0000] {logging_mixin.py:137} INFO - [2022-12-05T11:35:36.972+0000] {dag.py:2585} INFO - Sync 1 DAGs
[2022-12-05T11:35:36.997+0000] {logging_mixin.py:137} INFO - [2022-12-05T11:35:36.997+0000] {dag.py:3340} INFO - Setting next_dagrun for tutorial to 2022-12-04T11:35:36.997371+00:00, run_after=2022-12-05T11:35:36.997371+00:00
[2022-12-05T11:35:37.050+0000] {processor.py:176} INFO - Processing /home/airflow/.local/lib/python3.7/site-packages/airflow/example_dags/tutorial.py took 0.119 seconds
[2022-12-05T11:36:07.856+0000] {processor.py:154} INFO - Started process (PID=5023) to work on /home/airflow/.local/lib/python3.7/site-packages/airflow/example_dags/tutorial.py
[2022-12-05T11:36:07.857+0000] {processor.py:756} INFO - Processing file /home/airflow/.local/lib/python3.7/site-packages/airflow/example_dags/tutorial.py for tasks to queue
[2022-12-05T11:36:07.857+0000] {logging_mixin.py:137} INFO - [2022-12-05T11:36:07.857+0000] {dagbag.py:537} INFO - Filling up the DagBag from /home/airflow/.local/lib/python3.7/site-packages/airflow/example_dags/tutorial.py
[2022-12-05T11:36:07.867+0000] {processor.py:766} INFO - DAG(s) dict_keys(['tutorial']) retrieved from /home/airflow/.local/lib/python3.7/site-packages/airflow/example_dags/tutorial.py
[2022-12-05T11:36:07.898+0000] {logging_mixin.py:137} INFO - [2022-12-05T11:36:07.898+0000] {dag.py:2585} INFO - Sync 1 DAGs
[2022-12-05T11:36:07.919+0000] {logging_mixin.py:137} INFO - [2022-12-05T11:36:07.919+0000] {dag.py:3340} INFO - Setting next_dagrun for tutorial to 2022-12-04T11:36:07.919551+00:00, run_after=2022-12-05T11:36:07.919551+00:00
[2022-12-05T11:36:08.007+0000] {processor.py:176} INFO - Processing /home/airflow/.local/lib/python3.7/site-packages/airflow/example_dags/tutorial.py took 0.153 seconds
[2022-12-05T11:36:38.051+0000] {processor.py:154} INFO - Started process (PID=5090) to work on /home/airflow/.local/lib/python3.7/site-packages/airflow/example_dags/tutorial.py
[2022-12-05T11:36:38.052+0000] {processor.py:756} INFO - Processing file /home/airflow/.local/lib/python3.7/site-packages/airflow/example_dags/tutorial.py for tasks to queue
[2022-12-05T11:36:38.052+0000] {logging_mixin.py:137} INFO - [2022-12-05T11:36:38.052+0000] {dagbag.py:537} INFO - Filling up the DagBag from /home/airflow/.local/lib/python3.7/site-packages/airflow/example_dags/tutorial.py
[2022-12-05T11:36:38.061+0000] {processor.py:766} INFO - DAG(s) dict_keys(['tutorial']) retrieved from /home/airflow/.local/lib/python3.7/site-packages/airflow/example_dags/tutorial.py
[2022-12-05T11:36:38.088+0000] {logging_mixin.py:137} INFO - [2022-12-05T11:36:38.088+0000] {dag.py:2585} INFO - Sync 1 DAGs
[2022-12-05T11:36:38.107+0000] {logging_mixin.py:137} INFO - [2022-12-05T11:36:38.107+0000] {dag.py:3340} INFO - Setting next_dagrun for tutorial to 2022-12-04T11:36:38.106940+00:00, run_after=2022-12-05T11:36:38.106940+00:00
[2022-12-05T11:36:38.144+0000] {processor.py:176} INFO - Processing /home/airflow/.local/lib/python3.7/site-packages/airflow/example_dags/tutorial.py took 0.094 seconds
[2022-12-05T11:37:08.252+0000] {processor.py:154} INFO - Started process (PID=5156) to work on /home/airflow/.local/lib/python3.7/site-packages/airflow/example_dags/tutorial.py
[2022-12-05T11:37:08.252+0000] {processor.py:756} INFO - Processing file /home/airflow/.local/lib/python3.7/site-packages/airflow/example_dags/tutorial.py for tasks to queue
[2022-12-05T11:37:08.253+0000] {logging_mixin.py:137} INFO - [2022-12-05T11:37:08.253+0000] {dagbag.py:537} INFO - Filling up the DagBag from /home/airflow/.local/lib/python3.7/site-packages/airflow/example_dags/tutorial.py
[2022-12-05T11:37:08.261+0000] {processor.py:766} INFO - DAG(s) dict_keys(['tutorial']) retrieved from /home/airflow/.local/lib/python3.7/site-packages/airflow/example_dags/tutorial.py
[2022-12-05T11:37:08.289+0000] {logging_mixin.py:137} INFO - [2022-12-05T11:37:08.289+0000] {dag.py:2585} INFO - Sync 1 DAGs
[2022-12-05T11:37:08.308+0000] {logging_mixin.py:137} INFO - [2022-12-05T11:37:08.307+0000] {dag.py:3340} INFO - Setting next_dagrun for tutorial to 2022-12-04T11:37:08.307828+00:00, run_after=2022-12-05T11:37:08.307828+00:00
[2022-12-05T11:37:08.347+0000] {processor.py:176} INFO - Processing /home/airflow/.local/lib/python3.7/site-packages/airflow/example_dags/tutorial.py took 0.097 seconds
[2022-12-05T11:37:39.086+0000] {processor.py:154} INFO - Started process (PID=5220) to work on /home/airflow/.local/lib/python3.7/site-packages/airflow/example_dags/tutorial.py
[2022-12-05T11:37:39.087+0000] {processor.py:756} INFO - Processing file /home/airflow/.local/lib/python3.7/site-packages/airflow/example_dags/tutorial.py for tasks to queue
[2022-12-05T11:37:39.087+0000] {logging_mixin.py:137} INFO - [2022-12-05T11:37:39.087+0000] {dagbag.py:537} INFO - Filling up the DagBag from /home/airflow/.local/lib/python3.7/site-packages/airflow/example_dags/tutorial.py
[2022-12-05T11:37:39.099+0000] {processor.py:766} INFO - DAG(s) dict_keys(['tutorial']) retrieved from /home/airflow/.local/lib/python3.7/site-packages/airflow/example_dags/tutorial.py
[2022-12-05T11:37:39.128+0000] {logging_mixin.py:137} INFO - [2022-12-05T11:37:39.128+0000] {dag.py:2585} INFO - Sync 1 DAGs
[2022-12-05T11:37:39.150+0000] {logging_mixin.py:137} INFO - [2022-12-05T11:37:39.150+0000] {dag.py:3340} INFO - Setting next_dagrun for tutorial to 2022-12-04T11:37:39.150186+00:00, run_after=2022-12-05T11:37:39.150186+00:00
[2022-12-05T11:37:39.188+0000] {processor.py:176} INFO - Processing /home/airflow/.local/lib/python3.7/site-packages/airflow/example_dags/tutorial.py took 0.103 seconds
[2022-12-05T11:38:09.782+0000] {processor.py:154} INFO - Started process (PID=5279) to work on /home/airflow/.local/lib/python3.7/site-packages/airflow/example_dags/tutorial.py
[2022-12-05T11:38:09.783+0000] {processor.py:756} INFO - Processing file /home/airflow/.local/lib/python3.7/site-packages/airflow/example_dags/tutorial.py for tasks to queue
[2022-12-05T11:38:09.783+0000] {logging_mixin.py:137} INFO - [2022-12-05T11:38:09.783+0000] {dagbag.py:537} INFO - Filling up the DagBag from /home/airflow/.local/lib/python3.7/site-packages/airflow/example_dags/tutorial.py
[2022-12-05T11:38:09.792+0000] {processor.py:766} INFO - DAG(s) dict_keys(['tutorial']) retrieved from /home/airflow/.local/lib/python3.7/site-packages/airflow/example_dags/tutorial.py
[2022-12-05T11:38:09.819+0000] {logging_mixin.py:137} INFO - [2022-12-05T11:38:09.819+0000] {dag.py:2585} INFO - Sync 1 DAGs
[2022-12-05T11:38:09.839+0000] {logging_mixin.py:137} INFO - [2022-12-05T11:38:09.839+0000] {dag.py:3340} INFO - Setting next_dagrun for tutorial to 2022-12-04T11:38:09.839291+00:00, run_after=2022-12-05T11:38:09.839291+00:00
[2022-12-05T11:38:09.894+0000] {processor.py:176} INFO - Processing /home/airflow/.local/lib/python3.7/site-packages/airflow/example_dags/tutorial.py took 0.113 seconds
[2022-12-05T11:38:40.458+0000] {processor.py:154} INFO - Started process (PID=5345) to work on /home/airflow/.local/lib/python3.7/site-packages/airflow/example_dags/tutorial.py
[2022-12-05T11:38:40.458+0000] {processor.py:756} INFO - Processing file /home/airflow/.local/lib/python3.7/site-packages/airflow/example_dags/tutorial.py for tasks to queue
[2022-12-05T11:38:40.459+0000] {logging_mixin.py:137} INFO - [2022-12-05T11:38:40.459+0000] {dagbag.py:537} INFO - Filling up the DagBag from /home/airflow/.local/lib/python3.7/site-packages/airflow/example_dags/tutorial.py
[2022-12-05T11:38:40.468+0000] {processor.py:766} INFO - DAG(s) dict_keys(['tutorial']) retrieved from /home/airflow/.local/lib/python3.7/site-packages/airflow/example_dags/tutorial.py
[2022-12-05T11:38:40.497+0000] {logging_mixin.py:137} INFO - [2022-12-05T11:38:40.497+0000] {dag.py:2585} INFO - Sync 1 DAGs
[2022-12-05T11:38:40.517+0000] {logging_mixin.py:137} INFO - [2022-12-05T11:38:40.516+0000] {dag.py:3340} INFO - Setting next_dagrun for tutorial to 2022-12-04T11:38:40.516784+00:00, run_after=2022-12-05T11:38:40.516784+00:00
[2022-12-05T11:38:40.559+0000] {processor.py:176} INFO - Processing /home/airflow/.local/lib/python3.7/site-packages/airflow/example_dags/tutorial.py took 0.103 seconds
[2022-12-05T11:39:11.135+0000] {processor.py:154} INFO - Started process (PID=5411) to work on /home/airflow/.local/lib/python3.7/site-packages/airflow/example_dags/tutorial.py
[2022-12-05T11:39:11.135+0000] {processor.py:756} INFO - Processing file /home/airflow/.local/lib/python3.7/site-packages/airflow/example_dags/tutorial.py for tasks to queue
[2022-12-05T11:39:11.136+0000] {logging_mixin.py:137} INFO - [2022-12-05T11:39:11.136+0000] {dagbag.py:537} INFO - Filling up the DagBag from /home/airflow/.local/lib/python3.7/site-packages/airflow/example_dags/tutorial.py
[2022-12-05T11:39:11.145+0000] {processor.py:766} INFO - DAG(s) dict_keys(['tutorial']) retrieved from /home/airflow/.local/lib/python3.7/site-packages/airflow/example_dags/tutorial.py
[2022-12-05T11:39:11.172+0000] {logging_mixin.py:137} INFO - [2022-12-05T11:39:11.172+0000] {dag.py:2585} INFO - Sync 1 DAGs
[2022-12-05T11:39:11.192+0000] {logging_mixin.py:137} INFO - [2022-12-05T11:39:11.192+0000] {dag.py:3340} INFO - Setting next_dagrun for tutorial to 2022-12-04T11:39:11.192286+00:00, run_after=2022-12-05T11:39:11.192286+00:00
[2022-12-05T11:39:11.245+0000] {processor.py:176} INFO - Processing /home/airflow/.local/lib/python3.7/site-packages/airflow/example_dags/tutorial.py took 0.112 seconds
[2022-12-05T11:39:41.646+0000] {processor.py:154} INFO - Started process (PID=5469) to work on /home/airflow/.local/lib/python3.7/site-packages/airflow/example_dags/tutorial.py
[2022-12-05T11:39:41.647+0000] {processor.py:756} INFO - Processing file /home/airflow/.local/lib/python3.7/site-packages/airflow/example_dags/tutorial.py for tasks to queue
[2022-12-05T11:39:41.647+0000] {logging_mixin.py:137} INFO - [2022-12-05T11:39:41.647+0000] {dagbag.py:537} INFO - Filling up the DagBag from /home/airflow/.local/lib/python3.7/site-packages/airflow/example_dags/tutorial.py
[2022-12-05T11:39:41.657+0000] {processor.py:766} INFO - DAG(s) dict_keys(['tutorial']) retrieved from /home/airflow/.local/lib/python3.7/site-packages/airflow/example_dags/tutorial.py
[2022-12-05T11:39:41.684+0000] {logging_mixin.py:137} INFO - [2022-12-05T11:39:41.684+0000] {dag.py:2585} INFO - Sync 1 DAGs
[2022-12-05T11:39:41.705+0000] {logging_mixin.py:137} INFO - [2022-12-05T11:39:41.705+0000] {dag.py:3340} INFO - Setting next_dagrun for tutorial to 2022-12-04T11:39:41.705664+00:00, run_after=2022-12-05T11:39:41.705664+00:00
[2022-12-05T11:39:41.774+0000] {processor.py:176} INFO - Processing /home/airflow/.local/lib/python3.7/site-packages/airflow/example_dags/tutorial.py took 0.130 seconds
[2022-12-05T11:40:12.395+0000] {processor.py:154} INFO - Started process (PID=5535) to work on /home/airflow/.local/lib/python3.7/site-packages/airflow/example_dags/tutorial.py
[2022-12-05T11:40:12.396+0000] {processor.py:756} INFO - Processing file /home/airflow/.local/lib/python3.7/site-packages/airflow/example_dags/tutorial.py for tasks to queue
[2022-12-05T11:40:12.396+0000] {logging_mixin.py:137} INFO - [2022-12-05T11:40:12.396+0000] {dagbag.py:537} INFO - Filling up the DagBag from /home/airflow/.local/lib/python3.7/site-packages/airflow/example_dags/tutorial.py
[2022-12-05T11:40:12.405+0000] {processor.py:766} INFO - DAG(s) dict_keys(['tutorial']) retrieved from /home/airflow/.local/lib/python3.7/site-packages/airflow/example_dags/tutorial.py
[2022-12-05T11:40:12.431+0000] {logging_mixin.py:137} INFO - [2022-12-05T11:40:12.431+0000] {dag.py:2585} INFO - Sync 1 DAGs
[2022-12-05T11:40:12.454+0000] {logging_mixin.py:137} INFO - [2022-12-05T11:40:12.454+0000] {dag.py:3340} INFO - Setting next_dagrun for tutorial to 2022-12-04T11:40:12.453907+00:00, run_after=2022-12-05T11:40:12.453907+00:00
[2022-12-05T11:40:12.490+0000] {processor.py:176} INFO - Processing /home/airflow/.local/lib/python3.7/site-packages/airflow/example_dags/tutorial.py took 0.097 seconds
