[2022-12-05T11:01:29.668+0000] {processor.py:154} INFO - Started process (PID=66) to work on /home/airflow/.local/lib/python3.7/site-packages/airflow/example_dags/tutorial_dag.py
[2022-12-05T11:01:29.668+0000] {processor.py:756} INFO - Processing file /home/airflow/.local/lib/python3.7/site-packages/airflow/example_dags/tutorial_dag.py for tasks to queue
[2022-12-05T11:01:29.669+0000] {logging_mixin.py:137} INFO - [2022-12-05T11:01:29.669+0000] {dagbag.py:537} INFO - Filling up the DagBag from /home/airflow/.local/lib/python3.7/site-packages/airflow/example_dags/tutorial_dag.py
[2022-12-05T11:01:29.677+0000] {processor.py:766} INFO - DAG(s) dict_keys(['tutorial_dag']) retrieved from /home/airflow/.local/lib/python3.7/site-packages/airflow/example_dags/tutorial_dag.py
[2022-12-05T11:01:29.718+0000] {logging_mixin.py:137} INFO - [2022-12-05T11:01:29.718+0000] {dag.py:2585} INFO - Sync 1 DAGs
[2022-12-05T11:01:29.739+0000] {logging_mixin.py:137} INFO - [2022-12-05T11:01:29.739+0000] {dag.py:3340} INFO - Setting next_dagrun for tutorial_dag to None, run_after=None
[2022-12-05T11:01:29.839+0000] {processor.py:176} INFO - Processing /home/airflow/.local/lib/python3.7/site-packages/airflow/example_dags/tutorial_dag.py took 0.172 seconds
[2022-12-05T11:02:00.067+0000] {processor.py:154} INFO - Started process (PID=123) to work on /home/airflow/.local/lib/python3.7/site-packages/airflow/example_dags/tutorial_dag.py
[2022-12-05T11:02:00.067+0000] {processor.py:756} INFO - Processing file /home/airflow/.local/lib/python3.7/site-packages/airflow/example_dags/tutorial_dag.py for tasks to queue
[2022-12-05T11:02:00.068+0000] {logging_mixin.py:137} INFO - [2022-12-05T11:02:00.068+0000] {dagbag.py:537} INFO - Filling up the DagBag from /home/airflow/.local/lib/python3.7/site-packages/airflow/example_dags/tutorial_dag.py
[2022-12-05T11:02:00.077+0000] {processor.py:766} INFO - DAG(s) dict_keys(['tutorial_dag']) retrieved from /home/airflow/.local/lib/python3.7/site-packages/airflow/example_dags/tutorial_dag.py
[2022-12-05T11:02:00.104+0000] {logging_mixin.py:137} INFO - [2022-12-05T11:02:00.104+0000] {dag.py:2585} INFO - Sync 1 DAGs
[2022-12-05T11:02:00.124+0000] {logging_mixin.py:137} INFO - [2022-12-05T11:02:00.124+0000] {dag.py:3340} INFO - Setting next_dagrun for tutorial_dag to None, run_after=None
[2022-12-05T11:02:00.179+0000] {processor.py:176} INFO - Processing /home/airflow/.local/lib/python3.7/site-packages/airflow/example_dags/tutorial_dag.py took 0.114 seconds
[2022-12-05T11:02:30.252+0000] {processor.py:154} INFO - Started process (PID=190) to work on /home/airflow/.local/lib/python3.7/site-packages/airflow/example_dags/tutorial_dag.py
[2022-12-05T11:02:30.253+0000] {processor.py:756} INFO - Processing file /home/airflow/.local/lib/python3.7/site-packages/airflow/example_dags/tutorial_dag.py for tasks to queue
[2022-12-05T11:02:30.254+0000] {logging_mixin.py:137} INFO - [2022-12-05T11:02:30.254+0000] {dagbag.py:537} INFO - Filling up the DagBag from /home/airflow/.local/lib/python3.7/site-packages/airflow/example_dags/tutorial_dag.py
[2022-12-05T11:02:30.263+0000] {processor.py:766} INFO - DAG(s) dict_keys(['tutorial_dag']) retrieved from /home/airflow/.local/lib/python3.7/site-packages/airflow/example_dags/tutorial_dag.py
[2022-12-05T11:02:30.291+0000] {logging_mixin.py:137} INFO - [2022-12-05T11:02:30.291+0000] {dag.py:2585} INFO - Sync 1 DAGs
[2022-12-05T11:02:30.310+0000] {logging_mixin.py:137} INFO - [2022-12-05T11:02:30.309+0000] {dag.py:3340} INFO - Setting next_dagrun for tutorial_dag to None, run_after=None
[2022-12-05T11:02:30.347+0000] {processor.py:176} INFO - Processing /home/airflow/.local/lib/python3.7/site-packages/airflow/example_dags/tutorial_dag.py took 0.096 seconds
[2022-12-05T11:03:02.050+0000] {processor.py:154} INFO - Started process (PID=341) to work on /home/airflow/.local/lib/python3.7/site-packages/airflow/example_dags/tutorial_dag.py
[2022-12-05T11:03:02.051+0000] {processor.py:756} INFO - Processing file /home/airflow/.local/lib/python3.7/site-packages/airflow/example_dags/tutorial_dag.py for tasks to queue
[2022-12-05T11:03:02.052+0000] {logging_mixin.py:137} INFO - [2022-12-05T11:03:02.052+0000] {dagbag.py:537} INFO - Filling up the DagBag from /home/airflow/.local/lib/python3.7/site-packages/airflow/example_dags/tutorial_dag.py
[2022-12-05T11:03:02.064+0000] {processor.py:766} INFO - DAG(s) dict_keys(['tutorial_dag']) retrieved from /home/airflow/.local/lib/python3.7/site-packages/airflow/example_dags/tutorial_dag.py
[2022-12-05T11:03:02.096+0000] {logging_mixin.py:137} INFO - [2022-12-05T11:03:02.095+0000] {dag.py:2585} INFO - Sync 1 DAGs
[2022-12-05T11:03:02.127+0000] {logging_mixin.py:137} INFO - [2022-12-05T11:03:02.127+0000] {dag.py:3340} INFO - Setting next_dagrun for tutorial_dag to None, run_after=None
[2022-12-05T11:03:02.220+0000] {processor.py:176} INFO - Processing /home/airflow/.local/lib/python3.7/site-packages/airflow/example_dags/tutorial_dag.py took 0.173 seconds
[2022-12-05T11:03:33.110+0000] {processor.py:154} INFO - Started process (PID=545) to work on /home/airflow/.local/lib/python3.7/site-packages/airflow/example_dags/tutorial_dag.py
[2022-12-05T11:03:33.111+0000] {processor.py:756} INFO - Processing file /home/airflow/.local/lib/python3.7/site-packages/airflow/example_dags/tutorial_dag.py for tasks to queue
[2022-12-05T11:03:33.112+0000] {logging_mixin.py:137} INFO - [2022-12-05T11:03:33.112+0000] {dagbag.py:537} INFO - Filling up the DagBag from /home/airflow/.local/lib/python3.7/site-packages/airflow/example_dags/tutorial_dag.py
[2022-12-05T11:03:33.126+0000] {processor.py:766} INFO - DAG(s) dict_keys(['tutorial_dag']) retrieved from /home/airflow/.local/lib/python3.7/site-packages/airflow/example_dags/tutorial_dag.py
[2022-12-05T11:03:33.164+0000] {logging_mixin.py:137} INFO - [2022-12-05T11:03:33.164+0000] {dag.py:2585} INFO - Sync 1 DAGs
[2022-12-05T11:03:33.186+0000] {logging_mixin.py:137} INFO - [2022-12-05T11:03:33.185+0000] {dag.py:3340} INFO - Setting next_dagrun for tutorial_dag to None, run_after=None
[2022-12-05T11:03:33.286+0000] {processor.py:176} INFO - Processing /home/airflow/.local/lib/python3.7/site-packages/airflow/example_dags/tutorial_dag.py took 0.178 seconds
[2022-12-05T11:04:03.580+0000] {processor.py:154} INFO - Started process (PID=731) to work on /home/airflow/.local/lib/python3.7/site-packages/airflow/example_dags/tutorial_dag.py
[2022-12-05T11:04:03.581+0000] {processor.py:756} INFO - Processing file /home/airflow/.local/lib/python3.7/site-packages/airflow/example_dags/tutorial_dag.py for tasks to queue
[2022-12-05T11:04:03.581+0000] {logging_mixin.py:137} INFO - [2022-12-05T11:04:03.581+0000] {dagbag.py:537} INFO - Filling up the DagBag from /home/airflow/.local/lib/python3.7/site-packages/airflow/example_dags/tutorial_dag.py
[2022-12-05T11:04:03.595+0000] {processor.py:766} INFO - DAG(s) dict_keys(['tutorial_dag']) retrieved from /home/airflow/.local/lib/python3.7/site-packages/airflow/example_dags/tutorial_dag.py
[2022-12-05T11:04:03.627+0000] {logging_mixin.py:137} INFO - [2022-12-05T11:04:03.627+0000] {dag.py:2585} INFO - Sync 1 DAGs
[2022-12-05T11:04:03.647+0000] {logging_mixin.py:137} INFO - [2022-12-05T11:04:03.647+0000] {dag.py:3340} INFO - Setting next_dagrun for tutorial_dag to None, run_after=None
[2022-12-05T11:04:03.710+0000] {processor.py:176} INFO - Processing /home/airflow/.local/lib/python3.7/site-packages/airflow/example_dags/tutorial_dag.py took 0.133 seconds
[2022-12-05T11:04:34.333+0000] {processor.py:154} INFO - Started process (PID=824) to work on /home/airflow/.local/lib/python3.7/site-packages/airflow/example_dags/tutorial_dag.py
[2022-12-05T11:04:34.333+0000] {processor.py:756} INFO - Processing file /home/airflow/.local/lib/python3.7/site-packages/airflow/example_dags/tutorial_dag.py for tasks to queue
[2022-12-05T11:04:34.334+0000] {logging_mixin.py:137} INFO - [2022-12-05T11:04:34.334+0000] {dagbag.py:537} INFO - Filling up the DagBag from /home/airflow/.local/lib/python3.7/site-packages/airflow/example_dags/tutorial_dag.py
[2022-12-05T11:04:34.342+0000] {processor.py:766} INFO - DAG(s) dict_keys(['tutorial_dag']) retrieved from /home/airflow/.local/lib/python3.7/site-packages/airflow/example_dags/tutorial_dag.py
[2022-12-05T11:04:34.369+0000] {logging_mixin.py:137} INFO - [2022-12-05T11:04:34.369+0000] {dag.py:2585} INFO - Sync 1 DAGs
[2022-12-05T11:04:34.394+0000] {logging_mixin.py:137} INFO - [2022-12-05T11:04:34.394+0000] {dag.py:3340} INFO - Setting next_dagrun for tutorial_dag to None, run_after=None
[2022-12-05T11:04:34.432+0000] {processor.py:176} INFO - Processing /home/airflow/.local/lib/python3.7/site-packages/airflow/example_dags/tutorial_dag.py took 0.101 seconds
[2022-12-05T11:05:04.836+0000] {processor.py:154} INFO - Started process (PID=891) to work on /home/airflow/.local/lib/python3.7/site-packages/airflow/example_dags/tutorial_dag.py
[2022-12-05T11:05:04.837+0000] {processor.py:756} INFO - Processing file /home/airflow/.local/lib/python3.7/site-packages/airflow/example_dags/tutorial_dag.py for tasks to queue
[2022-12-05T11:05:04.837+0000] {logging_mixin.py:137} INFO - [2022-12-05T11:05:04.837+0000] {dagbag.py:537} INFO - Filling up the DagBag from /home/airflow/.local/lib/python3.7/site-packages/airflow/example_dags/tutorial_dag.py
[2022-12-05T11:05:04.845+0000] {processor.py:766} INFO - DAG(s) dict_keys(['tutorial_dag']) retrieved from /home/airflow/.local/lib/python3.7/site-packages/airflow/example_dags/tutorial_dag.py
[2022-12-05T11:05:04.876+0000] {logging_mixin.py:137} INFO - [2022-12-05T11:05:04.876+0000] {dag.py:2585} INFO - Sync 1 DAGs
[2022-12-05T11:05:04.894+0000] {logging_mixin.py:137} INFO - [2022-12-05T11:05:04.894+0000] {dag.py:3340} INFO - Setting next_dagrun for tutorial_dag to None, run_after=None
[2022-12-05T11:05:04.931+0000] {processor.py:176} INFO - Processing /home/airflow/.local/lib/python3.7/site-packages/airflow/example_dags/tutorial_dag.py took 0.097 seconds
[2022-12-05T11:05:35.531+0000] {processor.py:154} INFO - Started process (PID=948) to work on /home/airflow/.local/lib/python3.7/site-packages/airflow/example_dags/tutorial_dag.py
[2022-12-05T11:05:35.531+0000] {processor.py:756} INFO - Processing file /home/airflow/.local/lib/python3.7/site-packages/airflow/example_dags/tutorial_dag.py for tasks to queue
[2022-12-05T11:05:35.532+0000] {logging_mixin.py:137} INFO - [2022-12-05T11:05:35.532+0000] {dagbag.py:537} INFO - Filling up the DagBag from /home/airflow/.local/lib/python3.7/site-packages/airflow/example_dags/tutorial_dag.py
[2022-12-05T11:05:35.540+0000] {processor.py:766} INFO - DAG(s) dict_keys(['tutorial_dag']) retrieved from /home/airflow/.local/lib/python3.7/site-packages/airflow/example_dags/tutorial_dag.py
[2022-12-05T11:05:35.570+0000] {logging_mixin.py:137} INFO - [2022-12-05T11:05:35.570+0000] {dag.py:2585} INFO - Sync 1 DAGs
[2022-12-05T11:05:35.590+0000] {logging_mixin.py:137} INFO - [2022-12-05T11:05:35.590+0000] {dag.py:3340} INFO - Setting next_dagrun for tutorial_dag to None, run_after=None
[2022-12-05T11:05:35.631+0000] {processor.py:176} INFO - Processing /home/airflow/.local/lib/python3.7/site-packages/airflow/example_dags/tutorial_dag.py took 0.102 seconds
[2022-12-05T11:06:06.457+0000] {processor.py:154} INFO - Started process (PID=1014) to work on /home/airflow/.local/lib/python3.7/site-packages/airflow/example_dags/tutorial_dag.py
[2022-12-05T11:06:06.458+0000] {processor.py:756} INFO - Processing file /home/airflow/.local/lib/python3.7/site-packages/airflow/example_dags/tutorial_dag.py for tasks to queue
[2022-12-05T11:06:06.459+0000] {logging_mixin.py:137} INFO - [2022-12-05T11:06:06.459+0000] {dagbag.py:537} INFO - Filling up the DagBag from /home/airflow/.local/lib/python3.7/site-packages/airflow/example_dags/tutorial_dag.py
[2022-12-05T11:06:06.467+0000] {processor.py:766} INFO - DAG(s) dict_keys(['tutorial_dag']) retrieved from /home/airflow/.local/lib/python3.7/site-packages/airflow/example_dags/tutorial_dag.py
[2022-12-05T11:06:06.494+0000] {logging_mixin.py:137} INFO - [2022-12-05T11:06:06.494+0000] {dag.py:2585} INFO - Sync 1 DAGs
[2022-12-05T11:06:06.514+0000] {logging_mixin.py:137} INFO - [2022-12-05T11:06:06.514+0000] {dag.py:3340} INFO - Setting next_dagrun for tutorial_dag to None, run_after=None
[2022-12-05T11:06:06.571+0000] {processor.py:176} INFO - Processing /home/airflow/.local/lib/python3.7/site-packages/airflow/example_dags/tutorial_dag.py took 0.115 seconds
[2022-12-05T11:06:37.240+0000] {processor.py:154} INFO - Started process (PID=1081) to work on /home/airflow/.local/lib/python3.7/site-packages/airflow/example_dags/tutorial_dag.py
[2022-12-05T11:06:37.241+0000] {processor.py:756} INFO - Processing file /home/airflow/.local/lib/python3.7/site-packages/airflow/example_dags/tutorial_dag.py for tasks to queue
[2022-12-05T11:06:37.241+0000] {logging_mixin.py:137} INFO - [2022-12-05T11:06:37.241+0000] {dagbag.py:537} INFO - Filling up the DagBag from /home/airflow/.local/lib/python3.7/site-packages/airflow/example_dags/tutorial_dag.py
[2022-12-05T11:06:37.250+0000] {processor.py:766} INFO - DAG(s) dict_keys(['tutorial_dag']) retrieved from /home/airflow/.local/lib/python3.7/site-packages/airflow/example_dags/tutorial_dag.py
[2022-12-05T11:06:37.277+0000] {logging_mixin.py:137} INFO - [2022-12-05T11:06:37.277+0000] {dag.py:2585} INFO - Sync 1 DAGs
[2022-12-05T11:06:37.296+0000] {logging_mixin.py:137} INFO - [2022-12-05T11:06:37.296+0000] {dag.py:3340} INFO - Setting next_dagrun for tutorial_dag to None, run_after=None
[2022-12-05T11:06:37.342+0000] {processor.py:176} INFO - Processing /home/airflow/.local/lib/python3.7/site-packages/airflow/example_dags/tutorial_dag.py took 0.104 seconds
[2022-12-05T11:07:07.922+0000] {processor.py:154} INFO - Started process (PID=1147) to work on /home/airflow/.local/lib/python3.7/site-packages/airflow/example_dags/tutorial_dag.py
[2022-12-05T11:07:07.923+0000] {processor.py:756} INFO - Processing file /home/airflow/.local/lib/python3.7/site-packages/airflow/example_dags/tutorial_dag.py for tasks to queue
[2022-12-05T11:07:07.924+0000] {logging_mixin.py:137} INFO - [2022-12-05T11:07:07.923+0000] {dagbag.py:537} INFO - Filling up the DagBag from /home/airflow/.local/lib/python3.7/site-packages/airflow/example_dags/tutorial_dag.py
[2022-12-05T11:07:07.932+0000] {processor.py:766} INFO - DAG(s) dict_keys(['tutorial_dag']) retrieved from /home/airflow/.local/lib/python3.7/site-packages/airflow/example_dags/tutorial_dag.py
[2022-12-05T11:07:07.961+0000] {logging_mixin.py:137} INFO - [2022-12-05T11:07:07.960+0000] {dag.py:2585} INFO - Sync 1 DAGs
[2022-12-05T11:07:07.979+0000] {logging_mixin.py:137} INFO - [2022-12-05T11:07:07.979+0000] {dag.py:3340} INFO - Setting next_dagrun for tutorial_dag to None, run_after=None
[2022-12-05T11:07:08.060+0000] {processor.py:176} INFO - Processing /home/airflow/.local/lib/python3.7/site-packages/airflow/example_dags/tutorial_dag.py took 0.139 seconds
[2022-12-05T11:07:38.342+0000] {processor.py:154} INFO - Started process (PID=1206) to work on /home/airflow/.local/lib/python3.7/site-packages/airflow/example_dags/tutorial_dag.py
[2022-12-05T11:07:38.343+0000] {processor.py:756} INFO - Processing file /home/airflow/.local/lib/python3.7/site-packages/airflow/example_dags/tutorial_dag.py for tasks to queue
[2022-12-05T11:07:38.343+0000] {logging_mixin.py:137} INFO - [2022-12-05T11:07:38.343+0000] {dagbag.py:537} INFO - Filling up the DagBag from /home/airflow/.local/lib/python3.7/site-packages/airflow/example_dags/tutorial_dag.py
[2022-12-05T11:07:38.354+0000] {processor.py:766} INFO - DAG(s) dict_keys(['tutorial_dag']) retrieved from /home/airflow/.local/lib/python3.7/site-packages/airflow/example_dags/tutorial_dag.py
[2022-12-05T11:07:38.388+0000] {logging_mixin.py:137} INFO - [2022-12-05T11:07:38.387+0000] {dag.py:2585} INFO - Sync 1 DAGs
[2022-12-05T11:07:38.406+0000] {logging_mixin.py:137} INFO - [2022-12-05T11:07:38.406+0000] {dag.py:3340} INFO - Setting next_dagrun for tutorial_dag to None, run_after=None
[2022-12-05T11:07:38.501+0000] {processor.py:176} INFO - Processing /home/airflow/.local/lib/python3.7/site-packages/airflow/example_dags/tutorial_dag.py took 0.162 seconds
[2022-12-05T11:08:08.633+0000] {processor.py:154} INFO - Started process (PID=1272) to work on /home/airflow/.local/lib/python3.7/site-packages/airflow/example_dags/tutorial_dag.py
[2022-12-05T11:08:08.634+0000] {processor.py:756} INFO - Processing file /home/airflow/.local/lib/python3.7/site-packages/airflow/example_dags/tutorial_dag.py for tasks to queue
[2022-12-05T11:08:08.634+0000] {logging_mixin.py:137} INFO - [2022-12-05T11:08:08.634+0000] {dagbag.py:537} INFO - Filling up the DagBag from /home/airflow/.local/lib/python3.7/site-packages/airflow/example_dags/tutorial_dag.py
[2022-12-05T11:08:08.645+0000] {processor.py:766} INFO - DAG(s) dict_keys(['tutorial_dag']) retrieved from /home/airflow/.local/lib/python3.7/site-packages/airflow/example_dags/tutorial_dag.py
[2022-12-05T11:08:08.673+0000] {logging_mixin.py:137} INFO - [2022-12-05T11:08:08.673+0000] {dag.py:2585} INFO - Sync 1 DAGs
[2022-12-05T11:08:08.693+0000] {logging_mixin.py:137} INFO - [2022-12-05T11:08:08.692+0000] {dag.py:3340} INFO - Setting next_dagrun for tutorial_dag to None, run_after=None
[2022-12-05T11:08:08.766+0000] {processor.py:176} INFO - Processing /home/airflow/.local/lib/python3.7/site-packages/airflow/example_dags/tutorial_dag.py took 0.135 seconds
[2022-12-05T11:08:38.863+0000] {processor.py:154} INFO - Started process (PID=1338) to work on /home/airflow/.local/lib/python3.7/site-packages/airflow/example_dags/tutorial_dag.py
[2022-12-05T11:08:38.863+0000] {processor.py:756} INFO - Processing file /home/airflow/.local/lib/python3.7/site-packages/airflow/example_dags/tutorial_dag.py for tasks to queue
[2022-12-05T11:08:38.864+0000] {logging_mixin.py:137} INFO - [2022-12-05T11:08:38.864+0000] {dagbag.py:537} INFO - Filling up the DagBag from /home/airflow/.local/lib/python3.7/site-packages/airflow/example_dags/tutorial_dag.py
[2022-12-05T11:08:38.874+0000] {processor.py:766} INFO - DAG(s) dict_keys(['tutorial_dag']) retrieved from /home/airflow/.local/lib/python3.7/site-packages/airflow/example_dags/tutorial_dag.py
[2022-12-05T11:08:38.905+0000] {logging_mixin.py:137} INFO - [2022-12-05T11:08:38.905+0000] {dag.py:2585} INFO - Sync 1 DAGs
[2022-12-05T11:08:38.925+0000] {logging_mixin.py:137} INFO - [2022-12-05T11:08:38.925+0000] {dag.py:3340} INFO - Setting next_dagrun for tutorial_dag to None, run_after=None
[2022-12-05T11:08:38.968+0000] {processor.py:176} INFO - Processing /home/airflow/.local/lib/python3.7/site-packages/airflow/example_dags/tutorial_dag.py took 0.108 seconds
[2022-12-05T11:09:09.144+0000] {processor.py:154} INFO - Started process (PID=1395) to work on /home/airflow/.local/lib/python3.7/site-packages/airflow/example_dags/tutorial_dag.py
[2022-12-05T11:09:09.144+0000] {processor.py:756} INFO - Processing file /home/airflow/.local/lib/python3.7/site-packages/airflow/example_dags/tutorial_dag.py for tasks to queue
[2022-12-05T11:09:09.145+0000] {logging_mixin.py:137} INFO - [2022-12-05T11:09:09.145+0000] {dagbag.py:537} INFO - Filling up the DagBag from /home/airflow/.local/lib/python3.7/site-packages/airflow/example_dags/tutorial_dag.py
[2022-12-05T11:09:09.153+0000] {processor.py:766} INFO - DAG(s) dict_keys(['tutorial_dag']) retrieved from /home/airflow/.local/lib/python3.7/site-packages/airflow/example_dags/tutorial_dag.py
[2022-12-05T11:09:09.181+0000] {logging_mixin.py:137} INFO - [2022-12-05T11:09:09.181+0000] {dag.py:2585} INFO - Sync 1 DAGs
[2022-12-05T11:09:09.199+0000] {logging_mixin.py:137} INFO - [2022-12-05T11:09:09.199+0000] {dag.py:3340} INFO - Setting next_dagrun for tutorial_dag to None, run_after=None
[2022-12-05T11:09:09.239+0000] {processor.py:176} INFO - Processing /home/airflow/.local/lib/python3.7/site-packages/airflow/example_dags/tutorial_dag.py took 0.097 seconds
[2022-12-05T11:09:39.484+0000] {processor.py:154} INFO - Started process (PID=1462) to work on /home/airflow/.local/lib/python3.7/site-packages/airflow/example_dags/tutorial_dag.py
[2022-12-05T11:09:39.484+0000] {processor.py:756} INFO - Processing file /home/airflow/.local/lib/python3.7/site-packages/airflow/example_dags/tutorial_dag.py for tasks to queue
[2022-12-05T11:09:39.485+0000] {logging_mixin.py:137} INFO - [2022-12-05T11:09:39.485+0000] {dagbag.py:537} INFO - Filling up the DagBag from /home/airflow/.local/lib/python3.7/site-packages/airflow/example_dags/tutorial_dag.py
[2022-12-05T11:09:39.493+0000] {processor.py:766} INFO - DAG(s) dict_keys(['tutorial_dag']) retrieved from /home/airflow/.local/lib/python3.7/site-packages/airflow/example_dags/tutorial_dag.py
[2022-12-05T11:09:39.520+0000] {logging_mixin.py:137} INFO - [2022-12-05T11:09:39.520+0000] {dag.py:2585} INFO - Sync 1 DAGs
[2022-12-05T11:09:39.539+0000] {logging_mixin.py:137} INFO - [2022-12-05T11:09:39.539+0000] {dag.py:3340} INFO - Setting next_dagrun for tutorial_dag to None, run_after=None
[2022-12-05T11:09:39.582+0000] {processor.py:176} INFO - Processing /home/airflow/.local/lib/python3.7/site-packages/airflow/example_dags/tutorial_dag.py took 0.100 seconds
[2022-12-05T11:10:09.773+0000] {processor.py:154} INFO - Started process (PID=1529) to work on /home/airflow/.local/lib/python3.7/site-packages/airflow/example_dags/tutorial_dag.py
[2022-12-05T11:10:09.774+0000] {processor.py:756} INFO - Processing file /home/airflow/.local/lib/python3.7/site-packages/airflow/example_dags/tutorial_dag.py for tasks to queue
[2022-12-05T11:10:09.774+0000] {logging_mixin.py:137} INFO - [2022-12-05T11:10:09.774+0000] {dagbag.py:537} INFO - Filling up the DagBag from /home/airflow/.local/lib/python3.7/site-packages/airflow/example_dags/tutorial_dag.py
[2022-12-05T11:10:09.783+0000] {processor.py:766} INFO - DAG(s) dict_keys(['tutorial_dag']) retrieved from /home/airflow/.local/lib/python3.7/site-packages/airflow/example_dags/tutorial_dag.py
[2022-12-05T11:10:09.810+0000] {logging_mixin.py:137} INFO - [2022-12-05T11:10:09.810+0000] {dag.py:2585} INFO - Sync 1 DAGs
[2022-12-05T11:10:09.829+0000] {logging_mixin.py:137} INFO - [2022-12-05T11:10:09.829+0000] {dag.py:3340} INFO - Setting next_dagrun for tutorial_dag to None, run_after=None
[2022-12-05T11:10:09.873+0000] {processor.py:176} INFO - Processing /home/airflow/.local/lib/python3.7/site-packages/airflow/example_dags/tutorial_dag.py took 0.102 seconds
[2022-12-05T11:10:40.090+0000] {processor.py:154} INFO - Started process (PID=1595) to work on /home/airflow/.local/lib/python3.7/site-packages/airflow/example_dags/tutorial_dag.py
[2022-12-05T11:10:40.090+0000] {processor.py:756} INFO - Processing file /home/airflow/.local/lib/python3.7/site-packages/airflow/example_dags/tutorial_dag.py for tasks to queue
[2022-12-05T11:10:40.091+0000] {logging_mixin.py:137} INFO - [2022-12-05T11:10:40.091+0000] {dagbag.py:537} INFO - Filling up the DagBag from /home/airflow/.local/lib/python3.7/site-packages/airflow/example_dags/tutorial_dag.py
[2022-12-05T11:10:40.102+0000] {processor.py:766} INFO - DAG(s) dict_keys(['tutorial_dag']) retrieved from /home/airflow/.local/lib/python3.7/site-packages/airflow/example_dags/tutorial_dag.py
[2022-12-05T11:10:40.135+0000] {logging_mixin.py:137} INFO - [2022-12-05T11:10:40.135+0000] {dag.py:2585} INFO - Sync 1 DAGs
[2022-12-05T11:10:40.157+0000] {logging_mixin.py:137} INFO - [2022-12-05T11:10:40.157+0000] {dag.py:3340} INFO - Setting next_dagrun for tutorial_dag to None, run_after=None
[2022-12-05T11:10:40.228+0000] {processor.py:176} INFO - Processing /home/airflow/.local/lib/python3.7/site-packages/airflow/example_dags/tutorial_dag.py took 0.140 seconds
[2022-12-05T11:11:11.022+0000] {processor.py:154} INFO - Started process (PID=1665) to work on /home/airflow/.local/lib/python3.7/site-packages/airflow/example_dags/tutorial_dag.py
[2022-12-05T11:11:11.023+0000] {processor.py:756} INFO - Processing file /home/airflow/.local/lib/python3.7/site-packages/airflow/example_dags/tutorial_dag.py for tasks to queue
[2022-12-05T11:11:11.024+0000] {logging_mixin.py:137} INFO - [2022-12-05T11:11:11.024+0000] {dagbag.py:537} INFO - Filling up the DagBag from /home/airflow/.local/lib/python3.7/site-packages/airflow/example_dags/tutorial_dag.py
[2022-12-05T11:11:11.033+0000] {processor.py:766} INFO - DAG(s) dict_keys(['tutorial_dag']) retrieved from /home/airflow/.local/lib/python3.7/site-packages/airflow/example_dags/tutorial_dag.py
[2022-12-05T11:11:11.065+0000] {logging_mixin.py:137} INFO - [2022-12-05T11:11:11.065+0000] {dag.py:2585} INFO - Sync 1 DAGs
[2022-12-05T11:11:11.087+0000] {logging_mixin.py:137} INFO - [2022-12-05T11:11:11.086+0000] {dag.py:3340} INFO - Setting next_dagrun for tutorial_dag to None, run_after=None
[2022-12-05T11:11:11.126+0000] {processor.py:176} INFO - Processing /home/airflow/.local/lib/python3.7/site-packages/airflow/example_dags/tutorial_dag.py took 0.105 seconds
[2022-12-05T11:11:42.100+0000] {processor.py:154} INFO - Started process (PID=1731) to work on /home/airflow/.local/lib/python3.7/site-packages/airflow/example_dags/tutorial_dag.py
[2022-12-05T11:11:42.101+0000] {processor.py:756} INFO - Processing file /home/airflow/.local/lib/python3.7/site-packages/airflow/example_dags/tutorial_dag.py for tasks to queue
[2022-12-05T11:11:42.101+0000] {logging_mixin.py:137} INFO - [2022-12-05T11:11:42.101+0000] {dagbag.py:537} INFO - Filling up the DagBag from /home/airflow/.local/lib/python3.7/site-packages/airflow/example_dags/tutorial_dag.py
[2022-12-05T11:11:42.110+0000] {processor.py:766} INFO - DAG(s) dict_keys(['tutorial_dag']) retrieved from /home/airflow/.local/lib/python3.7/site-packages/airflow/example_dags/tutorial_dag.py
[2022-12-05T11:11:42.140+0000] {logging_mixin.py:137} INFO - [2022-12-05T11:11:42.139+0000] {dag.py:2585} INFO - Sync 1 DAGs
[2022-12-05T11:11:42.159+0000] {logging_mixin.py:137} INFO - [2022-12-05T11:11:42.159+0000] {dag.py:3340} INFO - Setting next_dagrun for tutorial_dag to None, run_after=None
[2022-12-05T11:11:42.205+0000] {processor.py:176} INFO - Processing /home/airflow/.local/lib/python3.7/site-packages/airflow/example_dags/tutorial_dag.py took 0.106 seconds
[2022-12-05T11:12:12.298+0000] {processor.py:154} INFO - Started process (PID=1799) to work on /home/airflow/.local/lib/python3.7/site-packages/airflow/example_dags/tutorial_dag.py
[2022-12-05T11:12:12.299+0000] {processor.py:756} INFO - Processing file /home/airflow/.local/lib/python3.7/site-packages/airflow/example_dags/tutorial_dag.py for tasks to queue
[2022-12-05T11:12:12.300+0000] {logging_mixin.py:137} INFO - [2022-12-05T11:12:12.299+0000] {dagbag.py:537} INFO - Filling up the DagBag from /home/airflow/.local/lib/python3.7/site-packages/airflow/example_dags/tutorial_dag.py
[2022-12-05T11:12:12.309+0000] {processor.py:766} INFO - DAG(s) dict_keys(['tutorial_dag']) retrieved from /home/airflow/.local/lib/python3.7/site-packages/airflow/example_dags/tutorial_dag.py
[2022-12-05T11:12:12.340+0000] {logging_mixin.py:137} INFO - [2022-12-05T11:12:12.340+0000] {dag.py:2585} INFO - Sync 1 DAGs
[2022-12-05T11:12:12.361+0000] {logging_mixin.py:137} INFO - [2022-12-05T11:12:12.361+0000] {dag.py:3340} INFO - Setting next_dagrun for tutorial_dag to None, run_after=None
[2022-12-05T11:12:12.407+0000] {processor.py:176} INFO - Processing /home/airflow/.local/lib/python3.7/site-packages/airflow/example_dags/tutorial_dag.py took 0.111 seconds
[2022-12-05T11:12:42.581+0000] {processor.py:154} INFO - Started process (PID=1856) to work on /home/airflow/.local/lib/python3.7/site-packages/airflow/example_dags/tutorial_dag.py
[2022-12-05T11:12:42.582+0000] {processor.py:756} INFO - Processing file /home/airflow/.local/lib/python3.7/site-packages/airflow/example_dags/tutorial_dag.py for tasks to queue
[2022-12-05T11:12:42.582+0000] {logging_mixin.py:137} INFO - [2022-12-05T11:12:42.582+0000] {dagbag.py:537} INFO - Filling up the DagBag from /home/airflow/.local/lib/python3.7/site-packages/airflow/example_dags/tutorial_dag.py
[2022-12-05T11:12:42.591+0000] {processor.py:766} INFO - DAG(s) dict_keys(['tutorial_dag']) retrieved from /home/airflow/.local/lib/python3.7/site-packages/airflow/example_dags/tutorial_dag.py
[2022-12-05T11:12:42.619+0000] {logging_mixin.py:137} INFO - [2022-12-05T11:12:42.618+0000] {dag.py:2585} INFO - Sync 1 DAGs
[2022-12-05T11:12:42.639+0000] {logging_mixin.py:137} INFO - [2022-12-05T11:12:42.638+0000] {dag.py:3340} INFO - Setting next_dagrun for tutorial_dag to None, run_after=None
[2022-12-05T11:12:42.680+0000] {processor.py:176} INFO - Processing /home/airflow/.local/lib/python3.7/site-packages/airflow/example_dags/tutorial_dag.py took 0.101 seconds
[2022-12-05T11:13:12.696+0000] {processor.py:154} INFO - Started process (PID=1922) to work on /home/airflow/.local/lib/python3.7/site-packages/airflow/example_dags/tutorial_dag.py
[2022-12-05T11:13:12.696+0000] {processor.py:756} INFO - Processing file /home/airflow/.local/lib/python3.7/site-packages/airflow/example_dags/tutorial_dag.py for tasks to queue
[2022-12-05T11:13:12.697+0000] {logging_mixin.py:137} INFO - [2022-12-05T11:13:12.697+0000] {dagbag.py:537} INFO - Filling up the DagBag from /home/airflow/.local/lib/python3.7/site-packages/airflow/example_dags/tutorial_dag.py
[2022-12-05T11:13:12.705+0000] {processor.py:766} INFO - DAG(s) dict_keys(['tutorial_dag']) retrieved from /home/airflow/.local/lib/python3.7/site-packages/airflow/example_dags/tutorial_dag.py
[2022-12-05T11:13:12.732+0000] {logging_mixin.py:137} INFO - [2022-12-05T11:13:12.732+0000] {dag.py:2585} INFO - Sync 1 DAGs
[2022-12-05T11:13:12.751+0000] {logging_mixin.py:137} INFO - [2022-12-05T11:13:12.751+0000] {dag.py:3340} INFO - Setting next_dagrun for tutorial_dag to None, run_after=None
[2022-12-05T11:13:12.796+0000] {processor.py:176} INFO - Processing /home/airflow/.local/lib/python3.7/site-packages/airflow/example_dags/tutorial_dag.py took 0.102 seconds
[2022-12-05T11:13:43.810+0000] {processor.py:154} INFO - Started process (PID=1989) to work on /home/airflow/.local/lib/python3.7/site-packages/airflow/example_dags/tutorial_dag.py
[2022-12-05T11:13:43.810+0000] {processor.py:756} INFO - Processing file /home/airflow/.local/lib/python3.7/site-packages/airflow/example_dags/tutorial_dag.py for tasks to queue
[2022-12-05T11:13:43.811+0000] {logging_mixin.py:137} INFO - [2022-12-05T11:13:43.811+0000] {dagbag.py:537} INFO - Filling up the DagBag from /home/airflow/.local/lib/python3.7/site-packages/airflow/example_dags/tutorial_dag.py
[2022-12-05T11:13:43.819+0000] {processor.py:766} INFO - DAG(s) dict_keys(['tutorial_dag']) retrieved from /home/airflow/.local/lib/python3.7/site-packages/airflow/example_dags/tutorial_dag.py
[2022-12-05T11:13:43.848+0000] {logging_mixin.py:137} INFO - [2022-12-05T11:13:43.848+0000] {dag.py:2585} INFO - Sync 1 DAGs
[2022-12-05T11:13:43.870+0000] {logging_mixin.py:137} INFO - [2022-12-05T11:13:43.869+0000] {dag.py:3340} INFO - Setting next_dagrun for tutorial_dag to None, run_after=None
[2022-12-05T11:13:43.912+0000] {processor.py:176} INFO - Processing /home/airflow/.local/lib/python3.7/site-packages/airflow/example_dags/tutorial_dag.py took 0.104 seconds
[2022-12-05T11:14:13.999+0000] {processor.py:154} INFO - Started process (PID=2055) to work on /home/airflow/.local/lib/python3.7/site-packages/airflow/example_dags/tutorial_dag.py
[2022-12-05T11:14:13.999+0000] {processor.py:756} INFO - Processing file /home/airflow/.local/lib/python3.7/site-packages/airflow/example_dags/tutorial_dag.py for tasks to queue
[2022-12-05T11:14:14.000+0000] {logging_mixin.py:137} INFO - [2022-12-05T11:14:14.000+0000] {dagbag.py:537} INFO - Filling up the DagBag from /home/airflow/.local/lib/python3.7/site-packages/airflow/example_dags/tutorial_dag.py
[2022-12-05T11:14:14.008+0000] {processor.py:766} INFO - DAG(s) dict_keys(['tutorial_dag']) retrieved from /home/airflow/.local/lib/python3.7/site-packages/airflow/example_dags/tutorial_dag.py
[2022-12-05T11:14:14.037+0000] {logging_mixin.py:137} INFO - [2022-12-05T11:14:14.037+0000] {dag.py:2585} INFO - Sync 1 DAGs
[2022-12-05T11:14:14.058+0000] {logging_mixin.py:137} INFO - [2022-12-05T11:14:14.058+0000] {dag.py:3340} INFO - Setting next_dagrun for tutorial_dag to None, run_after=None
[2022-12-05T11:14:14.101+0000] {processor.py:176} INFO - Processing /home/airflow/.local/lib/python3.7/site-packages/airflow/example_dags/tutorial_dag.py took 0.104 seconds
[2022-12-05T11:14:44.167+0000] {processor.py:154} INFO - Started process (PID=2112) to work on /home/airflow/.local/lib/python3.7/site-packages/airflow/example_dags/tutorial_dag.py
[2022-12-05T11:14:44.168+0000] {processor.py:756} INFO - Processing file /home/airflow/.local/lib/python3.7/site-packages/airflow/example_dags/tutorial_dag.py for tasks to queue
[2022-12-05T11:14:44.169+0000] {logging_mixin.py:137} INFO - [2022-12-05T11:14:44.168+0000] {dagbag.py:537} INFO - Filling up the DagBag from /home/airflow/.local/lib/python3.7/site-packages/airflow/example_dags/tutorial_dag.py
[2022-12-05T11:14:44.178+0000] {processor.py:766} INFO - DAG(s) dict_keys(['tutorial_dag']) retrieved from /home/airflow/.local/lib/python3.7/site-packages/airflow/example_dags/tutorial_dag.py
[2022-12-05T11:14:44.214+0000] {logging_mixin.py:137} INFO - [2022-12-05T11:14:44.214+0000] {dag.py:2585} INFO - Sync 1 DAGs
[2022-12-05T11:14:44.246+0000] {logging_mixin.py:137} INFO - [2022-12-05T11:14:44.246+0000] {dag.py:3340} INFO - Setting next_dagrun for tutorial_dag to None, run_after=None
[2022-12-05T11:14:44.295+0000] {processor.py:176} INFO - Processing /home/airflow/.local/lib/python3.7/site-packages/airflow/example_dags/tutorial_dag.py took 0.129 seconds
[2022-12-05T11:15:14.965+0000] {processor.py:154} INFO - Started process (PID=2178) to work on /home/airflow/.local/lib/python3.7/site-packages/airflow/example_dags/tutorial_dag.py
[2022-12-05T11:15:14.966+0000] {processor.py:756} INFO - Processing file /home/airflow/.local/lib/python3.7/site-packages/airflow/example_dags/tutorial_dag.py for tasks to queue
[2022-12-05T11:15:14.967+0000] {logging_mixin.py:137} INFO - [2022-12-05T11:15:14.967+0000] {dagbag.py:537} INFO - Filling up the DagBag from /home/airflow/.local/lib/python3.7/site-packages/airflow/example_dags/tutorial_dag.py
[2022-12-05T11:15:14.975+0000] {processor.py:766} INFO - DAG(s) dict_keys(['tutorial_dag']) retrieved from /home/airflow/.local/lib/python3.7/site-packages/airflow/example_dags/tutorial_dag.py
[2022-12-05T11:15:15.075+0000] {logging_mixin.py:137} INFO - [2022-12-05T11:15:15.075+0000] {dag.py:2585} INFO - Sync 1 DAGs
[2022-12-05T11:15:15.097+0000] {logging_mixin.py:137} INFO - [2022-12-05T11:15:15.097+0000] {dag.py:3340} INFO - Setting next_dagrun for tutorial_dag to None, run_after=None
[2022-12-05T11:15:15.181+0000] {processor.py:176} INFO - Processing /home/airflow/.local/lib/python3.7/site-packages/airflow/example_dags/tutorial_dag.py took 0.217 seconds
[2022-12-05T11:15:45.765+0000] {processor.py:154} INFO - Started process (PID=2244) to work on /home/airflow/.local/lib/python3.7/site-packages/airflow/example_dags/tutorial_dag.py
[2022-12-05T11:15:45.766+0000] {processor.py:756} INFO - Processing file /home/airflow/.local/lib/python3.7/site-packages/airflow/example_dags/tutorial_dag.py for tasks to queue
[2022-12-05T11:15:45.767+0000] {logging_mixin.py:137} INFO - [2022-12-05T11:15:45.767+0000] {dagbag.py:537} INFO - Filling up the DagBag from /home/airflow/.local/lib/python3.7/site-packages/airflow/example_dags/tutorial_dag.py
[2022-12-05T11:15:45.780+0000] {processor.py:766} INFO - DAG(s) dict_keys(['tutorial_dag']) retrieved from /home/airflow/.local/lib/python3.7/site-packages/airflow/example_dags/tutorial_dag.py
[2022-12-05T11:15:45.813+0000] {logging_mixin.py:137} INFO - [2022-12-05T11:15:45.812+0000] {dag.py:2585} INFO - Sync 1 DAGs
[2022-12-05T11:15:45.834+0000] {logging_mixin.py:137} INFO - [2022-12-05T11:15:45.834+0000] {dag.py:3340} INFO - Setting next_dagrun for tutorial_dag to None, run_after=None
[2022-12-05T11:15:45.874+0000] {processor.py:176} INFO - Processing /home/airflow/.local/lib/python3.7/site-packages/airflow/example_dags/tutorial_dag.py took 0.113 seconds
[2022-12-05T11:16:16.424+0000] {processor.py:154} INFO - Started process (PID=2301) to work on /home/airflow/.local/lib/python3.7/site-packages/airflow/example_dags/tutorial_dag.py
[2022-12-05T11:16:16.424+0000] {processor.py:756} INFO - Processing file /home/airflow/.local/lib/python3.7/site-packages/airflow/example_dags/tutorial_dag.py for tasks to queue
[2022-12-05T11:16:16.425+0000] {logging_mixin.py:137} INFO - [2022-12-05T11:16:16.425+0000] {dagbag.py:537} INFO - Filling up the DagBag from /home/airflow/.local/lib/python3.7/site-packages/airflow/example_dags/tutorial_dag.py
[2022-12-05T11:16:16.433+0000] {processor.py:766} INFO - DAG(s) dict_keys(['tutorial_dag']) retrieved from /home/airflow/.local/lib/python3.7/site-packages/airflow/example_dags/tutorial_dag.py
[2022-12-05T11:16:16.511+0000] {logging_mixin.py:137} INFO - [2022-12-05T11:16:16.510+0000] {dag.py:2585} INFO - Sync 1 DAGs
[2022-12-05T11:16:16.531+0000] {logging_mixin.py:137} INFO - [2022-12-05T11:16:16.531+0000] {dag.py:3340} INFO - Setting next_dagrun for tutorial_dag to None, run_after=None
[2022-12-05T11:16:16.565+0000] {processor.py:176} INFO - Processing /home/airflow/.local/lib/python3.7/site-packages/airflow/example_dags/tutorial_dag.py took 0.143 seconds
[2022-12-05T11:16:47.228+0000] {processor.py:154} INFO - Started process (PID=2368) to work on /home/airflow/.local/lib/python3.7/site-packages/airflow/example_dags/tutorial_dag.py
[2022-12-05T11:16:47.228+0000] {processor.py:756} INFO - Processing file /home/airflow/.local/lib/python3.7/site-packages/airflow/example_dags/tutorial_dag.py for tasks to queue
[2022-12-05T11:16:47.229+0000] {logging_mixin.py:137} INFO - [2022-12-05T11:16:47.229+0000] {dagbag.py:537} INFO - Filling up the DagBag from /home/airflow/.local/lib/python3.7/site-packages/airflow/example_dags/tutorial_dag.py
[2022-12-05T11:16:47.237+0000] {processor.py:766} INFO - DAG(s) dict_keys(['tutorial_dag']) retrieved from /home/airflow/.local/lib/python3.7/site-packages/airflow/example_dags/tutorial_dag.py
[2022-12-05T11:16:47.265+0000] {logging_mixin.py:137} INFO - [2022-12-05T11:16:47.265+0000] {dag.py:2585} INFO - Sync 1 DAGs
[2022-12-05T11:16:47.284+0000] {logging_mixin.py:137} INFO - [2022-12-05T11:16:47.284+0000] {dag.py:3340} INFO - Setting next_dagrun for tutorial_dag to None, run_after=None
[2022-12-05T11:16:47.323+0000] {processor.py:176} INFO - Processing /home/airflow/.local/lib/python3.7/site-packages/airflow/example_dags/tutorial_dag.py took 0.097 seconds
[2022-12-05T11:17:17.996+0000] {processor.py:154} INFO - Started process (PID=2435) to work on /home/airflow/.local/lib/python3.7/site-packages/airflow/example_dags/tutorial_dag.py
[2022-12-05T11:17:17.997+0000] {processor.py:756} INFO - Processing file /home/airflow/.local/lib/python3.7/site-packages/airflow/example_dags/tutorial_dag.py for tasks to queue
[2022-12-05T11:17:17.998+0000] {logging_mixin.py:137} INFO - [2022-12-05T11:17:17.998+0000] {dagbag.py:537} INFO - Filling up the DagBag from /home/airflow/.local/lib/python3.7/site-packages/airflow/example_dags/tutorial_dag.py
[2022-12-05T11:17:18.007+0000] {processor.py:766} INFO - DAG(s) dict_keys(['tutorial_dag']) retrieved from /home/airflow/.local/lib/python3.7/site-packages/airflow/example_dags/tutorial_dag.py
[2022-12-05T11:17:18.041+0000] {logging_mixin.py:137} INFO - [2022-12-05T11:17:18.040+0000] {dag.py:2585} INFO - Sync 1 DAGs
[2022-12-05T11:17:18.063+0000] {logging_mixin.py:137} INFO - [2022-12-05T11:17:18.063+0000] {dag.py:3340} INFO - Setting next_dagrun for tutorial_dag to None, run_after=None
[2022-12-05T11:17:18.106+0000] {processor.py:176} INFO - Processing /home/airflow/.local/lib/python3.7/site-packages/airflow/example_dags/tutorial_dag.py took 0.112 seconds
[2022-12-05T11:17:48.800+0000] {processor.py:154} INFO - Started process (PID=2501) to work on /home/airflow/.local/lib/python3.7/site-packages/airflow/example_dags/tutorial_dag.py
[2022-12-05T11:17:48.801+0000] {processor.py:756} INFO - Processing file /home/airflow/.local/lib/python3.7/site-packages/airflow/example_dags/tutorial_dag.py for tasks to queue
[2022-12-05T11:17:48.802+0000] {logging_mixin.py:137} INFO - [2022-12-05T11:17:48.802+0000] {dagbag.py:537} INFO - Filling up the DagBag from /home/airflow/.local/lib/python3.7/site-packages/airflow/example_dags/tutorial_dag.py
[2022-12-05T11:17:48.812+0000] {processor.py:766} INFO - DAG(s) dict_keys(['tutorial_dag']) retrieved from /home/airflow/.local/lib/python3.7/site-packages/airflow/example_dags/tutorial_dag.py
[2022-12-05T11:17:48.841+0000] {logging_mixin.py:137} INFO - [2022-12-05T11:17:48.841+0000] {dag.py:2585} INFO - Sync 1 DAGs
[2022-12-05T11:17:48.860+0000] {logging_mixin.py:137} INFO - [2022-12-05T11:17:48.860+0000] {dag.py:3340} INFO - Setting next_dagrun for tutorial_dag to None, run_after=None
[2022-12-05T11:17:48.902+0000] {processor.py:176} INFO - Processing /home/airflow/.local/lib/python3.7/site-packages/airflow/example_dags/tutorial_dag.py took 0.104 seconds
[2022-12-05T11:18:19.408+0000] {processor.py:154} INFO - Started process (PID=2558) to work on /home/airflow/.local/lib/python3.7/site-packages/airflow/example_dags/tutorial_dag.py
[2022-12-05T11:18:19.408+0000] {processor.py:756} INFO - Processing file /home/airflow/.local/lib/python3.7/site-packages/airflow/example_dags/tutorial_dag.py for tasks to queue
[2022-12-05T11:18:19.409+0000] {logging_mixin.py:137} INFO - [2022-12-05T11:18:19.409+0000] {dagbag.py:537} INFO - Filling up the DagBag from /home/airflow/.local/lib/python3.7/site-packages/airflow/example_dags/tutorial_dag.py
[2022-12-05T11:18:19.417+0000] {processor.py:766} INFO - DAG(s) dict_keys(['tutorial_dag']) retrieved from /home/airflow/.local/lib/python3.7/site-packages/airflow/example_dags/tutorial_dag.py
[2022-12-05T11:18:19.444+0000] {logging_mixin.py:137} INFO - [2022-12-05T11:18:19.444+0000] {dag.py:2585} INFO - Sync 1 DAGs
[2022-12-05T11:18:19.464+0000] {logging_mixin.py:137} INFO - [2022-12-05T11:18:19.463+0000] {dag.py:3340} INFO - Setting next_dagrun for tutorial_dag to None, run_after=None
[2022-12-05T11:18:19.503+0000] {processor.py:176} INFO - Processing /home/airflow/.local/lib/python3.7/site-packages/airflow/example_dags/tutorial_dag.py took 0.097 seconds
[2022-12-05T11:18:50.417+0000] {processor.py:154} INFO - Started process (PID=2626) to work on /home/airflow/.local/lib/python3.7/site-packages/airflow/example_dags/tutorial_dag.py
[2022-12-05T11:18:50.418+0000] {processor.py:756} INFO - Processing file /home/airflow/.local/lib/python3.7/site-packages/airflow/example_dags/tutorial_dag.py for tasks to queue
[2022-12-05T11:18:50.418+0000] {logging_mixin.py:137} INFO - [2022-12-05T11:18:50.418+0000] {dagbag.py:537} INFO - Filling up the DagBag from /home/airflow/.local/lib/python3.7/site-packages/airflow/example_dags/tutorial_dag.py
[2022-12-05T11:18:50.426+0000] {processor.py:766} INFO - DAG(s) dict_keys(['tutorial_dag']) retrieved from /home/airflow/.local/lib/python3.7/site-packages/airflow/example_dags/tutorial_dag.py
[2022-12-05T11:18:50.454+0000] {logging_mixin.py:137} INFO - [2022-12-05T11:18:50.454+0000] {dag.py:2585} INFO - Sync 1 DAGs
[2022-12-05T11:18:50.474+0000] {logging_mixin.py:137} INFO - [2022-12-05T11:18:50.474+0000] {dag.py:3340} INFO - Setting next_dagrun for tutorial_dag to None, run_after=None
[2022-12-05T11:18:50.510+0000] {processor.py:176} INFO - Processing /home/airflow/.local/lib/python3.7/site-packages/airflow/example_dags/tutorial_dag.py took 0.095 seconds
[2022-12-05T11:19:20.600+0000] {processor.py:154} INFO - Started process (PID=2692) to work on /home/airflow/.local/lib/python3.7/site-packages/airflow/example_dags/tutorial_dag.py
[2022-12-05T11:19:20.601+0000] {processor.py:756} INFO - Processing file /home/airflow/.local/lib/python3.7/site-packages/airflow/example_dags/tutorial_dag.py for tasks to queue
[2022-12-05T11:19:20.601+0000] {logging_mixin.py:137} INFO - [2022-12-05T11:19:20.601+0000] {dagbag.py:537} INFO - Filling up the DagBag from /home/airflow/.local/lib/python3.7/site-packages/airflow/example_dags/tutorial_dag.py
[2022-12-05T11:19:20.610+0000] {processor.py:766} INFO - DAG(s) dict_keys(['tutorial_dag']) retrieved from /home/airflow/.local/lib/python3.7/site-packages/airflow/example_dags/tutorial_dag.py
[2022-12-05T11:19:20.641+0000] {logging_mixin.py:137} INFO - [2022-12-05T11:19:20.641+0000] {dag.py:2585} INFO - Sync 1 DAGs
[2022-12-05T11:19:20.664+0000] {logging_mixin.py:137} INFO - [2022-12-05T11:19:20.664+0000] {dag.py:3340} INFO - Setting next_dagrun for tutorial_dag to None, run_after=None
[2022-12-05T11:19:20.708+0000] {processor.py:176} INFO - Processing /home/airflow/.local/lib/python3.7/site-packages/airflow/example_dags/tutorial_dag.py took 0.110 seconds
[2022-12-05T11:19:51.030+0000] {processor.py:154} INFO - Started process (PID=2758) to work on /home/airflow/.local/lib/python3.7/site-packages/airflow/example_dags/tutorial_dag.py
[2022-12-05T11:19:51.030+0000] {processor.py:756} INFO - Processing file /home/airflow/.local/lib/python3.7/site-packages/airflow/example_dags/tutorial_dag.py for tasks to queue
[2022-12-05T11:19:51.031+0000] {logging_mixin.py:137} INFO - [2022-12-05T11:19:51.031+0000] {dagbag.py:537} INFO - Filling up the DagBag from /home/airflow/.local/lib/python3.7/site-packages/airflow/example_dags/tutorial_dag.py
[2022-12-05T11:19:51.039+0000] {processor.py:766} INFO - DAG(s) dict_keys(['tutorial_dag']) retrieved from /home/airflow/.local/lib/python3.7/site-packages/airflow/example_dags/tutorial_dag.py
[2022-12-05T11:19:51.065+0000] {logging_mixin.py:137} INFO - [2022-12-05T11:19:51.065+0000] {dag.py:2585} INFO - Sync 1 DAGs
[2022-12-05T11:19:51.083+0000] {logging_mixin.py:137} INFO - [2022-12-05T11:19:51.083+0000] {dag.py:3340} INFO - Setting next_dagrun for tutorial_dag to None, run_after=None
[2022-12-05T11:19:51.155+0000] {processor.py:176} INFO - Processing /home/airflow/.local/lib/python3.7/site-packages/airflow/example_dags/tutorial_dag.py took 0.126 seconds
[2022-12-05T11:20:21.277+0000] {processor.py:154} INFO - Started process (PID=2815) to work on /home/airflow/.local/lib/python3.7/site-packages/airflow/example_dags/tutorial_dag.py
[2022-12-05T11:20:21.278+0000] {processor.py:756} INFO - Processing file /home/airflow/.local/lib/python3.7/site-packages/airflow/example_dags/tutorial_dag.py for tasks to queue
[2022-12-05T11:20:21.278+0000] {logging_mixin.py:137} INFO - [2022-12-05T11:20:21.278+0000] {dagbag.py:537} INFO - Filling up the DagBag from /home/airflow/.local/lib/python3.7/site-packages/airflow/example_dags/tutorial_dag.py
[2022-12-05T11:20:21.286+0000] {processor.py:766} INFO - DAG(s) dict_keys(['tutorial_dag']) retrieved from /home/airflow/.local/lib/python3.7/site-packages/airflow/example_dags/tutorial_dag.py
[2022-12-05T11:20:21.314+0000] {logging_mixin.py:137} INFO - [2022-12-05T11:20:21.314+0000] {dag.py:2585} INFO - Sync 1 DAGs
[2022-12-05T11:20:21.334+0000] {logging_mixin.py:137} INFO - [2022-12-05T11:20:21.334+0000] {dag.py:3340} INFO - Setting next_dagrun for tutorial_dag to None, run_after=None
[2022-12-05T11:20:21.375+0000] {processor.py:176} INFO - Processing /home/airflow/.local/lib/python3.7/site-packages/airflow/example_dags/tutorial_dag.py took 0.099 seconds
[2022-12-05T11:20:51.666+0000] {processor.py:154} INFO - Started process (PID=2881) to work on /home/airflow/.local/lib/python3.7/site-packages/airflow/example_dags/tutorial_dag.py
[2022-12-05T11:20:51.666+0000] {processor.py:756} INFO - Processing file /home/airflow/.local/lib/python3.7/site-packages/airflow/example_dags/tutorial_dag.py for tasks to queue
[2022-12-05T11:20:51.667+0000] {logging_mixin.py:137} INFO - [2022-12-05T11:20:51.667+0000] {dagbag.py:537} INFO - Filling up the DagBag from /home/airflow/.local/lib/python3.7/site-packages/airflow/example_dags/tutorial_dag.py
[2022-12-05T11:20:51.676+0000] {processor.py:766} INFO - DAG(s) dict_keys(['tutorial_dag']) retrieved from /home/airflow/.local/lib/python3.7/site-packages/airflow/example_dags/tutorial_dag.py
[2022-12-05T11:20:51.708+0000] {logging_mixin.py:137} INFO - [2022-12-05T11:20:51.708+0000] {dag.py:2585} INFO - Sync 1 DAGs
[2022-12-05T11:20:51.727+0000] {logging_mixin.py:137} INFO - [2022-12-05T11:20:51.727+0000] {dag.py:3340} INFO - Setting next_dagrun for tutorial_dag to None, run_after=None
[2022-12-05T11:20:51.769+0000] {processor.py:176} INFO - Processing /home/airflow/.local/lib/python3.7/site-packages/airflow/example_dags/tutorial_dag.py took 0.104 seconds
[2022-12-05T11:21:22.484+0000] {processor.py:154} INFO - Started process (PID=2948) to work on /home/airflow/.local/lib/python3.7/site-packages/airflow/example_dags/tutorial_dag.py
[2022-12-05T11:21:22.485+0000] {processor.py:756} INFO - Processing file /home/airflow/.local/lib/python3.7/site-packages/airflow/example_dags/tutorial_dag.py for tasks to queue
[2022-12-05T11:21:22.485+0000] {logging_mixin.py:137} INFO - [2022-12-05T11:21:22.485+0000] {dagbag.py:537} INFO - Filling up the DagBag from /home/airflow/.local/lib/python3.7/site-packages/airflow/example_dags/tutorial_dag.py
[2022-12-05T11:21:22.494+0000] {processor.py:766} INFO - DAG(s) dict_keys(['tutorial_dag']) retrieved from /home/airflow/.local/lib/python3.7/site-packages/airflow/example_dags/tutorial_dag.py
[2022-12-05T11:21:22.523+0000] {logging_mixin.py:137} INFO - [2022-12-05T11:21:22.523+0000] {dag.py:2585} INFO - Sync 1 DAGs
[2022-12-05T11:21:22.541+0000] {logging_mixin.py:137} INFO - [2022-12-05T11:21:22.541+0000] {dag.py:3340} INFO - Setting next_dagrun for tutorial_dag to None, run_after=None
[2022-12-05T11:21:22.583+0000] {processor.py:176} INFO - Processing /home/airflow/.local/lib/python3.7/site-packages/airflow/example_dags/tutorial_dag.py took 0.101 seconds
[2022-12-05T11:21:53.506+0000] {processor.py:154} INFO - Started process (PID=3013) to work on /home/airflow/.local/lib/python3.7/site-packages/airflow/example_dags/tutorial_dag.py
[2022-12-05T11:21:53.506+0000] {processor.py:756} INFO - Processing file /home/airflow/.local/lib/python3.7/site-packages/airflow/example_dags/tutorial_dag.py for tasks to queue
[2022-12-05T11:21:53.507+0000] {logging_mixin.py:137} INFO - [2022-12-05T11:21:53.507+0000] {dagbag.py:537} INFO - Filling up the DagBag from /home/airflow/.local/lib/python3.7/site-packages/airflow/example_dags/tutorial_dag.py
[2022-12-05T11:21:53.517+0000] {processor.py:766} INFO - DAG(s) dict_keys(['tutorial_dag']) retrieved from /home/airflow/.local/lib/python3.7/site-packages/airflow/example_dags/tutorial_dag.py
[2022-12-05T11:21:53.549+0000] {logging_mixin.py:137} INFO - [2022-12-05T11:21:53.549+0000] {dag.py:2585} INFO - Sync 1 DAGs
[2022-12-05T11:21:53.571+0000] {logging_mixin.py:137} INFO - [2022-12-05T11:21:53.571+0000] {dag.py:3340} INFO - Setting next_dagrun for tutorial_dag to None, run_after=None
[2022-12-05T11:21:53.614+0000] {processor.py:176} INFO - Processing /home/airflow/.local/lib/python3.7/site-packages/airflow/example_dags/tutorial_dag.py took 0.110 seconds
[2022-12-05T11:22:23.961+0000] {processor.py:154} INFO - Started process (PID=3069) to work on /home/airflow/.local/lib/python3.7/site-packages/airflow/example_dags/tutorial_dag.py
[2022-12-05T11:22:23.961+0000] {processor.py:756} INFO - Processing file /home/airflow/.local/lib/python3.7/site-packages/airflow/example_dags/tutorial_dag.py for tasks to queue
[2022-12-05T11:22:23.962+0000] {logging_mixin.py:137} INFO - [2022-12-05T11:22:23.961+0000] {dagbag.py:537} INFO - Filling up the DagBag from /home/airflow/.local/lib/python3.7/site-packages/airflow/example_dags/tutorial_dag.py
[2022-12-05T11:22:23.969+0000] {processor.py:766} INFO - DAG(s) dict_keys(['tutorial_dag']) retrieved from /home/airflow/.local/lib/python3.7/site-packages/airflow/example_dags/tutorial_dag.py
[2022-12-05T11:22:23.997+0000] {logging_mixin.py:137} INFO - [2022-12-05T11:22:23.997+0000] {dag.py:2585} INFO - Sync 1 DAGs
[2022-12-05T11:22:24.019+0000] {logging_mixin.py:137} INFO - [2022-12-05T11:22:24.019+0000] {dag.py:3340} INFO - Setting next_dagrun for tutorial_dag to None, run_after=None
[2022-12-05T11:22:24.099+0000] {processor.py:176} INFO - Processing /home/airflow/.local/lib/python3.7/site-packages/airflow/example_dags/tutorial_dag.py took 0.139 seconds
[2022-12-05T11:22:55.038+0000] {processor.py:154} INFO - Started process (PID=3137) to work on /home/airflow/.local/lib/python3.7/site-packages/airflow/example_dags/tutorial_dag.py
[2022-12-05T11:22:55.038+0000] {processor.py:756} INFO - Processing file /home/airflow/.local/lib/python3.7/site-packages/airflow/example_dags/tutorial_dag.py for tasks to queue
[2022-12-05T11:22:55.039+0000] {logging_mixin.py:137} INFO - [2022-12-05T11:22:55.039+0000] {dagbag.py:537} INFO - Filling up the DagBag from /home/airflow/.local/lib/python3.7/site-packages/airflow/example_dags/tutorial_dag.py
[2022-12-05T11:22:55.048+0000] {processor.py:766} INFO - DAG(s) dict_keys(['tutorial_dag']) retrieved from /home/airflow/.local/lib/python3.7/site-packages/airflow/example_dags/tutorial_dag.py
[2022-12-05T11:22:55.079+0000] {logging_mixin.py:137} INFO - [2022-12-05T11:22:55.079+0000] {dag.py:2585} INFO - Sync 1 DAGs
[2022-12-05T11:22:55.104+0000] {logging_mixin.py:137} INFO - [2022-12-05T11:22:55.103+0000] {dag.py:3340} INFO - Setting next_dagrun for tutorial_dag to None, run_after=None
[2022-12-05T11:22:55.148+0000] {processor.py:176} INFO - Processing /home/airflow/.local/lib/python3.7/site-packages/airflow/example_dags/tutorial_dag.py took 0.112 seconds
[2022-12-05T11:23:25.668+0000] {processor.py:154} INFO - Started process (PID=3203) to work on /home/airflow/.local/lib/python3.7/site-packages/airflow/example_dags/tutorial_dag.py
[2022-12-05T11:23:25.669+0000] {processor.py:756} INFO - Processing file /home/airflow/.local/lib/python3.7/site-packages/airflow/example_dags/tutorial_dag.py for tasks to queue
[2022-12-05T11:23:25.669+0000] {logging_mixin.py:137} INFO - [2022-12-05T11:23:25.669+0000] {dagbag.py:537} INFO - Filling up the DagBag from /home/airflow/.local/lib/python3.7/site-packages/airflow/example_dags/tutorial_dag.py
[2022-12-05T11:23:25.678+0000] {processor.py:766} INFO - DAG(s) dict_keys(['tutorial_dag']) retrieved from /home/airflow/.local/lib/python3.7/site-packages/airflow/example_dags/tutorial_dag.py
[2022-12-05T11:23:25.706+0000] {logging_mixin.py:137} INFO - [2022-12-05T11:23:25.706+0000] {dag.py:2585} INFO - Sync 1 DAGs
[2022-12-05T11:23:25.725+0000] {logging_mixin.py:137} INFO - [2022-12-05T11:23:25.725+0000] {dag.py:3340} INFO - Setting next_dagrun for tutorial_dag to None, run_after=None
[2022-12-05T11:23:25.797+0000] {processor.py:176} INFO - Processing /home/airflow/.local/lib/python3.7/site-packages/airflow/example_dags/tutorial_dag.py took 0.130 seconds
[2022-12-05T11:23:55.921+0000] {processor.py:154} INFO - Started process (PID=3260) to work on /home/airflow/.local/lib/python3.7/site-packages/airflow/example_dags/tutorial_dag.py
[2022-12-05T11:23:55.922+0000] {processor.py:756} INFO - Processing file /home/airflow/.local/lib/python3.7/site-packages/airflow/example_dags/tutorial_dag.py for tasks to queue
[2022-12-05T11:23:55.922+0000] {logging_mixin.py:137} INFO - [2022-12-05T11:23:55.922+0000] {dagbag.py:537} INFO - Filling up the DagBag from /home/airflow/.local/lib/python3.7/site-packages/airflow/example_dags/tutorial_dag.py
[2022-12-05T11:23:55.930+0000] {processor.py:766} INFO - DAG(s) dict_keys(['tutorial_dag']) retrieved from /home/airflow/.local/lib/python3.7/site-packages/airflow/example_dags/tutorial_dag.py
[2022-12-05T11:23:55.956+0000] {logging_mixin.py:137} INFO - [2022-12-05T11:23:55.956+0000] {dag.py:2585} INFO - Sync 1 DAGs
[2022-12-05T11:23:55.975+0000] {logging_mixin.py:137} INFO - [2022-12-05T11:23:55.975+0000] {dag.py:3340} INFO - Setting next_dagrun for tutorial_dag to None, run_after=None
[2022-12-05T11:23:56.011+0000] {processor.py:176} INFO - Processing /home/airflow/.local/lib/python3.7/site-packages/airflow/example_dags/tutorial_dag.py took 0.092 seconds
[2022-12-05T11:24:26.624+0000] {processor.py:154} INFO - Started process (PID=3326) to work on /home/airflow/.local/lib/python3.7/site-packages/airflow/example_dags/tutorial_dag.py
[2022-12-05T11:24:26.624+0000] {processor.py:756} INFO - Processing file /home/airflow/.local/lib/python3.7/site-packages/airflow/example_dags/tutorial_dag.py for tasks to queue
[2022-12-05T11:24:26.625+0000] {logging_mixin.py:137} INFO - [2022-12-05T11:24:26.625+0000] {dagbag.py:537} INFO - Filling up the DagBag from /home/airflow/.local/lib/python3.7/site-packages/airflow/example_dags/tutorial_dag.py
[2022-12-05T11:24:26.633+0000] {processor.py:766} INFO - DAG(s) dict_keys(['tutorial_dag']) retrieved from /home/airflow/.local/lib/python3.7/site-packages/airflow/example_dags/tutorial_dag.py
[2022-12-05T11:24:26.661+0000] {logging_mixin.py:137} INFO - [2022-12-05T11:24:26.661+0000] {dag.py:2585} INFO - Sync 1 DAGs
[2022-12-05T11:24:26.680+0000] {logging_mixin.py:137} INFO - [2022-12-05T11:24:26.680+0000] {dag.py:3340} INFO - Setting next_dagrun for tutorial_dag to None, run_after=None
[2022-12-05T11:24:26.718+0000] {processor.py:176} INFO - Processing /home/airflow/.local/lib/python3.7/site-packages/airflow/example_dags/tutorial_dag.py took 0.096 seconds
[2022-12-05T11:24:57.514+0000] {processor.py:154} INFO - Started process (PID=3392) to work on /home/airflow/.local/lib/python3.7/site-packages/airflow/example_dags/tutorial_dag.py
[2022-12-05T11:24:57.515+0000] {processor.py:756} INFO - Processing file /home/airflow/.local/lib/python3.7/site-packages/airflow/example_dags/tutorial_dag.py for tasks to queue
[2022-12-05T11:24:57.515+0000] {logging_mixin.py:137} INFO - [2022-12-05T11:24:57.515+0000] {dagbag.py:537} INFO - Filling up the DagBag from /home/airflow/.local/lib/python3.7/site-packages/airflow/example_dags/tutorial_dag.py
[2022-12-05T11:24:57.523+0000] {processor.py:766} INFO - DAG(s) dict_keys(['tutorial_dag']) retrieved from /home/airflow/.local/lib/python3.7/site-packages/airflow/example_dags/tutorial_dag.py
[2022-12-05T11:24:57.549+0000] {logging_mixin.py:137} INFO - [2022-12-05T11:24:57.549+0000] {dag.py:2585} INFO - Sync 1 DAGs
[2022-12-05T11:24:57.567+0000] {logging_mixin.py:137} INFO - [2022-12-05T11:24:57.567+0000] {dag.py:3340} INFO - Setting next_dagrun for tutorial_dag to None, run_after=None
[2022-12-05T11:24:57.601+0000] {processor.py:176} INFO - Processing /home/airflow/.local/lib/python3.7/site-packages/airflow/example_dags/tutorial_dag.py took 0.089 seconds
[2022-12-05T11:25:28.322+0000] {processor.py:154} INFO - Started process (PID=3458) to work on /home/airflow/.local/lib/python3.7/site-packages/airflow/example_dags/tutorial_dag.py
[2022-12-05T11:25:28.323+0000] {processor.py:756} INFO - Processing file /home/airflow/.local/lib/python3.7/site-packages/airflow/example_dags/tutorial_dag.py for tasks to queue
[2022-12-05T11:25:28.323+0000] {logging_mixin.py:137} INFO - [2022-12-05T11:25:28.323+0000] {dagbag.py:537} INFO - Filling up the DagBag from /home/airflow/.local/lib/python3.7/site-packages/airflow/example_dags/tutorial_dag.py
[2022-12-05T11:25:28.333+0000] {processor.py:766} INFO - DAG(s) dict_keys(['tutorial_dag']) retrieved from /home/airflow/.local/lib/python3.7/site-packages/airflow/example_dags/tutorial_dag.py
[2022-12-05T11:25:28.365+0000] {logging_mixin.py:137} INFO - [2022-12-05T11:25:28.365+0000] {dag.py:2585} INFO - Sync 1 DAGs
[2022-12-05T11:25:28.385+0000] {logging_mixin.py:137} INFO - [2022-12-05T11:25:28.385+0000] {dag.py:3340} INFO - Setting next_dagrun for tutorial_dag to None, run_after=None
[2022-12-05T11:25:28.476+0000] {processor.py:176} INFO - Processing /home/airflow/.local/lib/python3.7/site-packages/airflow/example_dags/tutorial_dag.py took 0.157 seconds
[2022-12-05T11:25:58.521+0000] {processor.py:154} INFO - Started process (PID=3515) to work on /home/airflow/.local/lib/python3.7/site-packages/airflow/example_dags/tutorial_dag.py
[2022-12-05T11:25:58.521+0000] {processor.py:756} INFO - Processing file /home/airflow/.local/lib/python3.7/site-packages/airflow/example_dags/tutorial_dag.py for tasks to queue
[2022-12-05T11:25:58.522+0000] {logging_mixin.py:137} INFO - [2022-12-05T11:25:58.522+0000] {dagbag.py:537} INFO - Filling up the DagBag from /home/airflow/.local/lib/python3.7/site-packages/airflow/example_dags/tutorial_dag.py
[2022-12-05T11:25:58.530+0000] {processor.py:766} INFO - DAG(s) dict_keys(['tutorial_dag']) retrieved from /home/airflow/.local/lib/python3.7/site-packages/airflow/example_dags/tutorial_dag.py
[2022-12-05T11:25:58.555+0000] {logging_mixin.py:137} INFO - [2022-12-05T11:25:58.555+0000] {dag.py:2585} INFO - Sync 1 DAGs
[2022-12-05T11:25:58.573+0000] {logging_mixin.py:137} INFO - [2022-12-05T11:25:58.573+0000] {dag.py:3340} INFO - Setting next_dagrun for tutorial_dag to None, run_after=None
[2022-12-05T11:25:58.615+0000] {processor.py:176} INFO - Processing /home/airflow/.local/lib/python3.7/site-packages/airflow/example_dags/tutorial_dag.py took 0.095 seconds
[2022-12-05T11:26:28.645+0000] {processor.py:154} INFO - Started process (PID=3581) to work on /home/airflow/.local/lib/python3.7/site-packages/airflow/example_dags/tutorial_dag.py
[2022-12-05T11:26:28.645+0000] {processor.py:756} INFO - Processing file /home/airflow/.local/lib/python3.7/site-packages/airflow/example_dags/tutorial_dag.py for tasks to queue
[2022-12-05T11:26:28.646+0000] {logging_mixin.py:137} INFO - [2022-12-05T11:26:28.646+0000] {dagbag.py:537} INFO - Filling up the DagBag from /home/airflow/.local/lib/python3.7/site-packages/airflow/example_dags/tutorial_dag.py
[2022-12-05T11:26:28.653+0000] {processor.py:766} INFO - DAG(s) dict_keys(['tutorial_dag']) retrieved from /home/airflow/.local/lib/python3.7/site-packages/airflow/example_dags/tutorial_dag.py
[2022-12-05T11:26:28.681+0000] {logging_mixin.py:137} INFO - [2022-12-05T11:26:28.681+0000] {dag.py:2585} INFO - Sync 1 DAGs
[2022-12-05T11:26:28.698+0000] {logging_mixin.py:137} INFO - [2022-12-05T11:26:28.698+0000] {dag.py:3340} INFO - Setting next_dagrun for tutorial_dag to None, run_after=None
[2022-12-05T11:26:28.748+0000] {processor.py:176} INFO - Processing /home/airflow/.local/lib/python3.7/site-packages/airflow/example_dags/tutorial_dag.py took 0.105 seconds
[2022-12-05T11:26:59.209+0000] {processor.py:154} INFO - Started process (PID=3647) to work on /home/airflow/.local/lib/python3.7/site-packages/airflow/example_dags/tutorial_dag.py
[2022-12-05T11:26:59.210+0000] {processor.py:756} INFO - Processing file /home/airflow/.local/lib/python3.7/site-packages/airflow/example_dags/tutorial_dag.py for tasks to queue
[2022-12-05T11:26:59.211+0000] {logging_mixin.py:137} INFO - [2022-12-05T11:26:59.210+0000] {dagbag.py:537} INFO - Filling up the DagBag from /home/airflow/.local/lib/python3.7/site-packages/airflow/example_dags/tutorial_dag.py
[2022-12-05T11:26:59.219+0000] {processor.py:766} INFO - DAG(s) dict_keys(['tutorial_dag']) retrieved from /home/airflow/.local/lib/python3.7/site-packages/airflow/example_dags/tutorial_dag.py
[2022-12-05T11:26:59.246+0000] {logging_mixin.py:137} INFO - [2022-12-05T11:26:59.246+0000] {dag.py:2585} INFO - Sync 1 DAGs
[2022-12-05T11:26:59.265+0000] {logging_mixin.py:137} INFO - [2022-12-05T11:26:59.265+0000] {dag.py:3340} INFO - Setting next_dagrun for tutorial_dag to None, run_after=None
[2022-12-05T11:26:59.324+0000] {processor.py:176} INFO - Processing /home/airflow/.local/lib/python3.7/site-packages/airflow/example_dags/tutorial_dag.py took 0.117 seconds
[2022-12-05T11:27:29.765+0000] {processor.py:154} INFO - Started process (PID=3704) to work on /home/airflow/.local/lib/python3.7/site-packages/airflow/example_dags/tutorial_dag.py
[2022-12-05T11:27:29.765+0000] {processor.py:756} INFO - Processing file /home/airflow/.local/lib/python3.7/site-packages/airflow/example_dags/tutorial_dag.py for tasks to queue
[2022-12-05T11:27:29.766+0000] {logging_mixin.py:137} INFO - [2022-12-05T11:27:29.766+0000] {dagbag.py:537} INFO - Filling up the DagBag from /home/airflow/.local/lib/python3.7/site-packages/airflow/example_dags/tutorial_dag.py
[2022-12-05T11:27:29.774+0000] {processor.py:766} INFO - DAG(s) dict_keys(['tutorial_dag']) retrieved from /home/airflow/.local/lib/python3.7/site-packages/airflow/example_dags/tutorial_dag.py
[2022-12-05T11:27:29.892+0000] {logging_mixin.py:137} INFO - [2022-12-05T11:27:29.891+0000] {dag.py:2585} INFO - Sync 1 DAGs
[2022-12-05T11:27:29.912+0000] {logging_mixin.py:137} INFO - [2022-12-05T11:27:29.912+0000] {dag.py:3340} INFO - Setting next_dagrun for tutorial_dag to None, run_after=None
[2022-12-05T11:27:29.994+0000] {processor.py:176} INFO - Processing /home/airflow/.local/lib/python3.7/site-packages/airflow/example_dags/tutorial_dag.py took 0.231 seconds
[2022-12-05T11:28:00.178+0000] {processor.py:154} INFO - Started process (PID=3772) to work on /home/airflow/.local/lib/python3.7/site-packages/airflow/example_dags/tutorial_dag.py
[2022-12-05T11:28:00.179+0000] {processor.py:756} INFO - Processing file /home/airflow/.local/lib/python3.7/site-packages/airflow/example_dags/tutorial_dag.py for tasks to queue
[2022-12-05T11:28:00.180+0000] {logging_mixin.py:137} INFO - [2022-12-05T11:28:00.180+0000] {dagbag.py:537} INFO - Filling up the DagBag from /home/airflow/.local/lib/python3.7/site-packages/airflow/example_dags/tutorial_dag.py
[2022-12-05T11:28:00.190+0000] {processor.py:766} INFO - DAG(s) dict_keys(['tutorial_dag']) retrieved from /home/airflow/.local/lib/python3.7/site-packages/airflow/example_dags/tutorial_dag.py
[2022-12-05T11:28:00.218+0000] {logging_mixin.py:137} INFO - [2022-12-05T11:28:00.218+0000] {dag.py:2585} INFO - Sync 1 DAGs
[2022-12-05T11:28:00.240+0000] {logging_mixin.py:137} INFO - [2022-12-05T11:28:00.239+0000] {dag.py:3340} INFO - Setting next_dagrun for tutorial_dag to None, run_after=None
[2022-12-05T11:28:00.315+0000] {processor.py:176} INFO - Processing /home/airflow/.local/lib/python3.7/site-packages/airflow/example_dags/tutorial_dag.py took 0.138 seconds
[2022-12-05T11:28:30.363+0000] {processor.py:154} INFO - Started process (PID=3838) to work on /home/airflow/.local/lib/python3.7/site-packages/airflow/example_dags/tutorial_dag.py
[2022-12-05T11:28:30.363+0000] {processor.py:756} INFO - Processing file /home/airflow/.local/lib/python3.7/site-packages/airflow/example_dags/tutorial_dag.py for tasks to queue
[2022-12-05T11:28:30.364+0000] {logging_mixin.py:137} INFO - [2022-12-05T11:28:30.364+0000] {dagbag.py:537} INFO - Filling up the DagBag from /home/airflow/.local/lib/python3.7/site-packages/airflow/example_dags/tutorial_dag.py
[2022-12-05T11:28:30.372+0000] {processor.py:766} INFO - DAG(s) dict_keys(['tutorial_dag']) retrieved from /home/airflow/.local/lib/python3.7/site-packages/airflow/example_dags/tutorial_dag.py
[2022-12-05T11:28:30.398+0000] {logging_mixin.py:137} INFO - [2022-12-05T11:28:30.398+0000] {dag.py:2585} INFO - Sync 1 DAGs
[2022-12-05T11:28:30.415+0000] {logging_mixin.py:137} INFO - [2022-12-05T11:28:30.415+0000] {dag.py:3340} INFO - Setting next_dagrun for tutorial_dag to None, run_after=None
[2022-12-05T11:28:30.455+0000] {processor.py:176} INFO - Processing /home/airflow/.local/lib/python3.7/site-packages/airflow/example_dags/tutorial_dag.py took 0.094 seconds
[2022-12-05T11:29:00.565+0000] {processor.py:154} INFO - Started process (PID=3904) to work on /home/airflow/.local/lib/python3.7/site-packages/airflow/example_dags/tutorial_dag.py
[2022-12-05T11:29:00.565+0000] {processor.py:756} INFO - Processing file /home/airflow/.local/lib/python3.7/site-packages/airflow/example_dags/tutorial_dag.py for tasks to queue
[2022-12-05T11:29:00.566+0000] {logging_mixin.py:137} INFO - [2022-12-05T11:29:00.566+0000] {dagbag.py:537} INFO - Filling up the DagBag from /home/airflow/.local/lib/python3.7/site-packages/airflow/example_dags/tutorial_dag.py
[2022-12-05T11:29:00.574+0000] {processor.py:766} INFO - DAG(s) dict_keys(['tutorial_dag']) retrieved from /home/airflow/.local/lib/python3.7/site-packages/airflow/example_dags/tutorial_dag.py
[2022-12-05T11:29:00.601+0000] {logging_mixin.py:137} INFO - [2022-12-05T11:29:00.601+0000] {dag.py:2585} INFO - Sync 1 DAGs
[2022-12-05T11:29:00.619+0000] {logging_mixin.py:137} INFO - [2022-12-05T11:29:00.619+0000] {dag.py:3340} INFO - Setting next_dagrun for tutorial_dag to None, run_after=None
[2022-12-05T11:29:00.658+0000] {processor.py:176} INFO - Processing /home/airflow/.local/lib/python3.7/site-packages/airflow/example_dags/tutorial_dag.py took 0.095 seconds
[2022-12-05T11:29:30.811+0000] {processor.py:154} INFO - Started process (PID=3961) to work on /home/airflow/.local/lib/python3.7/site-packages/airflow/example_dags/tutorial_dag.py
[2022-12-05T11:29:30.812+0000] {processor.py:756} INFO - Processing file /home/airflow/.local/lib/python3.7/site-packages/airflow/example_dags/tutorial_dag.py for tasks to queue
[2022-12-05T11:29:30.813+0000] {logging_mixin.py:137} INFO - [2022-12-05T11:29:30.813+0000] {dagbag.py:537} INFO - Filling up the DagBag from /home/airflow/.local/lib/python3.7/site-packages/airflow/example_dags/tutorial_dag.py
[2022-12-05T11:29:30.821+0000] {processor.py:766} INFO - DAG(s) dict_keys(['tutorial_dag']) retrieved from /home/airflow/.local/lib/python3.7/site-packages/airflow/example_dags/tutorial_dag.py
[2022-12-05T11:29:30.851+0000] {logging_mixin.py:137} INFO - [2022-12-05T11:29:30.851+0000] {dag.py:2585} INFO - Sync 1 DAGs
[2022-12-05T11:29:30.871+0000] {logging_mixin.py:137} INFO - [2022-12-05T11:29:30.871+0000] {dag.py:3340} INFO - Setting next_dagrun for tutorial_dag to None, run_after=None
[2022-12-05T11:29:30.941+0000] {processor.py:176} INFO - Processing /home/airflow/.local/lib/python3.7/site-packages/airflow/example_dags/tutorial_dag.py took 0.132 seconds
[2022-12-05T11:30:01.125+0000] {processor.py:154} INFO - Started process (PID=4027) to work on /home/airflow/.local/lib/python3.7/site-packages/airflow/example_dags/tutorial_dag.py
[2022-12-05T11:30:01.126+0000] {processor.py:756} INFO - Processing file /home/airflow/.local/lib/python3.7/site-packages/airflow/example_dags/tutorial_dag.py for tasks to queue
[2022-12-05T11:30:01.127+0000] {logging_mixin.py:137} INFO - [2022-12-05T11:30:01.126+0000] {dagbag.py:537} INFO - Filling up the DagBag from /home/airflow/.local/lib/python3.7/site-packages/airflow/example_dags/tutorial_dag.py
[2022-12-05T11:30:01.140+0000] {processor.py:766} INFO - DAG(s) dict_keys(['tutorial_dag']) retrieved from /home/airflow/.local/lib/python3.7/site-packages/airflow/example_dags/tutorial_dag.py
[2022-12-05T11:30:01.181+0000] {logging_mixin.py:137} INFO - [2022-12-05T11:30:01.181+0000] {dag.py:2585} INFO - Sync 1 DAGs
[2022-12-05T11:30:01.205+0000] {logging_mixin.py:137} INFO - [2022-12-05T11:30:01.205+0000] {dag.py:3340} INFO - Setting next_dagrun for tutorial_dag to None, run_after=None
[2022-12-05T11:30:01.252+0000] {processor.py:176} INFO - Processing /home/airflow/.local/lib/python3.7/site-packages/airflow/example_dags/tutorial_dag.py took 0.130 seconds
[2022-12-05T11:30:31.270+0000] {processor.py:154} INFO - Started process (PID=4093) to work on /home/airflow/.local/lib/python3.7/site-packages/airflow/example_dags/tutorial_dag.py
[2022-12-05T11:30:31.271+0000] {processor.py:756} INFO - Processing file /home/airflow/.local/lib/python3.7/site-packages/airflow/example_dags/tutorial_dag.py for tasks to queue
[2022-12-05T11:30:31.271+0000] {logging_mixin.py:137} INFO - [2022-12-05T11:30:31.271+0000] {dagbag.py:537} INFO - Filling up the DagBag from /home/airflow/.local/lib/python3.7/site-packages/airflow/example_dags/tutorial_dag.py
[2022-12-05T11:30:31.280+0000] {processor.py:766} INFO - DAG(s) dict_keys(['tutorial_dag']) retrieved from /home/airflow/.local/lib/python3.7/site-packages/airflow/example_dags/tutorial_dag.py
[2022-12-05T11:30:31.306+0000] {logging_mixin.py:137} INFO - [2022-12-05T11:30:31.306+0000] {dag.py:2585} INFO - Sync 1 DAGs
[2022-12-05T11:30:31.324+0000] {logging_mixin.py:137} INFO - [2022-12-05T11:30:31.323+0000] {dag.py:3340} INFO - Setting next_dagrun for tutorial_dag to None, run_after=None
[2022-12-05T11:30:31.371+0000] {processor.py:176} INFO - Processing /home/airflow/.local/lib/python3.7/site-packages/airflow/example_dags/tutorial_dag.py took 0.102 seconds
[2022-12-05T11:31:01.498+0000] {processor.py:154} INFO - Started process (PID=4152) to work on /home/airflow/.local/lib/python3.7/site-packages/airflow/example_dags/tutorial_dag.py
[2022-12-05T11:31:01.498+0000] {processor.py:756} INFO - Processing file /home/airflow/.local/lib/python3.7/site-packages/airflow/example_dags/tutorial_dag.py for tasks to queue
[2022-12-05T11:31:01.499+0000] {logging_mixin.py:137} INFO - [2022-12-05T11:31:01.499+0000] {dagbag.py:537} INFO - Filling up the DagBag from /home/airflow/.local/lib/python3.7/site-packages/airflow/example_dags/tutorial_dag.py
[2022-12-05T11:31:01.507+0000] {processor.py:766} INFO - DAG(s) dict_keys(['tutorial_dag']) retrieved from /home/airflow/.local/lib/python3.7/site-packages/airflow/example_dags/tutorial_dag.py
[2022-12-05T11:31:01.535+0000] {logging_mixin.py:137} INFO - [2022-12-05T11:31:01.534+0000] {dag.py:2585} INFO - Sync 1 DAGs
[2022-12-05T11:31:01.553+0000] {logging_mixin.py:137} INFO - [2022-12-05T11:31:01.553+0000] {dag.py:3340} INFO - Setting next_dagrun for tutorial_dag to None, run_after=None
[2022-12-05T11:31:01.632+0000] {processor.py:176} INFO - Processing /home/airflow/.local/lib/python3.7/site-packages/airflow/example_dags/tutorial_dag.py took 0.136 seconds
[2022-12-05T11:31:31.790+0000] {processor.py:154} INFO - Started process (PID=4220) to work on /home/airflow/.local/lib/python3.7/site-packages/airflow/example_dags/tutorial_dag.py
[2022-12-05T11:31:31.791+0000] {processor.py:756} INFO - Processing file /home/airflow/.local/lib/python3.7/site-packages/airflow/example_dags/tutorial_dag.py for tasks to queue
[2022-12-05T11:31:31.791+0000] {logging_mixin.py:137} INFO - [2022-12-05T11:31:31.791+0000] {dagbag.py:537} INFO - Filling up the DagBag from /home/airflow/.local/lib/python3.7/site-packages/airflow/example_dags/tutorial_dag.py
[2022-12-05T11:31:31.800+0000] {processor.py:766} INFO - DAG(s) dict_keys(['tutorial_dag']) retrieved from /home/airflow/.local/lib/python3.7/site-packages/airflow/example_dags/tutorial_dag.py
[2022-12-05T11:31:31.829+0000] {logging_mixin.py:137} INFO - [2022-12-05T11:31:31.828+0000] {dag.py:2585} INFO - Sync 1 DAGs
[2022-12-05T11:31:31.850+0000] {logging_mixin.py:137} INFO - [2022-12-05T11:31:31.849+0000] {dag.py:3340} INFO - Setting next_dagrun for tutorial_dag to None, run_after=None
[2022-12-05T11:31:31.894+0000] {processor.py:176} INFO - Processing /home/airflow/.local/lib/python3.7/site-packages/airflow/example_dags/tutorial_dag.py took 0.106 seconds
[2022-12-05T11:32:03.054+0000] {processor.py:154} INFO - Started process (PID=4389) to work on /home/airflow/.local/lib/python3.7/site-packages/airflow/example_dags/tutorial_dag.py
[2022-12-05T11:32:03.055+0000] {processor.py:756} INFO - Processing file /home/airflow/.local/lib/python3.7/site-packages/airflow/example_dags/tutorial_dag.py for tasks to queue
[2022-12-05T11:32:03.056+0000] {logging_mixin.py:137} INFO - [2022-12-05T11:32:03.056+0000] {dagbag.py:537} INFO - Filling up the DagBag from /home/airflow/.local/lib/python3.7/site-packages/airflow/example_dags/tutorial_dag.py
[2022-12-05T11:32:03.065+0000] {processor.py:766} INFO - DAG(s) dict_keys(['tutorial_dag']) retrieved from /home/airflow/.local/lib/python3.7/site-packages/airflow/example_dags/tutorial_dag.py
[2022-12-05T11:32:03.098+0000] {logging_mixin.py:137} INFO - [2022-12-05T11:32:03.097+0000] {dag.py:2585} INFO - Sync 1 DAGs
[2022-12-05T11:32:03.122+0000] {logging_mixin.py:137} INFO - [2022-12-05T11:32:03.122+0000] {dag.py:3340} INFO - Setting next_dagrun for tutorial_dag to None, run_after=None
[2022-12-05T11:32:03.210+0000] {processor.py:176} INFO - Processing /home/airflow/.local/lib/python3.7/site-packages/airflow/example_dags/tutorial_dag.py took 0.158 seconds
[2022-12-05T11:32:34.187+0000] {processor.py:154} INFO - Started process (PID=4560) to work on /home/airflow/.local/lib/python3.7/site-packages/airflow/example_dags/tutorial_dag.py
[2022-12-05T11:32:34.188+0000] {processor.py:756} INFO - Processing file /home/airflow/.local/lib/python3.7/site-packages/airflow/example_dags/tutorial_dag.py for tasks to queue
[2022-12-05T11:32:34.188+0000] {logging_mixin.py:137} INFO - [2022-12-05T11:32:34.188+0000] {dagbag.py:537} INFO - Filling up the DagBag from /home/airflow/.local/lib/python3.7/site-packages/airflow/example_dags/tutorial_dag.py
[2022-12-05T11:32:34.196+0000] {processor.py:766} INFO - DAG(s) dict_keys(['tutorial_dag']) retrieved from /home/airflow/.local/lib/python3.7/site-packages/airflow/example_dags/tutorial_dag.py
[2022-12-05T11:32:34.224+0000] {logging_mixin.py:137} INFO - [2022-12-05T11:32:34.224+0000] {dag.py:2585} INFO - Sync 1 DAGs
[2022-12-05T11:32:34.242+0000] {logging_mixin.py:137} INFO - [2022-12-05T11:32:34.242+0000] {dag.py:3340} INFO - Setting next_dagrun for tutorial_dag to None, run_after=None
[2022-12-05T11:32:34.294+0000] {processor.py:176} INFO - Processing /home/airflow/.local/lib/python3.7/site-packages/airflow/example_dags/tutorial_dag.py took 0.109 seconds
[2022-12-05T11:33:04.347+0000] {processor.py:154} INFO - Started process (PID=4626) to work on /home/airflow/.local/lib/python3.7/site-packages/airflow/example_dags/tutorial_dag.py
[2022-12-05T11:33:04.347+0000] {processor.py:756} INFO - Processing file /home/airflow/.local/lib/python3.7/site-packages/airflow/example_dags/tutorial_dag.py for tasks to queue
[2022-12-05T11:33:04.348+0000] {logging_mixin.py:137} INFO - [2022-12-05T11:33:04.348+0000] {dagbag.py:537} INFO - Filling up the DagBag from /home/airflow/.local/lib/python3.7/site-packages/airflow/example_dags/tutorial_dag.py
[2022-12-05T11:33:04.356+0000] {processor.py:766} INFO - DAG(s) dict_keys(['tutorial_dag']) retrieved from /home/airflow/.local/lib/python3.7/site-packages/airflow/example_dags/tutorial_dag.py
[2022-12-05T11:33:04.381+0000] {logging_mixin.py:137} INFO - [2022-12-05T11:33:04.381+0000] {dag.py:2585} INFO - Sync 1 DAGs
[2022-12-05T11:33:04.400+0000] {logging_mixin.py:137} INFO - [2022-12-05T11:33:04.400+0000] {dag.py:3340} INFO - Setting next_dagrun for tutorial_dag to None, run_after=None
[2022-12-05T11:33:04.454+0000] {processor.py:176} INFO - Processing /home/airflow/.local/lib/python3.7/site-packages/airflow/example_dags/tutorial_dag.py took 0.109 seconds
[2022-12-05T11:33:34.561+0000] {processor.py:154} INFO - Started process (PID=4692) to work on /home/airflow/.local/lib/python3.7/site-packages/airflow/example_dags/tutorial_dag.py
[2022-12-05T11:33:34.562+0000] {processor.py:756} INFO - Processing file /home/airflow/.local/lib/python3.7/site-packages/airflow/example_dags/tutorial_dag.py for tasks to queue
[2022-12-05T11:33:34.562+0000] {logging_mixin.py:137} INFO - [2022-12-05T11:33:34.562+0000] {dagbag.py:537} INFO - Filling up the DagBag from /home/airflow/.local/lib/python3.7/site-packages/airflow/example_dags/tutorial_dag.py
[2022-12-05T11:33:34.574+0000] {processor.py:766} INFO - DAG(s) dict_keys(['tutorial_dag']) retrieved from /home/airflow/.local/lib/python3.7/site-packages/airflow/example_dags/tutorial_dag.py
[2022-12-05T11:33:34.610+0000] {logging_mixin.py:137} INFO - [2022-12-05T11:33:34.610+0000] {dag.py:2585} INFO - Sync 1 DAGs
[2022-12-05T11:33:34.630+0000] {logging_mixin.py:137} INFO - [2022-12-05T11:33:34.630+0000] {dag.py:3340} INFO - Setting next_dagrun for tutorial_dag to None, run_after=None
[2022-12-05T11:33:34.696+0000] {processor.py:176} INFO - Processing /home/airflow/.local/lib/python3.7/site-packages/airflow/example_dags/tutorial_dag.py took 0.141 seconds
[2022-12-05T11:34:04.869+0000] {processor.py:154} INFO - Started process (PID=4749) to work on /home/airflow/.local/lib/python3.7/site-packages/airflow/example_dags/tutorial_dag.py
[2022-12-05T11:34:04.869+0000] {processor.py:756} INFO - Processing file /home/airflow/.local/lib/python3.7/site-packages/airflow/example_dags/tutorial_dag.py for tasks to queue
[2022-12-05T11:34:04.870+0000] {logging_mixin.py:137} INFO - [2022-12-05T11:34:04.870+0000] {dagbag.py:537} INFO - Filling up the DagBag from /home/airflow/.local/lib/python3.7/site-packages/airflow/example_dags/tutorial_dag.py
[2022-12-05T11:34:04.878+0000] {processor.py:766} INFO - DAG(s) dict_keys(['tutorial_dag']) retrieved from /home/airflow/.local/lib/python3.7/site-packages/airflow/example_dags/tutorial_dag.py
[2022-12-05T11:34:04.909+0000] {logging_mixin.py:137} INFO - [2022-12-05T11:34:04.909+0000] {dag.py:2585} INFO - Sync 1 DAGs
[2022-12-05T11:34:04.930+0000] {logging_mixin.py:137} INFO - [2022-12-05T11:34:04.930+0000] {dag.py:3340} INFO - Setting next_dagrun for tutorial_dag to None, run_after=None
[2022-12-05T11:34:05.004+0000] {processor.py:176} INFO - Processing /home/airflow/.local/lib/python3.7/site-packages/airflow/example_dags/tutorial_dag.py took 0.138 seconds
[2022-12-05T11:34:35.461+0000] {processor.py:154} INFO - Started process (PID=4835) to work on /home/airflow/.local/lib/python3.7/site-packages/airflow/example_dags/tutorial_dag.py
[2022-12-05T11:34:35.462+0000] {processor.py:756} INFO - Processing file /home/airflow/.local/lib/python3.7/site-packages/airflow/example_dags/tutorial_dag.py for tasks to queue
[2022-12-05T11:34:35.463+0000] {logging_mixin.py:137} INFO - [2022-12-05T11:34:35.462+0000] {dagbag.py:537} INFO - Filling up the DagBag from /home/airflow/.local/lib/python3.7/site-packages/airflow/example_dags/tutorial_dag.py
[2022-12-05T11:34:35.472+0000] {processor.py:766} INFO - DAG(s) dict_keys(['tutorial_dag']) retrieved from /home/airflow/.local/lib/python3.7/site-packages/airflow/example_dags/tutorial_dag.py
[2022-12-05T11:34:35.501+0000] {logging_mixin.py:137} INFO - [2022-12-05T11:34:35.501+0000] {dag.py:2585} INFO - Sync 1 DAGs
[2022-12-05T11:34:35.520+0000] {logging_mixin.py:137} INFO - [2022-12-05T11:34:35.520+0000] {dag.py:3340} INFO - Setting next_dagrun for tutorial_dag to None, run_after=None
[2022-12-05T11:34:35.562+0000] {processor.py:176} INFO - Processing /home/airflow/.local/lib/python3.7/site-packages/airflow/example_dags/tutorial_dag.py took 0.102 seconds
[2022-12-05T11:35:06.013+0000] {processor.py:154} INFO - Started process (PID=4901) to work on /home/airflow/.local/lib/python3.7/site-packages/airflow/example_dags/tutorial_dag.py
[2022-12-05T11:35:06.014+0000] {processor.py:756} INFO - Processing file /home/airflow/.local/lib/python3.7/site-packages/airflow/example_dags/tutorial_dag.py for tasks to queue
[2022-12-05T11:35:06.015+0000] {logging_mixin.py:137} INFO - [2022-12-05T11:35:06.014+0000] {dagbag.py:537} INFO - Filling up the DagBag from /home/airflow/.local/lib/python3.7/site-packages/airflow/example_dags/tutorial_dag.py
[2022-12-05T11:35:06.026+0000] {processor.py:766} INFO - DAG(s) dict_keys(['tutorial_dag']) retrieved from /home/airflow/.local/lib/python3.7/site-packages/airflow/example_dags/tutorial_dag.py
[2022-12-05T11:35:06.056+0000] {logging_mixin.py:137} INFO - [2022-12-05T11:35:06.056+0000] {dag.py:2585} INFO - Sync 1 DAGs
[2022-12-05T11:35:06.081+0000] {logging_mixin.py:137} INFO - [2022-12-05T11:35:06.081+0000] {dag.py:3340} INFO - Setting next_dagrun for tutorial_dag to None, run_after=None
[2022-12-05T11:35:06.145+0000] {processor.py:176} INFO - Processing /home/airflow/.local/lib/python3.7/site-packages/airflow/example_dags/tutorial_dag.py took 0.134 seconds
[2022-12-05T11:35:36.982+0000] {processor.py:154} INFO - Started process (PID=4967) to work on /home/airflow/.local/lib/python3.7/site-packages/airflow/example_dags/tutorial_dag.py
[2022-12-05T11:35:36.982+0000] {processor.py:756} INFO - Processing file /home/airflow/.local/lib/python3.7/site-packages/airflow/example_dags/tutorial_dag.py for tasks to queue
[2022-12-05T11:35:36.983+0000] {logging_mixin.py:137} INFO - [2022-12-05T11:35:36.983+0000] {dagbag.py:537} INFO - Filling up the DagBag from /home/airflow/.local/lib/python3.7/site-packages/airflow/example_dags/tutorial_dag.py
[2022-12-05T11:35:36.994+0000] {processor.py:766} INFO - DAG(s) dict_keys(['tutorial_dag']) retrieved from /home/airflow/.local/lib/python3.7/site-packages/airflow/example_dags/tutorial_dag.py
[2022-12-05T11:35:37.022+0000] {logging_mixin.py:137} INFO - [2022-12-05T11:35:37.022+0000] {dag.py:2585} INFO - Sync 1 DAGs
[2022-12-05T11:35:37.041+0000] {logging_mixin.py:137} INFO - [2022-12-05T11:35:37.041+0000] {dag.py:3340} INFO - Setting next_dagrun for tutorial_dag to None, run_after=None
[2022-12-05T11:35:37.076+0000] {processor.py:176} INFO - Processing /home/airflow/.local/lib/python3.7/site-packages/airflow/example_dags/tutorial_dag.py took 0.097 seconds
[2022-12-05T11:36:07.940+0000] {processor.py:154} INFO - Started process (PID=5024) to work on /home/airflow/.local/lib/python3.7/site-packages/airflow/example_dags/tutorial_dag.py
[2022-12-05T11:36:07.940+0000] {processor.py:756} INFO - Processing file /home/airflow/.local/lib/python3.7/site-packages/airflow/example_dags/tutorial_dag.py for tasks to queue
[2022-12-05T11:36:07.941+0000] {logging_mixin.py:137} INFO - [2022-12-05T11:36:07.941+0000] {dagbag.py:537} INFO - Filling up the DagBag from /home/airflow/.local/lib/python3.7/site-packages/airflow/example_dags/tutorial_dag.py
[2022-12-05T11:36:07.949+0000] {processor.py:766} INFO - DAG(s) dict_keys(['tutorial_dag']) retrieved from /home/airflow/.local/lib/python3.7/site-packages/airflow/example_dags/tutorial_dag.py
[2022-12-05T11:36:07.981+0000] {logging_mixin.py:137} INFO - [2022-12-05T11:36:07.980+0000] {dag.py:2585} INFO - Sync 1 DAGs
[2022-12-05T11:36:08.005+0000] {logging_mixin.py:137} INFO - [2022-12-05T11:36:08.005+0000] {dag.py:3340} INFO - Setting next_dagrun for tutorial_dag to None, run_after=None
[2022-12-05T11:36:08.065+0000] {processor.py:176} INFO - Processing /home/airflow/.local/lib/python3.7/site-packages/airflow/example_dags/tutorial_dag.py took 0.127 seconds
[2022-12-05T11:36:38.080+0000] {processor.py:154} INFO - Started process (PID=5091) to work on /home/airflow/.local/lib/python3.7/site-packages/airflow/example_dags/tutorial_dag.py
[2022-12-05T11:36:38.081+0000] {processor.py:756} INFO - Processing file /home/airflow/.local/lib/python3.7/site-packages/airflow/example_dags/tutorial_dag.py for tasks to queue
[2022-12-05T11:36:38.082+0000] {logging_mixin.py:137} INFO - [2022-12-05T11:36:38.082+0000] {dagbag.py:537} INFO - Filling up the DagBag from /home/airflow/.local/lib/python3.7/site-packages/airflow/example_dags/tutorial_dag.py
[2022-12-05T11:36:38.090+0000] {processor.py:766} INFO - DAG(s) dict_keys(['tutorial_dag']) retrieved from /home/airflow/.local/lib/python3.7/site-packages/airflow/example_dags/tutorial_dag.py
[2022-12-05T11:36:38.116+0000] {logging_mixin.py:137} INFO - [2022-12-05T11:36:38.116+0000] {dag.py:2585} INFO - Sync 1 DAGs
[2022-12-05T11:36:38.134+0000] {logging_mixin.py:137} INFO - [2022-12-05T11:36:38.134+0000] {dag.py:3340} INFO - Setting next_dagrun for tutorial_dag to None, run_after=None
[2022-12-05T11:36:38.172+0000] {processor.py:176} INFO - Processing /home/airflow/.local/lib/python3.7/site-packages/airflow/example_dags/tutorial_dag.py took 0.094 seconds
[2022-12-05T11:37:08.288+0000] {processor.py:154} INFO - Started process (PID=5157) to work on /home/airflow/.local/lib/python3.7/site-packages/airflow/example_dags/tutorial_dag.py
[2022-12-05T11:37:08.288+0000] {processor.py:756} INFO - Processing file /home/airflow/.local/lib/python3.7/site-packages/airflow/example_dags/tutorial_dag.py for tasks to queue
[2022-12-05T11:37:08.289+0000] {logging_mixin.py:137} INFO - [2022-12-05T11:37:08.289+0000] {dagbag.py:537} INFO - Filling up the DagBag from /home/airflow/.local/lib/python3.7/site-packages/airflow/example_dags/tutorial_dag.py
[2022-12-05T11:37:08.297+0000] {processor.py:766} INFO - DAG(s) dict_keys(['tutorial_dag']) retrieved from /home/airflow/.local/lib/python3.7/site-packages/airflow/example_dags/tutorial_dag.py
[2022-12-05T11:37:08.324+0000] {logging_mixin.py:137} INFO - [2022-12-05T11:37:08.324+0000] {dag.py:2585} INFO - Sync 1 DAGs
[2022-12-05T11:37:08.342+0000] {logging_mixin.py:137} INFO - [2022-12-05T11:37:08.342+0000] {dag.py:3340} INFO - Setting next_dagrun for tutorial_dag to None, run_after=None
[2022-12-05T11:37:08.387+0000] {processor.py:176} INFO - Processing /home/airflow/.local/lib/python3.7/site-packages/airflow/example_dags/tutorial_dag.py took 0.101 seconds
[2022-12-05T11:37:39.119+0000] {processor.py:154} INFO - Started process (PID=5221) to work on /home/airflow/.local/lib/python3.7/site-packages/airflow/example_dags/tutorial_dag.py
[2022-12-05T11:37:39.120+0000] {processor.py:756} INFO - Processing file /home/airflow/.local/lib/python3.7/site-packages/airflow/example_dags/tutorial_dag.py for tasks to queue
[2022-12-05T11:37:39.120+0000] {logging_mixin.py:137} INFO - [2022-12-05T11:37:39.120+0000] {dagbag.py:537} INFO - Filling up the DagBag from /home/airflow/.local/lib/python3.7/site-packages/airflow/example_dags/tutorial_dag.py
[2022-12-05T11:37:39.129+0000] {processor.py:766} INFO - DAG(s) dict_keys(['tutorial_dag']) retrieved from /home/airflow/.local/lib/python3.7/site-packages/airflow/example_dags/tutorial_dag.py
[2022-12-05T11:37:39.158+0000] {logging_mixin.py:137} INFO - [2022-12-05T11:37:39.158+0000] {dag.py:2585} INFO - Sync 1 DAGs
[2022-12-05T11:37:39.178+0000] {logging_mixin.py:137} INFO - [2022-12-05T11:37:39.178+0000] {dag.py:3340} INFO - Setting next_dagrun for tutorial_dag to None, run_after=None
[2022-12-05T11:37:39.219+0000] {processor.py:176} INFO - Processing /home/airflow/.local/lib/python3.7/site-packages/airflow/example_dags/tutorial_dag.py took 0.101 seconds
[2022-12-05T11:38:09.825+0000] {processor.py:154} INFO - Started process (PID=5280) to work on /home/airflow/.local/lib/python3.7/site-packages/airflow/example_dags/tutorial_dag.py
[2022-12-05T11:38:09.826+0000] {processor.py:756} INFO - Processing file /home/airflow/.local/lib/python3.7/site-packages/airflow/example_dags/tutorial_dag.py for tasks to queue
[2022-12-05T11:38:09.826+0000] {logging_mixin.py:137} INFO - [2022-12-05T11:38:09.826+0000] {dagbag.py:537} INFO - Filling up the DagBag from /home/airflow/.local/lib/python3.7/site-packages/airflow/example_dags/tutorial_dag.py
[2022-12-05T11:38:09.835+0000] {processor.py:766} INFO - DAG(s) dict_keys(['tutorial_dag']) retrieved from /home/airflow/.local/lib/python3.7/site-packages/airflow/example_dags/tutorial_dag.py
[2022-12-05T11:38:09.861+0000] {logging_mixin.py:137} INFO - [2022-12-05T11:38:09.861+0000] {dag.py:2585} INFO - Sync 1 DAGs
[2022-12-05T11:38:09.880+0000] {logging_mixin.py:137} INFO - [2022-12-05T11:38:09.879+0000] {dag.py:3340} INFO - Setting next_dagrun for tutorial_dag to None, run_after=None
[2022-12-05T11:38:09.926+0000] {processor.py:176} INFO - Processing /home/airflow/.local/lib/python3.7/site-packages/airflow/example_dags/tutorial_dag.py took 0.103 seconds
[2022-12-05T11:38:40.533+0000] {processor.py:154} INFO - Started process (PID=5346) to work on /home/airflow/.local/lib/python3.7/site-packages/airflow/example_dags/tutorial_dag.py
[2022-12-05T11:38:40.534+0000] {processor.py:756} INFO - Processing file /home/airflow/.local/lib/python3.7/site-packages/airflow/example_dags/tutorial_dag.py for tasks to queue
[2022-12-05T11:38:40.534+0000] {logging_mixin.py:137} INFO - [2022-12-05T11:38:40.534+0000] {dagbag.py:537} INFO - Filling up the DagBag from /home/airflow/.local/lib/python3.7/site-packages/airflow/example_dags/tutorial_dag.py
[2022-12-05T11:38:40.543+0000] {processor.py:766} INFO - DAG(s) dict_keys(['tutorial_dag']) retrieved from /home/airflow/.local/lib/python3.7/site-packages/airflow/example_dags/tutorial_dag.py
[2022-12-05T11:38:40.573+0000] {logging_mixin.py:137} INFO - [2022-12-05T11:38:40.573+0000] {dag.py:2585} INFO - Sync 1 DAGs
[2022-12-05T11:38:40.594+0000] {logging_mixin.py:137} INFO - [2022-12-05T11:38:40.594+0000] {dag.py:3340} INFO - Setting next_dagrun for tutorial_dag to None, run_after=None
[2022-12-05T11:38:40.635+0000] {processor.py:176} INFO - Processing /home/airflow/.local/lib/python3.7/site-packages/airflow/example_dags/tutorial_dag.py took 0.104 seconds
[2022-12-05T11:39:11.202+0000] {processor.py:154} INFO - Started process (PID=5412) to work on /home/airflow/.local/lib/python3.7/site-packages/airflow/example_dags/tutorial_dag.py
[2022-12-05T11:39:11.203+0000] {processor.py:756} INFO - Processing file /home/airflow/.local/lib/python3.7/site-packages/airflow/example_dags/tutorial_dag.py for tasks to queue
[2022-12-05T11:39:11.203+0000] {logging_mixin.py:137} INFO - [2022-12-05T11:39:11.203+0000] {dagbag.py:537} INFO - Filling up the DagBag from /home/airflow/.local/lib/python3.7/site-packages/airflow/example_dags/tutorial_dag.py
[2022-12-05T11:39:11.212+0000] {processor.py:766} INFO - DAG(s) dict_keys(['tutorial_dag']) retrieved from /home/airflow/.local/lib/python3.7/site-packages/airflow/example_dags/tutorial_dag.py
[2022-12-05T11:39:11.239+0000] {logging_mixin.py:137} INFO - [2022-12-05T11:39:11.239+0000] {dag.py:2585} INFO - Sync 1 DAGs
[2022-12-05T11:39:11.259+0000] {logging_mixin.py:137} INFO - [2022-12-05T11:39:11.259+0000] {dag.py:3340} INFO - Setting next_dagrun for tutorial_dag to None, run_after=None
[2022-12-05T11:39:11.295+0000] {processor.py:176} INFO - Processing /home/airflow/.local/lib/python3.7/site-packages/airflow/example_dags/tutorial_dag.py took 0.095 seconds
[2022-12-05T11:39:41.707+0000] {processor.py:154} INFO - Started process (PID=5470) to work on /home/airflow/.local/lib/python3.7/site-packages/airflow/example_dags/tutorial_dag.py
[2022-12-05T11:39:41.708+0000] {processor.py:756} INFO - Processing file /home/airflow/.local/lib/python3.7/site-packages/airflow/example_dags/tutorial_dag.py for tasks to queue
[2022-12-05T11:39:41.708+0000] {logging_mixin.py:137} INFO - [2022-12-05T11:39:41.708+0000] {dagbag.py:537} INFO - Filling up the DagBag from /home/airflow/.local/lib/python3.7/site-packages/airflow/example_dags/tutorial_dag.py
[2022-12-05T11:39:41.716+0000] {processor.py:766} INFO - DAG(s) dict_keys(['tutorial_dag']) retrieved from /home/airflow/.local/lib/python3.7/site-packages/airflow/example_dags/tutorial_dag.py
[2022-12-05T11:39:41.743+0000] {logging_mixin.py:137} INFO - [2022-12-05T11:39:41.742+0000] {dag.py:2585} INFO - Sync 1 DAGs
[2022-12-05T11:39:41.761+0000] {logging_mixin.py:137} INFO - [2022-12-05T11:39:41.761+0000] {dag.py:3340} INFO - Setting next_dagrun for tutorial_dag to None, run_after=None
[2022-12-05T11:39:41.800+0000] {processor.py:176} INFO - Processing /home/airflow/.local/lib/python3.7/site-packages/airflow/example_dags/tutorial_dag.py took 0.095 seconds
[2022-12-05T11:40:12.446+0000] {processor.py:154} INFO - Started process (PID=5536) to work on /home/airflow/.local/lib/python3.7/site-packages/airflow/example_dags/tutorial_dag.py
[2022-12-05T11:40:12.447+0000] {processor.py:756} INFO - Processing file /home/airflow/.local/lib/python3.7/site-packages/airflow/example_dags/tutorial_dag.py for tasks to queue
[2022-12-05T11:40:12.448+0000] {logging_mixin.py:137} INFO - [2022-12-05T11:40:12.447+0000] {dagbag.py:537} INFO - Filling up the DagBag from /home/airflow/.local/lib/python3.7/site-packages/airflow/example_dags/tutorial_dag.py
[2022-12-05T11:40:12.456+0000] {processor.py:766} INFO - DAG(s) dict_keys(['tutorial_dag']) retrieved from /home/airflow/.local/lib/python3.7/site-packages/airflow/example_dags/tutorial_dag.py
[2022-12-05T11:40:12.483+0000] {logging_mixin.py:137} INFO - [2022-12-05T11:40:12.483+0000] {dag.py:2585} INFO - Sync 1 DAGs
[2022-12-05T11:40:12.503+0000] {logging_mixin.py:137} INFO - [2022-12-05T11:40:12.503+0000] {dag.py:3340} INFO - Setting next_dagrun for tutorial_dag to None, run_after=None
[2022-12-05T11:40:12.540+0000] {processor.py:176} INFO - Processing /home/airflow/.local/lib/python3.7/site-packages/airflow/example_dags/tutorial_dag.py took 0.095 seconds
