[2022-12-05T11:29:34.427+0000] {taskinstance.py:1165} INFO - Dependencies all met for <TaskInstance: Practice_Airflow.task_d_e manual__2022-12-05T11:29:25.957945+00:00 [queued]>
[2022-12-05T11:29:34.435+0000] {taskinstance.py:1165} INFO - Dependencies all met for <TaskInstance: Practice_Airflow.task_d_e manual__2022-12-05T11:29:25.957945+00:00 [queued]>
[2022-12-05T11:29:34.435+0000] {taskinstance.py:1362} INFO - 
--------------------------------------------------------------------------------
[2022-12-05T11:29:34.436+0000] {taskinstance.py:1363} INFO - Starting attempt 1 of 1
[2022-12-05T11:29:34.436+0000] {taskinstance.py:1364} INFO - 
--------------------------------------------------------------------------------
[2022-12-05T11:29:34.525+0000] {taskinstance.py:1383} INFO - Executing <Task(PythonOperator): task_d_e> on 2022-12-05 11:29:25.957945+00:00
[2022-12-05T11:29:34.529+0000] {standard_task_runner.py:55} INFO - Started process 2411 to run task
[2022-12-05T11:29:34.532+0000] {standard_task_runner.py:82} INFO - Running: ['***', 'tasks', 'run', 'Practice_Airflow', 'task_d_e', 'manual__2022-12-05T11:29:25.957945+00:00', '--job-id', '440', '--raw', '--subdir', 'DAGS_FOLDER/Airflow_pr.py', '--cfg-path', '/tmp/tmph01xbsx9']
[2022-12-05T11:29:34.533+0000] {standard_task_runner.py:83} INFO - Job 440: Subtask task_d_e
[2022-12-05T11:29:34.621+0000] {task_command.py:376} INFO - Running <TaskInstance: Practice_Airflow.task_d_e manual__2022-12-05T11:29:25.957945+00:00 [running]> on host a5be4f489b88
[2022-12-05T11:29:34.917+0000] {taskinstance.py:1592} INFO - Exporting the following env vars:
AIRFLOW_CTX_DAG_OWNER=***
AIRFLOW_CTX_DAG_ID=Practice_Airflow
AIRFLOW_CTX_TASK_ID=task_d_e
AIRFLOW_CTX_EXECUTION_DATE=2022-12-05T11:29:25.957945+00:00
AIRFLOW_CTX_TRY_NUMBER=1
AIRFLOW_CTX_DAG_RUN_ID=manual__2022-12-05T11:29:25.957945+00:00
[2022-12-05T11:29:34.924+0000] {logging_mixin.py:137} INFO - Столбец 1: [95]
                 Столбец 2: [24]
                 Cумма 'столбца 1' - Cумма 'столбца 2' = 71
[2022-12-05T11:29:34.926+0000] {python.py:177} INFO - Done. Returned value was: None
[2022-12-05T11:29:34.934+0000] {taskinstance.py:1406} INFO - Marking task as SUCCESS. dag_id=Practice_Airflow, task_id=task_d_e, execution_date=20221205T112925, start_date=20221205T112934, end_date=20221205T112934
[2022-12-05T11:29:34.984+0000] {local_task_job.py:159} INFO - Task exited with return code 0
[2022-12-05T11:29:35.050+0000] {taskinstance.py:2623} INFO - 0 downstream tasks scheduled from follow-on schedule check
