[2022-12-05T11:03:00.412+0000] {taskinstance.py:1165} INFO - Dependencies all met for <TaskInstance: Practice_Airflow.task_c scheduled__2022-12-05T02:02:00+00:00 [queued]>
[2022-12-05T11:03:00.434+0000] {taskinstance.py:1165} INFO - Dependencies all met for <TaskInstance: Practice_Airflow.task_c scheduled__2022-12-05T02:02:00+00:00 [queued]>
[2022-12-05T11:03:00.436+0000] {taskinstance.py:1362} INFO - 
--------------------------------------------------------------------------------
[2022-12-05T11:03:00.436+0000] {taskinstance.py:1363} INFO - Starting attempt 1 of 1
[2022-12-05T11:03:00.436+0000] {taskinstance.py:1364} INFO - 
--------------------------------------------------------------------------------
[2022-12-05T11:03:00.497+0000] {taskinstance.py:1383} INFO - Executing <Task(PythonOperator): task_c> on 2022-12-05 02:02:00+00:00
[2022-12-05T11:03:00.503+0000] {standard_task_runner.py:55} INFO - Started process 331 to run task
[2022-12-05T11:03:00.505+0000] {standard_task_runner.py:82} INFO - Running: ['***', 'tasks', 'run', 'Practice_Airflow', 'task_c', 'scheduled__2022-12-05T02:02:00+00:00', '--job-id', '182', '--raw', '--subdir', 'DAGS_FOLDER/Airflow_pr.py', '--cfg-path', '/tmp/tmp9oq_rlbd']
[2022-12-05T11:03:00.507+0000] {standard_task_runner.py:83} INFO - Job 182: Subtask task_c
[2022-12-05T11:03:00.623+0000] {task_command.py:376} INFO - Running <TaskInstance: Practice_Airflow.task_c scheduled__2022-12-05T02:02:00+00:00 [running]> on host a5be4f489b88
[2022-12-05T11:03:00.768+0000] {taskinstance.py:1592} INFO - Exporting the following env vars:
AIRFLOW_CTX_DAG_OWNER=***
AIRFLOW_CTX_DAG_ID=Practice_Airflow
AIRFLOW_CTX_TASK_ID=task_c
AIRFLOW_CTX_EXECUTION_DATE=2022-12-05T02:02:00+00:00
AIRFLOW_CTX_TRY_NUMBER=1
AIRFLOW_CTX_DAG_RUN_ID=scheduled__2022-12-05T02:02:00+00:00
[2022-12-05T11:03:00.776+0000] {crypto.py:84} WARNING - empty cryptography key - values will not be stored encrypted.
[2022-12-05T11:03:00.822+0000] {logging_mixin.py:137} INFO - Число 1:  48
[2022-12-05T11:03:00.822+0000] {logging_mixin.py:137} INFO - Число 2:  51
[2022-12-05T11:03:00.828+0000] {python.py:177} INFO - Done. Returned value was: None
[2022-12-05T11:03:00.839+0000] {taskinstance.py:1406} INFO - Marking task as SUCCESS. dag_id=Practice_Airflow, task_id=task_c, execution_date=20221205T020200, start_date=20221205T110300, end_date=20221205T110300
[2022-12-05T11:03:00.918+0000] {local_task_job.py:159} INFO - Task exited with return code 0
[2022-12-05T11:03:00.943+0000] {taskinstance.py:2623} INFO - 1 downstream tasks scheduled from follow-on schedule check
