[2022-12-05T11:32:00.069+0000] {taskinstance.py:1165} INFO - Dependencies all met for <TaskInstance: Practice_Airflow.new_a manual__2022-12-05T11:31:51.840594+00:00 [queued]>
[2022-12-05T11:32:00.090+0000] {taskinstance.py:1165} INFO - Dependencies all met for <TaskInstance: Practice_Airflow.new_a manual__2022-12-05T11:31:51.840594+00:00 [queued]>
[2022-12-05T11:32:00.091+0000] {taskinstance.py:1362} INFO - 
--------------------------------------------------------------------------------
[2022-12-05T11:32:00.092+0000] {taskinstance.py:1363} INFO - Starting attempt 1 of 1
[2022-12-05T11:32:00.092+0000] {taskinstance.py:1364} INFO - 
--------------------------------------------------------------------------------
[2022-12-05T11:32:00.194+0000] {taskinstance.py:1383} INFO - Executing <Task(PythonOperator): new_a> on 2022-12-05 11:31:51.840594+00:00
[2022-12-05T11:32:00.213+0000] {standard_task_runner.py:55} INFO - Started process 2710 to run task
[2022-12-05T11:32:00.217+0000] {standard_task_runner.py:82} INFO - Running: ['***', 'tasks', 'run', 'Practice_Airflow', 'new_a', 'manual__2022-12-05T11:31:51.840594+00:00', '--job-id', '493', '--raw', '--subdir', 'DAGS_FOLDER/Airflow_pr.py', '--cfg-path', '/tmp/tmphe4i4f1f']
[2022-12-05T11:32:00.222+0000] {standard_task_runner.py:83} INFO - Job 493: Subtask new_a
[2022-12-05T11:32:00.351+0000] {task_command.py:376} INFO - Running <TaskInstance: Practice_Airflow.new_a manual__2022-12-05T11:31:51.840594+00:00 [running]> on host a5be4f489b88
[2022-12-05T11:32:00.586+0000] {taskinstance.py:1592} INFO - Exporting the following env vars:
AIRFLOW_CTX_DAG_OWNER=***
AIRFLOW_CTX_DAG_ID=Practice_Airflow
AIRFLOW_CTX_TASK_ID=new_a
AIRFLOW_CTX_EXECUTION_DATE=2022-12-05T11:31:51.840594+00:00
AIRFLOW_CTX_TRY_NUMBER=1
AIRFLOW_CTX_DAG_RUN_ID=manual__2022-12-05T11:31:51.840594+00:00
[2022-12-05T11:32:00.588+0000] {logging_mixin.py:137} INFO - Число 1: 40
Число 2: 94
[2022-12-05T11:32:00.588+0000] {python.py:177} INFO - Done. Returned value was: None
[2022-12-05T11:32:00.602+0000] {taskinstance.py:1406} INFO - Marking task as SUCCESS. dag_id=Practice_Airflow, task_id=new_a, execution_date=20221205T113151, start_date=20221205T113200, end_date=20221205T113200
[2022-12-05T11:32:00.723+0000] {local_task_job.py:159} INFO - Task exited with return code 0
[2022-12-05T11:32:00.776+0000] {taskinstance.py:2623} INFO - 1 downstream tasks scheduled from follow-on schedule check
