[2022-12-05T11:31:53.618+0000] {taskinstance.py:1165} INFO - Dependencies all met for <TaskInstance: Practice_Airflow.hello scheduled__2022-12-05T11:12:00+00:00 [queued]>
[2022-12-05T11:31:53.634+0000] {taskinstance.py:1165} INFO - Dependencies all met for <TaskInstance: Practice_Airflow.hello scheduled__2022-12-05T11:12:00+00:00 [queued]>
[2022-12-05T11:31:53.635+0000] {taskinstance.py:1362} INFO - 
--------------------------------------------------------------------------------
[2022-12-05T11:31:53.635+0000] {taskinstance.py:1363} INFO - Starting attempt 1 of 1
[2022-12-05T11:31:53.635+0000] {taskinstance.py:1364} INFO - 
--------------------------------------------------------------------------------
[2022-12-05T11:31:53.770+0000] {taskinstance.py:1383} INFO - Executing <Task(BashOperator): hello> on 2022-12-05 11:12:00+00:00
[2022-12-05T11:31:53.777+0000] {standard_task_runner.py:55} INFO - Started process 2574 to run task
[2022-12-05T11:31:53.785+0000] {standard_task_runner.py:82} INFO - Running: ['***', 'tasks', 'run', 'Practice_Airflow', 'hello', 'scheduled__2022-12-05T11:12:00+00:00', '--job-id', '452', '--raw', '--subdir', 'DAGS_FOLDER/Airflow_pr.py', '--cfg-path', '/tmp/tmpfrucga3o']
[2022-12-05T11:31:53.787+0000] {standard_task_runner.py:83} INFO - Job 452: Subtask hello
[2022-12-05T11:31:54.007+0000] {task_command.py:376} INFO - Running <TaskInstance: Practice_Airflow.hello scheduled__2022-12-05T11:12:00+00:00 [running]> on host a5be4f489b88
[2022-12-05T11:31:54.317+0000] {taskinstance.py:1592} INFO - Exporting the following env vars:
AIRFLOW_CTX_DAG_OWNER=***
AIRFLOW_CTX_DAG_ID=Practice_Airflow
AIRFLOW_CTX_TASK_ID=hello
AIRFLOW_CTX_EXECUTION_DATE=2022-12-05T11:12:00+00:00
AIRFLOW_CTX_TRY_NUMBER=1
AIRFLOW_CTX_DAG_RUN_ID=scheduled__2022-12-05T11:12:00+00:00
[2022-12-05T11:31:54.320+0000] {subprocess.py:63} INFO - Tmp dir root location: 
 /tmp
[2022-12-05T11:31:54.321+0000] {subprocess.py:75} INFO - Running command: ['/bin/bash', '-c', 'echo hello']
[2022-12-05T11:31:54.337+0000] {subprocess.py:86} INFO - Output:
[2022-12-05T11:31:54.339+0000] {subprocess.py:93} INFO - hello
[2022-12-05T11:31:54.339+0000] {subprocess.py:97} INFO - Command exited with return code 0
[2022-12-05T11:31:54.354+0000] {taskinstance.py:1406} INFO - Marking task as SUCCESS. dag_id=Practice_Airflow, task_id=hello, execution_date=20221205T111200, start_date=20221205T113153, end_date=20221205T113154
[2022-12-05T11:31:54.482+0000] {local_task_job.py:159} INFO - Task exited with return code 0
[2022-12-05T11:31:54.680+0000] {taskinstance.py:2623} INFO - 0 downstream tasks scheduled from follow-on schedule check
