[2022-12-05T11:32:24.270+0000] {taskinstance.py:1165} INFO - Dependencies all met for <TaskInstance: Practice_Airflow.new_a scheduled__2022-12-05T11:25:00+00:00 [queued]>
[2022-12-05T11:32:24.282+0000] {taskinstance.py:1165} INFO - Dependencies all met for <TaskInstance: Practice_Airflow.new_a scheduled__2022-12-05T11:25:00+00:00 [queued]>
[2022-12-05T11:32:24.283+0000] {taskinstance.py:1362} INFO - 
--------------------------------------------------------------------------------
[2022-12-05T11:32:24.284+0000] {taskinstance.py:1363} INFO - Starting attempt 1 of 1
[2022-12-05T11:32:24.284+0000] {taskinstance.py:1364} INFO - 
--------------------------------------------------------------------------------
[2022-12-05T11:32:24.409+0000] {taskinstance.py:1383} INFO - Executing <Task(PythonOperator): new_a> on 2022-12-05 11:25:00+00:00
[2022-12-05T11:32:24.457+0000] {standard_task_runner.py:55} INFO - Started process 3022 to run task
[2022-12-05T11:32:24.465+0000] {standard_task_runner.py:82} INFO - Running: ['***', 'tasks', 'run', 'Practice_Airflow', 'new_a', 'scheduled__2022-12-05T11:25:00+00:00', '--job-id', '587', '--raw', '--subdir', 'DAGS_FOLDER/Airflow_pr.py', '--cfg-path', '/tmp/tmpgs9ra1fj']
[2022-12-05T11:32:24.468+0000] {standard_task_runner.py:83} INFO - Job 587: Subtask new_a
[2022-12-05T11:32:24.621+0000] {task_command.py:376} INFO - Running <TaskInstance: Practice_Airflow.new_a scheduled__2022-12-05T11:25:00+00:00 [running]> on host a5be4f489b88
[2022-12-05T11:32:25.089+0000] {taskinstance.py:1592} INFO - Exporting the following env vars:
AIRFLOW_CTX_DAG_OWNER=***
AIRFLOW_CTX_DAG_ID=Practice_Airflow
AIRFLOW_CTX_TASK_ID=new_a
AIRFLOW_CTX_EXECUTION_DATE=2022-12-05T11:25:00+00:00
AIRFLOW_CTX_TRY_NUMBER=1
AIRFLOW_CTX_DAG_RUN_ID=scheduled__2022-12-05T11:25:00+00:00
[2022-12-05T11:32:25.092+0000] {logging_mixin.py:137} INFO - Число 1: 38
Число 2: 80
[2022-12-05T11:32:25.092+0000] {python.py:177} INFO - Done. Returned value was: None
[2022-12-05T11:32:25.106+0000] {taskinstance.py:1406} INFO - Marking task as SUCCESS. dag_id=Practice_Airflow, task_id=new_a, execution_date=20221205T112500, start_date=20221205T113224, end_date=20221205T113225
[2022-12-05T11:32:25.159+0000] {local_task_job.py:159} INFO - Task exited with return code 0
[2022-12-05T11:32:25.186+0000] {taskinstance.py:2623} INFO - 1 downstream tasks scheduled from follow-on schedule check
