[2022-12-05T11:03:32.294+0000] {taskinstance.py:1165} INFO - Dependencies all met for <TaskInstance: Practice_Airflow.hello scheduled__2022-12-05T08:02:00+00:00 [queued]>
[2022-12-05T11:03:32.308+0000] {taskinstance.py:1165} INFO - Dependencies all met for <TaskInstance: Practice_Airflow.hello scheduled__2022-12-05T08:02:00+00:00 [queued]>
[2022-12-05T11:03:32.308+0000] {taskinstance.py:1362} INFO - 
--------------------------------------------------------------------------------
[2022-12-05T11:03:32.309+0000] {taskinstance.py:1363} INFO - Starting attempt 1 of 1
[2022-12-05T11:03:32.309+0000] {taskinstance.py:1364} INFO - 
--------------------------------------------------------------------------------
[2022-12-05T11:03:32.444+0000] {taskinstance.py:1383} INFO - Executing <Task(BashOperator): hello> on 2022-12-05 08:02:00+00:00
[2022-12-05T11:03:32.454+0000] {standard_task_runner.py:55} INFO - Started process 715 to run task
[2022-12-05T11:03:32.457+0000] {standard_task_runner.py:82} INFO - Running: ['***', 'tasks', 'run', 'Practice_Airflow', 'hello', 'scheduled__2022-12-05T08:02:00+00:00', '--job-id', '289', '--raw', '--subdir', 'DAGS_FOLDER/Airflow_pr.py', '--cfg-path', '/tmp/tmpiu2r9ctj']
[2022-12-05T11:03:32.459+0000] {standard_task_runner.py:83} INFO - Job 289: Subtask hello
[2022-12-05T11:03:32.636+0000] {task_command.py:376} INFO - Running <TaskInstance: Practice_Airflow.hello scheduled__2022-12-05T08:02:00+00:00 [running]> on host a5be4f489b88
[2022-12-05T11:03:32.916+0000] {taskinstance.py:1592} INFO - Exporting the following env vars:
AIRFLOW_CTX_DAG_OWNER=***
AIRFLOW_CTX_DAG_ID=Practice_Airflow
AIRFLOW_CTX_TASK_ID=hello
AIRFLOW_CTX_EXECUTION_DATE=2022-12-05T08:02:00+00:00
AIRFLOW_CTX_TRY_NUMBER=1
AIRFLOW_CTX_DAG_RUN_ID=scheduled__2022-12-05T08:02:00+00:00
[2022-12-05T11:03:32.918+0000] {subprocess.py:63} INFO - Tmp dir root location: 
 /tmp
[2022-12-05T11:03:32.919+0000] {subprocess.py:75} INFO - Running command: ['/bin/bash', '-c', 'echo hello']
[2022-12-05T11:03:32.932+0000] {subprocess.py:86} INFO - Output:
[2022-12-05T11:03:32.933+0000] {subprocess.py:93} INFO - hello
[2022-12-05T11:03:32.934+0000] {subprocess.py:97} INFO - Command exited with return code 0
[2022-12-05T11:03:32.943+0000] {taskinstance.py:1406} INFO - Marking task as SUCCESS. dag_id=Practice_Airflow, task_id=hello, execution_date=20221205T080200, start_date=20221205T110332, end_date=20221205T110332
[2022-12-05T11:03:33.043+0000] {local_task_job.py:159} INFO - Task exited with return code 0
[2022-12-05T11:03:33.262+0000] {taskinstance.py:2623} INFO - 0 downstream tasks scheduled from follow-on schedule check
